{
    "data": {
        "python.algorithms.CleanFileCacheTest.CleanFileCacheTest": {
            "test_name": "python.algorithms.CleanFileCacheTest.CleanFileCacheTest",
            "latest_failed_build": "445",
            "agent_name": "Mac",
            "last_failed_outcome": "Failed",
            "pipeline_name": "main_nightly_deployment_prototype",
            "past_failed_outcome": {
                "437": "Failed",
                "438": "Failed",
                "439": "Failed",
                "441": "Failed",
                "442": "Failed",
                "444": "Failed",
                "445": "Failed"
            },
            "last_stack_traces": {
                "test_name": "python.algorithms.CleanFileCacheTest.CleanFileCacheTest",
                "build": "445",
                "agent_name": "Mac",
                "trial": 3,
                "outcome": "Failed",
                "test_time": "30.56",
                "stacktrace": "FrameworkManager-[Notice] Welcome to Mantid 6.5.20221109.1600\nFrameworkManager-[Notice] Please cite: http://dx.doi.org/10.1016/j.nima.2014.07.029 and this release: http://dx.doi.org/10.5286/Software/Mantid\nCreateCacheFilename-[Notice] CreateCacheFilename started\nCreateCacheFilename-[Notice] CreateCacheFilename successful, Duration 0.00 seconds\nCreateCacheFilename-[Notice] CreateCacheFilename started\nCreateCacheFilename-[Notice] CreateCacheFilename successful, Duration 0.00 seconds\nFrameworkManager-[Notice] Welcome to Mantid 6.5.20221109.1600\nFrameworkManager-[Notice] Please cite: http://dx.doi.org/10.1016/j.nima.2014.07.029 and this release: http://dx.doi.org/10.5286/Software/Mantid\nCleanFileCache-[Notice] CleanFileCache started\nCleanFileCache-[Notice] CleanFileCache successful, Duration 0.01 seconds\n.CreateCacheFilename-[Notice] CreateCacheFilename started\nCreateCacheFilename-[Notice] CreateCacheFilename successful, Duration 0.00 seconds\nCreateCacheFilename-[Notice] CreateCacheFilename started\nCreateCacheFilename-[Notice] CreateCacheFilename successful, Duration 0.00 seconds\nFrameworkManager-[Notice] Welcome to Mantid 6.5.20221109.1600\nFrameworkManager-[Notice] Please cite: http://dx.doi.org/10.1016/j.nima.2014.07.029 and this release: http://dx.doi.org/10.5286/Software/Mantid\nCleanFileCache-[Notice] CleanFileCache started\nCleanFileCache-[Notice] CleanFileCache successful, Duration 0.00 seconds\n.CreateCacheFilename-[Notice] CreateCacheFilename started\nCreateCacheFilename-[Notice] CreateCacheFilename successful, Duration 0.00 seconds\nCreateCacheFilename-[Notice] CreateCacheFilename started\nCreateCacheFilename-[Notice] CreateCacheFilename successful, Duration 0.00 seconds\nCreateCacheFilename-[Notice] CreateCacheFilename started\nCreateCacheFilename-[Notice] CreateCacheFilename successful, Duration 0.00 seconds\nFrameworkManager-[Notice] Welcome to Mantid 6.5.20221109.1600\nFrameworkManager-[Notice] Please cite: http://dx.doi.org/10.1016/j.nima.2014.07.029 and this release: http://dx.doi.org/10.5286/Software/Mantid\nCleanFileCache-[Notice] CleanFileCache started\nCleanFileCache-[Notice] CleanFileCache successful, Duration 0.00 seconds\nF\n======================================================================\nFAIL: test3 (CleanFileCacheTest.CleanFileCache)\nCleanFileCache: &quot;age&quot; parameter\n----------------------------------------------------------------------\nTraceback (most recent call last):\n  File &quot;/Users/builder/Jenkins/workspace/main_nightly_deployment_prototype/Framework/PythonInterface/test/python/plugins/algorithms/CleanFileCacheTest.py&quot;, line 147, in test3\n    self.assertEqual(set(files_remained), set(non_cache+[cache1]))\nAssertionError: Items in the first set but not the second:\n&#x27;/tmp/tmp1th94qj9/b4fd5fc22586b9b01c0193ad550440ef7b19bf91.nxs&#x27;\n\n----------------------------------------------------------------------\nRan 3 tests in 23.990s\n\nFAILED (failures=1)\n\n          Start 2632: python.SANS.user_file.txt_parsers.toml_v1_schema_test.toml_v1_schema_test\n"
            }
        },
        "python.WorkflowAlgorithms.TransformToIqtTest.TransformToIqtTest": {
            "test_name": "python.WorkflowAlgorithms.TransformToIqtTest.TransformToIqtTest",
            "latest_failed_build": "446",
            "agent_name": "Mac",
            "last_failed_outcome": "Flake",
            "pipeline_name": "main_nightly_deployment_prototype",
            "past_failed_outcome": {
                "446": "Flake"
            },
            "last_stack_traces": {
                "test_name": "python.WorkflowAlgorithms.TransformToIqtTest.TransformToIqtTest",
                "build": "446",
                "agent_name": "Mac",
                "trial": 1,
                "outcome": "Failed",
                "test_time": "9.90",
                "stacktrace": "FrameworkManager-[Notice] Welcome to Mantid 6.5.20221109.1600\nFrameworkManager-[Notice] Please cite: http://dx.doi.org/10.1016/j.nima.2014.07.029 and this release: http://dx.doi.org/10.5286/Software/Mantid\nCreateEmptyTableWorkspace-[Notice] CreateEmptyTableWorkspace started\nCreateEmptyTableWorkspace-[Notice] CreateEmptyTableWorkspace successful, Duration 0.00 seconds\nLoad-[Notice] Load started\nLoad-[Notice] Load successful, Duration 0.53 seconds\nLoad-[Notice] Load started\nInstrumentDefinitionParser-[Warning] Attribute &#x27;mark-as&#x27; is a depricated attribute in Instrument Definition File. Please see the deprecated section of www.mantidproject.org/IDF for how to remove this warning message\nInstrumentDefinitionParser-[Warning] Attribute &#x27;mark-as&#x27; is a depricated attribute in Instrument Definition File. Please see the deprecated section of www.mantidproject.org/IDF for how to remove this warning message\nLoad-[Notice] Load successful, Duration 0.39 seconds\nTransformToIqt-[Notice] TransformToIqt started\nPython-[Notice] \nPython-[Notice] Property deltaE-mode not found\n\nCropWorkspace-[Notice] CropWorkspace started (child)\nCropWorkspace-[Notice] CropWorkspace successful, Duration 0.00 seconds\nCreateEmptyTableWorkspace-[Notice] CreateEmptyTableWorkspace started (child)\nCreateEmptyTableWorkspace-[Notice] CreateEmptyTableWorkspace successful, Duration 0.00 seconds\nDeleteWorkspace-[Notice] DeleteWorkspace started (child)\nDeleteWorkspace-[Notice] DeleteWorkspace successful, Duration 0.01 seconds\nTransformToIqt-[Notice] TransformToIqt successful, Duration 0.17 seconds\nCompareWorkspaces-[Notice] CompareWorkspaces started\nCompareWorkspaces-[Notice] The workspaces &quot;params&quot; and &quot;__TransformToIqtTest_param&quot; matched!\nCompareWorkspaces-[Notice] CompareWorkspaces successful, Duration 0.00 seconds\n.CreateEmptyTableWorkspace-[Notice] CreateEmptyTableWorkspace started\nCreateEmptyTableWorkspace-[Notice] CreateEmptyTableWorkspace successful, Duration 0.00 seconds\nLoad-[Notice] Load started\nLoad-[Notice] Load successful, Duration 0.29 seconds\nLoad-[Notice] Load started\nLoad-[Notice] Load successful, Duration 0.24 seconds\nTransformToIqt-[Notice] TransformToIqt started\nPython-[Notice] Property deltaE-mode not found\n\nPython-[Notice] Property deltaE-mode not found\n\nCropWorkspace-[Notice] CropWorkspace started (child)\nCropWorkspace-[Notice] CropWorkspace successful, Duration 0.00 seconds\nPython-[Warning] Could not get the resolution from the IPF, using 1% of the E Fixed value for the resolution: 0.01845\nCreateEmptyTableWorkspace-[Notice] CreateEmptyTableWorkspace started (child)\nCreateEmptyTableWorkspace-[Notice] CreateEmptyTableWorkspace successful, Duration 0.00 seconds\nDeleteWorkspace-[Notice] DeleteWorkspace started (child)\nDeleteWorkspace-[Notice] DeleteWorkspace successful, Duration 0.00 seconds\nTransformToIqt-[Notice] TransformToIqt successful, Duration 0.11 seconds\nCompareWorkspaces-[Notice] CompareWorkspaces started\nCompareWorkspaces-[Notice] The workspaces &quot;params&quot; and &quot;__TransformToIqtTest_param&quot; matched!\nCompareWorkspaces-[Notice] CompareWorkspaces successful, Duration 0.00 seconds\n.CreateEmptyTableWorkspace-[Notice] CreateEmptyTableWorkspace started\nCreateEmptyTableWorkspace-[Notice] CreateEmptyTableWorkspace successful, Duration 0.00 seconds\nLoad-[Notice] Load started\nLoad-[Notice] Load successful, Duration 0.23 seconds\nLoad-[Notice] Load started\nLoad-[Notice] Load successful, Duration 0.26 seconds\nTransformToIqt-[Notice] TransformToIqt started\nPython-[Notice] Property deltaE-mode not found\n\nPython-[Notice] Property deltaE-mode not found\n\nCropWorkspace-[Notice] CropWorkspace started (child)\nCropWorkspace-[Notice] CropWorkspace successful, Duration 0.00 seconds\nPython-[Warning] Could not get the resolution from the IPF, using 1% of the E Fixed value for the resolution: 0.01845\nCreateEmptyTableWorkspace-[Notice] CreateEmptyTableWorkspace started (child)\nCreateEmptyTableWorkspace-[Notice] CreateEmptyTableWorkspace successful, Duration 0.00 seconds\nDeleteWorkspace-[Notice] DeleteWorkspace started (child)\nDeleteWorkspace-[Notice] DeleteWorkspace successful, Duration 0.00 seconds\npython3.8(17175,0x7fffb7790380) malloc: *** error for object 0x7fd46933e728: incorrect checksum for freed object - object was probably modified after being freed.\n*** set a breakpoint in malloc_error_break to debug\nSubprocess aborted\n\n          Start 1694: python.WorkflowAlgorithms.TransformToIqtTest.TransformToIqtTest\n"
            }
        },
        "python.MuonQt5.fit_function_options_view_test.fit_function_options_view_test": {
            "test_name": "python.MuonQt5.fit_function_options_view_test.fit_function_options_view_test",
            "latest_failed_build": "451",
            "agent_name": "Mac",
            "last_failed_outcome": "Flake",
            "pipeline_name": "main_nightly_deployment_prototype",
            "past_failed_outcome": {
                "451": "Flake"
            },
            "last_stack_traces": {
                "test_name": "python.MuonQt5.fit_function_options_view_test.fit_function_options_view_test",
                "build": "451",
                "agent_name": "Mac",
                "trial": 1,
                "outcome": "Failed",
                "test_time": "10.86",
                "stacktrace": "FrameworkManager-[Notice] Welcome to Mantid 6.5.20221116.1431\nFrameworkManager-[Notice] Please cite: http://dx.doi.org/10.1016/j.nima.2014.07.029 and this release: http://dx.doi.org/10.5286/Software/Mantid\nEEEEEEEEEEEEEEEEEEE\n======================================================================\nERROR: test_that_clear_fit_status_will_clear_the_fit_status_and_chi_squared (fit_function_options_view_test.FitFunctionOptionsViewTest)\n----------------------------------------------------------------------\nAttributeError: &#x27;FitFunctionOptionsView&#x27; object has no attribute &#x27;y&#x27;\n\nThe above exception was the direct cause of the following exception:\n\nTraceback (most recent call last):\n  File &quot;/Users/builder/Jenkins/workspace/main_nightly_deployment_prototype/qt/python/mantidqtinterfaces/test/Muon/fitting_widgets/basic_fitting/fit_function_options_view_test.py&quot;, line 26, in setUp\n    self.view = FitFunctionOptionsView()\n  File &quot;/Users/builder/Jenkins/workspace/main_nightly_deployment_prototype/qt/python/mantidqtinterfaces/mantidqtinterfaces/Muon/GUI/Common/fitting_widgets/basic_fitting/fit_function_options_view.py&quot;, line 48, in __init__\n    self.setupUi(self)\n  File &quot;&lt;string&gt;&quot;, line 71, in setupUi\nSystemError: &lt;built-in function connectSlotsByName&gt; returned a result with an error set\n\n======================================================================\nERROR: test_that_it_is_possible_to_set_the_end_x_to_a_different_value (fit_function_options_view_test.FitFunctionOptionsViewTest)\n----------------------------------------------------------------------\nAttributeError: &#x27;FitFunctionOptionsView&#x27; object has no attribute &#x27;y&#x27;\n\nThe above exception was the direct cause of the following exception:\n\nTraceback (most recent call last):\n  File &quot;/Users/builder/Jenkins/workspace/main_nightly_deployment_prototype/qt/python/mantidqtinterfaces/test/Muon/fitting_widgets/basic_fitting/fit_function_options_view_test.py&quot;, line 26, in setUp\n    self.view = FitFunctionOptionsView()\n  File &quot;/Users/builder/Jenkins/workspace/main_nightly_deployment_prototype/qt/python/mantidqtinterfaces/mantidqtinterfaces/Muon/GUI/Common/fitting_widgets/basic_fitting/fit_function_options_view.py&quot;, line 48, in __init__\n    self.setupUi(self)\n  File &quot;&lt;string&gt;&quot;, line 71, in setupUi\nSystemError: &lt;built-in function connectSlotsByName&gt; returned a result with an error set\n\n======================================================================\nERROR: test_that_it_is_possible_to_set_the_start_x_to_a_different_value (fit_function_options_view_test.FitFunctionOptionsViewTest)\n----------------------------------------------------------------------\nAttributeError: &#x27;FitFunctionOptionsView&#x27; object has no attribute &#x27;y&#x27;\n\nThe above exception was the direct cause of the following exception:\n\nTraceback (most recent call last):\n  File &quot;/Users/builder/Jenkins/workspace/main_nightly_deployment_prototype/qt/python/mantidqtinterfaces/test/Muon/fitting_widgets/basic_fitting/fit_function_options_view_test.py&quot;, line 26, in setUp\n    self.view = FitFunctionOptionsView()\n  File &quot;/Users/builder/Jenkins/workspace/main_nightly_deployment_prototype/qt/python/mantidqtinterfaces/mantidqtinterfaces/Muon/GUI/Common/fitting_widgets/basic_fitting/fit_function_options_view.py&quot;, line 48, in __init__\n    self.setupUi(self)\n  File &quot;&lt;string&gt;&quot;, line 71, in setupUi\nSystemError: &lt;built-in function connectSlotsByName&gt; returned a result with an error set\n\n======================================================================\nERROR: test_that_set_covariance_button_enabled_can_disable_the_covariance_button (fit_function_options_view_test.FitFunctionOptionsViewTest)\n----------------------------------------------------------------------\nAttributeError: &#x27;FitFunctionOptionsView&#x27; object has no attribute &#x27;y&#x27;\n\nThe above exception was the direct cause of the following exception:\n\nTraceback (most recent call last):\n  File &quot;/Users/builder/Jenkins/workspace/main_nightly_deployment_prototype/qt/python/mantidqtinterfaces/test/Muon/fitting_widgets/basic_fitting/fit_function_options_view_test.py&quot;, line 26, in setUp\n    self.view = FitFunctionOptionsView()\n  File &quot;/Users/builder/Jenkins/workspace/main_nightly_deployment_prototype/qt/python/mantidqtinterfaces/mantidqtinterfaces/Muon/GUI/Common/fitting_widgets/basic_fitting/fit_function_options_view.py&quot;, line 48, in __init__\n    self.setupUi(self)\n  File &quot;&lt;string&gt;&quot;, line 71, in setupUi\nSystemError: &lt;built-in function connectSlotsByName&gt; returned a result with an error set\n\n======================================================================\nERROR: test_that_set_covariance_button_enabled_can_enable_the_covariance_button (fit_function_options_view_test.FitFunctionOptionsViewTest)\n----------------------------------------------------------------------\nAttributeError: &#x27;FitFunctionOptionsView&#x27; object has no attribute &#x27;y&#x27;\n\nThe above exception was the direct cause of the following exception:\n\nTraceback (most recent call last):\n  File &quot;/Users/builder/Jenkins/workspace/main_nightly_deployment_prototype/qt/python/mantidqtinterfaces/test/Muon/fitting_widgets/basic_fitting/fit_function_options_view_test.py&quot;, line 26, in setUp\n    self.view = FitFunctionOptionsView()\n  File &quot;/Users/builder/Jenkins/workspace/main_nightly_deployment_prototype/qt/python/mantidqtinterfaces/mantidqtinterfaces/Muon/GUI/Common/fitting_widgets/basic_fitting/fit_function_options_view.py&quot;, line 48, in __init__\n    self.setupUi(self)\n  File &quot;&lt;string&gt;&quot;, line 71, in setupUi\nSystemError: &lt;built-in function connectSlotsByName&gt; returned a result with an error set\n\n======================================================================\nERROR: test_that_set_current_dataset_index_will_set_the_current_dataset_index_in_the_function_browser (fit_function_options_view_test.FitFunctionOptionsViewTest)\n----------------------------------------------------------------------\nAttributeError: &#x27;FitFunctionOptionsView&#x27; object has no attribute &#x27;y&#x27;\n\nThe above exception was the direct cause of the following exception:\n\nTraceback (most recent call last):\n  File &quot;/Users/builder/Jenkins/workspace/main_nightly_deployment_prototype/qt/python/mantidqtinterfaces/test/Muon/fitting_widgets/basic_fitting/fit_function_options_view_test.py&quot;, line 26, in setUp\n    self.view = FitFunctionOptionsView()\n  File &quot;/Users/builder/Jenkins/workspace/main_nightly_deployment_prototype/qt/python/mantidqtinterfaces/mantidqtinterfaces/Muon/GUI/Common/fitting_widgets/basic_fitting/fit_function_options_view.py&quot;, line 48, in __init__\n    self.setupUi(self)\n  File &quot;&lt;string&gt;&quot;, line 71, in setupUi\nSystemError: &lt;built-in function connectSlotsByName&gt; returned a result with an error set\n\n======================================================================\nERROR: test_that_set_datasets_in_function_browser_will_set_the_datasets_in_the_function_browser (fit_function_options_view_test.FitFunctionOptionsViewTest)\n----------------------------------------------------------------------\nAttributeError: &#x27;FitFunctionOptionsView&#x27; object has no attribute &#x27;y&#x27;\n\nThe above exception was the direct cause of the following exception:\n\nTraceback (most recent call last):\n  File &quot;/Users/builder/Jenkins/workspace/main_nightly_deployment_prototype/qt/python/mantidqtinterfaces/test/Muon/fitting_widgets/basic_fitting/fit_function_options_view_test.py&quot;, line 26, in setUp\n    self.view = FitFunctionOptionsView()\n  File &quot;/Users/builder/Jenkins/workspace/main_nightly_deployment_prototype/qt/python/mantidqtinterfaces/mantidqtinterfaces/Muon/GUI/Common/fitting_widgets/basic_fitting/fit_function_options_view.py&quot;, line 48, in __init__\n    self.setupUi(self)\n  File &quot;&lt;string&gt;&quot;, line 71, in setupUi\nSystemError: &lt;built-in function connectSlotsByName&gt; returned a result with an error set\n\n======================================================================\nERROR: test_that_set_fit_function_will_set_the_function_in_the_browser (fit_function_options_view_test.FitFunctionOptionsViewTest)\n----------------------------------------------------------------------\nAttributeError: &#x27;FitFunctionOptionsView&#x27; object has no attribute &#x27;y&#x27;\n\nThe above exception was the direct cause of the following exception:\n\nTraceback (most recent call last):\n  File &quot;/Users/builder/Jenkins/workspace/main_nightly_deployment_prototype/qt/python/mantidqtinterfaces/test/Muon/fitting_widgets/basic_fitting/fit_function_options_view_test.py&quot;, line 26, in setUp\n    self.view = FitFunctionOptionsView()\n  File &quot;/Users/builder/Jenkins/workspace/main_nightly_deployment_prototype/qt/python/mantidqtinterfaces/mantidqtinterfaces/Muon/GUI/Common/fitting_widgets/basic_fitting/fit_function_options_view.py&quot;, line 48, in __init__\n    self.setupUi(self)\n  File &quot;&lt;string&gt;&quot;, line 71, in setupUi\nSystemError: &lt;built-in function connectSlotsByName&gt; returned a result with an error set\n\n======================================================================\nERROR: test_that_show_normalised_covariance_matrix_will_not_raise_an_error (fit_function_options_view_test.FitFunctionOptionsViewTest)\n----------------------------------------------------------------------\nAttributeError: &#x27;FitFunctionOptionsView&#x27; object has no attribute &#x27;y&#x27;\n\nThe above exception was the direct cause of the following exception:\n\nTraceback (most recent call last):\n  File &quot;/Users/builder/Jenkins/workspace/main_nightly_deployment_prototype/qt/python/mantidqtinterfaces/test/Muon/fitting_widgets/basic_fitting/fit_function_options_view_test.py&quot;, line 26, in setUp\n    self.view = FitFunctionOptionsView()\n  File &quot;/Users/builder/Jenkins/workspace/main_nightly_deployment_prototype/qt/python/mantidqtinterfaces/mantidqtinterfaces/Muon/GUI/Common/fitting_widgets/basic_fitting/fit_function_options_view.py&quot;, line 48, in __init__\n    self.setupUi(self)\n  File &quot;&lt;string&gt;&quot;, line 71, in setupUi\nSystemError: &lt;built-in function connectSlotsByName&gt; returned a result with an error set\n\n======================================================================\nERROR: test_that_the_fit_to_raw_checkbox_value_can_be_changed_as_expected (fit_function_options_view_test.FitFunctionOptionsViewTest)\n----------------------------------------------------------------------\nAttributeError: &#x27;FitFunctionOptionsView&#x27; object has no attribute &#x27;y&#x27;\n\nThe above exception was the direct cause of the following exception:\n\nTraceback (most recent call last):\n  File &quot;/Users/builder/Jenkins/workspace/main_nightly_deployment_prototype/qt/python/mantidqtinterfaces/test/Muon/fitting_widgets/basic_fitting/fit_function_options_view_test.py&quot;, line 26, in setUp\n    self.view = FitFunctionOptionsView()\n  File &quot;/Users/builder/Jenkins/workspace/main_nightly_deployment_prototype/qt/python/mantidqtinterfaces/mantidqtinterfaces/Muon/GUI/Common/fitting_widgets/basic_fitting/fit_function_options_view.py&quot;, line 48, in __init__\n    self.setupUi(self)\n  File &quot;&lt;string&gt;&quot;, line 71, in setupUi\nSystemError: &lt;built-in function connectSlotsByName&gt; returned a result with an error set\n\n======================================================================\nERROR: test_that_the_function_name_can_be_changed_as_expected (fit_function_options_view_test.FitFunctionOptionsViewTest)\n----------------------------------------------------------------------\nAttributeError: &#x27;FitFunctionOptionsView&#x27; object has no attribute &#x27;y&#x27;\n\nThe above exception was the direct cause of the following exception:\n\nTraceback (most recent call last):\n  File &quot;/Users/builder/Jenkins/workspace/main_nightly_deployment_prototype/qt/python/mantidqtinterfaces/test/Muon/fitting_widgets/basic_fitting/fit_function_options_view_test.py&quot;, line 26, in setUp\n    self.view = FitFunctionOptionsView()\n  File &quot;/Users/builder/Jenkins/workspace/main_nightly_deployment_prototype/qt/python/mantidqtinterfaces/mantidqtinterfaces/Muon/GUI/Common/fitting_widgets/basic_fitting/fit_function_options_view.py&quot;, line 48, in __init__\n    self.setupUi(self)\n  File &quot;&lt;string&gt;&quot;, line 71, in setupUi\nSystemError: &lt;built-in function connectSlotsByName&gt; returned a result with an error set\n\n======================================================================\nERROR: test_that_the_view_has_been_initialized_with_the_raw_data_option_hidden (fit_function_options_view_test.FitFunctionOptionsViewTest)\n----------------------------------------------------------------------\nAttributeError: &#x27;FitFunctionOptionsView&#x27; object has no attribute &#x27;y&#x27;\n\nThe above exception was the direct cause of the following exception:\n\nTraceback (most recent call last):\n  File &quot;/Users/builder/Jenkins/workspace/main_nightly_deployment_prototype/qt/python/mantidqtinterfaces/test/Muon/fitting_widgets/basic_fitting/fit_function_options_view_test.py&quot;, line 26, in setUp\n    self.view = FitFunctionOptionsView()\n  File &quot;/Users/builder/Jenkins/workspace/main_nightly_deployment_prototype/qt/python/mantidqtinterfaces/mantidqtinterfaces/Muon/GUI/Common/fitting_widgets/basic_fitting/fit_function_options_view.py&quot;, line 48, in __init__\n    self.setupUi(self)\n  File &quot;&lt;string&gt;&quot;, line 71, in setupUi\nSystemError: &lt;built-in function connectSlotsByName&gt; returned a result with an error set\n\n======================================================================\nERROR: test_that_the_view_has_been_initialized_with_the_raw_data_option_shown (fit_function_options_view_test.FitFunctionOptionsViewTest)\n----------------------------------------------------------------------\nAttributeError: &#x27;FitFunctionOptionsView&#x27; object has no attribute &#x27;y&#x27;\n\nThe above exception was the direct cause of the following exception:\n\nTraceback (most recent call last):\n  File &quot;/Users/builder/Jenkins/workspace/main_nightly_deployment_prototype/qt/python/mantidqtinterfaces/test/Muon/fitting_widgets/basic_fitting/fit_function_options_view_test.py&quot;, line 26, in setUp\n    self.view = FitFunctionOptionsView()\n  File &quot;/Users/builder/Jenkins/workspace/main_nightly_deployment_prototype/qt/python/mantidqtinterfaces/mantidqtinterfaces/Muon/GUI/Common/fitting_widgets/basic_fitting/fit_function_options_view.py&quot;, line 48, in __init__\n    self.setupUi(self)\n  File &quot;&lt;string&gt;&quot;, line 71, in setupUi\nSystemError: &lt;built-in function connectSlotsByName&gt; returned a result with an error set\n\n======================================================================\nERROR: test_that_update_fit_status_labels_will_display_fit_successful_if_all_fits_are_successful (fit_function_options_view_test.FitFunctionOptionsViewTest)\n----------------------------------------------------------------------\nAttributeError: &#x27;FitFunctionOptionsView&#x27; object has no attribute &#x27;y&#x27;\n\nThe above exception was the direct cause of the following exception:\n\nTraceback (most recent call last):\n  File &quot;/Users/builder/Jenkins/workspace/main_nightly_deployment_prototype/qt/python/mantidqtinterfaces/test/Muon/fitting_widgets/basic_fitting/fit_function_options_view_test.py&quot;, line 26, in setUp\n    self.view = FitFunctionOptionsView()\n  File &quot;/Users/builder/Jenkins/workspace/main_nightly_deployment_prototype/qt/python/mantidqtinterfaces/mantidqtinterfaces/Muon/GUI/Common/fitting_widgets/basic_fitting/fit_function_options_view.py&quot;, line 48, in __init__\n    self.setupUi(self)\n  File &quot;&lt;string&gt;&quot;, line 71, in setupUi\nSystemError: &lt;built-in function connectSlotsByName&gt; returned a result with an error set\n\n======================================================================\nERROR: test_that_update_fit_status_labels_will_display_fits_failed_if_some_of_the_fits_fail (fit_function_options_view_test.FitFunctionOptionsViewTest)\n----------------------------------------------------------------------\nAttributeError: &#x27;FitFunctionOptionsView&#x27; object has no attribute &#x27;y&#x27;\n\nThe above exception was the direct cause of the following exception:\n\nTraceback (most recent call last):\n  File &quot;/Users/builder/Jenkins/workspace/main_nightly_deployment_prototype/qt/python/mantidqtinterfaces/test/Muon/fitting_widgets/basic_fitting/fit_function_options_view_test.py&quot;, line 26, in setUp\n    self.view = FitFunctionOptionsView()\n  File &quot;/Users/builder/Jenkins/workspace/main_nightly_deployment_prototype/qt/python/mantidqtinterfaces/mantidqtinterfaces/Muon/GUI/Common/fitting_widgets/basic_fitting/fit_function_options_view.py&quot;, line 48, in __init__\n    self.setupUi(self)\n  File &quot;&lt;string&gt;&quot;, line 71, in setupUi\nSystemError: &lt;built-in function connectSlotsByName&gt; returned a result with an error set\n\n======================================================================\nERROR: test_that_update_fit_status_labels_will_display_no_fit_if_the_success_list_is_empty (fit_function_options_view_test.FitFunctionOptionsViewTest)\n----------------------------------------------------------------------\nAttributeError: &#x27;FitFunctionOptionsView&#x27; object has no attribute &#x27;y&#x27;\n\nThe above exception was the direct cause of the following exception:\n\nTraceback (most recent call last):\n  File &quot;/Users/builder/Jenkins/workspace/main_nightly_deployment_prototype/qt/python/mantidqtinterfaces/test/Muon/fitting_widgets/basic_fitting/fit_function_options_view_test.py&quot;, line 26, in setUp\n    self.view = FitFunctionOptionsView()\n  File &quot;/Users/builder/Jenkins/workspace/main_nightly_deployment_prototype/qt/python/mantidqtinterfaces/mantidqtinterfaces/Muon/GUI/Common/fitting_widgets/basic_fitting/fit_function_options_view.py&quot;, line 48, in __init__\n    self.setupUi(self)\n  File &quot;&lt;string&gt;&quot;, line 71, in setupUi\nSystemError: &lt;built-in function connectSlotsByName&gt; returned a result with an error set\n\n======================================================================\nERROR: test_that_update_function_browser_parameters_will_clear_the_function_if_the_function_provided_is_none (fit_function_options_view_test.FitFunctionOptionsViewTest)\n----------------------------------------------------------------------\nAttributeError: &#x27;FitFunctionOptionsView&#x27; object has no attribute &#x27;y&#x27;\n\nThe above exception was the direct cause of the following exception:\n\nTraceback (most recent call last):\n  File &quot;/Users/builder/Jenkins/workspace/main_nightly_deployment_prototype/qt/python/mantidqtinterfaces/test/Muon/fitting_widgets/basic_fitting/fit_function_options_view_test.py&quot;, line 26, in setUp\n    self.view = FitFunctionOptionsView()\n  File &quot;/Users/builder/Jenkins/workspace/main_nightly_deployment_prototype/qt/python/mantidqtinterfaces/mantidqtinterfaces/Muon/GUI/Common/fitting_widgets/basic_fitting/fit_function_options_view.py&quot;, line 48, in __init__\n    self.setupUi(self)\n  File &quot;&lt;string&gt;&quot;, line 71, in setupUi\nSystemError: &lt;built-in function connectSlotsByName&gt; returned a result with an error set\n\n======================================================================\nERROR: test_that_update_function_browser_parameters_will_set_the_function_if_in_simultaneous_mode (fit_function_options_view_test.FitFunctionOptionsViewTest)\n----------------------------------------------------------------------\nAttributeError: &#x27;FitFunctionOptionsView&#x27; object has no attribute &#x27;y&#x27;\n\nThe above exception was the direct cause of the following exception:\n\nTraceback (most recent call last):\n  File &quot;/Users/builder/Jenkins/workspace/main_nightly_deployment_prototype/qt/python/mantidqtinterfaces/test/Muon/fitting_widgets/basic_fitting/fit_function_options_view_test.py&quot;, line 26, in setUp\n    self.view = FitFunctionOptionsView()\n  File &quot;/Users/builder/Jenkins/workspace/main_nightly_deployment_prototype/qt/python/mantidqtinterfaces/mantidqtinterfaces/Muon/GUI/Common/fitting_widgets/basic_fitting/fit_function_options_view.py&quot;, line 48, in __init__\n    self.setupUi(self)\n  File &quot;&lt;string&gt;&quot;, line 71, in setupUi\nSystemError: &lt;built-in function connectSlotsByName&gt; returned a result with an error set\n\n======================================================================\nERROR: test_that_update_function_browser_parameters_will_update_the_parameters_of_the_function_for_single_fit (fit_function_options_view_test.FitFunctionOptionsViewTest)\n----------------------------------------------------------------------\nAttributeError: &#x27;FitFunctionOptionsView&#x27; object has no attribute &#x27;y&#x27;\n\nThe above exception was the direct cause of the following exception:\n\nTraceback (most recent call last):\n  File &quot;/Users/builder/Jenkins/workspace/main_nightly_deployment_prototype/qt/python/mantidqtinterfaces/test/Muon/fitting_widgets/basic_fitting/fit_function_options_view_test.py&quot;, line 26, in setUp\n    self.view = FitFunctionOptionsView()\n  File &quot;/Users/builder/Jenkins/workspace/main_nightly_deployment_prototype/qt/python/mantidqtinterfaces/mantidqtinterfaces/Muon/GUI/Common/fitting_widgets/basic_fitting/fit_function_options_view.py&quot;, line 48, in __init__\n    self.setupUi(self)\n  File &quot;&lt;string&gt;&quot;, line 71, in setupUi\nSystemError: &lt;built-in function connectSlotsByName&gt; returned a result with an error set\n\n----------------------------------------------------------------------\nRan 19 tests in 1.152s\n\nFAILED (errors=19)\n\n          Start 2179: python.MuonQt5.fit_function_options_view_test.fit_function_options_view_test\n"
            }
        },
        "MDAlgorithmsTest_LoadMDTest": {
            "test_name": "MDAlgorithmsTest_LoadMDTest",
            "latest_failed_build": "482",
            "agent_name": "Mac",
            "last_failed_outcome": "Flake",
            "pipeline_name": "main_nightly_deployment_prototype",
            "past_failed_outcome": {
                "482": "Flake"
            },
            "last_stack_traces": {
                "test_name": "MDAlgorithmsTest_LoadMDTest",
                "build": "482",
                "agent_name": "Mac",
                "trial": 1,
                "outcome": "Failed",
                "test_time": "5.08",
                "stacktrace": "FrameworkManager-[Notice] Welcome to Mantid 6.5.20230109.1529\nFrameworkManager-[Notice] Please cite: http://dx.doi.org/10.1016/j.nima.2014.07.029 and this release: http://dx.doi.org/10.5286/Software/Mantid\nDllOpen-[Error] Could not open library /Users/builder/Jenkins/workspace/main_nightly_deployment_prototype/build/bin/libMantidPythonInterfaceCore.dylib: dlopen(/Users/builder/Jenkins/workspace/main_nightly_deployment_prototype/build/bin/libMantidPythonInterfaceCore.dylib, 10): Symbol not found: _PyBaseObject_Type\n  Referenced from: /Users/builder/Jenkins/workspace/main_nightly_deployment_prototype/mambaforge/envs/mantid-developer/lib/libboost_python38.dylib\n  Expected in: flat namespace\n in /Users/builder/Jenkins/workspace/main_nightly_deployment_prototype/mambaforge/envs/mantid-developer/lib/libboost_python38.dylib\nRunning 24 tests.FakeMDEventData-[Notice] FakeMDEventData started\nFakeMDEventData-[Notice] FakeMDEventData successful, Duration 0.05 seconds\nSaveMD-[Notice] SaveMD started\nInstrument-[Warning] Saving Instrument with no XML data. If this was instrument data you may not be able to load this data back into Mantid, for fitted/analysed data this warning can be ignored.\nInstrument-[Warning] Saving Instrument with no XML data. If this was instrument data you may not be able to load this data back into Mantid, for fitted/analysed data this warning can be ignored.\nDllOpen-[Error] Could not open library /Users/builder/Jenkins/workspace/main_nightly_deployment_prototype/build/bin/libMantidPythonInterfaceCore.dylib: dlopen(/Users/builder/Jenkins/workspace/main_nightly_deployment_prototype/build/bin/libMantidPythonInterfaceCore.dylib, 10): Symbol not found: _PyBaseObject_Type\n  Referenced from: /Users/builder/Jenkins/workspace/main_nightly_deployment_prototype/mambaforge/envs/mantid-developer/lib/libboost_python38.dylib\n  Expected in: flat namespace\n in /Users/builder/Jenkins/workspace/main_nightly_deployment_prototype/mambaforge/envs/mantid-developer/lib/libboost_python38.dylib\nSaveMD-[Notice] SaveMD successful, Duration 0.08 seconds\nLoadMD-[Notice] LoadMD started\nLoadMD-[Notice] LoadMD successful, Duration 0.08 seconds\n.FakeMDEventData-[Notice] FakeMDEventData started\nFakeMDEventData-[Notice] FakeMDEventData successful, Duration 0.02 seconds\nSaveMD-[Notice] SaveMD started\nInstrument-[Warning] Saving Instrument with no XML data. If this was instrument data you may not be able to load this data back into Mantid, for fitted/analysed data this warning can be ignored.\nInstrument-[Warning] Saving Instrument with no XML data. If this was instrument data you may not be able to load this data back into Mantid, for fitted/analysed data this warning can be ignored.\nSaveMD-[Notice] SaveMD successful, Duration 0.08 seconds\nLoadMD-[Notice] LoadMD started\nLoadMD-[Notice] LoadMD successful, Duration 0.04 seconds\n.FakeMDEventData-[Notice] FakeMDEventData started\nFakeMDEventData-[Notice] FakeMDEventData successful, Duration 0.00 seconds\nSaveMD-[Notice] SaveMD started\nInstrument-[Warning] Saving Instrument with no XML data. If this was instrument data you may not be able to load this data back into Mantid, for fitted/analysed data this warning can be ignored.\nInstrument-[Warning] Saving Instrument with no XML data. If this was instrument data you may not be able to load this data back into Mantid, for fitted/analysed data this warning can be ignored.\nSaveMD-[Notice] SaveMD successful, Duration 0.12 seconds\nLoadMD-[Notice] LoadMD started\nLoadMD-[Notice] LoadMD successful, Duration 0.14 seconds\n.FakeMDEventData-[Notice] FakeMDEventData started\nFakeMDEventData-[Notice] FakeMDEventData successful, Duration 0.00 seconds\nSaveMD-[Notice] SaveMD started\nInstrument-[Warning] Saving Instrument with no XML data. If this was instrument data you may not be able to load this data back into Mantid, for fitted/analysed data this warning can be ignored.\nInstrument-[Warning] Saving Instrument with no XML data. If this was instrument data you may not be able to load this data back into Mantid, for fitted/analysed data this warning can be ignored.\nSaveMD-[Notice] SaveMD successful, Duration 0.09 seconds\nLoadMD-[Notice] LoadMD started\nLoadMD-[Notice] LoadMD successful, Duration 0.03 seconds\n.FakeMDEventData-[Notice] FakeMDEventData started\nFakeMDEventData-[Notice] FakeMDEventData successful, Duration 0.00 seconds\nSaveMD-[Notice] SaveMD started\nInstrument-[Warning] Saving Instrument with no XML data. If this was instrument data you may not be able to load this data back into Mantid, for fitted/analysed data this warning can be ignored.\nInstrument-[Warning] Saving Instrument with no XML data. If this was instrument data you may not be able to load this data back into Mantid, for fitted/analysed data this warning can be ignored.\nSaveMD-[Notice] SaveMD successful, Duration 0.12 seconds\nLoadMD-[Notice] LoadMD started\nLoadMD-[Notice] LoadMD successful, Duration 0.03 seconds\n.FakeMDEventData-[Notice] FakeMDEventData started\nFakeMDEventData-[Notice] FakeMDEventData successful, Duration 0.00 seconds\nSaveMD-[Notice] SaveMD started\nInstrument-[Warning] Saving Instrument with no XML data. If this was instrument data you may not be able to load this data back into Mantid, for fitted/analysed data this warning can be ignored.\nInstrument-[Warning] Saving Instrument with no XML data. If this was instrument data you may not be able to load this data back into Mantid, for fitted/analysed data this warning can be ignored.\nSaveMD-[Notice] SaveMD successful, Duration 0.09 seconds\nLoadMD-[Notice] LoadMD started\nLoadMD-[Notice] LoadMD successful, Duration 0.04 seconds\nSaveMD-[Notice] SaveMD started\nInstrument-[Warning] Saving Instrument with no XML data. If this was instrument data you may not be able to load this data back into Mantid, for fitted/analysed data this warning can be ignored.\nSaveMD-[Notice] SaveMD successful, Duration 0.03 seconds\nLoadMD-[Notice] LoadMD started\nLoadMD-[Notice] LoadMD successful, Duration 0.11 seconds\nStarting the first step\n\nStarting the update step\n.FakeMDEventData-[Notice] FakeMDEventData started\nFakeMDEventData-[Notice] FakeMDEventData successful, Duration 0.00 seconds\nSaveMD-[Notice] SaveMD started\nInstrument-[Warning] Saving Instrument with no XML data. If this was instrument data you may not be able to load this data back into Mantid, for fitted/analysed data this warning can be ignored.\nInstrument-[Warning] Saving Instrument with no XML data. If this was instrument data you may not be able to load this data back into Mantid, for fitted/analysed data this warning can be ignored.\nSaveMD-[Notice] SaveMD successful, Duration 0.13 seconds\nLoadMD-[Notice] LoadMD started\nLoadMD-[Notice] LoadMD successful, Duration 0.05 seconds\n.SaveMD-[Notice] SaveMD started\nInstrument-[Warning] Saving Instrument with no XML data. If this was instrument data you may not be able to load this data back into Mantid, for fitted/analysed data this warning can be ignored.\nSaveMD-[Notice] SaveMD successful, Duration 0.04 seconds\nLoadMD-[Notice] LoadMD started\nLoadMD-[Notice] LoadMD successful, Duration 0.03 seconds\n.SaveMD-[Notice] SaveMD started\nSaveMD-[Notice] SaveMD successful, Duration 0.01 seconds\nLoadMD-[Notice] LoadMD started\nLoadMD-[Notice] LoadMD successful, Duration 0.01 seconds\nSaveMD-[Notice] SaveMD started\nSaveMD-[Notice] SaveMD successful, Duration 0.01 seconds\nLoadMD-[Notice] LoadMD started\nLoadMD-[Notice] LoadMD successful, Duration 0.01 seconds\n.SaveMD-[Notice] SaveMD started\nInstrument-[Warning] Saving Instrument with no XML data. If this was instrument data you may not be able to load this data back into Mantid, for fitted/analysed data this warning can be ignored.\nSaveMD-[Notice] SaveMD successful, Duration 0.02 seconds\n\nIn LoadMDTest::test_histo2D:\n/Users/builder/Jenkins/workspace/main_nightly_deployment_prototype/Framework/MDAlgorithms/test/LoadMDTest.h:463: Error: Test failed: Invalid value for property Filename (string) from string &quot;/Users/builder/Jenkins/workspace/main_nightly_deployment_prototype/build/bin/Testing/SaveMDTestHisto.nxs&quot;: When setting value of property &quot;Filename&quot;: File &quot;/Users/builder/Jenkins/workspace/main_nightly_deployment_prototype/build/bin/Testing/SaveMDTestHisto.nxs&quot; not found\n/Users/builder/Jenkins/workspace/main_nightly_deployment_prototype/Framework/MDAlgorithms/test/LoadMDTest.h:463: Error: Expected (alg.setPropertyValue(&quot;Filename&quot;, filename)) not to throw, but it did\nLoadMD-[Notice] LoadMD started\nPropertyManager-[Error] Property &quot;FILENAME&quot; is not set to a valid value: &quot;No file specified.&quot;.\nPropertyManager-[Error] Property &quot;FILENAME&quot; is not set to a valid value: &quot;No file specified.&quot;.\n/Users/builder/Jenkins/workspace/main_nightly_deployment_prototype/Framework/MDAlgorithms/test/LoadMDTest.h:465: Error: Test failed: Some invalid Properties found\n/Users/builder/Jenkins/workspace/main_nightly_deployment_prototype/Framework/MDAlgorithms/test/LoadMDTest.h:465: Error: Expected (alg.execute();) not to throw, but it did\n/Users/builder/Jenkins/workspace/main_nightly_deployment_prototype/Framework/MDAlgorithms/test/LoadMDTest.h:466: Error: Assertion failed: alg.isExecuted()\n/Users/builder/Jenkins/workspace/main_nightly_deployment_prototype/Framework/MDAlgorithms/test/LoadMDTest.h:474: Error: Expected (ws-&gt;getNPoints() == newWS-&gt;getNPoints()), found (100 != 5)\n/Users/builder/Jenkins/workspace/main_nightly_deployment_prototype/Framework/MDAlgorithms/test/LoadMDTest.h:475: Error: Expected (ws-&gt;getNumDims() == newWS-&gt;getNumDims()), found (2 != 1)\n/Users/builder/Jenkins/workspace/main_nightly_deployment_prototype/Framework/MDAlgorithms/test/LoadMDTest.h:476: Error: Expected (ws-&gt;displayNormalization() == newWS-&gt;displayNormalization()), found ({ 00 00 00 00  } != { 01 00 00 00  })\n/Users/builder/Jenkins/workspace/main_nightly_deployment_prototype/Framework/MDAlgorithms/test/LoadMDTest.h:478: Error: Expected (ws-&gt;getSignalAt(i) == newWS-&gt;getSignalAt(i)) up to 1e-6 (0.0000010000), found (2.5000000000 != 1.0000000008)\n/Users/builder/Jenkins/workspace/main_nightly_deployment_prototype/Framework/MDAlgorithms/test/LoadMDTest.h:479: Error: Expected (ws-&gt;getErrorAt(i) == newWS-&gt;getErrorAt(i)) up to 1e-6 (0.0000010000), found (1.8708286939 != 1.0000000008)\n/Users/builder/Jenkins/workspace/main_nightly_deployment_prototype/Framework/MDAlgorithms/test/LoadMDTest.h:480: Error: Expected (ws-&gt;getNumEventsAt(i) == newWS-&gt;getNumEventsAt(i)) up to 1e-6 (0.0000010000), found (4.5000000040 != 1.0000000008)\n/Users/builder/Jenkins/workspace/main_nightly_deployment_prototype/Framework/MDAlgorithms/test/LoadMDTest.h:478: Error: Expected (ws-&gt;getSignalAt(i) == newWS-&gt;getSignalAt(i)) up to 1e-6 (0.0000010000), found (2.5000000000 != 1.0000000008)\n/Users/builder/Jenkins/workspace/main_nightly_deployment_prototype/Framework/MDAlgorithms/test/LoadMDTest.h:479: Error: Expected (ws-&gt;getErrorAt(i) == newWS-&gt;getErrorAt(i)) up to 1e-6 (0.0000010000), found (1.8708286939 != 1.0000000008)\n/Users/builder/Jenkins/workspace/main_nightly_deployment_prototype/Framework/MDAlgorithms/test/LoadMDTest.h:480: Error: Expected (ws-&gt;getNumEventsAt(i) == newWS-&gt;getNumEventsAt(i)) up to 1e-6 (0.0000010000), found (4.5000000040 != 1.0000000008)\n/Users/builder/Jenkins/workspace/main_nightly_deployment_prototype/Framework/MDAlgorithms/test/LoadMDTest.h:478: Error: Expected (ws-&gt;getSignalAt(i) == newWS-&gt;getSignalAt(i)) up to 1e-6 (0.0000010000), found (2.5000000000 != 1.0000000008)\n/Users/builder/Jenkins/workspace/main_nightly_deployment_prototype/Framework/MDAlgorithms/test/LoadMDTest.h:479: Error: Expected (ws-&gt;getErrorAt(i) == newWS-&gt;getErrorAt(i)) up to 1e-6 (0.0000010000), found (1.8708286939 != 1.0000000008)\n/Users/builder/Jenkins/workspace/main_nightly_deployment_prototype/Framework/MDAlgorithms/test/LoadMDTest.h:480: Error: Expected (ws-&gt;getNumEventsAt(i) == newWS-&gt;getNumEventsAt(i)) up to 1e-6 (0.0000010000), found (4.5000000040 != 1.0000000008)\n/Users/builder/Jenkins/workspace/main_nightly_deployment_prototype/Framework/MDAlgorithms/test/LoadMDTest.h:478: Error: Expected (ws-&gt;getSignalAt(i) == newWS-&gt;getSignalAt(i)) up to 1e-6 (0.0000010000), found (2.5000000000 != 1.0000000008)\n/Users/builder/Jenkins/workspace/main_nightly_deployment_prototype/Framework/MDAlgorithms/test/LoadMDTest.h:479: Error: Expected (ws-&gt;getErrorAt(i) == newWS-&gt;getErrorAt(i)) up to 1e-6 (0.0000010000), found (1.8708286939 != 1.0000000008)\n/Users/builder/Jenkins/workspace/main_nightly_deployment_prototype/Framework/MDAlgorithms/test/LoadMDTest.h:480: Error: Expected (ws-&gt;getNumEventsAt(i) == newWS-&gt;getNumEventsAt(i)) up to 1e-6 (0.0000010000), found (4.5000000040 != 1.0000000008)\n/Users/builder/Jenkins/workspace/main_nightly_deployment_prototype/Framework/MDAlgorithms/test/LoadMDTest.h:478: Error: Expected (ws-&gt;getSignalAt(i) == newWS-&gt;getSignalAt(i)) up to 1e-6 (0.0000010000), found (2.5000000000 != 1.0000000008)\n/Users/builder/Jenkins/workspace/main_nightly_deployment_prototype/Framework/MDAlgorithms/test/LoadMDTest.h:479: Error: Expected (ws-&gt;getErrorAt(i) == newWS-&gt;getErrorAt(i)) up to 1e-6 (0.0000010000), found (1.8708286939 != 1.0000000008)\n/Users/builder/Jenkins/workspace/main_nightly_deployment_prototype/Framework/MDAlgorithms/test/LoadMDTest.h:480: Error: Expected (ws-&gt;getNumEventsAt(i) == newWS-&gt;getNumEventsAt(i)) up to 1e-6 (0.0000010000), found (4.5000000040 != 1.0000000008)\n/Users/builder/Jenkins/workspace/main_nightly_deployment_prototype/Framework/MDAlgorithms/test/LoadMDTest.h:478: Error: Expected (ws-&gt;getSignalAt(i) == newWS-&gt;getSignalAt(i)) up to 1e-6 (0.0000010000), found (2.5000000000 != 0.0000000000)\n/Users/builder/Jenkins/workspace/main_nightly_deployment_prototype/Framework/MDAlgorithms/test/LoadMDTest.h:479: Error: Expected (ws-&gt;getErrorAt(i) == newWS-&gt;getErrorAt(i)) up to 1e-6 (0.0000010000), found (1.8708286939 != 0.0000000000)\n/Users/builder/Jenkins/workspace/main_nightly_deployment_prototype/Framework/MDAlgorithms/test/LoadMDTest.h:480: Error: Expected (ws-&gt;getNumEventsAt(i) == newWS-&gt;getNumEventsAt(i)) up to 1e-6 (0.0000010000), found (4.5000000040 != 0.0000000000)\n/Users/builder/Jenkins/workspace/main_nightly_deployment_prototype/Framework/MDAlgorithms/test/LoadMDTest.h:478: Error: Expected (ws-&gt;getSignalAt(i) == newWS-&gt;getSignalAt(i)) up to 1e-6 (0.0000010000), found (2.5000000000 != 0.0000000000E100)\n/Users/builder/Jenkins/workspace/main_nightly_deployment_prototype/Framework/MDAlgorithms/test/LoadMDTest.h:479: Error: Expected (ws-&gt;getErrorAt(i) == newWS-&gt;getErrorAt(i)) up to 1e-6 (0.0000010000), found (1.8708286939 != 0.0000000000)\n/Users/builder/Jenkins/workspace/main_nightly_deployment_prototype/Framework/MDAlgorithms/test/LoadMDTest.h:480: Error: Expected (ws-&gt;getNumEventsAt(i) == newWS-&gt;getNumEventsAt(i)) up to 1e-6 (0.0000010000), found (4.5000000040 != 0.0000000000)\n/Users/builder/Jenkins/workspace/main_nightly_deployment_prototype/Framework/MDAlgorithms/test/LoadMDTest.h:478: Error: Expected (ws-&gt;getSignalAt(i) == newWS-&gt;getSignalAt(i)) up to 1e-6 (0.0000010000), found (2.5000000000 != 2.2979818414E50)\n/Users/builder/Jenkins/workspace/main_nightly_deployment_prototype/Framework/MDAlgorithms/test/LoadMDTest.h:479: Error: Expected (ws-&gt;getErrorAt(i) == newWS-&gt;getErrorAt(i)) up to 1e-6 (0.0000010000), found (1.8708286939 != 0.0000000000)\n/Users/builder/Jenkins/workspace/main_nightly_deployment_prototype/Framework/MDAlgorithms/test/LoadMDTest.h:480: Error: Expected (ws-&gt;getNumEventsAt(i) == newWS-&gt;getNumEventsAt(i)) up to 1e-6 (0.0000010000), found (4.5000000040 != 2.0038999638)\n/Users/builder/Jenkins/workspace/main_nightly_deployment_prototype/Framework/MDAlgorithms/test/LoadMDTest.h:481: Error: Expected (ws-&gt;getIsMaskedAt(i) == newWS-&gt;getIsMaskedAt(i)), found (false != true)\n/Users/builder/Jenkins/workspace/main_nightly_deployment_prototype/Framework/MDAlgorithms/test/LoadMDTest.h:478: Error: Expected (ws-&gt;getSignalAt(i) == newWS-&gt;getSignalAt(i)) up to 1e-6 (0.0000010000), found (2.5000000000 != 0.0000000000E100)\n/Users/builder/Jenkins/workspace/main_nightly_deployment_prototype/Framework/MDAlgorithms/test/LoadMDTest.h:479: Error: Expected (ws-&gt;getErrorAt(i) == newWS-&gt;getErrorAt(i)) up to 1e-6 (0.0000010000), found (1.8708286939 != 0.0000000000E100)\n/Users/builder/Jenkins/workspace/main_nightly_deployment_prototype/Framework/MDAlgorithms/test/LoadMDTest.h:480: Error: Expected (ws-&gt;getNumEventsAt(i) == newWS-&gt;getNumEventsAt(i)) up to 1e-6 (0.0000010000), found (4.5000000040 != 0.0000000000)\n/Users/builder/Jenkins/workspace/main_nightly_deployment_prototype/Framework/MDAlgorithms/test/LoadMDTest.h:481: Error: Expected (ws-&gt;getIsMaskedAt(i) == newWS-&gt;getIsMaskedAt(i)), found (false != true)\n/Users/builder/Jenkins/workspace/main_nightly_deployment_prototype/Framework/MDAlgorithms/test/LoadMDTest.h:478: Error: Expected (ws-&gt;getSignalAt(i) == newWS-&gt;getSignalAt(i)) up to 1e-6 (0.0000010000), found (2.5000000000 != 0.0000000000E100)\n/Users/builder/Jenkins/workspace/main_nightly_deployment_prototype/Framework/MDAlgorithms/test/LoadMDTest.h:479: Error: Expected (ws-&gt;getErrorAt(i) == newWS-&gt;getErrorAt(i)) up to 1e-6 (0.0000010000), found (1.8708286939 != 4.8164307600E39)\n/Users/builder/Jenkins/workspace/main_nightly_deployment_prototype/Framework/MDAlgorithms/test/LoadMDTest.h:480: Error: Expected (ws-&gt;getNumEventsAt(i) == newWS-&gt;getNumEventsAt(i)) up to 1e-6 (0.0000010000), found (4.5000000040 != 0.0000000000)\n/Users/builder/Jenkins/workspace/main_nightly_deployment_prototype/Framework/MDAlgorithms/test/LoadMDTest.h:481: Error: Expected (ws-&gt;getIsMaskedAt(i) == newWS-&gt;getIsMaskedAt(i)), found (false != true)\n/Users/builder/Jenkins/workspace/main_nightly_deployment_prototype/Framework/MDAlgorithms/test/LoadMDTest.h:478: Error: Expected (ws-&gt;getSignalAt(i) == newWS-&gt;getSignalAt(i)) up to 1e-6 (0.0000010000), found (2.5000000000 != 0.0000000000E100)\n/Users/builder/Jenkins/workspace/main_nightly_deployment_prototype/Framework/MDAlgorithms/test/LoadMDTest.h:479: Error: Expected (ws-&gt;getErrorAt(i) == newWS-&gt;getErrorAt(i)) up to 1e-6 (0.0000010000), found (1.8708286939 != 1.4155917362)\n/Users/builder/Jenkins/workspace/main_nightly_deployment_prototype/Framework/MDAlgorithms/test/LoadMDTest.h:480: Error: Expected (ws-&gt;getNumEventsAt(i) == newWS-&gt;getNumEventsAt(i)) up to 1e-6 (0.0000010000), found (4.5000000040 != 0.0000000000)\n/Users/builder/Jenkins/workspace/main_nightly_deployment_prototype/Framework/MDAlgorithms/test/LoadMDTest.h:481: Error: Expected (ws-&gt;getIsMaskedAt(i) == newWS-&gt;getIsMaskedAt(i)), found (false != true)\n/Users/builder/Jenkins/workspace/main_nightly_deployment_prototype/Framework/MDAlgorithms/test/LoadMDTest.h:478: Error: Expected (ws-&gt;getSignalAt(i) == newWS-&gt;getSignalAt(i)) up to 1e-6 (0.0000010000), found (2.5000000000 != 0.0000000000E100)\n/Users/builder/Jenkins/workspace/main_nightly_deployment_prototype/Framework/MDAlgorithms/test/LoadMDTest.h:479: Error: Expected (ws-&gt;getErrorAt(i) == newWS-&gt;getErrorAt(i)) up to 1e-6 (0.0000010000), found (1.8708286939 != 0.0000000000)\n/Users/builder/Jenkins/workspace/main_nightly_deployment_prototype/Framework/MDAlgorithms/test/LoadMDTest.h:480: Error: Expected (ws-&gt;getNumEventsAt(i) == newWS-&gt;getNumEventsAt(i)) up to 1e-6 (0.0000010000), found (4.5000000040 != 0.0000000000)\n/Users/builder/Jenkins/workspace/main_nightly_deployment_prototype/Framework/MDAlgorithms/test/LoadMDTest.h:481: Error: Expected (ws-&gt;getIsMaskedAt(i) == newWS-&gt;getIsMaskedAt(i)), found (false != true)\n/Users/builder/Jenkins/workspace/main_nightly_deployment_prototype/Framework/MDAlgorithms/test/LoadMDTest.h:478: Error: Expected (ws-&gt;getSignalAt(i) == newWS-&gt;getSignalAt(i)) up to 1e-6 (0.0000010000), found (2.5000000000 != 0.0000000000E100)\n/Users/builder/Jenkins/workspace/main_nightly_deployment_prototype/Framework/MDAlgorithms/test/LoadMDTest.h:479: Error: Expected (ws-&gt;getErrorAt(i) == newWS-&gt;getErrorAt(i)) up to 1e-6 (0.0000010000), found (1.8708286939 != 0.0000000000)\n/Users/builder/Jenkins/workspace/main_nightly_deployment_prototype/Framework/MDAlgorithms/test/LoadMDTest.h:480: Error: Expected (ws-&gt;getNumEventsAt(i) == newWS-&gt;getNumEventsAt(i)) up to 1e-6 (0.0000010000), found (4.5000000040 != 0.0000000000)\n/Users/builder/Jenkins/workspace/main_nightly_deployment_prototype/Framework/MDAlgorithms/test/LoadMDTest.h:481: Error: Expected (ws-&gt;getIsMaskedAt(i) == newWS-&gt;getIsMaskedAt(i)), found (false != true)\n/Users/builder/Jenkins/workspace/main_nightly_deployment_prototype/Framework/MDAlgorithms/test/LoadMDTest.h:478: Error: Expected (ws-&gt;getSignalAt(i) == newWS-&gt;getSignalAt(i)) up to 1e-6 (0.0000010000), found (2.5000000000 != 0.0000000000E100)\n/Users/builder/Jenkins/workspace/main_nightly_deployment_prototype/Framework/MDAlgorithms/test/LoadMDTest.h:479: Error: Expected (ws-&gt;getErrorAt(i) == newWS-&gt;getErrorAt(i)) up to 1e-6 (0.0000010000), found (1.8708286939 != 0.0000000000)\n/Users/builder/Jenkins/workspace/main_nightly_deployment_prototype/Framework/MDAlgorithms/test/LoadMDTest.h:480: Error: Expected (ws-&gt;getNumEventsAt(i) == newWS-&gt;getNumEventsAt(i)) up to 1e-6 (0.0000010000), found (4.5000000040 != 0.0000000000)\n/Users/builder/Jenkins/workspace/main_nightly_deployment_prototype/Framework/MDAlgorithms/test/LoadMDTest.h:481: Error: Expected (ws-&gt;getIsMaskedAt(i) == newWS-&gt;getIsMaskedAt(i)), found (false != true)\n/Users/builder/Jenkins/workspace/main_nightly_deployment_prototype/Framework/MDAlgorithms/test/LoadMDTest.h:478: Error: Expected (ws-&gt;getSignalAt(i) == newWS-&gt;getSignalAt(i)) up to 1e-6 (0.0000010000), found (2.5000000000 != 0.0000000000E100)\n/Users/builder/Jenkins/workspace/main_nightly_deployment_prototype/Framework/MDAlgorithms/test/LoadMDTest.h:479: Error: Expected (ws-&gt;getErrorAt(i) == newWS-&gt;getErrorAt(i)) up to 1e-6 (0.0000010000), found (1.8708286939 != 0.0000000000E100)\n/Users/builder/Jenkins/workspace/main_nightly_deployment_prototype/Framework/MDAlgorithms/test/LoadMDTest.h:480: Error: Expected (ws-&gt;getNumEventsAt(i) == newWS-&gt;getNumEventsAt(i)) up to 1e-6 (0.0000010000), found (4.5000000040 != 0.0000000000)\n/Users/builder/Jenkins/workspace/main_nightly_deployment_prototype/Framework/MDAlgorithms/test/LoadMDTest.h:478: Error: Expected (ws-&gt;getSignalAt(i) == newWS-&gt;getSignalAt(i)) up to 1e-6 (0.0000010000), found (2.5000000000 != 0.0000000000E100)\n/Users/builder/Jenkins/workspace/main_nightly_deployment_prototype/Framework/MDAlgorithms/test/LoadMDTest.h:479: Error: Expected (ws-&gt;getErrorAt(i) == newWS-&gt;getErrorAt(i)) up to 1e-6 (0.0000010000), found (1.8708286939 != -0.0000000000)\n/Users/builder/Jenkins/workspace/main_nightly_deployment_prototype/Framework/MDAlgorithms/test/LoadMDTest.h:480: Error: Expected (ws-&gt;getNumEventsAt(i) == newWS-&gt;getNumEventsAt(i)) up to 1e-6 (0.0000010000), found (4.5000000040 != 0.0000000000)\n/Users/builder/Jenkins/workspace/main_nightly_deployment_prototype/Framework/MDAlgorithms/test/LoadMDTest.h:481: Error: Expected (ws-&gt;getIsMaskedAt(i) == newWS-&gt;getIsMaskedAt(i)), found (false != true)\n/Users/builder/Jenkins/workspace/main_nightly_deployment_prototype/Framework/MDAlgorithms/test/LoadMDTest.h:478: Error: Expected (ws-&gt;getSignalAt(i) == newWS-&gt;getSignalAt(i)) up to 1e-6 (0.0000010000), found (2.5000000000 != 0.0000000000E100)\n/Users/builder/Jenkins/workspace/main_nightly_deployment_prototype/Framework/MDAlgorithms/test/LoadMDTest.h:479: Error: Expected (ws-&gt;getErrorAt(i) == newWS-&gt;getErrorAt(i)) up to 1e-6 (0.0000010000), found (1.8708286939 != -0.0000000000)\n/Users/builder/Jenkins/workspace/main_nightly_deployment_prototype/Framework/MDAlgorithms/test/LoadMDTest.h:480: Error: Expected (ws-&gt;getNumEventsAt(i) == newWS-&gt;getNumEventsAt(i)) up to 1e-6 (0.0000010000), found (4.5000000040 != 0.0000000000)\n/Users/builder/Jenkins/workspace/main_nightly_deployment_prototype/Framework/MDAlgorithms/test/LoadMDTest.h:478: Error: Expected (ws-&gt;getSignalAt(i) == newWS-&gt;getSignalAt(i)) up to 1e-6 (0.0000010000), found (2.5000000000 != 0.0000000000E100)\n/Users/builder/Jenkins/workspace/main_nightly_deployment_prototype/Framework/MDAlgorithms/test/LoadMDTest.h:479: Error: Expected (ws-&gt;getErrorAt(i) == newWS-&gt;getErrorAt(i)) up to 1e-6 (0.0000010000), found (1.8708286939 != -0.0000000000)\n/Users/builder/Jenkins/workspace/main_nightly_deployment_prototype/Framework/MDAlgorithms/test/LoadMDTest.h:480: Error: Expected (ws-&gt;getNumEventsAt(i) == newWS-&gt;getNumEventsAt(i)) up to 1e-6 (0.0000010000), found (4.5000000040 != 0.0000000000)\n/Users/builder/Jenkins/workspace/main_nightly_deployment_prototype/Framework/MDAlgorithms/test/LoadMDTest.h:478: Error: Expected (ws-&gt;getSignalAt(i) == newWS-&gt;getSignalAt(i)) up to 1e-6 (0.0000010000), found (2.5000000000 != 0.0000000000E100)\n/Users/builder/Jenkins/workspace/main_nightly_deployment_prototype/Framework/MDAlgorithms/test/LoadMDTest.h:479: Error: Expected (ws-&gt;getErrorAt(i) == newWS-&gt;getErrorAt(i)) up to 1e-6 (0.0000010000), found (1.8708286939 != 0.0000000000)\n/Users/builder/Jenkins/workspace/main_nightly_deployment_prototype/Framework/MDAlgorithms/test/LoadMDTest.h:480: Error: Expected (ws-&gt;getNumEventsAt(i) == newWS-&gt;getNumEventsAt(i)) up to 1e-6 (0.0000010000), found (4.5000000040 != 0.0000000000)\n/Users/builder/Jenkins/workspace/main_nightly_deployment_prototype/Framework/MDAlgorithms/test/LoadMDTest.h:478: Error: Expected (ws-&gt;getSignalAt(i) == newWS-&gt;getSignalAt(i)) up to 1e-6 (0.0000010000), found (2.5000000000 != 0.0000000000)\n/Users/builder/Jenkins/workspace/main_nightly_deployment_prototype/Framework/MDAlgorithms/test/LoadMDTest.h:479: Error: Expected (ws-&gt;getErrorAt(i) == newWS-&gt;getErrorAt(i)) up to 1e-6 (0.0000010000), found (1.8708286939 != 0.0000000000)\n/Users/builder/Jenkins/workspace/main_nightly_deployment_prototype/Framework/MDAlgorithms/test/LoadMDTest.h:480: Error: Expected (ws-&gt;getNumEventsAt(i) == newWS-&gt;getNumEventsAt(i)) up to 1e-6 (0.0000010000), found (4.5000000040 != 0.0000000000)\n/Users/builder/Jenkins/workspace/main_nightly_deployment_prototype/Framework/MDAlgorithms/test/LoadMDTest.h:478: Error: Expected (ws-&gt;getSignalAt(i) == newWS-&gt;getSignalAt(i)) up to 1e-6 (0.0000010000), found (2.5000000000 != 0.0000000000)\n/Users/builder/Jenkins/workspace/main_nightly_deployment_prototype/Framework/MDAlgorithms/test/LoadMDTest.h:479: Error: Expected (ws-&gt;getErrorAt(i) == newWS-&gt;getErrorAt(i)) up to 1e-6 (0.0000010000), found (1.8708286939 != 0.0000000000)\n/Users/builder/Jenkins/workspace/main_nightly_deployment_prototype/Framework/MDAlgorithms/test/LoadMDTest.h:480: Error: Expected (ws-&gt;getNumEventsAt(i) == newWS-&gt;getNumEventsAt(i)) up to 1e-6 (0.0000010000), found (4.5000000040 != 0.0000000000)\n/Users/builder/Jenkins/workspace/main_nightly_deployment_prototype/Framework/MDAlgorithms/test/LoadMDTest.h:478: Error: Expected (ws-&gt;getSignalAt(i) == newWS-&gt;getSignalAt(i)) up to 1e-6 (0.0000010000), found (2.5000000000 != 0.0000000000)\n/Users/builder/Jenkins/workspace/main_nightly_deployment_prototype/Framework/MDAlgorithms/test/LoadMDTest.h:479: Error: Expected (ws-&gt;getErrorAt(i) == newWS-&gt;getErrorAt(i)) up to 1e-6 (0.0000010000), found (1.8708286939 != 0.0000000000)\n/Users/builder/Jenkins/workspace/main_nightly_deployment_prototype/Framework/MDAlgorithms/test/LoadMDTest.h:480: Error: Expected (ws-&gt;getNumEventsAt(i) == newWS-&gt;getNumEventsAt(i)) up to 1e-6 (0.0000010000), found (4.5000000040 != 0.0000000000)\n/Users/builder/Jenkins/workspace/main_nightly_deployment_prototype/Framework/MDAlgorithms/test/LoadMDTest.h:478: Error: Expected (ws-&gt;getSignalAt(i) == newWS-&gt;getSignalAt(i)) up to 1e-6 (0.0000010000), found (2.5000000000 != 0.0000000000)\n/Users/builder/Jenkins/workspace/main_nightly_deployment_prototype/Framework/MDAlgorithms/test/LoadMDTest.h:479: Error: Expected (ws-&gt;getErrorAt(i) == newWS-&gt;getErrorAt(i)) up to 1e-6 (0.0000010000), found (1.8708286939 != 0.0000000000)\n/Users/builder/Jenkins/workspace/main_nightly_deployment_prototype/Framework/MDAlgorithms/test/LoadMDTest.h:480: Error: Expected (ws-&gt;getNumEventsAt(i) == newWS-&gt;getNumEventsAt(i)) up to 1e-6 (0.0000010000), found (4.5000000040 != 0.0000000000)\n/Users/builder/Jenkins/workspace/main_nightly_deployment_prototype/Framework/MDAlgorithms/test/LoadMDTest.h:478: Error: Expected (ws-&gt;getSignalAt(i) == newWS-&gt;getSignalAt(i)) up to 1e-6 (0.0000010000), found (2.5000000000 != 0.0000000000)\n/Users/builder/Jenkins/workspace/main_nightly_deployment_prototype/Framework/MDAlgorithms/test/LoadMDTest.h:479: Error: Expected (ws-&gt;getErrorAt(i) == newWS-&gt;getErrorAt(i)) up to 1e-6 (0.0000010000), found (1.8708286939 != -0.0000000000)\n/Users/builder/Jenkins/workspace/main_nightly_deployment_prototype/Framework/MDAlgorithms/test/LoadMDTest.h:480: Error: Expected (ws-&gt;getNumEventsAt(i) == newWS-&gt;getNumEventsAt(i)) up to 1e-6 (0.0000010000), found (4.5000000040 != -2.0038999638)\n/Users/builder/Jenkins/workspace/main_nightly_deployment_prototype/Framework/MDAlgorithms/test/LoadMDTest.h:481: Error: Expected (ws-&gt;getIsMaskedAt(i) == newWS-&gt;getIsMaskedAt(i)), found (false != true)\n/Users/builder/Jenkins/workspace/main_nightly_deployment_prototype/Framework/MDAlgorithms/test/LoadMDTest.h:478: Error: Expected (ws-&gt;getSignalAt(i) == newWS-&gt;getSignalAt(i)) up to 1e-6 (0.0000010000), found (2.5000000000 != 0.0000000000)\n/Users/builder/Jenkins/workspace/main_nightly_deployment_prototype/Framework/MDAlgorithms/test/LoadMDTest.h:479: Error: Expected (ws-&gt;getErrorAt(i) == newWS-&gt;getErrorAt(i)) up to 1e-6 (0.0000010000), found (1.8708286939 != 0.0000000000)\n/Users/builder/Jenkins/workspace/main_nightly_deployment_prototype/Framework/MDAlgorithms/test/LoadMDTest.h:480: Error: Expected (ws-&gt;getNumEventsAt(i) == newWS-&gt;getNumEventsAt(i)) up to 1e-6 (0.0000010000), found (4.5000000040 != 0.0000000000)\n/Users/builder/Jenkins/workspace/main_nightly_deployment_prototype/Framework/MDAlgorithms/test/LoadMDTest.h:478: Error: Expected (ws-&gt;getSignalAt(i) == newWS-&gt;getSignalAt(i)) up to 1e-6 (0.0000010000), found (2.5000000000 != 0.0000000000)\n/Users/builder/Jenkins/workspace/main_nightly_deployment_prototype/Framework/MDAlgorithms/test/LoadMDTest.h:479: Error: Expected (ws-&gt;getErrorAt(i) == newWS-&gt;getErrorAt(i)) up to 1e-6 (0.0000010000), found (1.8708286939 != 0.0000000000)\n/Users/builder/Jenkins/workspace/main_nightly_deployment_prototype/Framework/MDAlgorithms/test/LoadMDTest.h:480: Error: Expected (ws-&gt;getNumEventsAt(i) == newWS-&gt;getNumEventsAt(i)) up to 1e-6 (0.0000010000), found (4.5000000040 != 0.0000000000)\n/Users/builder/Jenkins/workspace/main_nightly_deployment_prototype/Framework/MDAlgorithms/test/LoadMDTest.h:478: Error: Expected (ws-&gt;getSignalAt(i) == newWS-&gt;getSignalAt(i)) up to 1e-6 (0.0000010000), found (2.5000000000 != 0.0000000000)\n/Users/builder/Jenkins/workspace/main_nightly_deployment_prototype/Framework/MDAlgorithms/test/LoadMDTest.h:479: Error: Expected (ws-&gt;getErrorAt(i) == newWS-&gt;getErrorAt(i)) up to 1e-6 (0.0000010000), found (1.8708286939 != 0.0000000000)\n/Users/builder/Jenkins/workspace/main_nightly_deployment_prototype/Framework/MDAlgorithms/test/LoadMDTest.h:480: Error: Expected (ws-&gt;getNumEventsAt(i) == newWS-&gt;getNumEventsAt(i)) up to 1e-6 (0.0000010000), found (4.5000000040 != 0.0000000000)\n/Users/builder/Jenkins/workspace/main_nightly_deployment_prototype/Framework/MDAlgorithms/test/LoadMDTest.h:478: Error: Expected (ws-&gt;getSignalAt(i) == newWS-&gt;getSignalAt(i)) up to 1e-6 (0.0000010000), found (2.5000000000 != 0.0000000000)\n/Users/builder/Jenkins/workspace/main_nightly_deployment_prototype/Framework/MDAlgorithms/test/LoadMDTest.h:479: Error: Expected (ws-&gt;getErrorAt(i) == newWS-&gt;getErrorAt(i)) up to 1e-6 (0.0000010000), found (1.8708286939 != 0.0000000000)\n/Users/builder/Jenkins/workspace/main_nightly_deployment_prototype/Framework/MDAlgorithms/test/LoadMDTest.h:480: Error: Expected (ws-&gt;getNumEventsAt(i) == newWS-&gt;getNumEventsAt(i)) up to 1e-6 (0.0000010000), found (4.5000000040 != 0.0000000000)\n/Users/builder/Jenkins/workspace/main_nightly_deployment_prototype/Framework/MDAlgorithms/test/LoadMDTest.h:478: Error: Expected (ws-&gt;getSignalAt(i) == newWS-&gt;getSignalAt(i)) up to 1e-6 (0.0000010000), found (2.5000000000 != 0.0000000000)\n/Users/builder/Jenkins/workspace/main_nightly_deployment_prototype/Framework/MDAlgorithms/test/LoadMDTest.h:479: Error: Expected (ws-&gt;getErrorAt(i) == newWS-&gt;getErrorAt(i)) up to 1e-6 (0.0000010000), found (1.8708286939 != 0.0000000000)\n/Users/builder/Jenkins/workspace/main_nightly_deployment_prototype/Framework/MDAlgorithms/test/LoadMDTest.h:480: Error: Expected (ws-&gt;getNumEventsAt(i) == newWS-&gt;getNumEventsAt(i)) up to 1e-6 (0.0000010000), found (4.5000000040 != 0.0000000000)\n/Users/builder/Jenkins/workspace/main_nightly_deployment_prototype/Framework/MDAlgorithms/test/LoadMDTest.h:478: Error: Expected (ws-&gt;getSignalAt(i) == newWS-&gt;getSignalAt(i)) up to 1e-6 (0.0000010000), found (2.5000000000 != 0.0000000000)\n/Users/builder/Jenkins/workspace/main_nightly_deployment_prototype/Framework/MDAlgorithms/test/LoadMDTest.h:479: Error: Expected (ws-&gt;getErrorAt(i) == newWS-&gt;getErrorAt(i)) up to 1e-6 (0.0000010000), found (1.8708286939 != 0.0000000000)\n/Users/builder/Jenkins/workspace/main_nightly_deployment_prototype/Framework/MDAlgorithms/test/LoadMDTest.h:480: Error: Expected (ws-&gt;getNumEventsAt(i) == newWS-&gt;getNumEventsAt(i)) up to 1e-6 (0.0000010000), found (4.5000000040 != 0.0000000000)\n/Users/builder/Jenkins/workspace/main_nightly_deployment_prototype/Framework/MDAlgorithms/test/LoadMDTest.h:478: Error: Expected (ws-&gt;getSignalAt(i) == newWS-&gt;getSignalAt(i)) up to 1e-6 (0.0000010000), found (2.5000000000 != 0.0000000000)\n/Users/builder/Jenkins/workspace/main_nightly_deployment_prototype/Framework/MDAlgorithms/test/LoadMDTest.h:479: Error: Expected (ws-&gt;getErrorAt(i) == newWS-&gt;getErrorAt(i)) up to 1e-6 (0.0000010000), found (1.8708286939 != 0.0000000000)\n/Users/builder/Jenkins/workspace/main_nightly_deployment_prototype/Framework/MDAlgorithms/test/LoadMDTest.h:480: Error: Expected (ws-&gt;getNumEventsAt(i) == newWS-&gt;getNumEventsAt(i)) up to 1e-6 (0.0000010000), found (4.5000000040 != 0.0000000000)\n/Users/builder/Jenkins/workspace/main_nightly_deployment_prototype/Framework/MDAlgorithms/test/LoadMDTest.h:478: Error: Expected (ws-&gt;getSignalAt(i) == newWS-&gt;getSignalAt(i)) up to 1e-6 (0.0000010000), found (2.5000000000 != 0.0000000000)\n/Users/builder/Jenkins/workspace/main_nightly_deployment_prototype/Framework/MDAlgorithms/test/LoadMDTest.h:479: Error: Expected (ws-&gt;getErrorAt(i) == newWS-&gt;getErrorAt(i)) up to 1e-6 (0.0000010000), found (1.8708286939 != 0.0000000000)\n/Users/builder/Jenkins/workspace/main_nightly_deployment_prototype/Framework/MDAlgorithms/test/LoadMDTest.h:480: Error: Expected (ws-&gt;getNumEventsAt(i) == newWS-&gt;getNumEventsAt(i)) up to 1e-6 (0.0000010000), found (4.5000000040 != 0.0000000000)\n/Users/builder/Jenkins/workspace/main_nightly_deployment_prototype/Framework/MDAlgorithms/test/LoadMDTest.h:481: Error: Expected (ws-&gt;getIsMaskedAt(i) == newWS-&gt;getIsMaskedAt(i)), found (false != true)\n/Users/builder/Jenkins/workspace/main_nightly_deployment_prototype/Framework/MDAlgorithms/test/LoadMDTest.h:478: Error: Expected (ws-&gt;getSignalAt(i) == newWS-&gt;getSignalAt(i)) up to 1e-6 (0.0000010000), found (2.5000000000 != 0.0000000000)\n/Users/builder/Jenkins/workspace/main_nightly_deployment_prototype/Framework/MDAlgorithms/test/LoadMDTest.h:479: Error: Expected (ws-&gt;getErrorAt(i) == newWS-&gt;getErrorAt(i)) up to 1e-6 (0.0000010000), found (1.8708286939 != 0.0000000000)\n/Users/builder/Jenkins/workspace/main_nightly_deployment_prototype/Framework/MDAlgorithms/test/LoadMDTest.h:480: Error: Expected (ws-&gt;getNumEventsAt(i) == newWS-&gt;getNumEventsAt(i)) up to 1e-6 (0.0000010000), found (4.5000000040 != 0.0000000000)\n/Users/builder/Jenkins/workspace/main_nightly_deployment_prototype/Framework/MDAlgorithms/test/LoadMDTest.h:478: Error: Expected (ws-&gt;getSignalAt(i) == newWS-&gt;getSignalAt(i)) up to 1e-6 (0.0000010000), found (2.5000000000 != 0.0000000000)\n/Users/builder/Jenkins/workspace/main_nightly_deployment_prototype/Framework/MDAlgorithms/test/LoadMDTest.h:479: Error: Expected (ws-&gt;getErrorAt(i) == newWS-&gt;getErrorAt(i)) up to 1e-6 (0.0000010000), found (1.8708286939 != 0.0000000000)\n/Users/builder/Jenkins/workspace/main_nightly_deployment_prototype/Framework/MDAlgorithms/test/LoadMDTest.h:480: Error: Expected (ws-&gt;getNumEventsAt(i) == newWS-&gt;getNumEventsAt(i)) up to 1e-6 (0.0000010000), found (4.5000000040 != 0.0000000000)\n/Users/builder/Jenkins/workspace/main_nightly_deployment_prototype/Framework/MDAlgorithms/test/LoadMDTest.h:478: Error: Expected (ws-&gt;getSignalAt(i) == newWS-&gt;getSignalAt(i)) up to 1e-6 (0.0000010000), found (2.5000000000 != 0.0000000000)\n/Users/builder/Jenkins/workspace/main_nightly_deployment_prototype/Framework/MDAlgorithms/test/LoadMDTest.h:479: Error: Expected (ws-&gt;getErrorAt(i) == newWS-&gt;getErrorAt(i)) up to 1e-6 (0.0000010000), found (1.8708286939 != 0.0000000000)\n/Users/builder/Jenkins/workspace/main_nightly_deployment_prototype/Framework/MDAlgorithms/test/LoadMDTest.h:480: Error: Expected (ws-&gt;getNumEventsAt(i) == newWS-&gt;getNumEventsAt(i)) up to 1e-6 (0.0000010000), found (4.5000000040 != 0.0000000000)\n/Users/builder/Jenkins/workspace/main_nightly_deployment_prototype/Framework/MDAlgorithms/test/LoadMDTest.h:478: Error: Expected (ws-&gt;getSignalAt(i) == newWS-&gt;getSignalAt(i)) up to 1e-6 (0.0000010000), found (2.5000000000 != 0.0000000000)\n/Users/builder/Jenkins/workspace/main_nightly_deployment_prototype/Framework/MDAlgorithms/test/LoadMDTest.h:479: Error: Expected (ws-&gt;getErrorAt(i) == newWS-&gt;getErrorAt(i)) up to 1e-6 (0.0000010000), found (1.8708286939 != 0.0000000000)\n/Users/builder/Jenkins/workspace/main_nightly_deployment_prototype/Framework/MDAlgorithms/test/LoadMDTest.h:480: Error: Expected (ws-&gt;getNumEventsAt(i) == newWS-&gt;getNumEventsAt(i)) up to 1e-6 (0.0000010000), found (4.5000000040 != 0.0000000000)\n/Users/builder/Jenkins/workspace/main_nightly_deployment_prototype/Framework/MDAlgorithms/test/LoadMDTest.h:478: Error: Expected (ws-&gt;getSignalAt(i) == newWS-&gt;getSignalAt(i)) up to 1e-6 (0.0000010000), found (2.5000000000 != 0.0000000000)\n/Users/builder/Jenkins/workspace/main_nightly_deployment_prototype/Framework/MDAlgorithms/test/LoadMDTest.h:479: Error: Expected (ws-&gt;getErrorAt(i) == newWS-&gt;getErrorAt(i)) up to 1e-6 (0.0000010000), found (1.8708286939 != 0.0000000000)\n/Users/builder/Jenkins/workspace/main_nightly_deployment_prototype/Framework/MDAlgorithms/test/LoadMDTest.h:480: Error: Expected (ws-&gt;getNumEventsAt(i) == newWS-&gt;getNumEventsAt(i)) up to 1e-6 (0.0000010000), found (4.5000000040 != 0.0000000000)\n/Users/builder/Jenkins/workspace/main_nightly_deployment_prototype/Framework/MDAlgorithms/test/LoadMDTest.h:478: Error: Expected (ws-&gt;getSignalAt(i) == newWS-&gt;getSignalAt(i)) up to 1e-6 (0.0000010000), found (2.5000000000 != 0.0000000000)\n/Users/builder/Jenkins/workspace/main_nightly_deployment_prototype/Framework/MDAlgorithms/test/LoadMDTest.h:479: Error: Expected (ws-&gt;getErrorAt(i) == newWS-&gt;getErrorAt(i)) up to 1e-6 (0.0000010000), found (1.8708286939 != 0.0000000000)\n/Users/builder/Jenkins/workspace/main_nightly_deployment_prototype/Framework/MDAlgorithms/test/LoadMDTest.h:480: Error: Expected (ws-&gt;getNumEventsAt(i) == newWS-&gt;getNumEventsAt(i)) up to 1e-6 (0.0000010000), found (4.5000000040 != 0.0000000000)\n/Users/builder/Jenkins/workspace/main_nightly_deployment_prototype/Framework/MDAlgorithms/test/LoadMDTest.h:478: Error: Expected (ws-&gt;getSignalAt(i) == newWS-&gt;getSignalAt(i)) up to 1e-6 (0.0000010000), found (2.5000000000 != 0.0000000000)\n/Users/builder/Jenkins/workspace/main_nightly_deployment_prototype/Framework/MDAlgorithms/test/LoadMDTest.h:479: Error: Expected (ws-&gt;getErrorAt(i) == newWS-&gt;getErrorAt(i)) up to 1e-6 (0.0000010000), found (1.8708286939 != 0.0000000000)\n/Users/builder/Jenkins/workspace/main_nightly_deployment_prototype/Framework/MDAlgorithms/test/LoadMDTest.h:480: Error: Expected (ws-&gt;getNumEventsAt(i) == newWS-&gt;getNumEventsAt(i)) up to 1e-6 (0.0000010000), found (4.5000000040 != 0.0000000000)\n/Users/builder/Jenkins/workspace/main_nightly_deployment_prototype/Framework/MDAlgorithms/test/LoadMDTest.h:478: Error: Expected (ws-&gt;getSignalAt(i) == newWS-&gt;getSignalAt(i)) up to 1e-6 (0.0000010000), found (2.5000000000 != 0.0000000000)\n/Users/builder/Jenkins/workspace/main_nightly_deployment_prototype/Framework/MDAlgorithms/test/LoadMDTest.h:479: Error: Expected (ws-&gt;getErrorAt(i) == newWS-&gt;getErrorAt(i)) up to 1e-6 (0.0000010000), found (1.8708286939 != 0.0000000000)\n/Users/builder/Jenkins/workspace/main_nightly_deployment_prototype/Framework/MDAlgorithms/test/LoadMDTest.h:480: Error: Expected (ws-&gt;getNumEventsAt(i) == newWS-&gt;getNumEventsAt(i)) up to 1e-6 (0.0000010000), found (4.5000000040 != 0.0000000000)\n/Users/builder/Jenkins/workspace/main_nightly_deployment_prototype/Framework/MDAlgorithms/test/LoadMDTest.h:478: Error: Expected (ws-&gt;getSignalAt(i) == newWS-&gt;getSignalAt(i)) up to 1e-6 (0.0000010000), found (2.5000000000 != 0.0000000000)\n/Users/builder/Jenkins/workspace/main_nightly_deployment_prototype/Framework/MDAlgorithms/test/LoadMDTest.h:479: Error: Expected (ws-&gt;getErrorAt(i) == newWS-&gt;getErrorAt(i)) up to 1e-6 (0.0000010000), found (1.8708286939 != 0.0000000000)\n/Users/builder/Jenkins/workspace/main_nightly_deployment_prototype/Framework/MDAlgorithms/test/LoadMDTest.h:480: Error: Expected (ws-&gt;getNumEventsAt(i) == newWS-&gt;getNumEventsAt(i)) up to 1e-6 (0.0000010000), found (4.5000000040 != 0.0000000000)\n/Users/builder/Jenkins/workspace/main_nightly_deployment_prototype/Framework/MDAlgorithms/test/LoadMDTest.h:478: Error: Expected (ws-&gt;getSignalAt(i) == newWS-&gt;getSignalAt(i)) up to 1e-6 (0.0000010000), found (2.5000000000 != 0.0000000000)\n/Users/builder/Jenkins/workspace/main_nightly_deployment_prototype/Framework/MDAlgorithms/test/LoadMDTest.h:479: Error: Expected (ws-&gt;getErrorAt(i) == newWS-&gt;getErrorAt(i)) up to 1e-6 (0.0000010000), found (1.8708286939 != 0.0000000000)\n/Users/builder/Jenkins/workspace/main_nightly_deployment_prototype/Framework/MDAlgorithms/test/LoadMDTest.h:480: Error: Expected (ws-&gt;getNumEventsAt(i) == newWS-&gt;getNumEventsAt(i)) up to 1e-6 (0.0000010000), found (4.5000000040 != 0.0000000000)\n/Users/builder/Jenkins/workspace/main_nightly_deployment_prototype/Framework/MDAlgorithms/test/LoadMDTest.h:481: Error: Expected (ws-&gt;getIsMaskedAt(i) == newWS-&gt;getIsMaskedAt(i)), found (false != true)\n/Users/builder/Jenkins/workspace/main_nightly_deployment_prototype/Framework/MDAlgorithms/test/LoadMDTest.h:478: Error: Expected (ws-&gt;getSignalAt(i) == newWS-&gt;getSignalAt(i)) up to 1e-6 (0.0000010000), found (2.5000000000 != 0.0000000000)\n/Users/builder/Jenkins/workspace/main_nightly_deployment_prototype/Framework/MDAlgorithms/test/LoadMDTest.h:479: Error: Expected (ws-&gt;getErrorAt(i) == newWS-&gt;getErrorAt(i)) up to 1e-6 (0.0000010000), found (1.8708286939 != 0.0000000000)\n/Users/builder/Jenkins/workspace/main_nightly_deployment_prototype/Framework/MDAlgorithms/test/LoadMDTest.h:480: Error: Expected (ws-&gt;getNumEventsAt(i) == newWS-&gt;getNumEventsAt(i)) up to 1e-6 (0.0000010000), found (4.5000000040 != 0.0000000000)\n/Users/builder/Jenkins/workspace/main_nightly_deployment_prototype/Framework/MDAlgorithms/test/LoadMDTest.h:481: Error: Expected (ws-&gt;getIsMaskedAt(i) == newWS-&gt;getIsMaskedAt(i)), found (false != true)\n/Users/builder/Jenkins/workspace/main_nightly_deployment_prototype/Framework/MDAlgorithms/test/LoadMDTest.h:478: Error: Expected (ws-&gt;getSignalAt(i) == newWS-&gt;getSignalAt(i)) up to 1e-6 (0.0000010000), found (2.5000000000 != 0.0000000000)\n/Users/builder/Jenkins/workspace/main_nightly_deployment_prototype/Framework/MDAlgorithms/test/LoadMDTest.h:479: Error: Expected (ws-&gt;getErrorAt(i) == newWS-&gt;getErrorAt(i)) up to 1e-6 (0.0000010000), found (1.8708286939 != 0.0000000000)\n/Users/builder/Jenkins/workspace/main_nightly_deployment_prototype/Framework/MDAlgorithms/test/LoadMDTest.h:480: Error: Expected (ws-&gt;getNumEventsAt(i) == newWS-&gt;getNumEventsAt(i)) up to 1e-6 (0.0000010000), found (4.5000000040 != 0.0000000000)\n/Users/builder/Jenkins/workspace/main_nightly_deployment_prototype/Framework/MDAlgorithms/test/LoadMDTest.h:481: Error: Expected (ws-&gt;getIsMaskedAt(i) == newWS-&gt;getIsMaskedAt(i)), found (false != true)\n/Users/builder/Jenkins/workspace/main_nightly_deployment_prototype/Framework/MDAlgorithms/test/LoadMDTest.h:478: Error: Expected (ws-&gt;getSignalAt(i) == newWS-&gt;getSignalAt(i)) up to 1e-6 (0.0000010000), found (2.5000000000 != 0.0000000000)\n/Users/builder/Jenkins/workspace/main_nightly_deployment_prototype/Framework/MDAlgorithms/test/LoadMDTest.h:479: Error: Expected (ws-&gt;getErrorAt(i) == newWS-&gt;getErrorAt(i)) up to 1e-6 (0.0000010000), found (1.8708286939 != 0.0000000000)\n/Users/builder/Jenkins/workspace/main_nightly_deployment_prototype/Framework/MDAlgorithms/test/LoadMDTest.h:480: Error: Expected (ws-&gt;getNumEventsAt(i) == newWS-&gt;getNumEventsAt(i)) up to 1e-6 (0.0000010000), found (4.5000000040 != 0.0000000000)\n/Users/builder/Jenkins/workspace/main_nightly_deployment_prototype/Framework/MDAlgorithms/test/LoadMDTest.h:481: Error: Expected (ws-&gt;getIsMaskedAt(i) == newWS-&gt;getIsMaskedAt(i)), found (false != true)\n/Users/builder/Jenkins/workspace/main_nightly_deployment_prototype/Framework/MDAlgorithms/test/LoadMDTest.h:478: Error: Expected (ws-&gt;getSignalAt(i) == newWS-&gt;getSignalAt(i)) up to 1e-6 (0.0000010000), found (2.5000000000 != 0.0000000000)\n/Users/builder/Jenkins/workspace/main_nightly_deployment_prototype/Framework/MDAlgorithms/test/LoadMDTest.h:479: Error: Expected (ws-&gt;getErrorAt(i) == newWS-&gt;getErrorAt(i)) up to 1e-6 (0.0000010000), found (1.8708286939 != 0.0000000000)\n/Users/builder/Jenkins/workspace/main_nightly_deployment_prototype/Framework/MDAlgorithms/test/LoadMDTest.h:480: Error: Expected (ws-&gt;getNumEventsAt(i) == newWS-&gt;getNumEventsAt(i)) up to 1e-6 (0.0000010000), found (4.5000000040 != 0.0000000000)\n/Users/builder/Jenkins/workspace/main_nightly_deployment_prototype/Framework/MDAlgorithms/test/LoadMDTest.h:481: Error: Expected (ws-&gt;getIsMaskedAt(i) == newWS-&gt;getIsMaskedAt(i)), found (false != true)\n/Users/builder/Jenkins/workspace/main_nightly_deployment_prototype/Framework/MDAlgorithms/test/LoadMDTest.h:478: Error: Expected (ws-&gt;getSignalAt(i) == newWS-&gt;getSignalAt(i)) up to 1e-6 (0.0000010000), found (2.5000000000 != 0.0000000000)\n/Users/builder/Jenkins/workspace/main_nightly_deployment_prototype/Framework/MDAlgorithms/test/LoadMDTest.h:479: Error: Expected (ws-&gt;getErrorAt(i) == newWS-&gt;getErrorAt(i)) up to 1e-6 (0.0000010000), found (1.8708286939 != 0.0000000000)\n/Users/builder/Jenkins/workspace/main_nightly_deployment_prototype/Framework/MDAlgorithms/test/LoadMDTest.h:480: Error: Expected (ws-&gt;getNumEventsAt(i) == newWS-&gt;getNumEventsAt(i)) up to 1e-6 (0.0000010000), found (4.5000000040 != 0.0000000000)\n/Users/builder/Jenkins/workspace/main_nightly_deployment_prototype/Framework/MDAlgorithms/test/LoadMDTest.h:478: Error: Expected (ws-&gt;getSignalAt(i) == newWS-&gt;getSignalAt(i)) up to 1e-6 (0.0000010000), found (2.5000000000 != 0.0000000000)\n/Users/builder/Jenkins/workspace/main_nightly_deployment_prototype/Framework/MDAlgorithms/test/LoadMDTest.h:479: Error: Expected (ws-&gt;getErrorAt(i) == newWS-&gt;getErrorAt(i)) up to 1e-6 (0.0000010000), found (1.8708286939 != 0.0000000000)\n/Users/builder/Jenkins/workspace/main_nightly_deployment_prototype/Framework/MDAlgorithms/test/LoadMDTest.h:480: Error: Expected (ws-&gt;getNumEventsAt(i) == newWS-&gt;getNumEventsAt(i)) up to 1e-6 (0.0000010000), found (4.5000000040 != 0.0000000000)\n/Users/builder/Jenkins/workspace/main_nightly_deployment_prototype/Framework/MDAlgorithms/test/LoadMDTest.h:478: Error: Expected (ws-&gt;getSignalAt(i) == newWS-&gt;getSignalAt(i)) up to 1e-6 (0.0000010000), found (2.5000000000 != 0.0000000000)\n/Users/builder/Jenkins/workspace/main_nightly_deployment_prototype/Framework/MDAlgorithms/test/LoadMDTest.h:479: Error: Expected (ws-&gt;getErrorAt(i) == newWS-&gt;getErrorAt(i)) up to 1e-6 (0.0000010000), found (1.8708286939 != 0.0000000000)\n/Users/builder/Jenkins/workspace/main_nightly_deployment_prototype/Framework/MDAlgorithms/test/LoadMDTest.h:480: Error: Expected (ws-&gt;getNumEventsAt(i) == newWS-&gt;getNumEventsAt(i)) up to 1e-6 (0.0000010000), found (4.5000000040 != 0.0000000000)\n/Users/builder/Jenkins/workspace/main_nightly_deployment_prototype/Framework/MDAlgorithms/test/LoadMDTest.h:478: Error: Expected (ws-&gt;getSignalAt(i) == newWS-&gt;getSignalAt(i)) up to 1e-6 (0.0000010000), found (2.5000000000 != 0.0000000000)\n/Users/builder/Jenkins/workspace/main_nightly_deployment_prototype/Framework/MDAlgorithms/test/LoadMDTest.h:479: Error: Expected (ws-&gt;getErrorAt(i) == newWS-&gt;getErrorAt(i)) up to 1e-6 (0.0000010000), found (1.8708286939 != 0.0000000000)\n/Users/builder/Jenkins/workspace/main_nightly_deployment_prototype/Framework/MDAlgorithms/test/LoadMDTest.h:480: Error: Expected (ws-&gt;getNumEventsAt(i) == newWS-&gt;getNumEventsAt(i)) up to 1e-6 (0.0000010000), found (4.5000000040 != 0.0000000000)\n/Users/builder/Jenkins/workspace/main_nightly_deployment_prototype/Framework/MDAlgorithms/test/LoadMDTest.h:478: Error: Expected (ws-&gt;getSignalAt(i) == newWS-&gt;getSignalAt(i)) up to 1e-6 (0.0000010000), found (2.5000000000 != 0.0000000000)\n/Users/builder/Jenkins/workspace/main_nightly_deployment_prototype/Framework/MDAlgorithms/test/LoadMDTest.h:479: Error: Expected (ws-&gt;getErrorAt(i) == newWS-&gt;getErrorAt(i)) up to 1e-6 (0.0000010000), found (1.8708286939 != -0.0000000000)\n/Users/builder/Jenkins/workspace/main_nightly_deployment_prototype/Framework/MDAlgorithms/test/LoadMDTest.h:480: Error: Expected (ws-&gt;getNumEventsAt(i) == newWS-&gt;getNumEventsAt(i)) up to 1e-6 (0.0000010000), found (4.5000000040 != 0.0000000000)\n/Users/builder/Jenkins/workspace/main_nightly_deployment_prototype/Framework/MDAlgorithms/test/LoadMDTest.h:478: Error: Expected (ws-&gt;getSignalAt(i) == newWS-&gt;getSignalAt(i)) up to 1e-6 (0.0000010000), found (2.5000000000 != 0.0000000000)\n/Users/builder/Jenkins/workspace/main_nightly_deployment_prototype/Framework/MDAlgorithms/test/LoadMDTest.h:479: Error: Expected (ws-&gt;getErrorAt(i) == newWS-&gt;getErrorAt(i)) up to 1e-6 (0.0000010000), found (1.8708286939 != -0.0000000000)\n/Users/builder/Jenkins/workspace/main_nightly_deployment_prototype/Framework/MDAlgorithms/test/LoadMDTest.h:480: Error: Expected (ws-&gt;getNumEventsAt(i) == newWS-&gt;getNumEventsAt(i)) up to 1e-6 (0.0000010000), found (4.5000000040 != 0.0000000000)\n/Users/builder/Jenkins/workspace/main_nightly_deployment_prototype/Framework/MDAlgorithms/test/LoadMDTest.h:478: Error: Expected (ws-&gt;getSignalAt(i) == newWS-&gt;getSignalAt(i)) up to 1e-6 (0.0000010000), found (2.5000000000 != 0.0000000000)\n/Users/builder/Jenkins/workspace/main_nightly_deployment_prototype/Framework/MDAlgorithms/test/LoadMDTest.h:479: Error: Expected (ws-&gt;getErrorAt(i) == newWS-&gt;getErrorAt(i)) up to 1e-6 (0.0000010000), found (1.8708286939 != 0.0000000000)\n/Users/builder/Jenkins/workspace/main_nightly_deployment_prototype/Framework/MDAlgorithms/test/LoadMDTest.h:480: Error: Expected (ws-&gt;getNumEventsAt(i) == newWS-&gt;getNumEventsAt(i)) up to 1e-6 (0.0000010000), found (4.5000000040 != 0.0000000000)\n/Users/builder/Jenkins/workspace/main_nightly_deployment_prototype/Framework/MDAlgorithms/test/LoadMDTest.h:478: Error: Expected (ws-&gt;getSignalAt(i) == newWS-&gt;getSignalAt(i)) up to 1e-6 (0.0000010000), found (2.5000000000 != 0.0000000000)\n/Users/builder/Jenkins/workspace/main_nightly_deployment_prototype/Framework/MDAlgorithms/test/LoadMDTest.h:479: Error: Expected (ws-&gt;getErrorAt(i) == newWS-&gt;getErrorAt(i)) up to 1e-6 (0.0000010000), found (1.8708286939 != 0.0000000000)\n/Users/builder/Jenkins/workspace/main_nightly_deployment_prototype/Framework/MDAlgorithms/test/LoadMDTest.h:480: Error: Expected (ws-&gt;getNumEventsAt(i) == newWS-&gt;getNumEventsAt(i)) up to 1e-6 (0.0000010000), found (4.5000000040 != 0.0000000000)\n/Users/builder/Jenkins/workspace/main_nightly_deployment_prototype/Framework/MDAlgorithms/test/LoadMDTest.h:478: Error: Expected (ws-&gt;getSignalAt(i) == newWS-&gt;getSignalAt(i)) up to 1e-6 (0.0000010000), found (2.5000000000 != 0.0000000000)\n/Users/builder/Jenkins/workspace/main_nightly_deployment_prototype/Framework/MDAlgorithms/test/LoadMDTest.h:479: Error: Expected (ws-&gt;getErrorAt(i) == newWS-&gt;getErrorAt(i)) up to 1e-6 (0.0000010000), found (1.8708286939 != 0.0000000000)\n/Users/builder/Jenkins/workspace/main_nightly_deployment_prototype/Framework/MDAlgorithms/test/LoadMDTest.h:480: Error: Expected (ws-&gt;getNumEventsAt(i) == newWS-&gt;getNumEventsAt(i)) up to 1e-6 (0.0000010000), found (4.5000000040 != 0.0000000000)\n/Users/builder/Jenkins/workspace/main_nightly_deployment_prototype/Framework/MDAlgorithms/test/LoadMDTest.h:478: Error: Expected (ws-&gt;getSignalAt(i) == newWS-&gt;getSignalAt(i)) up to 1e-6 (0.0000010000), found (2.5000000000 != 0.0000000000)\n/Users/builder/Jenkins/workspace/main_nightly_deployment_prototype/Framework/MDAlgorithms/test/LoadMDTest.h:479: Error: Expected (ws-&gt;getErrorAt(i) == newWS-&gt;getErrorAt(i)) up to 1e-6 (0.0000010000), found (1.8708286939 != 0.0000000000)\n/Users/builder/Jenkins/workspace/main_nightly_deployment_prototype/Framework/MDAlgorithms/test/LoadMDTest.h:480: Error: Expected (ws-&gt;getNumEventsAt(i) == newWS-&gt;getNumEventsAt(i)) up to 1e-6 (0.0000010000), found (4.5000000040 != 0.0000000000)\n/Users/builder/Jenkins/workspace/main_nightly_deployment_prototype/Framework/MDAlgorithms/test/LoadMDTest.h:478: Error: Expected (ws-&gt;getSignalAt(i) == newWS-&gt;getSignalAt(i)) up to 1e-6 (0.0000010000), found (2.5000000000 != 0.0000000000)\n/Users/builder/Jenkins/workspace/main_nightly_deployment_prototype/Framework/MDAlgorithms/test/LoadMDTest.h:479: Error: Expected (ws-&gt;getErrorAt(i) == newWS-&gt;getErrorAt(i)) up to 1e-6 (0.0000010000), found (1.8708286939 != 0.0000000000)\n/Users/builder/Jenkins/workspace/main_nightly_deployment_prototype/Framework/MDAlgorithms/test/LoadMDTest.h:480: Error: Expected (ws-&gt;getNumEventsAt(i) == newWS-&gt;getNumEventsAt(i)) up to 1e-6 (0.0000010000), found (4.5000000040 != 0.0000000000)\n/Users/builder/Jenkins/workspace/main_nightly_deployment_prototype/Framework/MDAlgorithms/test/LoadMDTest.h:478: Error: Expected (ws-&gt;getSignalAt(i) == newWS-&gt;getSignalAt(i)) up to 1e-6 (0.0000010000), found (2.5000000000 != 0.0000000000)\n/Users/builder/Jenkins/workspace/main_nightly_deployment_prototype/Framework/MDAlgorithms/test/LoadMDTest.h:479: Error: Expected (ws-&gt;getErrorAt(i) == newWS-&gt;getErrorAt(i)) up to 1e-6 (0.0000010000), found (1.8708286939 != -0.0000000000)\n/Users/builder/Jenkins/workspace/main_nightly_deployment_prototype/Framework/MDAlgorithms/test/LoadMDTest.h:480: Error: Expected (ws-&gt;getNumEventsAt(i) == newWS-&gt;getNumEventsAt(i)) up to 1e-6 (0.0000010000), found (4.5000000040 != 0.0000000000)\n/Users/builder/Jenkins/workspace/main_nightly_deployment_prototype/Framework/MDAlgorithms/test/LoadMDTest.h:478: Error: Expected (ws-&gt;getSignalAt(i) == newWS-&gt;getSignalAt(i)) up to 1e-6 (0.0000010000), found (2.5000000000 != 0.0000000000)\n/Users/builder/Jenkins/workspace/main_nightly_deployment_prototype/Framework/MDAlgorithms/test/LoadMDTest.h:479: Error: Expected (ws-&gt;getErrorAt(i) == newWS-&gt;getErrorAt(i)) up to 1e-6 (0.0000010000), found (1.8708286939 != 0.0000000000)\n/Users/builder/Jenkins/workspace/main_nightly_deployment_prototype/Framework/MDAlgorithms/test/LoadMDTest.h:480: Error: Expected (ws-&gt;getNumEventsAt(i) == newWS-&gt;getNumEventsAt(i)) up to 1e-6 (0.0000010000), found (4.5000000040 != 0.0000000000)\n/Users/builder/Jenkins/workspace/main_nightly_deployment_prototype/Framework/MDAlgorithms/test/LoadMDTest.h:478: Error: Expected (ws-&gt;getSignalAt(i) == newWS-&gt;getSignalAt(i)) up to 1e-6 (0.0000010000), found (2.5000000000 != 0.0000000000)\n/Users/builder/Jenkins/workspace/main_nightly_deployment_prototype/Framework/MDAlgorithms/test/LoadMDTest.h:479: Error: Expected (ws-&gt;getErrorAt(i) == newWS-&gt;getErrorAt(i)) up to 1e-6 (0.0000010000), found (1.8708286939 != 0.0000000000)\n/Users/builder/Jenkins/workspace/main_nightly_deployment_prototype/Framework/MDAlgorithms/test/LoadMDTest.h:480: Error: Expected (ws-&gt;getNumEventsAt(i) == newWS-&gt;getNumEventsAt(i)) up to 1e-6 (0.0000010000), found (4.5000000040 != 0.0000000000)\n/Users/builder/Jenkins/workspace/main_nightly_deployment_prototype/Framework/MDAlgorithms/test/LoadMDTest.h:478: Error: Expected (ws-&gt;getSignalAt(i) == newWS-&gt;getSignalAt(i)) up to 1e-6 (0.0000010000), found (2.5000000000 != 0.0000000000)\n/Users/builder/Jenkins/workspace/main_nightly_deployment_prototype/Framework/MDAlgorithms/test/LoadMDTest.h:479: Error: Expected (ws-&gt;getErrorAt(i) == newWS-&gt;getErrorAt(i)) up to 1e-6 (0.0000010000), found (1.8708286939 != 0.0000000000)\n/Users/builder/Jenkins/workspace/main_nightly_deployment_prototype/Framework/MDAlgorithms/test/LoadMDTest.h:480: Error: Expected (ws-&gt;getNumEventsAt(i) == newWS-&gt;getNumEventsAt(i)) up to 1e-6 (0.0000010000), found (4.5000000040 != 0.0000000000)\n/Users/builder/Jenkins/workspace/main_nightly_deployment_prototype/Framework/MDAlgorithms/test/LoadMDTest.h:478: Error: Expected (ws-&gt;getSignalAt(i) == newWS-&gt;getSignalAt(i)) up to 1e-6 (0.0000010000), found (2.5000000000 != 0.0000000000)\n/Users/builder/Jenkins/workspace/main_nightly_deployment_prototype/Framework/MDAlgorithms/test/LoadMDTest.h:479: Error: Expected (ws-&gt;getErrorAt(i) == newWS-&gt;getErrorAt(i)) up to 1e-6 (0.0000010000), found (1.8708286939 != 0.0000000000)\n/Users/builder/Jenkins/workspace/main_nightly_deployment_prototype/Framework/MDAlgorithms/test/LoadMDTest.h:480: Error: Expected (ws-&gt;getNumEventsAt(i) == newWS-&gt;getNumEventsAt(i)) up to 1e-6 (0.0000010000), found (4.5000000040 != 0.0000000000)\n/Users/builder/Jenkins/workspace/main_nightly_deployment_prototype/Framework/MDAlgorithms/test/LoadMDTest.h:478: Error: Expected (ws-&gt;getSignalAt(i) == newWS-&gt;getSignalAt(i)) up to 1e-6 (0.0000010000), found (2.5000000000 != 0.0000000000)\n/Users/builder/Jenkins/workspace/main_nightly_deployment_prototype/Framework/MDAlgorithms/test/LoadMDTest.h:479: Error: Expected (ws-&gt;getErrorAt(i) == newWS-&gt;getErrorAt(i)) up to 1e-6 (0.0000010000), found (1.8708286939 != 0.0000000000)\n/Users/builder/Jenkins/workspace/main_nightly_deployment_prototype/Framework/MDAlgorithms/test/LoadMDTest.h:480: Error: Expected (ws-&gt;getNumEventsAt(i) == newWS-&gt;getNumEventsAt(i)) up to 1e-6 (0.0000010000), found (4.5000000040 != 0.0000000000)\n/Users/builder/Jenkins/workspace/main_nightly_deployment_prototype/Framework/MDAlgorithms/test/LoadMDTest.h:478: Error: Expected (ws-&gt;getSignalAt(i) == newWS-&gt;getSignalAt(i)) up to 1e-6 (0.0000010000), found (2.5000000000 != 0.0000000000)\n/Users/builder/Jenkins/workspace/main_nightly_deployment_prototype/Framework/MDAlgorithms/test/LoadMDTest.h:479: Error: Expected (ws-&gt;getErrorAt(i) == newWS-&gt;getErrorAt(i)) up to 1e-6 (0.0000010000), found (1.8708286939 != 0.0000000000)\n/Users/builder/Jenkins/workspace/main_nightly_deployment_prototype/Framework/MDAlgorithms/test/LoadMDTest.h:480: Error: Expected (ws-&gt;getNumEventsAt(i) == newWS-&gt;getNumEventsAt(i)) up to 1e-6 (0.0000010000), found (4.5000000040 != 0.0000000000)\n/Users/builder/Jenkins/workspace/main_nightly_deployment_prototype/Framework/MDAlgorithms/test/LoadMDTest.h:478: Error: Expected (ws-&gt;getSignalAt(i) == newWS-&gt;getSignalAt(i)) up to 1e-6 (0.0000010000), found (2.5000000000 != 0.0000000000)\n/Users/builder/Jenkins/workspace/main_nightly_deployment_prototype/Framework/MDAlgorithms/test/LoadMDTest.h:479: Error: Expected (ws-&gt;getErrorAt(i) == newWS-&gt;getErrorAt(i)) up to 1e-6 (0.0000010000), found (1.8708286939 != 0.0000000000)\n/Users/builder/Jenkins/workspace/main_nightly_deployment_prototype/Framework/MDAlgorithms/test/LoadMDTest.h:480: Error: Expected (ws-&gt;getNumEventsAt(i) == newWS-&gt;getNumEventsAt(i)) up to 1e-6 (0.0000010000), found (4.5000000040 != 0.0000000000)\n/Users/builder/Jenkins/workspace/main_nightly_deployment_prototype/Framework/MDAlgorithms/test/LoadMDTest.h:481: Error: Expected (ws-&gt;getIsMaskedAt(i) == newWS-&gt;getIsMaskedAt(i)), found (false != true)\n/Users/builder/Jenkins/workspace/main_nightly_deployment_prototype/Framework/MDAlgorithms/test/LoadMDTest.h:478: Error: Expected (ws-&gt;getSignalAt(i) == newWS-&gt;getSignalAt(i)) up to 1e-6 (0.0000010000), found (2.5000000000 != 0.0000000000)\n/Users/builder/Jenkins/workspace/main_nightly_deployment_prototype/Framework/MDAlgorithms/test/LoadMDTest.h:479: Error: Expected (ws-&gt;getErrorAt(i) == newWS-&gt;getErrorAt(i)) up to 1e-6 (0.0000010000), found (1.8708286939 != ?.0000000000E100)\n/Users/builder/Jenkins/workspace/main_nightly_deployment_prototype/Framework/MDAlgorithms/test/LoadMDTest.h:480: Error: Expected (ws-&gt;getNumEventsAt(i) == newWS-&gt;getNumEventsAt(i)) up to 1e-6 (0.0000010000), found (4.5000000040 != 0.0000000000)\n/Users/builder/Jenkins/workspace/main_nightly_deployment_prototype/Framework/MDAlgorithms/test/LoadMDTest.h:481: Error: Expected (ws-&gt;getIsMaskedAt(i) == newWS-&gt;getIsMaskedAt(i)), found (false != true)\n/Users/builder/Jenkins/workspace/main_nightly_deployment_prototype/Framework/MDAlgorithms/test/LoadMDTest.h:478: Error: Expected (ws-&gt;getSignalAt(i) == newWS-&gt;getSignalAt(i)) up to 1e-6 (0.0000010000), found (2.5000000000 != 0.0000000000)\n/Users/builder/Jenkins/workspace/main_nightly_deployment_prototype/Framework/MDAlgorithms/test/LoadMDTest.h:479: Error: Expected (ws-&gt;getErrorAt(i) == newWS-&gt;getErrorAt(i)) up to 1e-6 (0.0000010000), found (1.8708286939 != 0.0000000000)\n/Users/builder/Jenkins/workspace/main_nightly_deployment_prototype/Framework/MDAlgorithms/test/LoadMDTest.h:480: Error: Expected (ws-&gt;getNumEventsAt(i) == newWS-&gt;getNumEventsAt(i)) up to 1e-6 (0.0000010000), found (4.5000000040 != 0.0000000000)\n/Users/builder/Jenkins/workspace/main_nightly_deployment_prototype/Framework/MDAlgorithms/test/LoadMDTest.h:481: Error: Expected (ws-&gt;getIsMaskedAt(i) == newWS-&gt;getIsMaskedAt(i)), found (false != true)\n/Users/builder/Jenkins/workspace/main_nightly_deployment_prototype/Framework/MDAlgorithms/test/LoadMDTest.h:478: Error: Expected (ws-&gt;getSignalAt(i) == newWS-&gt;getSignalAt(i)) up to 1e-6 (0.0000010000), found (2.5000000000 != 0.0000000000)\n/Users/builder/Jenkins/workspace/main_nightly_deployment_prototype/Framework/MDAlgorithms/test/LoadMDTest.h:479: Error: Expected (ws-&gt;getErrorAt(i) == newWS-&gt;getErrorAt(i)) up to 1e-6 (0.0000010000), found (1.8708286939 != 0.0000000000)\n/Users/builder/Jenkins/workspace/main_nightly_deployment_prototype/Framework/MDAlgorithms/test/LoadMDTest.h:480: Error: Expected (ws-&gt;getNumEventsAt(i) == newWS-&gt;getNumEventsAt(i)) up to 1e-6 (0.0000010000), found (4.5000000040 != 0.0000000000)\n/Users/builder/Jenkins/workspace/main_nightly_deployment_prototype/Framework/MDAlgorithms/test/LoadMDTest.h:481: Error: Expected (ws-&gt;getIsMaskedAt(i) == newWS-&gt;getIsMaskedAt(i)), found (false != true)\n/Users/builder/Jenkins/workspace/main_nightly_deployment_prototype/Framework/MDAlgorithms/test/LoadMDTest.h:478: Error: Expected (ws-&gt;getSignalAt(i) == newWS-&gt;getSignalAt(i)) up to 1e-6 (0.0000010000), found (2.5000000000 != 0.0000000000)\n/Users/builder/Jenkins/workspace/main_nightly_deployment_prototype/Framework/MDAlgorithms/test/LoadMDTest.h:479: Error: Expected (ws-&gt;getErrorAt(i) == newWS-&gt;getErrorAt(i)) up to 1e-6 (0.0000010000), found (1.8708286939 != 0.0000000000)\n/Users/builder/Jenkins/workspace/main_nightly_deployment_prototype/Framework/MDAlgorithms/test/LoadMDTest.h:480: Error: Expected (ws-&gt;getNumEventsAt(i) == newWS-&gt;getNumEventsAt(i)) up to 1e-6 (0.0000010000), found (4.5000000040 != 0.0000000000)\n/Users/builder/Jenkins/workspace/main_nightly_deployment_prototype/Framework/MDAlgorithms/test/LoadMDTest.h:478: Error: Expected (ws-&gt;getSignalAt(i) == newWS-&gt;getSignalAt(i)) up to 1e-6 (0.0000010000), found (2.5000000000 != 0.0000000000)\n/Users/builder/Jenkins/workspace/main_nightly_deployment_prototype/Framework/MDAlgorithms/test/LoadMDTest.h:479: Error: Expected (ws-&gt;getErrorAt(i) == newWS-&gt;getErrorAt(i)) up to 1e-6 (0.0000010000), found (1.8708286939 != 0.0000000000)\n/Users/builder/Jenkins/workspace/main_nightly_deployment_prototype/Framework/MDAlgorithms/test/LoadMDTest.h:480: Error: Expected (ws-&gt;getNumEventsAt(i) == newWS-&gt;getNumEventsAt(i)) up to 1e-6 (0.0000010000), found (4.5000000040 != 0.0000000000)\n/Users/builder/Jenkins/workspace/main_nightly_deployment_prototype/Framework/MDAlgorithms/test/LoadMDTest.h:478: Error: Expected (ws-&gt;getSignalAt(i) == newWS-&gt;getSignalAt(i)) up to 1e-6 (0.0000010000), found (2.5000000000 != 0.0000000000)\n/Users/builder/Jenkins/workspace/main_nightly_deployment_prototype/Framework/MDAlgorithms/test/LoadMDTest.h:479: Error: Expected (ws-&gt;getErrorAt(i) == newWS-&gt;getErrorAt(i)) up to 1e-6 (0.0000010000), found (1.8708286939 != 0.0000000000)\n/Users/builder/Jenkins/workspace/main_nightly_deployment_prototype/Framework/MDAlgorithms/test/LoadMDTest.h:480: Error: Expected (ws-&gt;getNumEventsAt(i) == newWS-&gt;getNumEventsAt(i)) up to 1e-6 (0.0000010000), found (4.5000000040 != 0.0000000000)\n/Users/builder/Jenkins/workspace/main_nightly_deployment_prototype/Framework/MDAlgorithms/test/LoadMDTest.h:478: Error: Expected (ws-&gt;getSignalAt(i) == newWS-&gt;getSignalAt(i)) up to 1e-6 (0.0000010000), found (2.5000000000 != 0.0000000000)\n/Users/builder/Jenkins/workspace/main_nightly_deployment_prototype/Framework/MDAlgorithms/test/LoadMDTest.h:479: Error: Expected (ws-&gt;getErrorAt(i) == newWS-&gt;getErrorAt(i)) up to 1e-6 (0.0000010000), found (1.8708286939 != 0.0000000000)\n/Users/builder/Jenkins/workspace/main_nightly_deployment_prototype/Framework/MDAlgorithms/test/LoadMDTest.h:480: Error: Expected (ws-&gt;getNumEventsAt(i) == newWS-&gt;getNumEventsAt(i)) up to 1e-6 (0.0000010000), found (4.5000000040 != 0.0000000000)\n/Users/builder/Jenkins/workspace/main_nightly_deployment_prototype/Framework/MDAlgorithms/test/LoadMDTest.h:478: Error: Expected (ws-&gt;getSignalAt(i) == newWS-&gt;getSignalAt(i)) up to 1e-6 (0.0000010000), found (2.5000000000 != 0.0000000000)\n/Users/builder/Jenkins/workspace/main_nightly_deployment_prototype/Framework/MDAlgorithms/test/LoadMDTest.h:479: Error: Expected (ws-&gt;getErrorAt(i) == newWS-&gt;getErrorAt(i)) up to 1e-6 (0.0000010000), found (1.8708286939 != 0.0000000000)\n/Users/builder/Jenkins/workspace/main_nightly_deployment_prototype/Framework/MDAlgorithms/test/LoadMDTest.h:480: Error: Expected (ws-&gt;getNumEventsAt(i) == newWS-&gt;getNumEventsAt(i)) up to 1e-6 (0.0000010000), found (4.5000000040 != 0.0000000000)\n/Users/builder/Jenkins/workspace/main_nightly_deployment_prototype/Framework/MDAlgorithms/test/LoadMDTest.h:478: Error: Expected (ws-&gt;getSignalAt(i) == newWS-&gt;getSignalAt(i)) up to 1e-6 (0.0000010000), found (2.5000000000 != 0.0000000000)\n/Users/builder/Jenkins/workspace/main_nightly_deployment_prototype/Framework/MDAlgorithms/test/LoadMDTest.h:479: Error: Expected (ws-&gt;getErrorAt(i) == newWS-&gt;getErrorAt(i)) up to 1e-6 (0.0000010000), found (1.8708286939 != 0.0000000000)\n/Users/builder/Jenkins/workspace/main_nightly_deployment_prototype/Framework/MDAlgorithms/test/LoadMDTest.h:480: Error: Expected (ws-&gt;getNumEventsAt(i) == newWS-&gt;getNumEventsAt(i)) up to 1e-6 (0.0000010000), found (4.5000000040 != 0.0000000000)\n/Users/builder/Jenkins/workspace/main_nightly_deployment_prototype/Framework/MDAlgorithms/test/LoadMDTest.h:478: Error: Expected (ws-&gt;getSignalAt(i) == newWS-&gt;getSignalAt(i)) up to 1e-6 (0.0000010000), found (2.5000000000 != 0.0000000000)\n/Users/builder/Jenkins/workspace/main_nightly_deployment_prototype/Framework/MDAlgorithms/test/LoadMDTest.h:479: Error: Expected (ws-&gt;getErrorAt(i) == newWS-&gt;getErrorAt(i)) up to 1e-6 (0.0000010000), found (1.8708286939 != 0.0000000000)\n/Users/builder/Jenkins/workspace/main_nightly_deployment_prototype/Framework/MDAlgorithms/test/LoadMDTest.h:480: Error: Expected (ws-&gt;getNumEventsAt(i) == newWS-&gt;getNumEventsAt(i)) up to 1e-6 (0.0000010000), found (4.5000000040 != 0.0000000000)\n/Users/builder/Jenkins/workspace/main_nightly_deployment_prototype/Framework/MDAlgorithms/test/LoadMDTest.h:478: Error: Expected (ws-&gt;getSignalAt(i) == newWS-&gt;getSignalAt(i)) up to 1e-6 (0.0000010000), found (2.5000000000 != 0.0000000000)\n/Users/builder/Jenkins/workspace/main_nightly_deployment_prototype/Framework/MDAlgorithms/test/LoadMDTest.h:479: Error: Expected (ws-&gt;getErrorAt(i) == newWS-&gt;getErrorAt(i)) up to 1e-6 (0.0000010000), found (1.8708286939 != 0.0000000000)\n/Users/builder/Jenkins/workspace/main_nightly_deployment_prototype/Framework/MDAlgorithms/test/LoadMDTest.h:480: Error: Expected (ws-&gt;getNumEventsAt(i) == newWS-&gt;getNumEventsAt(i)) up to 1e-6 (0.0000010000), found (4.5000000040 != 0.0000000000)\n/Users/builder/Jenkins/workspace/main_nightly_deployment_prototype/Framework/MDAlgorithms/test/LoadMDTest.h:478: Error: Expected (ws-&gt;getSignalAt(i) == newWS-&gt;getSignalAt(i)) up to 1e-6 (0.0000010000), found (2.5000000000 != 0.0000000000)\n/Users/builder/Jenkins/workspace/main_nightly_deployment_prototype/Framework/MDAlgorithms/test/LoadMDTest.h:479: Error: Expected (ws-&gt;getErrorAt(i) == newWS-&gt;getErrorAt(i)) up to 1e-6 (0.0000010000), found (1.8708286939 != 0.0000000000)\n/Users/builder/Jenkins/workspace/main_nightly_deployment_prototype/Framework/MDAlgorithms/test/LoadMDTest.h:480: Error: Expected (ws-&gt;getNumEventsAt(i) == newWS-&gt;getNumEventsAt(i)) up to 1e-6 (0.0000010000), found (4.5000000040 != 0.0000000000)\n/Users/builder/Jenkins/workspace/main_nightly_deployment_prototype/Framework/MDAlgorithms/test/LoadMDTest.h:478: Error: Expected (ws-&gt;getSignalAt(i) == newWS-&gt;getSignalAt(i)) up to 1e-6 (0.0000010000), found (2.5000000000 != 0.0000000000)\n/Users/builder/Jenkins/workspace/main_nightly_deployment_prototype/Framework/MDAlgorithms/test/LoadMDTest.h:479: Error: Expected (ws-&gt;getErrorAt(i) == newWS-&gt;getErrorAt(i)) up to 1e-6 (0.0000010000), found (1.8708286939 != 0.0000000000)\n/Users/builder/Jenkins/workspace/main_nightly_deployment_prototype/Framework/MDAlgorithms/test/LoadMDTest.h:480: Error: Expected (ws-&gt;getNumEventsAt(i) == newWS-&gt;getNumEventsAt(i)) up to 1e-6 (0.0000010000), found (4.5000000040 != 0.0000000000)\n/Users/builder/Jenkins/workspace/main_nightly_deployment_prototype/Framework/MDAlgorithms/test/LoadMDTest.h:478: Error: Expected (ws-&gt;getSignalAt(i) == newWS-&gt;getSignalAt(i)) up to 1e-6 (0.0000010000), found (2.5000000000 != 0.0000000000)\n/Users/builder/Jenkins/workspace/main_nightly_deployment_prototype/Framework/MDAlgorithms/test/LoadMDTest.h:479: Error: Expected (ws-&gt;getErrorAt(i) == newWS-&gt;getErrorAt(i)) up to 1e-6 (0.0000010000), found (1.8708286939 != 0.0000000000)\n/Users/builder/Jenkins/workspace/main_nightly_deployment_prototype/Framework/MDAlgorithms/test/LoadMDTest.h:480: Error: Expected (ws-&gt;getNumEventsAt(i) == newWS-&gt;getNumEventsAt(i)) up to 1e-6 (0.0000010000), found (4.5000000040 != 0.0000000000)\n/Users/builder/Jenkins/workspace/main_nightly_deployment_prototype/Framework/MDAlgorithms/test/LoadMDTest.h:478: Error: Expected (ws-&gt;getSignalAt(i) == newWS-&gt;getSignalAt(i)) up to 1e-6 (0.0000010000), found (2.5000000000 != 0.0000000000)\n/Users/builder/Jenkins/workspace/main_nightly_deployment_prototype/Framework/MDAlgorithms/test/LoadMDTest.h:479: Error: Expected (ws-&gt;getErrorAt(i) == newWS-&gt;getErrorAt(i)) up to 1e-6 (0.0000010000), found (1.8708286939 != 0.0000000000)\n/Users/builder/Jenkins/workspace/main_nightly_deployment_prototype/Framework/MDAlgorithms/test/LoadMDTest.h:480: Error: Expected (ws-&gt;getNumEventsAt(i) == newWS-&gt;getNumEventsAt(i)) up to 1e-6 (0.0000010000), found (4.5000000040 != 0.0000000000)\n/Users/builder/Jenkins/workspace/main_nightly_deployment_prototype/Framework/MDAlgorithms/test/LoadMDTest.h:478: Error: Expected (ws-&gt;getSignalAt(i) == newWS-&gt;getSignalAt(i)) up to 1e-6 (0.0000010000), found (2.5000000000 != 0.0000000000)\n/Users/builder/Jenkins/workspace/main_nightly_deployment_prototype/Framework/MDAlgorithms/test/LoadMDTest.h:479: Error: Expected (ws-&gt;getErrorAt(i) == newWS-&gt;getErrorAt(i)) up to 1e-6 (0.0000010000), found (1.8708286939 != 0.0000000000)\n/Users/builder/Jenkins/workspace/main_nightly_deployment_prototype/Framework/MDAlgorithms/test/LoadMDTest.h:480: Error: Expected (ws-&gt;getNumEventsAt(i) == newWS-&gt;getNumEventsAt(i)) up to 1e-6 (0.0000010000), found (4.5000000040 != 0.0000000000)\n/Users/builder/Jenkins/workspace/main_nightly_deployment_prototype/Framework/MDAlgorithms/test/LoadMDTest.h:478: Error: Expected (ws-&gt;getSignalAt(i) == newWS-&gt;getSignalAt(i)) up to 1e-6 (0.0000010000), found (2.5000000000 != 0.0000000000)\n/Users/builder/Jenkins/workspace/main_nightly_deployment_prototype/Framework/MDAlgorithms/test/LoadMDTest.h:479: Error: Expected (ws-&gt;getErrorAt(i) == newWS-&gt;getErrorAt(i)) up to 1e-6 (0.0000010000), found (1.8708286939 != 0.0000000000)\n/Users/builder/Jenkins/workspace/main_nightly_deployment_prototype/Framework/MDAlgorithms/test/LoadMDTest.h:480: Error: Expected (ws-&gt;getNumEventsAt(i) == newWS-&gt;getNumEventsAt(i)) up to 1e-6 (0.0000010000), found (4.5000000040 != -0.0000000000)\n/Users/builder/Jenkins/workspace/main_nightly_deployment_prototype/Framework/MDAlgorithms/test/LoadMDTest.h:478: Error: Expected (ws-&gt;getSignalAt(i) == newWS-&gt;getSignalAt(i)) up to 1e-6 (0.0000010000), found (2.5000000000 != -0.0000000000)\n/Users/builder/Jenkins/workspace/main_nightly_deployment_prototype/Framework/MDAlgorithms/test/LoadMDTest.h:479: Error: Expected (ws-&gt;getErrorAt(i) == newWS-&gt;getErrorAt(i)) up to 1e-6 (0.0000010000), found (1.8708286939 != 0.0000000000)\n/Users/builder/Jenkins/workspace/main_nightly_deployment_prototype/Framework/MDAlgorithms/test/LoadMDTest.h:480: Error: Expected (ws-&gt;getNumEventsAt(i) == newWS-&gt;getNumEventsAt(i)) up to 1e-6 (0.0000010000), found (4.5000000040 != -0.0000000000)\n/Users/builder/Jenkins/workspace/main_nightly_deployment_prototype/Framework/MDAlgorithms/test/LoadMDTest.h:478: Error: Expected (ws-&gt;getSignalAt(i) == newWS-&gt;getSignalAt(i)) up to 1e-6 (0.0000010000), found (2.5000000000 != 0.0000000000)\n/Users/builder/Jenkins/workspace/main_nightly_deployment_prototype/Framework/MDAlgorithms/test/LoadMDTest.h:479: Error: Expected (ws-&gt;getErrorAt(i) == newWS-&gt;getErrorAt(i)) up to 1e-6 (0.0000010000), found (1.8708286939 != 0.0000000000)\n/Users/builder/Jenkins/workspace/main_nightly_deployment_prototype/Framework/MDAlgorithms/test/LoadMDTest.h:480: Error: Expected (ws-&gt;getNumEventsAt(i) == newWS-&gt;getNumEventsAt(i)) up to 1e-6 (0.0000010000), found (4.5000000040 != 0.0000000000)\n/Users/builder/Jenkins/workspace/main_nightly_deployment_prototype/Framework/MDAlgorithms/test/LoadMDTest.h:478: Error: Expected (ws-&gt;getSignalAt(i) == newWS-&gt;getSignalAt(i)) up to 1e-6 (0.0000010000), found (2.5000000000 != 0.0000000000)\n/Users/builder/Jenkins/workspace/main_nightly_deployment_prototype/Framework/MDAlgorithms/test/LoadMDTest.h:479: Error: Expected (ws-&gt;getErrorAt(i) == newWS-&gt;getErrorAt(i)) up to 1e-6 (0.0000010000), found (1.8708286939 != 0.0000000000)\n/Users/builder/Jenkins/workspace/main_nightly_deployment_prototype/Framework/MDAlgorithms/test/LoadMDTest.h:480: Error: Expected (ws-&gt;getNumEventsAt(i) == newWS-&gt;getNumEventsAt(i)) up to 1e-6 (0.0000010000), found (4.5000000040 != 0.0000000000)\n/Users/builder/Jenkins/workspace/main_nightly_deployment_prototype/Framework/MDAlgorithms/test/LoadMDTest.h:478: Error: Expected (ws-&gt;getSignalAt(i) == newWS-&gt;getSignalAt(i)) up to 1e-6 (0.0000010000), found (2.5000000000 != 0.0000000000)\n/Users/builder/Jenkins/workspace/main_nightly_deployment_prototype/Framework/MDAlgorithms/test/LoadMDTest.h:479: Error: Expected (ws-&gt;getErrorAt(i) == newWS-&gt;getErrorAt(i)) up to 1e-6 (0.0000010000), found (1.8708286939 != 0.0000000000)\n/Users/builder/Jenkins/workspace/main_nightly_deployment_prototype/Framework/MDAlgorithms/test/LoadMDTest.h:480: Error: Expected (ws-&gt;getNumEventsAt(i) == newWS-&gt;getNumEventsAt(i)) up to 1e-6 (0.0000010000), found (4.5000000040 != 0.0000000000)\n/Users/builder/Jenkins/workspace/main_nightly_deployment_prototype/Framework/MDAlgorithms/test/LoadMDTest.h:478: Error: Expected (ws-&gt;getSignalAt(i) == newWS-&gt;getSignalAt(i)) up to 1e-6 (0.0000010000), found (2.5000000000 != 0.0000000000)\n/Users/builder/Jenkins/workspace/main_nightly_deployment_prototype/Framework/MDAlgorithms/test/LoadMDTest.h:479: Error: Expected (ws-&gt;getErrorAt(i) == newWS-&gt;getErrorAt(i)) up to 1e-6 (0.0000010000), found (1.8708286939 != 0.0000000000)\n/Users/builder/Jenkins/workspace/main_nightly_deployment_prototype/Framework/MDAlgorithms/test/LoadMDTest.h:480: Error: Expected (ws-&gt;getNumEventsAt(i) == newWS-&gt;getNumEventsAt(i)) up to 1e-6 (0.0000010000), found (4.5000000040 != 0.0000000000)\n/Users/builder/Jenkins/workspace/main_nightly_deployment_prototype/Framework/MDAlgorithms/test/LoadMDTest.h:478: Error: Expected (ws-&gt;getSignalAt(i) == newWS-&gt;getSignalAt(i)) up to 1e-6 (0.0000010000), found (2.5000000000 != 0.0000000000)\n/Users/builder/Jenkins/workspace/main_nightly_deployment_prototype/Framework/MDAlgorithms/test/LoadMDTest.h:479: Error: Expected (ws-&gt;getErrorAt(i) == newWS-&gt;getErrorAt(i)) up to 1e-6 (0.0000010000), found (1.8708286939 != 0.0000000000)\n/Users/builder/Jenkins/workspace/main_nightly_deployment_prototype/Framework/MDAlgorithms/test/LoadMDTest.h:480: Error: Expected (ws-&gt;getNumEventsAt(i) == newWS-&gt;getNumEventsAt(i)) up to 1e-6 (0.0000010000), found (4.5000000040 != 0.0000000000)\n/Users/builder/Jenkins/workspace/main_nightly_deployment_prototype/Framework/MDAlgorithms/test/LoadMDTest.h:478: Error: Expected (ws-&gt;getSignalAt(i) == newWS-&gt;getSignalAt(i)) up to 1e-6 (0.0000010000), found (2.5000000000 != 0.0000000000)\n/Users/builder/Jenkins/workspace/main_nightly_deployment_prototype/Framework/MDAlgorithms/test/LoadMDTest.h:479: Error: Expected (ws-&gt;getErrorAt(i) == newWS-&gt;getErrorAt(i)) up to 1e-6 (0.0000010000), found (1.8708286939 != 0.0000000000)\n/Users/builder/Jenkins/workspace/main_nightly_deployment_prototype/Framework/MDAlgorithms/test/LoadMDTest.h:480: Error: Expected (ws-&gt;getNumEventsAt(i) == newWS-&gt;getNumEventsAt(i)) up to 1e-6 (0.0000010000), found (4.5000000040 != 0.0000000000)\n/Users/builder/Jenkins/workspace/main_nightly_deployment_prototype/Framework/MDAlgorithms/test/LoadMDTest.h:478: Error: Expected (ws-&gt;getSignalAt(i) == newWS-&gt;getSignalAt(i)) up to 1e-6 (0.0000010000), found (2.5000000000 != 0.0000000000)\n/Users/builder/Jenkins/workspace/main_nightly_deployment_prototype/Framework/MDAlgorithms/test/LoadMDTest.h:479: Error: Expected (ws-&gt;getErrorAt(i) == newWS-&gt;getErrorAt(i)) up to 1e-6 (0.0000010000), found (1.8708286939 != 0.0000000000)\n/Users/builder/Jenkins/workspace/main_nightly_deployment_prototype/Framework/MDAlgorithms/test/LoadMDTest.h:480: Error: Expected (ws-&gt;getNumEventsAt(i) == newWS-&gt;getNumEventsAt(i)) up to 1e-6 (0.0000010000), found (4.5000000040 != 0.0000000000)\n/Users/builder/Jenkins/workspace/main_nightly_deployment_prototype/Framework/MDAlgorithms/test/LoadMDTest.h:478: Error: Expected (ws-&gt;getSignalAt(i) == newWS-&gt;getSignalAt(i)) up to 1e-6 (0.0000010000), found (2.5000000000 != 0.0000000000)\n/Users/builder/Jenkins/workspace/main_nightly_deployment_prototype/Framework/MDAlgorithms/test/LoadMDTest.h:479: Error: Expected (ws-&gt;getErrorAt(i) == newWS-&gt;getErrorAt(i)) up to 1e-6 (0.0000010000), found (1.8708286939 != 0.0000000000)\n/Users/builder/Jenkins/workspace/main_nightly_deployment_prototype/Framework/MDAlgorithms/test/LoadMDTest.h:480: Error: Expected (ws-&gt;getNumEventsAt(i) == newWS-&gt;getNumEventsAt(i)) up to 1e-6 (0.0000010000), found (4.5000000040 != 0.0000000000)\n/Users/builder/Jenkins/workspace/main_nightly_deployment_prototype/Framework/MDAlgorithms/test/LoadMDTest.h:478: Error: Expected (ws-&gt;getSignalAt(i) == newWS-&gt;getSignalAt(i)) up to 1e-6 (0.0000010000), found (2.5000000000 != 0.0000000000)\n/Users/builder/Jenkins/workspace/main_nightly_deployment_prototype/Framework/MDAlgorithms/test/LoadMDTest.h:479: Error: Expected (ws-&gt;getErrorAt(i) == newWS-&gt;getErrorAt(i)) up to 1e-6 (0.0000010000), found (1.8708286939 != 0.0000000000)\n/Users/builder/Jenkins/workspace/main_nightly_deployment_prototype/Framework/MDAlgorithms/test/LoadMDTest.h:480: Error: Expected (ws-&gt;getNumEventsAt(i) == newWS-&gt;getNumEventsAt(i)) up to 1e-6 (0.0000010000), found (4.5000000040 != 0.0000000000)\n/Users/builder/Jenkins/workspace/main_nightly_deployment_prototype/Framework/MDAlgorithms/test/LoadMDTest.h:478: Error: Expected (ws-&gt;getSignalAt(i) == newWS-&gt;getSignalAt(i)) up to 1e-6 (0.0000010000), found (2.5000000000 != 0.0000000000)\n/Users/builder/Jenkins/workspace/main_nightly_deployment_prototype/Framework/MDAlgorithms/test/LoadMDTest.h:479: Error: Expected (ws-&gt;getErrorAt(i) == newWS-&gt;getErrorAt(i)) up to 1e-6 (0.0000010000), found (1.8708286939 != 0.0000000000)\n/Users/builder/Jenkins/workspace/main_nightly_deployment_prototype/Framework/MDAlgorithms/test/LoadMDTest.h:480: Error: Expected (ws-&gt;getNumEventsAt(i) == newWS-&gt;getNumEventsAt(i)) up to 1e-6 (0.0000010000), found (4.5000000040 != 0.0000000000)\n/Users/builder/Jenkins/workspace/main_nightly_deployment_prototype/Framework/MDAlgorithms/test/LoadMDTest.h:478: Error: Expected (ws-&gt;getSignalAt(i) == newWS-&gt;getSignalAt(i)) up to 1e-6 (0.0000010000), found (2.5000000000 != 0.0000000000)\n/Users/builder/Jenkins/workspace/main_nightly_deployment_prototype/Framework/MDAlgorithms/test/LoadMDTest.h:479: Error: Expected (ws-&gt;getErrorAt(i) == newWS-&gt;getErrorAt(i)) up to 1e-6 (0.0000010000), found (1.8708286939 != 0.0000000000)\n/Users/builder/Jenkins/workspace/main_nightly_deployment_prototype/Framework/MDAlgorithms/test/LoadMDTest.h:480: Error: Expected (ws-&gt;getNumEventsAt(i) == newWS-&gt;getNumEventsAt(i)) up to 1e-6 (0.0000010000), found (4.5000000040 != 0.0000000000)\n/Users/builder/Jenkins/workspace/main_nightly_deployment_prototype/Framework/MDAlgorithms/test/LoadMDTest.h:478: Error: Expected (ws-&gt;getSignalAt(i) == newWS-&gt;getSignalAt(i)) up to 1e-6 (0.0000010000), found (2.5000000000 != 0.0000000000)\n/Users/builder/Jenkins/workspace/main_nightly_deployment_prototype/Framework/MDAlgorithms/test/LoadMDTest.h:479: Error: Expected (ws-&gt;getErrorAt(i) == newWS-&gt;getErrorAt(i)) up to 1e-6 (0.0000010000), found (1.8708286939 != 0.0000000000)\n/Users/builder/Jenkins/workspace/main_nightly_deployment_prototype/Framework/MDAlgorithms/test/LoadMDTest.h:480: Error: Expected (ws-&gt;getNumEventsAt(i) == newWS-&gt;getNumEventsAt(i)) up to 1e-6 (0.0000010000), found (4.5000000040 != 0.0000000000)\n/Users/builder/Jenkins/workspace/main_nightly_deployment_prototype/Framework/MDAlgorithms/test/LoadMDTest.h:478: Error: Expected (ws-&gt;getSignalAt(i) == newWS-&gt;getSignalAt(i)) up to 1e-6 (0.0000010000), found (2.5000000000 != 0.0000000000)\n/Users/builder/Jenkins/workspace/main_nightly_deployment_prototype/Framework/MDAlgorithms/test/LoadMDTest.h:479: Error: Expected (ws-&gt;getErrorAt(i) == newWS-&gt;getErrorAt(i)) up to 1e-6 (0.0000010000), found (1.8708286939 != 0.0000000000)\n/Users/builder/Jenkins/workspace/main_nightly_deployment_prototype/Framework/MDAlgorithms/test/LoadMDTest.h:480: Error: Expected (ws-&gt;getNumEventsAt(i) == newWS-&gt;getNumEventsAt(i)) up to 1e-6 (0.0000010000), found (4.5000000040 != 0.0000000000)\n/Users/builder/Jenkins/workspace/main_nightly_deployment_prototype/Framework/MDAlgorithms/test/LoadMDTest.h:478: Error: Expected (ws-&gt;getSignalAt(i) == newWS-&gt;getSignalAt(i)) up to 1e-6 (0.0000010000), found (2.5000000000 != 0.0000000000)\n/Users/builder/Jenkins/workspace/main_nightly_deployment_prototype/Framework/MDAlgorithms/test/LoadMDTest.h:479: Error: Expected (ws-&gt;getErrorAt(i) == newWS-&gt;getErrorAt(i)) up to 1e-6 (0.0000010000), found (1.8708286939 != 0.0000000000)\n/Users/builder/Jenkins/workspace/main_nightly_deployment_prototype/Framework/MDAlgorithms/test/LoadMDTest.h:480: Error: Expected (ws-&gt;getNumEventsAt(i) == newWS-&gt;getNumEventsAt(i)) up to 1e-6 (0.0000010000), found (4.5000000040 != 0.0000000000)\n/Users/builder/Jenkins/workspace/main_nightly_deployment_prototype/Framework/MDAlgorithms/test/LoadMDTest.h:478: Error: Expected (ws-&gt;getSignalAt(i) == newWS-&gt;getSignalAt(i)) up to 1e-6 (0.0000010000), found (2.5000000000 != 0.0000000000)\n/Users/builder/Jenkins/workspace/main_nightly_deployment_prototype/Framework/MDAlgorithms/test/LoadMDTest.h:479: Error: Expected (ws-&gt;getErrorAt(i) == newWS-&gt;getErrorAt(i)) up to 1e-6 (0.0000010000), found (1.8708286939 != 0.0000000000)\n/Users/builder/Jenkins/workspace/main_nightly_deployment_prototype/Framework/MDAlgorithms/test/LoadMDTest.h:480: Error: Expected (ws-&gt;getNumEventsAt(i) == newWS-&gt;getNumEventsAt(i)) up to 1e-6 (0.0000010000), found (4.5000000040 != 0.0000000000)\n/Users/builder/Jenkins/workspace/main_nightly_deployment_prototype/Framework/MDAlgorithms/test/LoadMDTest.h:478: Error: Expected (ws-&gt;getSignalAt(i) == newWS-&gt;getSignalAt(i)) up to 1e-6 (0.0000010000), found (2.5000000000 != 1.0000000008)\n/Users/builder/Jenkins/workspace/main_nightly_deployment_prototype/Framework/MDAlgorithms/test/LoadMDTest.h:479: Error: Expected (ws-&gt;getErrorAt(i) == newWS-&gt;getErrorAt(i)) up to 1e-6 (0.0000010000), found (1.8708286939 != 0.0000000000)\n/Users/builder/Jenkins/workspace/main_nightly_deployment_prototype/Framework/MDAlgorithms/test/LoadMDTest.h:480: Error: Expected (ws-&gt;getNumEventsAt(i) == newWS-&gt;getNumEventsAt(i)) up to 1e-6 (0.0000010000), found (4.5000000040 != 0.0000000000)\n/Users/builder/Jenkins/workspace/main_nightly_deployment_prototype/Framework/MDAlgorithms/test/LoadMDTest.h:478: Error: Expected (ws-&gt;getSignalAt(i) == newWS-&gt;getSignalAt(i)) up to 1e-6 (0.0000010000), found (2.5000000000 != 0.0000000000)\n/Users/builder/Jenkins/workspace/main_nightly_deployment_prototype/Framework/MDAlgorithms/test/LoadMDTest.h:479: Error: Expected (ws-&gt;getErrorAt(i) == newWS-&gt;getErrorAt(i)) up to 1e-6 (0.0000010000), found (1.8708286939 != 0.0000000000)\n/Users/builder/Jenkins/workspace/main_nightly_deployment_prototype/Framework/MDAlgorithms/test/LoadMDTest.h:480: Error: Expected (ws-&gt;getNumEventsAt(i) == newWS-&gt;getNumEventsAt(i)) up to 1e-6 (0.0000010000), found (4.5000000040 != 0.0000000000)\nSaveMD-[Notice] SaveMD started\nInstrument-[Warning] Saving Instrument with no XML data. If this was instrument data you may not be able to load this data back into Mantid, for fitted/analysed data this warning can be ignored.\nSaveMD-[Notice] SaveMD successful, Duration 0.02 seconds\nLoadMD-[Notice] LoadMD started\nLoadMD-[Notice] LoadMD successful, Duration 0.03 seconds\nSaveMD-[Notice] SaveMD started\nInstrument-[Warning] Saving Instrument with no XML data. If this was instrument data you may not be able to load this data back into Mantid, for fitted/analysed data this warning can be ignored.\nSaveMD-[Notice] SaveMD successful, Duration 0.02 seconds\nLoadMD-[Notice] LoadMD started\nLoadMD-[Notice] LoadMD successful, Duration 0.03 seconds\nSaveMD-[Notice] SaveMD started\nInstrument-[Warning] Saving Instrument with no XML data. If this was instrument data you may not be able to load this data back into Mantid, for fitted/analysed data this warning can be ignored.\nSaveMD-[Notice] SaveMD successful, Duration 0.02 seconds\nLoadMD-[Notice] LoadMD started\nLoadMD-[Notice] LoadMD successful, Duration 0.02 seconds\n.Instrument-[Warning] Saving Instrument with no XML data. If this was instrument data you may not be able to load this data back into Mantid, for fitted/analysed data this warning can be ignored.\n.Instrument-[Warning] Saving Instrument with no XML data. If this was instrument data you may not be able to load this data back into Mantid, for fitted/analysed data this warning can be ignored.\n.Instrument-[Warning] Saving Instrument with no XML data. If this was instrument data you may not be able to load this data back into Mantid, for fitted/analysed data this warning can be ignored.\n.Instrument-[Warning] Saving Instrument with no XML data. If this was instrument data you may not be able to load this data back into Mantid, for fitted/analysed data this warning can be ignored.\n.BinMD-[Notice] BinMD started\nBinMD-[Notice] BinMD successful, Duration 0.01 seconds\nSaveMD-[Notice] SaveMD started\nInstrument-[Warning] Saving Instrument with no XML data. If this was instrument data you may not be able to load this data back into Mantid, for fitted/analysed data this warning can be ignored.\nSaveMD-[Notice] SaveMD successful, Duration 0.02 seconds\nLoadMD-[Notice] LoadMD started\nLoadMD-[Notice] LoadMD successful, Duration 0.03 seconds\n.BinMD-[Notice] BinMD started\nBinMD-[Notice] BinMD successful, Duration 0.01 seconds\nSaveMD-[Notice] SaveMD started\nInstrument-[Warning] Saving Instrument with no XML data. If this was instrument data you may not be able to load this data back into Mantid, for fitted/analysed data this warning can be ignored.\nSaveMD-[Notice] SaveMD successful, Duration 0.02 seconds\nLoadMD-[Notice] LoadMD started\nLoadMD-[Notice] LoadMD successful, Duration 0.03 seconds\nLoadMD-[Notice] LoadMD started\nLoadMD-[Notice] LoadMD successful, Duration 0.03 seconds\n.SaveMD-[Notice] SaveMD started\nInstrument-[Warning] Saving Instrument with no XML data. If this was instrument data you may not be able to load this data back into Mantid, for fitted/analysed data this warning can be ignored.\nSaveMD-[Notice] SaveMD successful, Duration 0.77 seconds\nLoadMD-[Notice] LoadMD started\nLoadMD-[Notice] LoadMD successful, Duration 0.79 seconds\n.LoadMD-[Notice] LoadMD started\nLoadMD-[Notice] LoadMD successful, Duration 0.03 seconds\n.LoadMD-[Notice] LoadMD started\nLoadMD-[Notice] LoadMD successful, Duration 0.04 seconds\n.LoadMD-[Notice] LoadMD started\nSetMDFrame-[Error] Error in execution of algorithm SetMDFrame:\nSetMDFrame-[Error] SetMDFrame: HKL does not have units which are compatible with an HKL frame. Please contact the Mantid team if you believe that the units should be compatible.\nLoadMD-[Warning] LoadMD: An issue occured while trying to correct MDFrames. Trying to revert to original.\nLoadMD-[Notice] LoadMD successful, Duration 0.03 seconds\n.LoadMD-[Notice] LoadMD started\nInstrumentDefinitionParser-[Notice] Geometry cache is not available\nInstrumentDefinitionParser-[Notice] Creating cache in /Users/builder/.mantid/instrument/geometryCache/HB3A3e9aaeae5cac90f8fce5bad1deb092034f4433fc.vtp\nWorkspaceHistory-[Warning] Error opening the algorithm history field &#x27;process&#x27;. Workspace will have no history.\nLoadMD-[Notice] LoadMD successful, Duration 0.42 seconds\n..\nFailed 1 of 24 tests\nSuccess rate: 95%\n\n          Start 1886: MDAlgorithmsTest_LoadMDTest\n"
            }
        }
    }
}