{
    "py/object": "datatable_helper.LTS_Problem_test",
    "data": {
        "AlgorithmsTest_FitPeaksTest": {
            "py/object": "datatable_helper.LTS_Problem_test_entry",
            "test_name": "AlgorithmsTest_FitPeaksTest",
            "latest_failed_build": "435",
            "agent_name": "Linux",
            "last_failed_outcome": "Flake",
            "pipeline_name": "main_nightly_deployment_prototype",
            "past_failed_outcome": {
                "430": "Flake",
                "435": "Flake"
            },
            "last_stack_traces": {
                "py/object": "datatable_helper.Problem_test_trial",
                "test_name": "AlgorithmsTest_FitPeaksTest",
                "build": "435",
                "agent_name": "Linux",
                "trial": 1,
                "outcome": "Failed",
                "test_time": "0.42",
                "stacktrace": "FrameworkManager-[Notice] Welcome to Mantid 6.5.20221027.1652\nFrameworkManager-[Notice] Please cite: http://dx.doi.org/10.1016/j.nima.2014.07.029 and this release: http://dx.doi.org/10.5286/Software/Mantid\nRunning 10 tests.Instrument-[Warning] In Instrument::getSource(). No source has been set.\nInstrument-[Warning] In Instrument::getSamplePos(). No SamplePos has been set.\nFitPeaks-[Notice] FitPeaks started\npure virtual method called\n\n********* UNHANDLED EXCEPTION *********\nSegmentation fault\n\n          Start  303: AlgorithmsTest_FitPeaksTest\n"
            }
        },
        "python.MuonQt5.tf_asymmetry_fitting_view_test.tf_asymmetry_fitting_view_test": {
            "py/object": "datatable_helper.LTS_Problem_test_entry",
            "test_name": "python.MuonQt5.tf_asymmetry_fitting_view_test.tf_asymmetry_fitting_view_test",
            "latest_failed_build": "434",
            "agent_name": "Linux",
            "last_failed_outcome": "Flake",
            "pipeline_name": "main_nightly_deployment_prototype",
            "past_failed_outcome": {
                "434": "Flake"
            },
            "last_stack_traces": {
                "py/object": "datatable_helper.Problem_test_trial",
                "test_name": "python.MuonQt5.tf_asymmetry_fitting_view_test.tf_asymmetry_fitting_view_test",
                "build": "434",
                "agent_name": "Linux",
                "trial": 1,
                "outcome": "Failed",
                "test_time": "2.94",
                "stacktrace": "FrameworkManager-[Notice] Welcome to Mantid 6.5.20221026.1619\nFrameworkManager-[Notice] Please cite: http://dx.doi.org/10.1016/j.nima.2014.07.029 and this release: http://dx.doi.org/10.5286/Software/Mantid\nQStandardPaths: XDG_RUNTIME_DIR not set, defaulting to &#x27;/tmp/runtime-abc&#x27;\n/jenkins_workdir/workspace/main_nightly_deployment_prototype/build/bin/site.py:26: DeprecationWarning: the imp module is deprecated in favour of importlib; see the module&#x27;s documentation for alternative uses\n  import imp  # Avoid import loop in Python 3\n/jenkins_workdir/workspace/main_nightly_deployment_prototype/mambaforge/envs/mantid-developer/lib/python3.8/site-packages/h5py/__init__.py:46: DeprecationWarning: `np.typeDict` is a deprecated alias for `np.sctypeDict`.\n  from ._conv import register_converters as _register_converters\nEEEEEE\n======================================================================\nERROR: test_that_fix_normalisation_is_turned_off_by_default (tf_asymmetry_fitting_view_test.TFAsymmetryFittingViewTest)\n----------------------------------------------------------------------\nAttributeError: &#x27;FitFunctionOptionsView&#x27; object has no attribute &#x27;y&#x27;\n\nThe above exception was the direct cause of the following exception:\n\nTraceback (most recent call last):\n  File &quot;/jenkins_workdir/workspace/main_nightly_deployment_prototype/qt/python/mantidqtinterfaces/test/Muon/fitting_widgets/tf_asymmetry_fitting/tf_asymmetry_fitting_view_test.py&quot;, line 18, in setUp\n    self.view = TFAsymmetryFittingView()\n  File &quot;/jenkins_workdir/workspace/main_nightly_deployment_prototype/qt/python/mantidqtinterfaces/mantidqtinterfaces/Muon/GUI/Common/fitting_widgets/tf_asymmetry_fitting/tf_asymmetry_fitting_view.py&quot;, line 24, in __init__\n    super(TFAsymmetryFittingView, self).__init__(parent)\n  File &quot;/jenkins_workdir/workspace/main_nightly_deployment_prototype/qt/python/mantidqtinterfaces/mantidqtinterfaces/Muon/GUI/Common/fitting_widgets/general_fitting/general_fitting_view.py&quot;, line 25, in __init__\n    super(GeneralFittingView, self).__init__(parent)\n  File &quot;/jenkins_workdir/workspace/main_nightly_deployment_prototype/qt/python/mantidqtinterfaces/mantidqtinterfaces/Muon/GUI/Common/fitting_widgets/basic_fitting/basic_fitting_view.py&quot;, line 33, in __init__\n    self.fit_function_options = FitFunctionOptionsView(self)\n  File &quot;/jenkins_workdir/workspace/main_nightly_deployment_prototype/qt/python/mantidqtinterfaces/mantidqtinterfaces/Muon/GUI/Common/fitting_widgets/basic_fitting/fit_function_options_view.py&quot;, line 48, in __init__\n    self.setupUi(self)\n  File &quot;&lt;string&gt;&quot;, line 71, in setupUi\nSystemError: &lt;built-in function connectSlotsByName&gt; returned a result with an error set\n\n======================================================================\nERROR: test_that_is_normalisation_fixed_can_be_set_to_true (tf_asymmetry_fitting_view_test.TFAsymmetryFittingViewTest)\n----------------------------------------------------------------------\nAttributeError: &#x27;FitFunctionOptionsView&#x27; object has no attribute &#x27;y&#x27;\n\nThe above exception was the direct cause of the following exception:\n\nTraceback (most recent call last):\n  File &quot;/jenkins_workdir/workspace/main_nightly_deployment_prototype/qt/python/mantidqtinterfaces/test/Muon/fitting_widgets/tf_asymmetry_fitting/tf_asymmetry_fitting_view_test.py&quot;, line 18, in setUp\n    self.view = TFAsymmetryFittingView()\n  File &quot;/jenkins_workdir/workspace/main_nightly_deployment_prototype/qt/python/mantidqtinterfaces/mantidqtinterfaces/Muon/GUI/Common/fitting_widgets/tf_asymmetry_fitting/tf_asymmetry_fitting_view.py&quot;, line 24, in __init__\n    super(TFAsymmetryFittingView, self).__init__(parent)\n  File &quot;/jenkins_workdir/workspace/main_nightly_deployment_prototype/qt/python/mantidqtinterfaces/mantidqtinterfaces/Muon/GUI/Common/fitting_widgets/general_fitting/general_fitting_view.py&quot;, line 25, in __init__\n    super(GeneralFittingView, self).__init__(parent)\n  File &quot;/jenkins_workdir/workspace/main_nightly_deployment_prototype/qt/python/mantidqtinterfaces/mantidqtinterfaces/Muon/GUI/Common/fitting_widgets/basic_fitting/basic_fitting_view.py&quot;, line 33, in __init__\n    self.fit_function_options = FitFunctionOptionsView(self)\n  File &quot;/jenkins_workdir/workspace/main_nightly_deployment_prototype/qt/python/mantidqtinterfaces/mantidqtinterfaces/Muon/GUI/Common/fitting_widgets/basic_fitting/fit_function_options_view.py&quot;, line 48, in __init__\n    self.setupUi(self)\n  File &quot;&lt;string&gt;&quot;, line 71, in setupUi\nSystemError: &lt;built-in function connectSlotsByName&gt; returned a result with an error set\n\n======================================================================\nERROR: test_that_tf_asymmetry_mode_can_be_turned_off_and_the_relevant_widgets_hidden (tf_asymmetry_fitting_view_test.TFAsymmetryFittingViewTest)\n----------------------------------------------------------------------\nAttributeError: &#x27;FitFunctionOptionsView&#x27; object has no attribute &#x27;y&#x27;\n\nThe above exception was the direct cause of the following exception:\n\nTraceback (most recent call last):\n  File &quot;/jenkins_workdir/workspace/main_nightly_deployment_prototype/qt/python/mantidqtinterfaces/test/Muon/fitting_widgets/tf_asymmetry_fitting/tf_asymmetry_fitting_view_test.py&quot;, line 18, in setUp\n    self.view = TFAsymmetryFittingView()\n  File &quot;/jenkins_workdir/workspace/main_nightly_deployment_prototype/qt/python/mantidqtinterfaces/mantidqtinterfaces/Muon/GUI/Common/fitting_widgets/tf_asymmetry_fitting/tf_asymmetry_fitting_view.py&quot;, line 24, in __init__\n    super(TFAsymmetryFittingView, self).__init__(parent)\n  File &quot;/jenkins_workdir/workspace/main_nightly_deployment_prototype/qt/python/mantidqtinterfaces/mantidqtinterfaces/Muon/GUI/Common/fitting_widgets/general_fitting/general_fitting_view.py&quot;, line 25, in __init__\n    super(GeneralFittingView, self).__init__(parent)\n  File &quot;/jenkins_workdir/workspace/main_nightly_deployment_prototype/qt/python/mantidqtinterfaces/mantidqtinterfaces/Muon/GUI/Common/fitting_widgets/basic_fitting/basic_fitting_view.py&quot;, line 33, in __init__\n    self.fit_function_options = FitFunctionOptionsView(self)\n  File &quot;/jenkins_workdir/workspace/main_nightly_deployment_prototype/qt/python/mantidqtinterfaces/mantidqtinterfaces/Muon/GUI/Common/fitting_widgets/basic_fitting/fit_function_options_view.py&quot;, line 48, in __init__\n    self.setupUi(self)\n  File &quot;&lt;string&gt;&quot;, line 71, in setupUi\nSystemError: &lt;built-in function connectSlotsByName&gt; returned a result with an error set\n\n======================================================================\nERROR: test_that_tf_asymmetry_mode_can_be_turned_on_and_the_relevant_widgets_shown (tf_asymmetry_fitting_view_test.TFAsymmetryFittingViewTest)\n----------------------------------------------------------------------\nAttributeError: &#x27;FitFunctionOptionsView&#x27; object has no attribute &#x27;y&#x27;\n\nThe above exception was the direct cause of the following exception:\n\nTraceback (most recent call last):\n  File &quot;/jenkins_workdir/workspace/main_nightly_deployment_prototype/qt/python/mantidqtinterfaces/test/Muon/fitting_widgets/tf_asymmetry_fitting/tf_asymmetry_fitting_view_test.py&quot;, line 18, in setUp\n    self.view = TFAsymmetryFittingView()\n  File &quot;/jenkins_workdir/workspace/main_nightly_deployment_prototype/qt/python/mantidqtinterfaces/mantidqtinterfaces/Muon/GUI/Common/fitting_widgets/tf_asymmetry_fitting/tf_asymmetry_fitting_view.py&quot;, line 24, in __init__\n    super(TFAsymmetryFittingView, self).__init__(parent)\n  File &quot;/jenkins_workdir/workspace/main_nightly_deployment_prototype/qt/python/mantidqtinterfaces/mantidqtinterfaces/Muon/GUI/Common/fitting_widgets/general_fitting/general_fitting_view.py&quot;, line 25, in __init__\n    super(GeneralFittingView, self).__init__(parent)\n  File &quot;/jenkins_workdir/workspace/main_nightly_deployment_prototype/qt/python/mantidqtinterfaces/mantidqtinterfaces/Muon/GUI/Common/fitting_widgets/basic_fitting/basic_fitting_view.py&quot;, line 33, in __init__\n    self.fit_function_options = FitFunctionOptionsView(self)\n  File &quot;/jenkins_workdir/workspace/main_nightly_deployment_prototype/qt/python/mantidqtinterfaces/mantidqtinterfaces/Muon/GUI/Common/fitting_widgets/basic_fitting/fit_function_options_view.py&quot;, line 48, in __init__\n    self.setupUi(self)\n  File &quot;&lt;string&gt;&quot;, line 71, in setupUi\nSystemError: &lt;built-in function connectSlotsByName&gt; returned a result with an error set\n\n======================================================================\nERROR: test_that_the_normalisation_can_be_set_as_expected (tf_asymmetry_fitting_view_test.TFAsymmetryFittingViewTest)\n----------------------------------------------------------------------\nAttributeError: &#x27;FitFunctionOptionsView&#x27; object has no attribute &#x27;y&#x27;\n\nThe above exception was the direct cause of the following exception:\n\nTraceback (most recent call last):\n  File &quot;/jenkins_workdir/workspace/main_nightly_deployment_prototype/qt/python/mantidqtinterfaces/test/Muon/fitting_widgets/tf_asymmetry_fitting/tf_asymmetry_fitting_view_test.py&quot;, line 18, in setUp\n    self.view = TFAsymmetryFittingView()\n  File &quot;/jenkins_workdir/workspace/main_nightly_deployment_prototype/qt/python/mantidqtinterfaces/mantidqtinterfaces/Muon/GUI/Common/fitting_widgets/tf_asymmetry_fitting/tf_asymmetry_fitting_view.py&quot;, line 24, in __init__\n    super(TFAsymmetryFittingView, self).__init__(parent)\n  File &quot;/jenkins_workdir/workspace/main_nightly_deployment_prototype/qt/python/mantidqtinterfaces/mantidqtinterfaces/Muon/GUI/Common/fitting_widgets/general_fitting/general_fitting_view.py&quot;, line 25, in __init__\n    super(GeneralFittingView, self).__init__(parent)\n  File &quot;/jenkins_workdir/workspace/main_nightly_deployment_prototype/qt/python/mantidqtinterfaces/mantidqtinterfaces/Muon/GUI/Common/fitting_widgets/basic_fitting/basic_fitting_view.py&quot;, line 33, in __init__\n    self.fit_function_options = FitFunctionOptionsView(self)\n  File &quot;/jenkins_workdir/workspace/main_nightly_deployment_prototype/qt/python/mantidqtinterfaces/mantidqtinterfaces/Muon/GUI/Common/fitting_widgets/basic_fitting/fit_function_options_view.py&quot;, line 48, in __init__\n    self.setupUi(self)\n  File &quot;&lt;string&gt;&quot;, line 71, in setupUi\nSystemError: &lt;built-in function connectSlotsByName&gt; returned a result with an error set\n\n======================================================================\nERROR: test_that_the_view_has_been_initialized_with_the_tf_asymmetry_mode_turned_off_and_the_relevant_widgets_hidden (tf_asymmetry_fitting_view_test.TFAsymmetryFittingViewTest)\n----------------------------------------------------------------------\nAttributeError: &#x27;FitFunctionOptionsView&#x27; object has no attribute &#x27;y&#x27;\n\nThe above exception was the direct cause of the following exception:\n\nTraceback (most recent call last):\n  File &quot;/jenkins_workdir/workspace/main_nightly_deployment_prototype/qt/python/mantidqtinterfaces/test/Muon/fitting_widgets/tf_asymmetry_fitting/tf_asymmetry_fitting_view_test.py&quot;, line 18, in setUp\n    self.view = TFAsymmetryFittingView()\n  File &quot;/jenkins_workdir/workspace/main_nightly_deployment_prototype/qt/python/mantidqtinterfaces/mantidqtinterfaces/Muon/GUI/Common/fitting_widgets/tf_asymmetry_fitting/tf_asymmetry_fitting_view.py&quot;, line 24, in __init__\n    super(TFAsymmetryFittingView, self).__init__(parent)\n  File &quot;/jenkins_workdir/workspace/main_nightly_deployment_prototype/qt/python/mantidqtinterfaces/mantidqtinterfaces/Muon/GUI/Common/fitting_widgets/general_fitting/general_fitting_view.py&quot;, line 25, in __init__\n    super(GeneralFittingView, self).__init__(parent)\n  File &quot;/jenkins_workdir/workspace/main_nightly_deployment_prototype/qt/python/mantidqtinterfaces/mantidqtinterfaces/Muon/GUI/Common/fitting_widgets/basic_fitting/basic_fitting_view.py&quot;, line 33, in __init__\n    self.fit_function_options = FitFunctionOptionsView(self)\n  File &quot;/jenkins_workdir/workspace/main_nightly_deployment_prototype/qt/python/mantidqtinterfaces/mantidqtinterfaces/Muon/GUI/Common/fitting_widgets/basic_fitting/fit_function_options_view.py&quot;, line 48, in __init__\n    self.setupUi(self)\n  File &quot;&lt;string&gt;&quot;, line 71, in setupUi\nSystemError: &lt;built-in function connectSlotsByName&gt; returned a result with an error set\n\n----------------------------------------------------------------------\nRan 6 tests in 0.107s\n\nFAILED (errors=6)\n\n          Start 2191: python.MuonQt5.tf_asymmetry_fitting_view_test.tf_asymmetry_fitting_view_test\n"
            }
        }
    }
}