{
    "py/object": "data_object.Builds_collection",
    "data": {
        "1715": {
            "py/object": "data_object.Build",
            "build_name": "1715",
            "is_completed": false,
            "aggregate": {
                "Tested": null,
                "Passed": null,
                "Flake": null,
                "Failed": null,
                "Timeout": null
            },
            "ctest_runs": {
                "Linux": {
                    "py/object": "data_object.Ctest_run",
                    "agent_name": "Linux",
                    "is_not_found": true,
                    "outcome_count": {
                        "Tested": null,
                        "Passed": null,
                        "Flake": null,
                        "Failed": null,
                        "Timeout": null
                    },
                    "outcome_groups": {}
                }
            }
        },
        "1716": {
            "py/object": "data_object.Build",
            "build_name": "1716",
            "is_completed": false,
            "aggregate": {
                "Tested": null,
                "Passed": null,
                "Flake": null,
                "Failed": null,
                "Timeout": null
            },
            "ctest_runs": {
                "Linux": {
                    "py/object": "data_object.Ctest_run",
                    "agent_name": "Linux",
                    "is_not_found": true,
                    "outcome_count": {
                        "Tested": null,
                        "Passed": null,
                        "Flake": null,
                        "Failed": null,
                        "Timeout": null
                    },
                    "outcome_groups": {}
                }
            }
        },
        "1717": {
            "py/object": "data_object.Build",
            "build_name": "1717",
            "is_completed": false,
            "aggregate": {
                "Tested": null,
                "Passed": null,
                "Flake": null,
                "Failed": null,
                "Timeout": null
            },
            "ctest_runs": {
                "Linux": {
                    "py/object": "data_object.Ctest_run",
                    "agent_name": "Linux",
                    "is_not_found": true,
                    "outcome_count": {
                        "Tested": null,
                        "Passed": null,
                        "Flake": null,
                        "Failed": null,
                        "Timeout": null
                    },
                    "outcome_groups": {}
                }
            }
        },
        "1718": {
            "py/object": "data_object.Build",
            "build_name": "1718",
            "is_completed": false,
            "aggregate": {
                "Tested": null,
                "Passed": null,
                "Flake": null,
                "Failed": null,
                "Timeout": null
            },
            "ctest_runs": {
                "Linux": {
                    "py/object": "data_object.Ctest_run",
                    "agent_name": "Linux",
                    "is_not_found": true,
                    "outcome_count": {
                        "Tested": null,
                        "Passed": null,
                        "Flake": null,
                        "Failed": null,
                        "Timeout": null
                    },
                    "outcome_groups": {}
                }
            }
        },
        "1719": {
            "py/object": "data_object.Build",
            "build_name": "1719",
            "is_completed": false,
            "aggregate": {
                "Tested": null,
                "Passed": null,
                "Flake": null,
                "Failed": null,
                "Timeout": null
            },
            "ctest_runs": {
                "Linux": {
                    "py/object": "data_object.Ctest_run",
                    "agent_name": "Linux",
                    "is_not_found": true,
                    "outcome_count": {
                        "Tested": null,
                        "Passed": null,
                        "Flake": null,
                        "Failed": null,
                        "Timeout": null
                    },
                    "outcome_groups": {}
                }
            }
        },
        "1720": {
            "py/object": "data_object.Build",
            "build_name": "1720",
            "is_completed": false,
            "aggregate": {
                "Tested": null,
                "Passed": null,
                "Flake": null,
                "Failed": null,
                "Timeout": null
            },
            "ctest_runs": {
                "Linux": {
                    "py/object": "data_object.Ctest_run",
                    "agent_name": "Linux",
                    "is_not_found": true,
                    "outcome_count": {
                        "Tested": null,
                        "Passed": null,
                        "Flake": null,
                        "Failed": null,
                        "Timeout": null
                    },
                    "outcome_groups": {}
                }
            }
        },
        "1721": {
            "py/object": "data_object.Build",
            "build_name": "1721",
            "is_completed": false,
            "aggregate": {
                "Tested": null,
                "Passed": null,
                "Flake": null,
                "Failed": null,
                "Timeout": null
            },
            "ctest_runs": {
                "Linux": {
                    "py/object": "data_object.Ctest_run",
                    "agent_name": "Linux",
                    "is_not_found": true,
                    "outcome_count": {
                        "Tested": null,
                        "Passed": null,
                        "Flake": null,
                        "Failed": null,
                        "Timeout": null
                    },
                    "outcome_groups": {}
                }
            }
        },
        "1722": {
            "py/object": "data_object.Build",
            "build_name": "1722",
            "is_completed": false,
            "aggregate": {
                "Tested": null,
                "Passed": null,
                "Flake": null,
                "Failed": null,
                "Timeout": null
            },
            "ctest_runs": {
                "Linux": {
                    "py/object": "data_object.Ctest_run",
                    "agent_name": "Linux",
                    "is_not_found": true,
                    "outcome_count": {
                        "Tested": null,
                        "Passed": null,
                        "Flake": null,
                        "Failed": null,
                        "Timeout": null
                    },
                    "outcome_groups": {}
                }
            }
        },
        "1723": {
            "py/object": "data_object.Build",
            "build_name": "1723",
            "is_completed": false,
            "aggregate": {
                "Tested": null,
                "Passed": null,
                "Flake": null,
                "Failed": null,
                "Timeout": null
            },
            "ctest_runs": {
                "Linux": {
                    "py/object": "data_object.Ctest_run",
                    "agent_name": "Linux",
                    "is_not_found": true,
                    "outcome_count": {
                        "Tested": null,
                        "Passed": null,
                        "Flake": null,
                        "Failed": null,
                        "Timeout": null
                    },
                    "outcome_groups": {}
                }
            }
        },
        "1724": {
            "py/object": "data_object.Build",
            "build_name": "1724",
            "is_completed": false,
            "aggregate": {
                "Tested": null,
                "Passed": null,
                "Flake": null,
                "Failed": null,
                "Timeout": null
            },
            "ctest_runs": {
                "Linux": {
                    "py/object": "data_object.Ctest_run",
                    "agent_name": "Linux",
                    "is_not_found": true,
                    "outcome_count": {
                        "Tested": null,
                        "Passed": null,
                        "Flake": null,
                        "Failed": null,
                        "Timeout": null
                    },
                    "outcome_groups": {}
                }
            }
        },
        "1725": {
            "py/object": "data_object.Build",
            "build_name": "1725",
            "is_completed": false,
            "aggregate": {
                "Tested": null,
                "Passed": null,
                "Flake": null,
                "Failed": null,
                "Timeout": null
            },
            "ctest_runs": {
                "Linux": {
                    "py/object": "data_object.Ctest_run",
                    "agent_name": "Linux",
                    "is_not_found": true,
                    "outcome_count": {
                        "Tested": null,
                        "Passed": null,
                        "Flake": null,
                        "Failed": null,
                        "Timeout": null
                    },
                    "outcome_groups": {}
                }
            }
        },
        "1726": {
            "py/object": "data_object.Build",
            "build_name": "1726",
            "is_completed": false,
            "aggregate": {
                "Tested": null,
                "Passed": null,
                "Flake": null,
                "Failed": null,
                "Timeout": null
            },
            "ctest_runs": {
                "Linux": {
                    "py/object": "data_object.Ctest_run",
                    "agent_name": "Linux",
                    "is_not_found": true,
                    "outcome_count": {
                        "Tested": null,
                        "Passed": null,
                        "Flake": null,
                        "Failed": null,
                        "Timeout": null
                    },
                    "outcome_groups": {}
                }
            }
        },
        "1727": {
            "py/object": "data_object.Build",
            "build_name": "1727",
            "is_completed": false,
            "aggregate": {
                "Tested": null,
                "Passed": null,
                "Flake": null,
                "Failed": null,
                "Timeout": null
            },
            "ctest_runs": {
                "Linux": {
                    "py/object": "data_object.Ctest_run",
                    "agent_name": "Linux",
                    "is_not_found": true,
                    "outcome_count": {
                        "Tested": null,
                        "Passed": null,
                        "Flake": null,
                        "Failed": null,
                        "Timeout": null
                    },
                    "outcome_groups": {}
                }
            }
        },
        "1728": {
            "py/object": "data_object.Build",
            "build_name": "1728",
            "is_completed": false,
            "aggregate": {
                "Tested": null,
                "Passed": null,
                "Flake": null,
                "Failed": null,
                "Timeout": null
            },
            "ctest_runs": {
                "Linux": {
                    "py/object": "data_object.Ctest_run",
                    "agent_name": "Linux",
                    "is_not_found": true,
                    "outcome_count": {
                        "Tested": null,
                        "Passed": null,
                        "Flake": null,
                        "Failed": null,
                        "Timeout": null
                    },
                    "outcome_groups": {}
                }
            }
        },
        "1729": {
            "py/object": "data_object.Build",
            "build_name": "1729",
            "is_completed": false,
            "aggregate": {
                "Tested": null,
                "Passed": null,
                "Flake": null,
                "Failed": null,
                "Timeout": null
            },
            "ctest_runs": {
                "Linux": {
                    "py/object": "data_object.Ctest_run",
                    "agent_name": "Linux",
                    "is_not_found": true,
                    "outcome_count": {
                        "Tested": null,
                        "Passed": null,
                        "Flake": null,
                        "Failed": null,
                        "Timeout": null
                    },
                    "outcome_groups": {}
                }
            }
        },
        "1730": {
            "py/object": "data_object.Build",
            "build_name": "1730",
            "is_completed": false,
            "aggregate": {
                "Tested": null,
                "Passed": null,
                "Flake": null,
                "Failed": null,
                "Timeout": null
            },
            "ctest_runs": {
                "Linux": {
                    "py/object": "data_object.Ctest_run",
                    "agent_name": "Linux",
                    "is_not_found": true,
                    "outcome_count": {
                        "Tested": null,
                        "Passed": null,
                        "Flake": null,
                        "Failed": null,
                        "Timeout": null
                    },
                    "outcome_groups": {}
                }
            }
        },
        "1731": {
            "py/object": "data_object.Build",
            "build_name": "1731",
            "is_completed": false,
            "aggregate": {
                "Tested": null,
                "Passed": null,
                "Flake": null,
                "Failed": null,
                "Timeout": null
            },
            "ctest_runs": {
                "Linux": {
                    "py/object": "data_object.Ctest_run",
                    "agent_name": "Linux",
                    "is_not_found": true,
                    "outcome_count": {
                        "Tested": null,
                        "Passed": null,
                        "Flake": null,
                        "Failed": null,
                        "Timeout": null
                    },
                    "outcome_groups": {}
                }
            }
        },
        "1732": {
            "py/object": "data_object.Build",
            "build_name": "1732",
            "is_completed": false,
            "aggregate": {
                "Tested": null,
                "Passed": null,
                "Flake": null,
                "Failed": null,
                "Timeout": null
            },
            "ctest_runs": {
                "Linux": {
                    "py/object": "data_object.Ctest_run",
                    "agent_name": "Linux",
                    "is_not_found": true,
                    "outcome_count": {
                        "Tested": null,
                        "Passed": null,
                        "Flake": null,
                        "Failed": null,
                        "Timeout": null
                    },
                    "outcome_groups": {}
                }
            }
        },
        "1733": {
            "py/object": "data_object.Build",
            "build_name": "1733",
            "is_completed": false,
            "aggregate": {
                "Tested": null,
                "Passed": null,
                "Flake": null,
                "Failed": null,
                "Timeout": null
            },
            "ctest_runs": {
                "Linux": {
                    "py/object": "data_object.Ctest_run",
                    "agent_name": "Linux",
                    "is_not_found": true,
                    "outcome_count": {
                        "Tested": null,
                        "Passed": null,
                        "Flake": null,
                        "Failed": null,
                        "Timeout": null
                    },
                    "outcome_groups": {}
                }
            }
        },
        "1734": {
            "py/object": "data_object.Build",
            "build_name": "1734",
            "is_completed": false,
            "aggregate": {
                "Tested": null,
                "Passed": null,
                "Flake": null,
                "Failed": null,
                "Timeout": null
            },
            "ctest_runs": {
                "Linux": {
                    "py/object": "data_object.Ctest_run",
                    "agent_name": "Linux",
                    "is_not_found": true,
                    "outcome_count": {
                        "Tested": null,
                        "Passed": null,
                        "Flake": null,
                        "Failed": null,
                        "Timeout": null
                    },
                    "outcome_groups": {}
                }
            }
        },
        "1735": {
            "py/object": "data_object.Build",
            "build_name": "1735",
            "is_completed": false,
            "aggregate": {
                "Tested": null,
                "Passed": null,
                "Flake": null,
                "Failed": null,
                "Timeout": null
            },
            "ctest_runs": {
                "Linux": {
                    "py/object": "data_object.Ctest_run",
                    "agent_name": "Linux",
                    "is_not_found": true,
                    "outcome_count": {
                        "Tested": null,
                        "Passed": null,
                        "Flake": null,
                        "Failed": null,
                        "Timeout": null
                    },
                    "outcome_groups": {}
                }
            }
        },
        "1736": {
            "py/object": "data_object.Build",
            "build_name": "1736",
            "is_completed": false,
            "aggregate": {
                "Tested": null,
                "Passed": null,
                "Flake": null,
                "Failed": null,
                "Timeout": null
            },
            "ctest_runs": {
                "Linux": {
                    "py/object": "data_object.Ctest_run",
                    "agent_name": "Linux",
                    "is_not_found": true,
                    "outcome_count": {
                        "Tested": null,
                        "Passed": null,
                        "Flake": null,
                        "Failed": null,
                        "Timeout": null
                    },
                    "outcome_groups": {}
                }
            }
        },
        "1737": {
            "py/object": "data_object.Build",
            "build_name": "1737",
            "is_completed": false,
            "aggregate": {
                "Tested": null,
                "Passed": null,
                "Flake": null,
                "Failed": null,
                "Timeout": null
            },
            "ctest_runs": {
                "Linux": {
                    "py/object": "data_object.Ctest_run",
                    "agent_name": "Linux",
                    "is_not_found": true,
                    "outcome_count": {
                        "Tested": null,
                        "Passed": null,
                        "Flake": null,
                        "Failed": null,
                        "Timeout": null
                    },
                    "outcome_groups": {}
                }
            }
        },
        "1738": {
            "py/object": "data_object.Build",
            "build_name": "1738",
            "is_completed": false,
            "aggregate": {
                "Tested": null,
                "Passed": null,
                "Flake": null,
                "Failed": null,
                "Timeout": null
            },
            "ctest_runs": {
                "Linux": {
                    "py/object": "data_object.Ctest_run",
                    "agent_name": "Linux",
                    "is_not_found": true,
                    "outcome_count": {
                        "Tested": null,
                        "Passed": null,
                        "Flake": null,
                        "Failed": null,
                        "Timeout": null
                    },
                    "outcome_groups": {}
                }
            }
        },
        "1739": {
            "py/object": "data_object.Build",
            "build_name": "1739",
            "is_completed": false,
            "aggregate": {
                "Tested": null,
                "Passed": null,
                "Flake": null,
                "Failed": null,
                "Timeout": null
            },
            "ctest_runs": {
                "Linux": {
                    "py/object": "data_object.Ctest_run",
                    "agent_name": "Linux",
                    "is_not_found": true,
                    "outcome_count": {
                        "Tested": null,
                        "Passed": null,
                        "Flake": null,
                        "Failed": null,
                        "Timeout": null
                    },
                    "outcome_groups": {}
                }
            }
        },
        "1740": {
            "py/object": "data_object.Build",
            "build_name": "1740",
            "is_completed": false,
            "aggregate": {
                "Tested": null,
                "Passed": null,
                "Flake": null,
                "Failed": null,
                "Timeout": null
            },
            "ctest_runs": {
                "Linux": {
                    "py/object": "data_object.Ctest_run",
                    "agent_name": "Linux",
                    "is_not_found": true,
                    "outcome_count": {
                        "Tested": null,
                        "Passed": null,
                        "Flake": null,
                        "Failed": null,
                        "Timeout": null
                    },
                    "outcome_groups": {}
                }
            }
        },
        "1741": {
            "py/object": "data_object.Build",
            "build_name": "1741",
            "is_completed": false,
            "aggregate": {
                "Tested": null,
                "Passed": null,
                "Flake": null,
                "Failed": null,
                "Timeout": null
            },
            "ctest_runs": {
                "Linux": {
                    "py/object": "data_object.Ctest_run",
                    "agent_name": "Linux",
                    "is_not_found": true,
                    "outcome_count": {
                        "Tested": null,
                        "Passed": null,
                        "Flake": null,
                        "Failed": null,
                        "Timeout": null
                    },
                    "outcome_groups": {}
                }
            }
        },
        "1742": {
            "py/object": "data_object.Build",
            "build_name": "1742",
            "is_completed": false,
            "aggregate": {
                "Tested": null,
                "Passed": null,
                "Flake": null,
                "Failed": null,
                "Timeout": null
            },
            "ctest_runs": {
                "Linux": {
                    "py/object": "data_object.Ctest_run",
                    "agent_name": "Linux",
                    "is_not_found": true,
                    "outcome_count": {
                        "Tested": null,
                        "Passed": null,
                        "Flake": null,
                        "Failed": null,
                        "Timeout": null
                    },
                    "outcome_groups": {}
                }
            }
        },
        "1743": {
            "py/object": "data_object.Build",
            "build_name": "1743",
            "is_completed": true,
            "aggregate": {
                "Tested": 2638,
                "Passed": 2638,
                "Flake": 0,
                "Failed": 0,
                "Timeout": 0
            },
            "ctest_runs": {
                "Linux": {
                    "py/object": "data_object.Ctest_run",
                    "agent_name": "Linux",
                    "is_not_found": false,
                    "outcome_count": {
                        "Tested": 2638,
                        "Passed": 2638,
                        "Flake": 0,
                        "Failed": 0,
                        "Timeout": 0
                    },
                    "outcome_groups": {
                        "Flake": {},
                        "Failed": {},
                        "Timeout": {}
                    }
                }
            }
        },
        "1744": {
            "py/object": "data_object.Build",
            "build_name": "1744",
            "is_completed": true,
            "aggregate": {
                "Tested": 2638,
                "Passed": 2638,
                "Flake": 0,
                "Failed": 0,
                "Timeout": 0
            },
            "ctest_runs": {
                "Linux": {
                    "py/object": "data_object.Ctest_run",
                    "agent_name": "Linux",
                    "is_not_found": false,
                    "outcome_count": {
                        "Tested": 2638,
                        "Passed": 2638,
                        "Flake": 0,
                        "Failed": 0,
                        "Timeout": 0
                    },
                    "outcome_groups": {
                        "Flake": {},
                        "Failed": {},
                        "Timeout": {}
                    }
                }
            }
        },
        "1745": {
            "py/object": "data_object.Build",
            "build_name": "1745",
            "is_completed": true,
            "aggregate": {
                "Tested": 2638,
                "Passed": 2638,
                "Flake": 0,
                "Failed": 0,
                "Timeout": 0
            },
            "ctest_runs": {
                "Linux": {
                    "py/object": "data_object.Ctest_run",
                    "agent_name": "Linux",
                    "is_not_found": false,
                    "outcome_count": {
                        "Tested": 2638,
                        "Passed": 2638,
                        "Flake": 0,
                        "Failed": 0,
                        "Timeout": 0
                    },
                    "outcome_groups": {
                        "Flake": {},
                        "Failed": {},
                        "Timeout": {}
                    }
                }
            }
        },
        "1746": {
            "py/object": "data_object.Build",
            "build_name": "1746",
            "is_completed": true,
            "aggregate": {
                "Tested": 2638,
                "Passed": 2638,
                "Flake": 0,
                "Failed": 0,
                "Timeout": 0
            },
            "ctest_runs": {
                "Linux": {
                    "py/object": "data_object.Ctest_run",
                    "agent_name": "Linux",
                    "is_not_found": false,
                    "outcome_count": {
                        "Tested": 2638,
                        "Passed": 2638,
                        "Flake": 0,
                        "Failed": 0,
                        "Timeout": 0
                    },
                    "outcome_groups": {
                        "Flake": {},
                        "Failed": {},
                        "Timeout": {}
                    }
                }
            }
        },
        "1747": {
            "py/object": "data_object.Build",
            "build_name": "1747",
            "is_completed": true,
            "aggregate": {
                "Tested": 2638,
                "Passed": 2638,
                "Flake": 0,
                "Failed": 0,
                "Timeout": 0
            },
            "ctest_runs": {
                "Linux": {
                    "py/object": "data_object.Ctest_run",
                    "agent_name": "Linux",
                    "is_not_found": false,
                    "outcome_count": {
                        "Tested": 2638,
                        "Passed": 2638,
                        "Flake": 0,
                        "Failed": 0,
                        "Timeout": 0
                    },
                    "outcome_groups": {
                        "Flake": {},
                        "Failed": {},
                        "Timeout": {}
                    }
                }
            }
        },
        "1748": {
            "py/object": "data_object.Build",
            "build_name": "1748",
            "is_completed": true,
            "aggregate": {
                "Tested": 2638,
                "Passed": 2638,
                "Flake": 0,
                "Failed": 0,
                "Timeout": 0
            },
            "ctest_runs": {
                "Linux": {
                    "py/object": "data_object.Ctest_run",
                    "agent_name": "Linux",
                    "is_not_found": false,
                    "outcome_count": {
                        "Tested": 2638,
                        "Passed": 2638,
                        "Flake": 0,
                        "Failed": 0,
                        "Timeout": 0
                    },
                    "outcome_groups": {
                        "Flake": {},
                        "Failed": {},
                        "Timeout": {}
                    }
                }
            }
        },
        "1749": {
            "py/object": "data_object.Build",
            "build_name": "1749",
            "is_completed": true,
            "aggregate": {
                "Tested": 2638,
                "Passed": 2638,
                "Flake": 0,
                "Failed": 0,
                "Timeout": 0
            },
            "ctest_runs": {
                "Linux": {
                    "py/object": "data_object.Ctest_run",
                    "agent_name": "Linux",
                    "is_not_found": false,
                    "outcome_count": {
                        "Tested": 2638,
                        "Passed": 2638,
                        "Flake": 0,
                        "Failed": 0,
                        "Timeout": 0
                    },
                    "outcome_groups": {
                        "Flake": {},
                        "Failed": {},
                        "Timeout": {}
                    }
                }
            }
        },
        "1750": {
            "py/object": "data_object.Build",
            "build_name": "1750",
            "is_completed": true,
            "aggregate": {
                "Tested": 2638,
                "Passed": 2638,
                "Flake": 0,
                "Failed": 0,
                "Timeout": 0
            },
            "ctest_runs": {
                "Linux": {
                    "py/object": "data_object.Ctest_run",
                    "agent_name": "Linux",
                    "is_not_found": false,
                    "outcome_count": {
                        "Tested": 2638,
                        "Passed": 2638,
                        "Flake": 0,
                        "Failed": 0,
                        "Timeout": 0
                    },
                    "outcome_groups": {
                        "Flake": {},
                        "Failed": {},
                        "Timeout": {}
                    }
                }
            }
        },
        "1751": {
            "py/object": "data_object.Build",
            "build_name": "1751",
            "is_completed": true,
            "aggregate": {
                "Tested": 2639,
                "Passed": 2639,
                "Flake": 0,
                "Failed": 0,
                "Timeout": 0
            },
            "ctest_runs": {
                "Linux": {
                    "py/object": "data_object.Ctest_run",
                    "agent_name": "Linux",
                    "is_not_found": false,
                    "outcome_count": {
                        "Tested": 2639,
                        "Passed": 2639,
                        "Flake": 0,
                        "Failed": 0,
                        "Timeout": 0
                    },
                    "outcome_groups": {
                        "Flake": {},
                        "Failed": {},
                        "Timeout": {}
                    }
                }
            }
        },
        "1752": {
            "py/object": "data_object.Build",
            "build_name": "1752",
            "is_completed": false,
            "aggregate": {
                "Tested": null,
                "Passed": null,
                "Flake": null,
                "Failed": null,
                "Timeout": null
            },
            "ctest_runs": {
                "Linux": {
                    "py/object": "data_object.Ctest_run",
                    "agent_name": "Linux",
                    "is_not_found": true,
                    "outcome_count": {
                        "Tested": null,
                        "Passed": null,
                        "Flake": null,
                        "Failed": null,
                        "Timeout": null
                    },
                    "outcome_groups": {}
                }
            }
        },
        "1753": {
            "py/object": "data_object.Build",
            "build_name": "1753",
            "is_completed": true,
            "aggregate": {
                "Tested": 2638,
                "Passed": 2638,
                "Flake": 0,
                "Failed": 0,
                "Timeout": 0
            },
            "ctest_runs": {
                "Linux": {
                    "py/object": "data_object.Ctest_run",
                    "agent_name": "Linux",
                    "is_not_found": false,
                    "outcome_count": {
                        "Tested": 2638,
                        "Passed": 2638,
                        "Flake": 0,
                        "Failed": 0,
                        "Timeout": 0
                    },
                    "outcome_groups": {
                        "Flake": {},
                        "Failed": {},
                        "Timeout": {}
                    }
                }
            }
        },
        "1754": {
            "py/object": "data_object.Build",
            "build_name": "1754",
            "is_completed": true,
            "aggregate": {
                "Tested": 2638,
                "Passed": 2638,
                "Flake": 0,
                "Failed": 0,
                "Timeout": 0
            },
            "ctest_runs": {
                "Linux": {
                    "py/object": "data_object.Ctest_run",
                    "agent_name": "Linux",
                    "is_not_found": false,
                    "outcome_count": {
                        "Tested": 2638,
                        "Passed": 2638,
                        "Flake": 0,
                        "Failed": 0,
                        "Timeout": 0
                    },
                    "outcome_groups": {
                        "Flake": {},
                        "Failed": {},
                        "Timeout": {}
                    }
                }
            }
        },
        "1755": {
            "py/object": "data_object.Build",
            "build_name": "1755",
            "is_completed": true,
            "aggregate": {
                "Tested": 2639,
                "Passed": 2639,
                "Flake": 0,
                "Failed": 0,
                "Timeout": 0
            },
            "ctest_runs": {
                "Linux": {
                    "py/object": "data_object.Ctest_run",
                    "agent_name": "Linux",
                    "is_not_found": false,
                    "outcome_count": {
                        "Tested": 2639,
                        "Passed": 2639,
                        "Flake": 0,
                        "Failed": 0,
                        "Timeout": 0
                    },
                    "outcome_groups": {
                        "Flake": {},
                        "Failed": {},
                        "Timeout": {}
                    }
                }
            }
        },
        "1756": {
            "py/object": "data_object.Build",
            "build_name": "1756",
            "is_completed": true,
            "aggregate": {
                "Tested": 2638,
                "Passed": 2638,
                "Flake": 0,
                "Failed": 0,
                "Timeout": 0
            },
            "ctest_runs": {
                "Linux": {
                    "py/object": "data_object.Ctest_run",
                    "agent_name": "Linux",
                    "is_not_found": false,
                    "outcome_count": {
                        "Tested": 2638,
                        "Passed": 2638,
                        "Flake": 0,
                        "Failed": 0,
                        "Timeout": 0
                    },
                    "outcome_groups": {
                        "Flake": {},
                        "Failed": {},
                        "Timeout": {}
                    }
                }
            }
        },
        "1757": {
            "py/object": "data_object.Build",
            "build_name": "1757",
            "is_completed": true,
            "aggregate": {
                "Tested": 2639,
                "Passed": 2639,
                "Flake": 0,
                "Failed": 0,
                "Timeout": 0
            },
            "ctest_runs": {
                "Linux": {
                    "py/object": "data_object.Ctest_run",
                    "agent_name": "Linux",
                    "is_not_found": false,
                    "outcome_count": {
                        "Tested": 2639,
                        "Passed": 2639,
                        "Flake": 0,
                        "Failed": 0,
                        "Timeout": 0
                    },
                    "outcome_groups": {
                        "Flake": {},
                        "Failed": {},
                        "Timeout": {}
                    }
                }
            }
        },
        "1758": {
            "py/object": "data_object.Build",
            "build_name": "1758",
            "is_completed": false,
            "aggregate": {
                "Tested": null,
                "Passed": null,
                "Flake": null,
                "Failed": null,
                "Timeout": null
            },
            "ctest_runs": {
                "Linux": {
                    "py/object": "data_object.Ctest_run",
                    "agent_name": "Linux",
                    "is_not_found": true,
                    "outcome_count": {
                        "Tested": null,
                        "Passed": null,
                        "Flake": null,
                        "Failed": null,
                        "Timeout": null
                    },
                    "outcome_groups": {}
                }
            }
        },
        "1759": {
            "py/object": "data_object.Build",
            "build_name": "1759",
            "is_completed": true,
            "aggregate": {
                "Tested": 2639,
                "Passed": 2639,
                "Flake": 0,
                "Failed": 0,
                "Timeout": 0
            },
            "ctest_runs": {
                "Linux": {
                    "py/object": "data_object.Ctest_run",
                    "agent_name": "Linux",
                    "is_not_found": false,
                    "outcome_count": {
                        "Tested": 2639,
                        "Passed": 2639,
                        "Flake": 0,
                        "Failed": 0,
                        "Timeout": 0
                    },
                    "outcome_groups": {
                        "Flake": {},
                        "Failed": {},
                        "Timeout": {}
                    }
                }
            }
        },
        "1760": {
            "py/object": "data_object.Build",
            "build_name": "1760",
            "is_completed": true,
            "aggregate": {
                "Tested": 2638,
                "Passed": 2637,
                "Flake": 0,
                "Failed": 1,
                "Timeout": 0
            },
            "ctest_runs": {
                "Linux": {
                    "py/object": "data_object.Ctest_run",
                    "agent_name": "Linux",
                    "is_not_found": false,
                    "outcome_count": {
                        "Tested": 2638,
                        "Passed": 2637,
                        "Flake": 0,
                        "Failed": 1,
                        "Timeout": 0
                    },
                    "outcome_groups": {
                        "Flake": {},
                        "Failed": {
                            "mantidqt_qt5.test_sliceviewer_imageinfowidget.test_sliceviewer_imageinfowidget": {
                                "py/object": "data_object.Ctest_test",
                                "test_name": "mantidqt_qt5.test_sliceviewer_imageinfowidget.test_sliceviewer_imageinfowidget",
                                "trials": [
                                    {
                                        "py/object": "data_object.Ctest_test_trial",
                                        "trial_num": 1,
                                        "outcome": "Failed",
                                        "test_time": "2.08",
                                        "stack_trace": "/jenkins_workdir/workspace/pull_requests-conda-linux/build/bin/site.py:26: DeprecationWarning: the imp module is deprecated in favour of importlib; see the module&#x27;s documentation for alternative uses\n  import imp  # Avoid import loop in Python 3\n/jenkins_workdir/workspace/pull_requests-conda-linux/mambaforge/envs/mantid-developer/lib/python3.8/_collections_abc.py:720: MatplotlibDeprecationWarning: The global colormaps dictionary is no longer considered public API.\n  yield from self._mapping\nEEEEE\n======================================================================\nERROR: test_cursorAt_arguments_correct_when_not_mesh_and_not_transposed (test_sliceviewer_imageinfowidget.ImageInfoTrackerTest)\n----------------------------------------------------------------------\nTraceback (most recent call last):\n  File &quot;/jenkins_workdir/workspace/pull_requests-conda-linux/mambaforge/envs/mantid-developer/lib/python3.8/unittest/mock.py&quot;, line 1325, in patched\n    return func(*newargs, **newkeywargs)\n  File &quot;/jenkins_workdir/workspace/pull_requests-conda-linux/qt/python/mantidqt/mantidqt/widgets/sliceviewer/test/test_sliceviewer_imageinfowidget.py&quot;, line 68, in test_cursorAt_arguments_correct_when_not_mesh_and_not_transposed\n    tracker = ImageInfoTracker(image=self.image,\nTypeError: __init__() missing 1 required positional argument: &#x27;presenter&#x27;\n\n======================================================================\nERROR: test_cursorAt_arguments_correct_when_not_mesh_and_transposed (test_sliceviewer_imageinfowidget.ImageInfoTrackerTest)\n----------------------------------------------------------------------\nTraceback (most recent call last):\n  File &quot;/jenkins_workdir/workspace/pull_requests-conda-linux/mambaforge/envs/mantid-developer/lib/python3.8/unittest/mock.py&quot;, line 1325, in patched\n    return func(*newargs, **newkeywargs)\n  File &quot;/jenkins_workdir/workspace/pull_requests-conda-linux/qt/python/mantidqt/mantidqt/widgets/sliceviewer/test/test_sliceviewer_imageinfowidget.py&quot;, line 84, in test_cursorAt_arguments_correct_when_not_mesh_and_transposed\n    tracker = ImageInfoTracker(image=self.image,\nTypeError: __init__() missing 1 required positional argument: &#x27;presenter&#x27;\n\n======================================================================\nERROR: test_nonortho_transform_applied_when_mesh_and_transfrom_true (test_sliceviewer_imageinfowidget.ImageInfoTrackerTest)\n----------------------------------------------------------------------\nTraceback (most recent call last):\n  File &quot;/jenkins_workdir/workspace/pull_requests-conda-linux/qt/python/mantidqt/mantidqt/widgets/sliceviewer/test/test_sliceviewer_imageinfowidget.py&quot;, line 38, in test_nonortho_transform_applied_when_mesh_and_transfrom_true\n    tracker = ImageInfoTracker(image=self.image,\nTypeError: __init__() missing 1 required positional argument: &#x27;presenter&#x27;\n\n======================================================================\nERROR: test_nonortho_transform_not_applied_when_mesh_and_transfrom_false (test_sliceviewer_imageinfowidget.ImageInfoTrackerTest)\n----------------------------------------------------------------------\nTraceback (most recent call last):\n  File &quot;/jenkins_workdir/workspace/pull_requests-conda-linux/qt/python/mantidqt/mantidqt/widgets/sliceviewer/test/test_sliceviewer_imageinfowidget.py&quot;, line 27, in test_nonortho_transform_not_applied_when_mesh_and_transfrom_false\n    tracker = ImageInfoTracker(image=self.image,\nTypeError: __init__() missing 1 required positional argument: &#x27;presenter&#x27;\n\n======================================================================\nERROR: test_nonortho_transform_not_applied_when_not_mesh (test_sliceviewer_imageinfowidget.ImageInfoTrackerTest)\n----------------------------------------------------------------------\nTraceback (most recent call last):\n  File &quot;/jenkins_workdir/workspace/pull_requests-conda-linux/mambaforge/envs/mantid-developer/lib/python3.8/unittest/mock.py&quot;, line 1325, in patched\n    return func(*newargs, **newkeywargs)\n  File &quot;/jenkins_workdir/workspace/pull_requests-conda-linux/qt/python/mantidqt/mantidqt/widgets/sliceviewer/test/test_sliceviewer_imageinfowidget.py&quot;, line 51, in test_nonortho_transform_not_applied_when_not_mesh\n    tracker = ImageInfoTracker(image=self.image,\nTypeError: __init__() missing 1 required positional argument: &#x27;presenter&#x27;\n\n----------------------------------------------------------------------\nRan 5 tests in 0.038s\n\nFAILED (errors=5)\n\n          Start 2063: mantidqt_qt5.test_sliceviewer_imageinfowidget.test_sliceviewer_imageinfowidget\n"
                                    },
                                    {
                                        "py/object": "data_object.Ctest_test_trial",
                                        "trial_num": 2,
                                        "outcome": "Failed",
                                        "test_time": "2.10",
                                        "stack_trace": "/jenkins_workdir/workspace/pull_requests-conda-linux/build/bin/site.py:26: DeprecationWarning: the imp module is deprecated in favour of importlib; see the module&#x27;s documentation for alternative uses\n  import imp  # Avoid import loop in Python 3\n/jenkins_workdir/workspace/pull_requests-conda-linux/mambaforge/envs/mantid-developer/lib/python3.8/_collections_abc.py:720: MatplotlibDeprecationWarning: The global colormaps dictionary is no longer considered public API.\n  yield from self._mapping\nEEEEE\n======================================================================\nERROR: test_cursorAt_arguments_correct_when_not_mesh_and_not_transposed (test_sliceviewer_imageinfowidget.ImageInfoTrackerTest)\n----------------------------------------------------------------------\nTraceback (most recent call last):\n  File &quot;/jenkins_workdir/workspace/pull_requests-conda-linux/mambaforge/envs/mantid-developer/lib/python3.8/unittest/mock.py&quot;, line 1325, in patched\n    return func(*newargs, **newkeywargs)\n  File &quot;/jenkins_workdir/workspace/pull_requests-conda-linux/qt/python/mantidqt/mantidqt/widgets/sliceviewer/test/test_sliceviewer_imageinfowidget.py&quot;, line 68, in test_cursorAt_arguments_correct_when_not_mesh_and_not_transposed\n    tracker = ImageInfoTracker(image=self.image,\nTypeError: __init__() missing 1 required positional argument: &#x27;presenter&#x27;\n\n======================================================================\nERROR: test_cursorAt_arguments_correct_when_not_mesh_and_transposed (test_sliceviewer_imageinfowidget.ImageInfoTrackerTest)\n----------------------------------------------------------------------\nTraceback (most recent call last):\n  File &quot;/jenkins_workdir/workspace/pull_requests-conda-linux/mambaforge/envs/mantid-developer/lib/python3.8/unittest/mock.py&quot;, line 1325, in patched\n    return func(*newargs, **newkeywargs)\n  File &quot;/jenkins_workdir/workspace/pull_requests-conda-linux/qt/python/mantidqt/mantidqt/widgets/sliceviewer/test/test_sliceviewer_imageinfowidget.py&quot;, line 84, in test_cursorAt_arguments_correct_when_not_mesh_and_transposed\n    tracker = ImageInfoTracker(image=self.image,\nTypeError: __init__() missing 1 required positional argument: &#x27;presenter&#x27;\n\n======================================================================\nERROR: test_nonortho_transform_applied_when_mesh_and_transfrom_true (test_sliceviewer_imageinfowidget.ImageInfoTrackerTest)\n----------------------------------------------------------------------\nTraceback (most recent call last):\n  File &quot;/jenkins_workdir/workspace/pull_requests-conda-linux/qt/python/mantidqt/mantidqt/widgets/sliceviewer/test/test_sliceviewer_imageinfowidget.py&quot;, line 38, in test_nonortho_transform_applied_when_mesh_and_transfrom_true\n    tracker = ImageInfoTracker(image=self.image,\nTypeError: __init__() missing 1 required positional argument: &#x27;presenter&#x27;\n\n======================================================================\nERROR: test_nonortho_transform_not_applied_when_mesh_and_transfrom_false (test_sliceviewer_imageinfowidget.ImageInfoTrackerTest)\n----------------------------------------------------------------------\nTraceback (most recent call last):\n  File &quot;/jenkins_workdir/workspace/pull_requests-conda-linux/qt/python/mantidqt/mantidqt/widgets/sliceviewer/test/test_sliceviewer_imageinfowidget.py&quot;, line 27, in test_nonortho_transform_not_applied_when_mesh_and_transfrom_false\n    tracker = ImageInfoTracker(image=self.image,\nTypeError: __init__() missing 1 required positional argument: &#x27;presenter&#x27;\n\n======================================================================\nERROR: test_nonortho_transform_not_applied_when_not_mesh (test_sliceviewer_imageinfowidget.ImageInfoTrackerTest)\n----------------------------------------------------------------------\nTraceback (most recent call last):\n  File &quot;/jenkins_workdir/workspace/pull_requests-conda-linux/mambaforge/envs/mantid-developer/lib/python3.8/unittest/mock.py&quot;, line 1325, in patched\n    return func(*newargs, **newkeywargs)\n  File &quot;/jenkins_workdir/workspace/pull_requests-conda-linux/qt/python/mantidqt/mantidqt/widgets/sliceviewer/test/test_sliceviewer_imageinfowidget.py&quot;, line 51, in test_nonortho_transform_not_applied_when_not_mesh\n    tracker = ImageInfoTracker(image=self.image,\nTypeError: __init__() missing 1 required positional argument: &#x27;presenter&#x27;\n\n----------------------------------------------------------------------\nRan 5 tests in 0.024s\n\nFAILED (errors=5)\n\n          Start 2063: mantidqt_qt5.test_sliceviewer_imageinfowidget.test_sliceviewer_imageinfowidget\n"
                                    },
                                    {
                                        "py/object": "data_object.Ctest_test_trial",
                                        "trial_num": 3,
                                        "outcome": "Failed",
                                        "test_time": "1.88",
                                        "stack_trace": "/jenkins_workdir/workspace/pull_requests-conda-linux/build/bin/site.py:26: DeprecationWarning: the imp module is deprecated in favour of importlib; see the module&#x27;s documentation for alternative uses\n  import imp  # Avoid import loop in Python 3\n/jenkins_workdir/workspace/pull_requests-conda-linux/mambaforge/envs/mantid-developer/lib/python3.8/_collections_abc.py:720: MatplotlibDeprecationWarning: The global colormaps dictionary is no longer considered public API.\n  yield from self._mapping\nEEEEE\n======================================================================\nERROR: test_cursorAt_arguments_correct_when_not_mesh_and_not_transposed (test_sliceviewer_imageinfowidget.ImageInfoTrackerTest)\n----------------------------------------------------------------------\nTraceback (most recent call last):\n  File &quot;/jenkins_workdir/workspace/pull_requests-conda-linux/mambaforge/envs/mantid-developer/lib/python3.8/unittest/mock.py&quot;, line 1325, in patched\n    return func(*newargs, **newkeywargs)\n  File &quot;/jenkins_workdir/workspace/pull_requests-conda-linux/qt/python/mantidqt/mantidqt/widgets/sliceviewer/test/test_sliceviewer_imageinfowidget.py&quot;, line 68, in test_cursorAt_arguments_correct_when_not_mesh_and_not_transposed\n    tracker = ImageInfoTracker(image=self.image,\nTypeError: __init__() missing 1 required positional argument: &#x27;presenter&#x27;\n\n======================================================================\nERROR: test_cursorAt_arguments_correct_when_not_mesh_and_transposed (test_sliceviewer_imageinfowidget.ImageInfoTrackerTest)\n----------------------------------------------------------------------\nTraceback (most recent call last):\n  File &quot;/jenkins_workdir/workspace/pull_requests-conda-linux/mambaforge/envs/mantid-developer/lib/python3.8/unittest/mock.py&quot;, line 1325, in patched\n    return func(*newargs, **newkeywargs)\n  File &quot;/jenkins_workdir/workspace/pull_requests-conda-linux/qt/python/mantidqt/mantidqt/widgets/sliceviewer/test/test_sliceviewer_imageinfowidget.py&quot;, line 84, in test_cursorAt_arguments_correct_when_not_mesh_and_transposed\n    tracker = ImageInfoTracker(image=self.image,\nTypeError: __init__() missing 1 required positional argument: &#x27;presenter&#x27;\n\n======================================================================\nERROR: test_nonortho_transform_applied_when_mesh_and_transfrom_true (test_sliceviewer_imageinfowidget.ImageInfoTrackerTest)\n----------------------------------------------------------------------\nTraceback (most recent call last):\n  File &quot;/jenkins_workdir/workspace/pull_requests-conda-linux/qt/python/mantidqt/mantidqt/widgets/sliceviewer/test/test_sliceviewer_imageinfowidget.py&quot;, line 38, in test_nonortho_transform_applied_when_mesh_and_transfrom_true\n    tracker = ImageInfoTracker(image=self.image,\nTypeError: __init__() missing 1 required positional argument: &#x27;presenter&#x27;\n\n======================================================================\nERROR: test_nonortho_transform_not_applied_when_mesh_and_transfrom_false (test_sliceviewer_imageinfowidget.ImageInfoTrackerTest)\n----------------------------------------------------------------------\nTraceback (most recent call last):\n  File &quot;/jenkins_workdir/workspace/pull_requests-conda-linux/qt/python/mantidqt/mantidqt/widgets/sliceviewer/test/test_sliceviewer_imageinfowidget.py&quot;, line 27, in test_nonortho_transform_not_applied_when_mesh_and_transfrom_false\n    tracker = ImageInfoTracker(image=self.image,\nTypeError: __init__() missing 1 required positional argument: &#x27;presenter&#x27;\n\n======================================================================\nERROR: test_nonortho_transform_not_applied_when_not_mesh (test_sliceviewer_imageinfowidget.ImageInfoTrackerTest)\n----------------------------------------------------------------------\nTraceback (most recent call last):\n  File &quot;/jenkins_workdir/workspace/pull_requests-conda-linux/mambaforge/envs/mantid-developer/lib/python3.8/unittest/mock.py&quot;, line 1325, in patched\n    return func(*newargs, **newkeywargs)\n  File &quot;/jenkins_workdir/workspace/pull_requests-conda-linux/qt/python/mantidqt/mantidqt/widgets/sliceviewer/test/test_sliceviewer_imageinfowidget.py&quot;, line 51, in test_nonortho_transform_not_applied_when_not_mesh\n    tracker = ImageInfoTracker(image=self.image,\nTypeError: __init__() missing 1 required positional argument: &#x27;presenter&#x27;\n\n----------------------------------------------------------------------\nRan 5 tests in 0.026s\n\nFAILED (errors=5)\n\n          Start 1719: python.functions.MsdPetersTest.MsdPetersTest\n"
                                    }
                                ]
                            }
                        },
                        "Timeout": {}
                    }
                }
            }
        },
        "1761": {
            "py/object": "data_object.Build",
            "build_name": "1761",
            "is_completed": true,
            "aggregate": {
                "Tested": 2638,
                "Passed": 2637,
                "Flake": 1,
                "Failed": 0,
                "Timeout": 0
            },
            "ctest_runs": {
                "Linux": {
                    "py/object": "data_object.Ctest_run",
                    "agent_name": "Linux",
                    "is_not_found": false,
                    "outcome_count": {
                        "Tested": 2638,
                        "Passed": 2637,
                        "Flake": 1,
                        "Failed": 0,
                        "Timeout": 0
                    },
                    "outcome_groups": {
                        "Flake": {
                            "AlgorithmsTest_FitPeaksTest": {
                                "py/object": "data_object.Ctest_test",
                                "test_name": "AlgorithmsTest_FitPeaksTest",
                                "trials": [
                                    {
                                        "py/object": "data_object.Ctest_test_trial",
                                        "trial_num": 1,
                                        "outcome": "Failed",
                                        "test_time": "0.42",
                                        "stack_trace": "FrameworkManager-[Notice] Welcome to Mantid 6.5.20221101.751\nFrameworkManager-[Notice] Please cite: http://dx.doi.org/10.1016/j.nima.2014.07.029 and this release: http://dx.doi.org/10.5286/Software/Mantid\nRunning 10 tests.Instrument-[Warning] In Instrument::getSource(). No source has been set.\nInstrument-[Warning] In Instrument::getSamplePos(). No SamplePos has been set.\nFitPeaks-[Notice] FitPeaks started\npure virtual method called\n\n********* UNHANDLED EXCEPTION *********\nSegmentation fault\n\n          Start  303: AlgorithmsTest_FitPeaksTest\n"
                                    },
                                    {
                                        "py/object": "data_object.Ctest_test_trial",
                                        "trial_num": 2,
                                        "outcome": "Passed",
                                        "test_time": "3.40",
                                        "stack_trace": ""
                                    }
                                ]
                            }
                        },
                        "Failed": {},
                        "Timeout": {}
                    }
                }
            }
        },
        "1762": {
            "py/object": "data_object.Build",
            "build_name": "1762",
            "is_completed": true,
            "aggregate": {
                "Tested": 2638,
                "Passed": 2638,
                "Flake": 0,
                "Failed": 0,
                "Timeout": 0
            },
            "ctest_runs": {
                "Linux": {
                    "py/object": "data_object.Ctest_run",
                    "agent_name": "Linux",
                    "is_not_found": false,
                    "outcome_count": {
                        "Tested": 2638,
                        "Passed": 2638,
                        "Flake": 0,
                        "Failed": 0,
                        "Timeout": 0
                    },
                    "outcome_groups": {
                        "Flake": {},
                        "Failed": {},
                        "Timeout": {}
                    }
                }
            }
        },
        "1763": {
            "py/object": "data_object.Build",
            "build_name": "1763",
            "is_completed": true,
            "aggregate": {
                "Tested": 2638,
                "Passed": 2638,
                "Flake": 0,
                "Failed": 0,
                "Timeout": 0
            },
            "ctest_runs": {
                "Linux": {
                    "py/object": "data_object.Ctest_run",
                    "agent_name": "Linux",
                    "is_not_found": false,
                    "outcome_count": {
                        "Tested": 2638,
                        "Passed": 2638,
                        "Flake": 0,
                        "Failed": 0,
                        "Timeout": 0
                    },
                    "outcome_groups": {
                        "Flake": {},
                        "Failed": {},
                        "Timeout": {}
                    }
                }
            }
        },
        "1764": {
            "py/object": "data_object.Build",
            "build_name": "1764",
            "is_completed": false,
            "aggregate": {
                "Tested": null,
                "Passed": null,
                "Flake": null,
                "Failed": null,
                "Timeout": null
            },
            "ctest_runs": {
                "Linux": {
                    "py/object": "data_object.Ctest_run",
                    "agent_name": "Linux",
                    "is_not_found": true,
                    "outcome_count": {
                        "Tested": null,
                        "Passed": null,
                        "Flake": null,
                        "Failed": null,
                        "Timeout": null
                    },
                    "outcome_groups": {}
                }
            }
        },
        "1765": {
            "py/object": "data_object.Build",
            "build_name": "1765",
            "is_completed": false,
            "aggregate": {
                "Tested": null,
                "Passed": null,
                "Flake": null,
                "Failed": null,
                "Timeout": null
            },
            "ctest_runs": {
                "Linux": {
                    "py/object": "data_object.Ctest_run",
                    "agent_name": "Linux",
                    "is_not_found": true,
                    "outcome_count": {
                        "Tested": null,
                        "Passed": null,
                        "Flake": null,
                        "Failed": null,
                        "Timeout": null
                    },
                    "outcome_groups": {}
                }
            }
        },
        "1766": {
            "py/object": "data_object.Build",
            "build_name": "1766",
            "is_completed": false,
            "aggregate": {
                "Tested": null,
                "Passed": null,
                "Flake": null,
                "Failed": null,
                "Timeout": null
            },
            "ctest_runs": {
                "Linux": {
                    "py/object": "data_object.Ctest_run",
                    "agent_name": "Linux",
                    "is_not_found": true,
                    "outcome_count": {
                        "Tested": null,
                        "Passed": null,
                        "Flake": null,
                        "Failed": null,
                        "Timeout": null
                    },
                    "outcome_groups": {}
                }
            }
        },
        "1767": {
            "py/object": "data_object.Build",
            "build_name": "1767",
            "is_completed": true,
            "aggregate": {
                "Tested": 2638,
                "Passed": 2638,
                "Flake": 0,
                "Failed": 0,
                "Timeout": 0
            },
            "ctest_runs": {
                "Linux": {
                    "py/object": "data_object.Ctest_run",
                    "agent_name": "Linux",
                    "is_not_found": false,
                    "outcome_count": {
                        "Tested": 2638,
                        "Passed": 2638,
                        "Flake": 0,
                        "Failed": 0,
                        "Timeout": 0
                    },
                    "outcome_groups": {
                        "Flake": {},
                        "Failed": {},
                        "Timeout": {}
                    }
                }
            }
        },
        "1768": {
            "py/object": "data_object.Build",
            "build_name": "1768",
            "is_completed": false,
            "aggregate": {
                "Tested": null,
                "Passed": null,
                "Flake": null,
                "Failed": null,
                "Timeout": null
            },
            "ctest_runs": {
                "Linux": {
                    "py/object": "data_object.Ctest_run",
                    "agent_name": "Linux",
                    "is_not_found": true,
                    "outcome_count": {
                        "Tested": null,
                        "Passed": null,
                        "Flake": null,
                        "Failed": null,
                        "Timeout": null
                    },
                    "outcome_groups": {}
                }
            }
        },
        "1769": {
            "py/object": "data_object.Build",
            "build_name": "1769",
            "is_completed": true,
            "aggregate": {
                "Tested": 2638,
                "Passed": 2638,
                "Flake": 0,
                "Failed": 0,
                "Timeout": 0
            },
            "ctest_runs": {
                "Linux": {
                    "py/object": "data_object.Ctest_run",
                    "agent_name": "Linux",
                    "is_not_found": false,
                    "outcome_count": {
                        "Tested": 2638,
                        "Passed": 2638,
                        "Flake": 0,
                        "Failed": 0,
                        "Timeout": 0
                    },
                    "outcome_groups": {
                        "Flake": {},
                        "Failed": {},
                        "Timeout": {}
                    }
                }
            }
        },
        "1770": {
            "py/object": "data_object.Build",
            "build_name": "1770",
            "is_completed": false,
            "aggregate": {
                "Tested": null,
                "Passed": null,
                "Flake": null,
                "Failed": null,
                "Timeout": null
            },
            "ctest_runs": {
                "Linux": {
                    "py/object": "data_object.Ctest_run",
                    "agent_name": "Linux",
                    "is_not_found": true,
                    "outcome_count": {
                        "Tested": null,
                        "Passed": null,
                        "Flake": null,
                        "Failed": null,
                        "Timeout": null
                    },
                    "outcome_groups": {}
                }
            }
        },
        "1771": {
            "py/object": "data_object.Build",
            "build_name": "1771",
            "is_completed": true,
            "aggregate": {
                "Tested": 2638,
                "Passed": 2638,
                "Flake": 0,
                "Failed": 0,
                "Timeout": 0
            },
            "ctest_runs": {
                "Linux": {
                    "py/object": "data_object.Ctest_run",
                    "agent_name": "Linux",
                    "is_not_found": false,
                    "outcome_count": {
                        "Tested": 2638,
                        "Passed": 2638,
                        "Flake": 0,
                        "Failed": 0,
                        "Timeout": 0
                    },
                    "outcome_groups": {
                        "Flake": {},
                        "Failed": {},
                        "Timeout": {}
                    }
                }
            }
        },
        "1772": {
            "py/object": "data_object.Build",
            "build_name": "1772",
            "is_completed": true,
            "aggregate": {
                "Tested": 2639,
                "Passed": 2639,
                "Flake": 0,
                "Failed": 0,
                "Timeout": 0
            },
            "ctest_runs": {
                "Linux": {
                    "py/object": "data_object.Ctest_run",
                    "agent_name": "Linux",
                    "is_not_found": false,
                    "outcome_count": {
                        "Tested": 2639,
                        "Passed": 2639,
                        "Flake": 0,
                        "Failed": 0,
                        "Timeout": 0
                    },
                    "outcome_groups": {
                        "Flake": {},
                        "Failed": {},
                        "Timeout": {}
                    }
                }
            }
        },
        "1773": {
            "py/object": "data_object.Build",
            "build_name": "1773",
            "is_completed": true,
            "aggregate": {
                "Tested": 2638,
                "Passed": 2638,
                "Flake": 0,
                "Failed": 0,
                "Timeout": 0
            },
            "ctest_runs": {
                "Linux": {
                    "py/object": "data_object.Ctest_run",
                    "agent_name": "Linux",
                    "is_not_found": false,
                    "outcome_count": {
                        "Tested": 2638,
                        "Passed": 2638,
                        "Flake": 0,
                        "Failed": 0,
                        "Timeout": 0
                    },
                    "outcome_groups": {
                        "Flake": {},
                        "Failed": {},
                        "Timeout": {}
                    }
                }
            }
        },
        "1774": {
            "py/object": "data_object.Build",
            "build_name": "1774",
            "is_completed": true,
            "aggregate": {
                "Tested": 2638,
                "Passed": 2638,
                "Flake": 0,
                "Failed": 0,
                "Timeout": 0
            },
            "ctest_runs": {
                "Linux": {
                    "py/object": "data_object.Ctest_run",
                    "agent_name": "Linux",
                    "is_not_found": false,
                    "outcome_count": {
                        "Tested": 2638,
                        "Passed": 2638,
                        "Flake": 0,
                        "Failed": 0,
                        "Timeout": 0
                    },
                    "outcome_groups": {
                        "Flake": {},
                        "Failed": {},
                        "Timeout": {}
                    }
                }
            }
        },
        "1775": {
            "py/object": "data_object.Build",
            "build_name": "1775",
            "is_completed": true,
            "aggregate": {
                "Tested": 2638,
                "Passed": 2637,
                "Flake": 1,
                "Failed": 0,
                "Timeout": 0
            },
            "ctest_runs": {
                "Linux": {
                    "py/object": "data_object.Ctest_run",
                    "agent_name": "Linux",
                    "is_not_found": false,
                    "outcome_count": {
                        "Tested": 2638,
                        "Passed": 2637,
                        "Flake": 1,
                        "Failed": 0,
                        "Timeout": 0
                    },
                    "outcome_groups": {
                        "Flake": {
                            "python.MuonQt5.model_fitting_view_test.model_fitting_view_test": {
                                "py/object": "data_object.Ctest_test",
                                "test_name": "python.MuonQt5.model_fitting_view_test.model_fitting_view_test",
                                "trials": [
                                    {
                                        "py/object": "data_object.Ctest_test_trial",
                                        "trial_num": 1,
                                        "outcome": "Failed",
                                        "test_time": "5.58",
                                        "stack_trace": "FrameworkManager-[Notice] Welcome to Mantid 6.5.20221102.921\nFrameworkManager-[Notice] Please cite: http://dx.doi.org/10.1016/j.nima.2014.07.029 and this release: http://dx.doi.org/10.5286/Software/Mantid\nQStandardPaths: XDG_RUNTIME_DIR not set, defaulting to &#x27;/tmp/runtime-abc&#x27;\nlibEGL warning: DRI2: failed to open swrast (search paths /usr/lib64/dri)\nlibEGL warning: DRI2: failed to open swrast (search paths /usr/lib64/dri)\nlibEGL warning: DRI2: failed to open swrast (search paths /usr/lib64/dri)\nlibEGL warning: DRI2: failed to open swrast (search paths /usr/lib64/dri)\nQXcbIntegration: Cannot create platform OpenGL context, neither GLX nor EGL are enabled\n/jenkins_workdir/workspace/pull_requests-conda-linux/build/bin/site.py:26: DeprecationWarning: the imp module is deprecated in favour of importlib; see the module&#x27;s documentation for alternative uses\n  import imp  # Avoid import loop in Python 3\n/jenkins_workdir/workspace/pull_requests-conda-linux/mambaforge/envs/mantid-developer/lib/python3.8/site-packages/h5py/__init__.py:46: DeprecationWarning: `np.typeDict` is a deprecated alias for `np.sctypeDict`.\n  from ._conv import register_converters as _register_converters\nEEEEEEEE\n======================================================================\nERROR: test_that_add_results_table_name_will_add_a_result_table_to_the_workspace_selector (model_fitting_view_test.ModelFittingViewTest)\n----------------------------------------------------------------------\nAttributeError: &#x27;ModelFittingView&#x27; object has no attribute &#x27;y&#x27;\n\nThe above exception was the direct cause of the following exception:\n\nTraceback (most recent call last):\n  File &quot;/jenkins_workdir/workspace/pull_requests-conda-linux/qt/python/mantidqtinterfaces/test/Muon/fitting_widgets/model_fitting/model_fitting_view_test.py&quot;, line 19, in setUp\n    self.view = ModelFittingView()\n  File &quot;/jenkins_workdir/workspace/pull_requests-conda-linux/qt/python/mantidqtinterfaces/mantidqtinterfaces/Muon/GUI/Common/fitting_widgets/model_fitting/model_fitting_view.py&quot;, line 21, in __init__\n    super(ModelFittingView, self).__init__(parent)\n  File &quot;/jenkins_workdir/workspace/pull_requests-conda-linux/qt/python/mantidqtinterfaces/mantidqtinterfaces/Muon/GUI/Common/fitting_widgets/basic_fitting/basic_fitting_view.py&quot;, line 29, in __init__\n    self.setupUi(self)\n  File &quot;&lt;string&gt;&quot;, line 31, in setupUi\nSystemError: &lt;built-in function connectSlotsByName&gt; returned a result with an error set\n\n======================================================================\nERROR: test_that_current_result_table_index_returns_the_expected_index (model_fitting_view_test.ModelFittingViewTest)\n----------------------------------------------------------------------\nAttributeError: &#x27;ModelFittingView&#x27; object has no attribute &#x27;y&#x27;\n\nThe above exception was the direct cause of the following exception:\n\nTraceback (most recent call last):\n  File &quot;/jenkins_workdir/workspace/pull_requests-conda-linux/qt/python/mantidqtinterfaces/test/Muon/fitting_widgets/model_fitting/model_fitting_view_test.py&quot;, line 19, in setUp\n    self.view = ModelFittingView()\n  File &quot;/jenkins_workdir/workspace/pull_requests-conda-linux/qt/python/mantidqtinterfaces/mantidqtinterfaces/Muon/GUI/Common/fitting_widgets/model_fitting/model_fitting_view.py&quot;, line 21, in __init__\n    super(ModelFittingView, self).__init__(parent)\n  File &quot;/jenkins_workdir/workspace/pull_requests-conda-linux/qt/python/mantidqtinterfaces/mantidqtinterfaces/Muon/GUI/Common/fitting_widgets/basic_fitting/basic_fitting_view.py&quot;, line 29, in __init__\n    self.setupUi(self)\n  File &quot;&lt;string&gt;&quot;, line 31, in setupUi\nSystemError: &lt;built-in function connectSlotsByName&gt; returned a result with an error set\n\n======================================================================\nERROR: test_that_the_dataset_workspace_selector_is_hidden_by_default (model_fitting_view_test.ModelFittingViewTest)\n----------------------------------------------------------------------\nAttributeError: &#x27;ModelFittingView&#x27; object has no attribute &#x27;y&#x27;\n\nThe above exception was the direct cause of the following exception:\n\nTraceback (most recent call last):\n  File &quot;/jenkins_workdir/workspace/pull_requests-conda-linux/qt/python/mantidqtinterfaces/test/Muon/fitting_widgets/model_fitting/model_fitting_view_test.py&quot;, line 19, in setUp\n    self.view = ModelFittingView()\n  File &quot;/jenkins_workdir/workspace/pull_requests-conda-linux/qt/python/mantidqtinterfaces/mantidqtinterfaces/Muon/GUI/Common/fitting_widgets/model_fitting/model_fitting_view.py&quot;, line 21, in __init__\n    super(ModelFittingView, self).__init__(parent)\n  File &quot;/jenkins_workdir/workspace/pull_requests-conda-linux/qt/python/mantidqtinterfaces/mantidqtinterfaces/Muon/GUI/Common/fitting_widgets/basic_fitting/basic_fitting_view.py&quot;, line 29, in __init__\n    self.setupUi(self)\n  File &quot;&lt;string&gt;&quot;, line 31, in setupUi\nSystemError: &lt;built-in function connectSlotsByName&gt; returned a result with an error set\n\n======================================================================\nERROR: test_that_the_view_is_enabled_if_results_tables_exist (model_fitting_view_test.ModelFittingViewTest)\n----------------------------------------------------------------------\nAttributeError: &#x27;ModelFittingView&#x27; object has no attribute &#x27;y&#x27;\n\nThe above exception was the direct cause of the following exception:\n\nTraceback (most recent call last):\n  File &quot;/jenkins_workdir/workspace/pull_requests-conda-linux/qt/python/mantidqtinterfaces/test/Muon/fitting_widgets/model_fitting/model_fitting_view_test.py&quot;, line 19, in setUp\n    self.view = ModelFittingView()\n  File &quot;/jenkins_workdir/workspace/pull_requests-conda-linux/qt/python/mantidqtinterfaces/mantidqtinterfaces/Muon/GUI/Common/fitting_widgets/model_fitting/model_fitting_view.py&quot;, line 21, in __init__\n    super(ModelFittingView, self).__init__(parent)\n  File &quot;/jenkins_workdir/workspace/pull_requests-conda-linux/qt/python/mantidqtinterfaces/mantidqtinterfaces/Muon/GUI/Common/fitting_widgets/basic_fitting/basic_fitting_view.py&quot;, line 29, in __init__\n    self.setupUi(self)\n  File &quot;&lt;string&gt;&quot;, line 31, in setupUi\nSystemError: &lt;built-in function connectSlotsByName&gt; returned a result with an error set\n\n======================================================================\nERROR: test_that_the_view_is_not_enabled_if_results_tables_do_not_exist (model_fitting_view_test.ModelFittingViewTest)\n----------------------------------------------------------------------\nAttributeError: &#x27;ModelFittingView&#x27; object has no attribute &#x27;y&#x27;\n\nThe above exception was the direct cause of the following exception:\n\nTraceback (most recent call last):\n  File &quot;/jenkins_workdir/workspace/pull_requests-conda-linux/qt/python/mantidqtinterfaces/test/Muon/fitting_widgets/model_fitting/model_fitting_view_test.py&quot;, line 19, in setUp\n    self.view = ModelFittingView()\n  File &quot;/jenkins_workdir/workspace/pull_requests-conda-linux/qt/python/mantidqtinterfaces/mantidqtinterfaces/Muon/GUI/Common/fitting_widgets/model_fitting/model_fitting_view.py&quot;, line 21, in __init__\n    super(ModelFittingView, self).__init__(parent)\n  File &quot;/jenkins_workdir/workspace/pull_requests-conda-linux/qt/python/mantidqtinterfaces/mantidqtinterfaces/Muon/GUI/Common/fitting_widgets/basic_fitting/basic_fitting_view.py&quot;, line 29, in __init__\n    self.setupUi(self)\n  File &quot;&lt;string&gt;&quot;, line 31, in setupUi\nSystemError: &lt;built-in function connectSlotsByName&gt; returned a result with an error set\n\n======================================================================\nERROR: test_that_update_result_table_names_will_select_the_previously_selected_item_if_it_still_exists (model_fitting_view_test.ModelFittingViewTest)\n----------------------------------------------------------------------\nAttributeError: &#x27;ModelFittingView&#x27; object has no attribute &#x27;y&#x27;\n\nThe above exception was the direct cause of the following exception:\n\nTraceback (most recent call last):\n  File &quot;/jenkins_workdir/workspace/pull_requests-conda-linux/qt/python/mantidqtinterfaces/test/Muon/fitting_widgets/model_fitting/model_fitting_view_test.py&quot;, line 19, in setUp\n    self.view = ModelFittingView()\n  File &quot;/jenkins_workdir/workspace/pull_requests-conda-linux/qt/python/mantidqtinterfaces/mantidqtinterfaces/Muon/GUI/Common/fitting_widgets/model_fitting/model_fitting_view.py&quot;, line 21, in __init__\n    super(ModelFittingView, self).__init__(parent)\n  File &quot;/jenkins_workdir/workspace/pull_requests-conda-linux/qt/python/mantidqtinterfaces/mantidqtinterfaces/Muon/GUI/Common/fitting_widgets/basic_fitting/basic_fitting_view.py&quot;, line 29, in __init__\n    self.setupUi(self)\n  File &quot;&lt;string&gt;&quot;, line 31, in setupUi\nSystemError: &lt;built-in function connectSlotsByName&gt; returned a result with an error set\n\n======================================================================\nERROR: test_that_update_result_table_names_will_set_the_names_in_the_result_table_names_combobox (model_fitting_view_test.ModelFittingViewTest)\n----------------------------------------------------------------------\nAttributeError: &#x27;ModelFittingView&#x27; object has no attribute &#x27;y&#x27;\n\nThe above exception was the direct cause of the following exception:\n\nTraceback (most recent call last):\n  File &quot;/jenkins_workdir/workspace/pull_requests-conda-linux/qt/python/mantidqtinterfaces/test/Muon/fitting_widgets/model_fitting/model_fitting_view_test.py&quot;, line 19, in setUp\n    self.view = ModelFittingView()\n  File &quot;/jenkins_workdir/workspace/pull_requests-conda-linux/qt/python/mantidqtinterfaces/mantidqtinterfaces/Muon/GUI/Common/fitting_widgets/model_fitting/model_fitting_view.py&quot;, line 21, in __init__\n    super(ModelFittingView, self).__init__(parent)\n  File &quot;/jenkins_workdir/workspace/pull_requests-conda-linux/qt/python/mantidqtinterfaces/mantidqtinterfaces/Muon/GUI/Common/fitting_widgets/basic_fitting/basic_fitting_view.py&quot;, line 29, in __init__\n    self.setupUi(self)\n  File &quot;&lt;string&gt;&quot;, line 31, in setupUi\nSystemError: &lt;built-in function connectSlotsByName&gt; returned a result with an error set\n\n======================================================================\nERROR: test_that_update_x_and_y_parameters_will_update_the_x_and_y_parameters (model_fitting_view_test.ModelFittingViewTest)\n----------------------------------------------------------------------\nAttributeError: &#x27;ModelFittingView&#x27; object has no attribute &#x27;y&#x27;\n\nThe above exception was the direct cause of the following exception:\n\nTraceback (most recent call last):\n  File &quot;/jenkins_workdir/workspace/pull_requests-conda-linux/qt/python/mantidqtinterfaces/test/Muon/fitting_widgets/model_fitting/model_fitting_view_test.py&quot;, line 19, in setUp\n    self.view = ModelFittingView()\n  File &quot;/jenkins_workdir/workspace/pull_requests-conda-linux/qt/python/mantidqtinterfaces/mantidqtinterfaces/Muon/GUI/Common/fitting_widgets/model_fitting/model_fitting_view.py&quot;, line 21, in __init__\n    super(ModelFittingView, self).__init__(parent)\n  File &quot;/jenkins_workdir/workspace/pull_requests-conda-linux/qt/python/mantidqtinterfaces/mantidqtinterfaces/Muon/GUI/Common/fitting_widgets/basic_fitting/basic_fitting_view.py&quot;, line 29, in __init__\n    self.setupUi(self)\n  File &quot;&lt;string&gt;&quot;, line 31, in setupUi\nSystemError: &lt;built-in function connectSlotsByName&gt; returned a result with an error set\n\n----------------------------------------------------------------------\nRan 8 tests in 0.036s\n\nFAILED (errors=8)\n\n          Start 2188: python.MuonQt5.model_fitting_view_test.model_fitting_view_test\n"
                                    },
                                    {
                                        "py/object": "data_object.Ctest_test_trial",
                                        "trial_num": 2,
                                        "outcome": "Passed",
                                        "test_time": "5.26",
                                        "stack_trace": ""
                                    }
                                ]
                            }
                        },
                        "Failed": {},
                        "Timeout": {}
                    }
                }
            }
        },
        "1776": {
            "py/object": "data_object.Build",
            "build_name": "1776",
            "is_completed": true,
            "aggregate": {
                "Tested": 2639,
                "Passed": 2637,
                "Flake": 1,
                "Failed": 1,
                "Timeout": 0
            },
            "ctest_runs": {
                "Linux": {
                    "py/object": "data_object.Ctest_run",
                    "agent_name": "Linux",
                    "is_not_found": false,
                    "outcome_count": {
                        "Tested": 2639,
                        "Passed": 2637,
                        "Flake": 1,
                        "Failed": 1,
                        "Timeout": 0
                    },
                    "outcome_groups": {
                        "Flake": {
                            "python.MuonQt5.tf_asymmetry_fitting_options_view_test.tf_asymmetry_fitting_options_view_test": {
                                "py/object": "data_object.Ctest_test",
                                "test_name": "python.MuonQt5.tf_asymmetry_fitting_options_view_test.tf_asymmetry_fitting_options_view_test",
                                "trials": [
                                    {
                                        "py/object": "data_object.Ctest_test_trial",
                                        "trial_num": 1,
                                        "outcome": "Failed",
                                        "test_time": "1.32",
                                        "stack_trace": "QStandardPaths: XDG_RUNTIME_DIR not set, defaulting to &#x27;/tmp/runtime-abc&#x27;\n/jenkins_workdir/workspace/pull_requests-conda-linux/build/bin/site.py:26: DeprecationWarning: the imp module is deprecated in favour of importlib; see the module&#x27;s documentation for alternative uses\n  import imp  # Avoid import loop in Python 3\n.EEEEEEE\n======================================================================\nERROR: test_that_hide_normalisation_options_will_hide_all_of_the_tf_asymmetry_options (tf_asymmetry_fitting_options_view_test.TFAsymmetryFittingOptionsViewTest)\n----------------------------------------------------------------------\nAttributeError: __getattribute__\n\nThe above exception was the direct cause of the following exception:\n\nTraceback (most recent call last):\n  File &quot;/jenkins_workdir/workspace/pull_requests-conda-linux/qt/python/mantidqtinterfaces/test/Muon/fitting_widgets/tf_asymmetry_fitting/tf_asymmetry_fitting_options_view_test.py&quot;, line 20, in setUp\n    self.view = TFAsymmetryFittingOptionsView()\n  File &quot;/jenkins_workdir/workspace/pull_requests-conda-linux/qt/python/mantidqtinterfaces/mantidqtinterfaces/Muon/GUI/Common/fitting_widgets/tf_asymmetry_fitting/tf_asymmetry_fitting_options_view.py&quot;, line 23, in __init__\n    self.setupUi(self)\n  File &quot;&lt;string&gt;&quot;, line 44, in setupUi\nSystemError: &lt;built-in function connectSlotsByName&gt; returned a result with an error set\n\n======================================================================\nERROR: test_that_is_normalisation_fixed_can_be_set_to_true (tf_asymmetry_fitting_options_view_test.TFAsymmetryFittingOptionsViewTest)\n----------------------------------------------------------------------\nAttributeError: __getattribute__\n\nThe above exception was the direct cause of the following exception:\n\nTraceback (most recent call last):\n  File &quot;/jenkins_workdir/workspace/pull_requests-conda-linux/qt/python/mantidqtinterfaces/test/Muon/fitting_widgets/tf_asymmetry_fitting/tf_asymmetry_fitting_options_view_test.py&quot;, line 20, in setUp\n    self.view = TFAsymmetryFittingOptionsView()\n  File &quot;/jenkins_workdir/workspace/pull_requests-conda-linux/qt/python/mantidqtinterfaces/mantidqtinterfaces/Muon/GUI/Common/fitting_widgets/tf_asymmetry_fitting/tf_asymmetry_fitting_options_view.py&quot;, line 23, in __init__\n    self.setupUi(self)\n  File &quot;&lt;string&gt;&quot;, line 44, in setupUi\nSystemError: &lt;built-in function connectSlotsByName&gt; returned a result with an error set\n\n======================================================================\nERROR: test_that_set_tf_asymmetry_mode_will_hide_the_tf_asymmetry_options_when_set_to_false (tf_asymmetry_fitting_options_view_test.TFAsymmetryFittingOptionsViewTest)\n----------------------------------------------------------------------\nAttributeError: __getattribute__\n\nThe above exception was the direct cause of the following exception:\n\nTraceback (most recent call last):\n  File &quot;/jenkins_workdir/workspace/pull_requests-conda-linux/qt/python/mantidqtinterfaces/test/Muon/fitting_widgets/tf_asymmetry_fitting/tf_asymmetry_fitting_options_view_test.py&quot;, line 20, in setUp\n    self.view = TFAsymmetryFittingOptionsView()\n  File &quot;/jenkins_workdir/workspace/pull_requests-conda-linux/qt/python/mantidqtinterfaces/mantidqtinterfaces/Muon/GUI/Common/fitting_widgets/tf_asymmetry_fitting/tf_asymmetry_fitting_options_view.py&quot;, line 23, in __init__\n    self.setupUi(self)\n  File &quot;&lt;string&gt;&quot;, line 44, in setupUi\nSystemError: &lt;built-in function connectSlotsByName&gt; returned a result with an error set\n\n======================================================================\nERROR: test_that_set_tf_asymmetry_mode_will_show_the_tf_asymmetry_options_when_set_to_true (tf_asymmetry_fitting_options_view_test.TFAsymmetryFittingOptionsViewTest)\n----------------------------------------------------------------------\nAttributeError: __getattribute__\n\nThe above exception was the direct cause of the following exception:\n\nTraceback (most recent call last):\n  File &quot;/jenkins_workdir/workspace/pull_requests-conda-linux/qt/python/mantidqtinterfaces/test/Muon/fitting_widgets/tf_asymmetry_fitting/tf_asymmetry_fitting_options_view_test.py&quot;, line 20, in setUp\n    self.view = TFAsymmetryFittingOptionsView()\n  File &quot;/jenkins_workdir/workspace/pull_requests-conda-linux/qt/python/mantidqtinterfaces/mantidqtinterfaces/Muon/GUI/Common/fitting_widgets/tf_asymmetry_fitting/tf_asymmetry_fitting_options_view.py&quot;, line 23, in __init__\n    self.setupUi(self)\n  File &quot;&lt;string&gt;&quot;, line 44, in setupUi\nSystemError: &lt;built-in function connectSlotsByName&gt; returned a result with an error set\n\n======================================================================\nERROR: test_that_show_normalisation_options_will_show_all_of_the_tf_asymmetry_options (tf_asymmetry_fitting_options_view_test.TFAsymmetryFittingOptionsViewTest)\n----------------------------------------------------------------------\nAttributeError: __getattribute__\n\nThe above exception was the direct cause of the following exception:\n\nTraceback (most recent call last):\n  File &quot;/jenkins_workdir/workspace/pull_requests-conda-linux/qt/python/mantidqtinterfaces/test/Muon/fitting_widgets/tf_asymmetry_fitting/tf_asymmetry_fitting_options_view_test.py&quot;, line 20, in setUp\n    self.view = TFAsymmetryFittingOptionsView()\n  File &quot;/jenkins_workdir/workspace/pull_requests-conda-linux/qt/python/mantidqtinterfaces/mantidqtinterfaces/Muon/GUI/Common/fitting_widgets/tf_asymmetry_fitting/tf_asymmetry_fitting_options_view.py&quot;, line 23, in __init__\n    self.setupUi(self)\n  File &quot;&lt;string&gt;&quot;, line 44, in setupUi\nSystemError: &lt;built-in function connectSlotsByName&gt; returned a result with an error set\n\n======================================================================\nERROR: test_that_the_normalisation_can_be_set_as_expected (tf_asymmetry_fitting_options_view_test.TFAsymmetryFittingOptionsViewTest)\n----------------------------------------------------------------------\nAttributeError: __getattribute__\n\nThe above exception was the direct cause of the following exception:\n\nTraceback (most recent call last):\n  File &quot;/jenkins_workdir/workspace/pull_requests-conda-linux/qt/python/mantidqtinterfaces/test/Muon/fitting_widgets/tf_asymmetry_fitting/tf_asymmetry_fitting_options_view_test.py&quot;, line 20, in setUp\n    self.view = TFAsymmetryFittingOptionsView()\n  File &quot;/jenkins_workdir/workspace/pull_requests-conda-linux/qt/python/mantidqtinterfaces/mantidqtinterfaces/Muon/GUI/Common/fitting_widgets/tf_asymmetry_fitting/tf_asymmetry_fitting_options_view.py&quot;, line 23, in __init__\n    self.setupUi(self)\n  File &quot;&lt;string&gt;&quot;, line 44, in setupUi\nSystemError: &lt;built-in function connectSlotsByName&gt; returned a result with an error set\n\n======================================================================\nERROR: test_that_the_view_has_been_initialized_with_a_normalisation_line_edit_which_has_a_validator (tf_asymmetry_fitting_options_view_test.TFAsymmetryFittingOptionsViewTest)\n----------------------------------------------------------------------\nAttributeError: __getattribute__\n\nThe above exception was the direct cause of the following exception:\n\nTraceback (most recent call last):\n  File &quot;/jenkins_workdir/workspace/pull_requests-conda-linux/qt/python/mantidqtinterfaces/test/Muon/fitting_widgets/tf_asymmetry_fitting/tf_asymmetry_fitting_options_view_test.py&quot;, line 20, in setUp\n    self.view = TFAsymmetryFittingOptionsView()\n  File &quot;/jenkins_workdir/workspace/pull_requests-conda-linux/qt/python/mantidqtinterfaces/mantidqtinterfaces/Muon/GUI/Common/fitting_widgets/tf_asymmetry_fitting/tf_asymmetry_fitting_options_view.py&quot;, line 23, in __init__\n    self.setupUi(self)\n  File &quot;&lt;string&gt;&quot;, line 44, in setupUi\nSystemError: &lt;built-in function connectSlotsByName&gt; returned a result with an error set\n\n----------------------------------------------------------------------\nRan 8 tests in 0.222s\n\nFAILED (errors=7)\n\n          Start 2191: python.MuonQt5.tf_asymmetry_fitting_options_view_test.tf_asymmetry_fitting_options_view_test\n"
                                    },
                                    {
                                        "py/object": "data_object.Ctest_test_trial",
                                        "trial_num": 2,
                                        "outcome": "Passed",
                                        "test_time": "1.67",
                                        "stack_trace": ""
                                    }
                                ]
                            }
                        },
                        "Failed": {
                            "mantidqt_qt5.test_sample_shape.test_sample_shape": {
                                "py/object": "data_object.Ctest_test",
                                "test_name": "mantidqt_qt5.test_sample_shape.test_sample_shape",
                                "trials": [
                                    {
                                        "py/object": "data_object.Ctest_test_trial",
                                        "trial_num": 1,
                                        "outcome": "Failed",
                                        "test_time": "19.05",
                                        "stack_trace": "FrameworkManager-[Notice] Welcome to Mantid 6.5.20221102.1009\nFrameworkManager-[Notice] Please cite: http://dx.doi.org/10.1016/j.nima.2014.07.029 and this release: http://dx.doi.org/10.5286/Software/Mantid\nCreateWorkspace-[Notice] CreateWorkspace started\nCreateWorkspace-[Notice] CreateWorkspace successful, Duration 0.06 seconds\nDeleteWorkspace-[Notice] DeleteWorkspace started\nDeleteWorkspace-[Notice] DeleteWorkspace successful, Duration 0.00 seconds\n/jenkins_workdir/workspace/pull_requests-conda-linux/build/bin/site.py:26: DeprecationWarning: the imp module is deprecated in favour of importlib; see the module&#x27;s documentation for alternative uses\n  import imp  # Avoid import loop in Python 3\n/jenkins_workdir/workspace/pull_requests-conda-linux/mambaforge/envs/mantid-developer/lib/python3.8/site-packages/h5py/__init__.py:46: DeprecationWarning: `np.typeDict` is a deprecated alias for `np.sctypeDict`.\n  from ._conv import register_converters as _register_converters\n.CreateWorkspace-[Notice] CreateWorkspace started\nCreateWorkspace-[Notice] CreateWorkspace successful, Duration 0.01 seconds\nSetSample-[Notice] SetSample started\nSetSample-[Notice] SetSample successful, Duration 1.39 seconds\nDeleteWorkspace-[Notice] DeleteWorkspace started\nDeleteWorkspace-[Notice] DeleteWorkspace successful, Duration 0.00 seconds\n.CreateSampleWorkspace-[Notice] CreateSampleWorkspace started\nCreateSampleWorkspace-[Notice] CreateSampleWorkspace successful, Duration 0.01 seconds\nDeleteWorkspace-[Notice] DeleteWorkspace started\nDeleteWorkspace-[Notice] DeleteWorkspace successful, Duration 0.00 seconds\n.CreateWorkspace-[Notice] CreateWorkspace started\nCreateWorkspace-[Notice] CreateWorkspace successful, Duration 0.00 seconds\nLoadInstrument-[Notice] LoadInstrument started\nInstrumentDefinitionParser-[Notice] Geometry cache is not available\nInstrumentDefinitionParser-[Notice] Creating cache in /home/abc/.mantid/instrument/geometryCache/PEARL3011f39a5a2d259bdda6e751162199abf2deb9d2.vtp\nLoadInstrument-[Notice] LoadInstrument successful, Duration 0.01 seconds\nSetSample-[Notice] SetSample started\nSetSample-[Notice] SetSample successful, Duration 0.14 seconds\nDeleteWorkspace-[Notice] DeleteWorkspace started\nDeleteWorkspace-[Notice] DeleteWorkspace successful, Duration 0.00 seconds\nMatplotlib is currently using agg, which is a non-GUI backend, so cannot show the figure.\n.CreateWorkspace-[Notice] CreateWorkspace started\nCreateWorkspace-[Notice] CreateWorkspace successful, Duration 0.01 seconds\nLoadInstrument-[Notice] LoadInstrument started\nLoadInstrument-[Notice] LoadInstrument successful, Duration 0.00 seconds\nSetSample-[Notice] SetSample started\nSetSample-[Notice] SetSample successful, Duration 0.00 seconds\nDeleteWorkspace-[Notice] DeleteWorkspace started\nDeleteWorkspace-[Notice] DeleteWorkspace successful, Duration 0.00 seconds\nMatplotlib is currently using agg, which is a non-GUI backend, so cannot show the figure.\n.CreateWorkspace-[Notice] CreateWorkspace started\nCreateWorkspace-[Notice] CreateWorkspace successful, Duration 0.00 seconds\nLoadInstrument-[Notice] LoadInstrument started\nLoadInstrument-[Notice] LoadInstrument successful, Duration 0.00 seconds\nSetSample-[Notice] SetSample started\nSetSample-[Notice] SetSample successful, Duration 0.00 seconds\nDeleteWorkspace-[Notice] DeleteWorkspace started\nDeleteWorkspace-[Notice] DeleteWorkspace successful, Duration 0.00 seconds\nMatplotlib is currently using agg, which is a non-GUI backend, so cannot show the figure.\n.CreateWorkspace-[Notice] CreateWorkspace started\nCreateWorkspace-[Notice] CreateWorkspace successful, Duration 0.00 seconds\nLoadInstrument-[Notice] LoadInstrument started\nLoadInstrument-[Notice] LoadInstrument successful, Duration 0.00 seconds\nSetSample-[Notice] SetSample started\nSetSample-[Notice] SetSample successful, Duration 0.00 seconds\nDeleteWorkspace-[Notice] DeleteWorkspace started\nDeleteWorkspace-[Notice] DeleteWorkspace successful, Duration 0.00 seconds\n.CreateWorkspace-[Notice] CreateWorkspace started\nCreateWorkspace-[Notice] CreateWorkspace successful, Duration 0.00 seconds\nLoadInstrument-[Notice] LoadInstrument started\nLoadInstrument-[Notice] LoadInstrument successful, Duration 0.00 seconds\nSetSample-[Notice] SetSample started\nSetSample-[Notice] SetSample successful, Duration 0.00 seconds\nDeleteWorkspace-[Notice] DeleteWorkspace started\nDeleteWorkspace-[Notice] DeleteWorkspace successful, Duration 0.00 seconds\n.CreateWorkspace-[Notice] CreateWorkspace started\nCreateWorkspace-[Notice] CreateWorkspace successful, Duration 0.00 seconds\nLoadInstrument-[Notice] LoadInstrument started\nLoadInstrument-[Notice] LoadInstrument successful, Duration 0.00 seconds\nSetSample-[Notice] SetSample started\nSetSample-[Notice] SetSample successful, Duration 0.00 seconds\nDeleteWorkspace-[Notice] DeleteWorkspace started\nDeleteWorkspace-[Notice] DeleteWorkspace successful, Duration 0.00 seconds\n.CreateSampleWorkspace-[Notice] CreateSampleWorkspace started\nCreateSampleWorkspace-[Notice] CreateSampleWorkspace successful, Duration 0.01 seconds\nLoadSampleShape-[Notice] LoadSampleShape started\nLoadSampleShape-[Notice] LoadSampleShape successful, Duration 0.02 seconds\nDeleteWorkspace-[Notice] DeleteWorkspace started\nDeleteWorkspace-[Notice] DeleteWorkspace successful, Duration 0.00 seconds\n.CreateWorkspace-[Notice] CreateWorkspace started\nCreateWorkspace-[Notice] CreateWorkspace successful, Duration 0.00 seconds\nLoadInstrument-[Notice] LoadInstrument started\nLoadInstrument-[Notice] LoadInstrument successful, Duration 0.00 seconds\nSetSample-[Notice] SetSample started\nSetSample-[Notice] SetSample successful, Duration 0.00 seconds\nDeleteWorkspace-[Notice] DeleteWorkspace started\nDeleteWorkspace-[Notice] DeleteWorkspace successful, Duration 0.00 seconds\n.CreateWorkspace-[Notice] CreateWorkspace started\nCreateWorkspace-[Notice] CreateWorkspace successful, Duration 0.00 seconds\nLoadInstrument-[Notice] LoadInstrument started\nLoadInstrument-[Notice] LoadInstrument successful, Duration 0.00 seconds\nSetSample-[Notice] SetSample started\nSetSample-[Notice] SetSample successful, Duration 0.00 seconds\nDeleteWorkspace-[Notice] DeleteWorkspace started\nDeleteWorkspace-[Notice] DeleteWorkspace successful, Duration 0.00 seconds\n.CreateWorkspace-[Notice] CreateWorkspace started\nCreateWorkspace-[Notice] CreateWorkspace successful, Duration 0.00 seconds\nLoadInstrument-[Notice] LoadInstrument started\nLoadInstrument-[Notice] LoadInstrument successful, Duration 0.00 seconds\nSetSample-[Notice] SetSample started\nSetSample-[Notice] SetSample successful, Duration 0.00 seconds\nDeleteWorkspace-[Notice] DeleteWorkspace started\nDeleteWorkspace-[Notice] DeleteWorkspace successful, Duration 0.00 seconds\n.CreateWorkspace-[Notice] CreateWorkspace started\nCreateWorkspace-[Notice] CreateWorkspace successful, Duration 0.00 seconds\nSetSample-[Notice] SetSample started\nSetSample-[Notice] SetSample successful, Duration 0.00 seconds\nDeleteWorkspace-[Notice] DeleteWorkspace started\nDeleteWorkspace-[Notice] DeleteWorkspace successful, Duration 0.00 seconds\n.CreateSampleWorkspace-[Notice] CreateSampleWorkspace started\nCreateSampleWorkspace-[Notice] CreateSampleWorkspace successful, Duration 0.00 seconds\nLoadSampleShape-[Notice] LoadSampleShape started\nLoadSampleShape-[Notice] LoadSampleShape successful, Duration 0.01 seconds\nDeleteWorkspace-[Notice] DeleteWorkspace started\nDeleteWorkspace-[Notice] DeleteWorkspace successful, Duration 0.00 seconds\n.CreateWorkspace-[Notice] CreateWorkspace started\nCreateWorkspace-[Notice] CreateWorkspace successful, Duration 0.03 seconds\nLoadInstrument-[Notice] LoadInstrument started\nLoadInstrument-[Notice] LoadInstrument successful, Duration 0.00 seconds\nSetSample-[Notice] SetSample started\nSetSample-[Notice] SetSample successful, Duration 0.00 seconds\nDeleteWorkspace-[Notice] DeleteWorkspace started\nDeleteWorkspace-[Notice] DeleteWorkspace successful, Duration 0.01 seconds\n.CreateSampleWorkspace-[Notice] CreateSampleWorkspace started\nCreateSampleWorkspace-[Notice] CreateSampleWorkspace successful, Duration 0.02 seconds\nLoadSampleShape-[Notice] LoadSampleShape started\nLoadSampleShape-[Notice] LoadSampleShape successful, Duration 0.01 seconds\nDeleteWorkspace-[Notice] DeleteWorkspace started\nDeleteWorkspace-[Notice] DeleteWorkspace successful, Duration 0.00 seconds\n.CreateWorkspace-[Notice] CreateWorkspace started\nCreateWorkspace-[Notice] CreateWorkspace successful, Duration 0.04 seconds\nLoadInstrument-[Notice] LoadInstrument started\nLoadInstrument-[Notice] LoadInstrument successful, Duration 0.00 seconds\nSetSample-[Notice] SetSample started\nSetSample-[Notice] SetSample successful, Duration 0.00 seconds\nDeleteWorkspace-[Notice] DeleteWorkspace started\nDeleteWorkspace-[Notice] DeleteWorkspace successful, Duration 0.00 seconds\n..CreateSampleWorkspace-[Notice] CreateSampleWorkspace started\nCreateSampleWorkspace-[Notice] CreateSampleWorkspace successful, Duration 0.02 seconds\nSetUB-[Notice] SetUB started\nSetUB-[Notice] SetUB successful, Duration 0.00 seconds\n.CreateWorkspace-[Notice] CreateWorkspace started\nCreateWorkspace-[Notice] CreateWorkspace successful, Duration 0.02 seconds\nLoadInstrument-[Notice] LoadInstrument started\nLoadInstrument-[Notice] LoadInstrument successful, Duration 0.00 seconds\nSetSample-[Notice] SetSample started\nSetSample-[Notice] SetSample successful, Duration 0.00 seconds\nDeleteWorkspace-[Notice] DeleteWorkspace started\nDeleteWorkspace-[Notice] DeleteWorkspace successful, Duration 0.00 seconds\nMatplotlib is currently using agg, which is a non-GUI backend, so cannot show the figure.\n.CreateSampleWorkspace-[Notice] CreateSampleWorkspace started\nCreateSampleWorkspace-[Notice] CreateSampleWorkspace successful, Duration 0.00 seconds\nLoadSampleShape-[Notice] LoadSampleShape started\nLoadSampleShape-[Notice] LoadSampleShape successful, Duration 0.01 seconds\nDeleteWorkspace-[Notice] DeleteWorkspace started\nDeleteWorkspace-[Notice] DeleteWorkspace successful, Duration 0.00 seconds\n.CreateWorkspace-[Notice] CreateWorkspace started\nCreateWorkspace-[Notice] CreateWorkspace successful, Duration 0.03 seconds\nLoadInstrument-[Notice] LoadInstrument started\nLoadInstrument-[Notice] LoadInstrument successful, Duration 0.00 seconds\nSetSample-[Notice] SetSample started\nSetSample-[Notice] SetSample successful, Duration 0.00 seconds\nDeleteWorkspace-[Notice] DeleteWorkspace started\nDeleteWorkspace-[Notice] DeleteWorkspace successful, Duration 0.00 seconds\n..CreateWorkspace-[Notice] CreateWorkspace started\nCreateWorkspace-[Notice] CreateWorkspace successful, Duration 0.00 seconds\nSetSample-[Notice] SetSample started\nSetSample-[Notice] SetSample successful, Duration 1.34 seconds\nInstrument-[Warning] In Instrument::getSource(). No source has been set.\nInstrument-[Warning] In Instrument::getSamplePos(). No SamplePos has been set.\nDeleteWorkspace-[Notice] DeleteWorkspace started\nDeleteWorkspace-[Notice] DeleteWorkspace successful, Duration 0.00 seconds\nMatplotlib is currently using agg, which is a non-GUI backend, so cannot show the figure.\n.CreateSampleWorkspace-[Notice] CreateSampleWorkspace started\nCreateSampleWorkspace-[Notice] CreateSampleWorkspace successful, Duration 0.00 seconds\nDeleteWorkspace-[Notice] DeleteWorkspace started\nDeleteWorkspace-[Notice] DeleteWorkspace successful, Duration 0.01 seconds\nMatplotlib is currently using agg, which is a non-GUI backend, so cannot show the figure.\n.CreateWorkspace-[Notice] CreateWorkspace started\nCreateWorkspace-[Notice] CreateWorkspace successful, Duration 0.00 seconds\nLoadInstrument-[Notice] LoadInstrument started\nLoadInstrument-[Notice] LoadInstrument successful, Duration 0.00 seconds\nSetSample-[Notice] SetSample started\nSetSample-[Notice] SetSample successful, Duration 0.00 seconds\nDeleteWorkspace-[Notice] DeleteWorkspace started\nDeleteWorkspace-[Notice] DeleteWorkspace successful, Duration 0.00 seconds\nMatplotlib is currently using agg, which is a non-GUI backend, so cannot show the figure.\n.CreateSampleWorkspace-[Notice] CreateSampleWorkspace started\nCreateSampleWorkspace-[Notice] CreateSampleWorkspace successful, Duration 0.00 seconds\nLoadSampleShape-[Notice] LoadSampleShape started\nLoadSampleShape-[Notice] LoadSampleShape successful, Duration 0.01 seconds\nDeleteWorkspace-[Notice] DeleteWorkspace started\nDeleteWorkspace-[Notice] DeleteWorkspace successful, Duration 0.00 seconds\nMatplotlib is currently using agg, which is a non-GUI backend, so cannot show the figure.\n..CreateWorkspace-[Notice] CreateWorkspace started\nCreateWorkspace-[Notice] CreateWorkspace successful, Duration 0.03 seconds\nDeleteWorkspace-[Notice] DeleteWorkspace started\nDeleteWorkspace-[Notice] DeleteWorkspace successful, Duration 0.00 seconds\nECreateWorkspace-[Notice] CreateWorkspace started\nCreateWorkspace-[Notice] CreateWorkspace successful, Duration 0.00 seconds\nLoadInstrument-[Notice] LoadInstrument started\nLoadInstrument-[Notice] LoadInstrument successful, Duration 0.00 seconds\nSetSample-[Notice] SetSample started\nSetSample-[Notice] SetSample successful, Duration 0.00 seconds\nDeleteWorkspace-[Notice] DeleteWorkspace started\nDeleteWorkspace-[Notice] DeleteWorkspace successful, Duration 0.00 seconds\nMatplotlib is currently using agg, which is a non-GUI backend, so cannot show the figure.\n.CreateWorkspace-[Notice] CreateWorkspace started\nCreateWorkspace-[Notice] CreateWorkspace successful, Duration 0.00 seconds\nSetSample-[Notice] SetSample started\nSetSample-[Notice] SetSample successful, Duration 0.00 seconds\nInstrument-[Warning] In Instrument::getSource(). No source has been set.\nInstrument-[Warning] In Instrument::getSamplePos(). No SamplePos has been set.\nDeleteWorkspace-[Notice] DeleteWorkspace started\nDeleteWorkspace-[Notice] DeleteWorkspace successful, Duration 0.00 seconds\nMatplotlib is currently using agg, which is a non-GUI backend, so cannot show the figure.\n.CreateWorkspace-[Notice] CreateWorkspace started\nCreateWorkspace-[Notice] CreateWorkspace successful, Duration 0.05 seconds\nSetSample-[Notice] SetSample started\nSetSample-[Notice] SetSample successful, Duration 0.00 seconds\nInstrument-[Warning] In Instrument::getSource(). No source has been set.\nInstrument-[Warning] In Instrument::getSamplePos(). No SamplePos has been set.\nDeleteWorkspace-[Notice] DeleteWorkspace started\nDeleteWorkspace-[Notice] DeleteWorkspace successful, Duration 0.00 seconds\nMatplotlib is currently using agg, which is a non-GUI backend, so cannot show the figure.\n.CreateWorkspace-[Notice] CreateWorkspace started\nCreateWorkspace-[Notice] CreateWorkspace successful, Duration 0.02 seconds\nSetSample-[Notice] SetSample started\nSetSample-[Notice] SetSample successful, Duration 1.89 seconds\nInstrument-[Warning] In Instrument::getSource(). No source has been set.\nInstrument-[Warning] In Instrument::getSamplePos(). No SamplePos has been set.\nDeleteWorkspace-[Notice] DeleteWorkspace started\nDeleteWorkspace-[Notice] DeleteWorkspace successful, Duration 0.00 seconds\nMatplotlib is currently using agg, which is a non-GUI backend, so cannot show the figure.\n.CreateSampleWorkspace-[Notice] CreateSampleWorkspace started\nCreateSampleWorkspace-[Notice] CreateSampleWorkspace successful, Duration 0.01 seconds\nLoadSampleShape-[Notice] LoadSampleShape started\nLoadSampleShape-[Notice] LoadSampleShape successful, Duration 0.02 seconds\nDeleteWorkspace-[Notice] DeleteWorkspace started\nDeleteWorkspace-[Notice] DeleteWorkspace successful, Duration 0.00 seconds\n.\n======================================================================\nERROR: test_sample_and_container_invalid (test_sample_shape.PlotSampleShapeTest)\n----------------------------------------------------------------------\nTraceback (most recent call last):\n  File &quot;/jenkins_workdir/workspace/pull_requests-conda-linux/qt/python/mantidqt/mantidqt/plotting/test/test_sample_shape.py&quot;, line 285, in test_sample_and_container_invalid\n    figure = sample_shape.plot_sample_container_and_components(workspace.name())\n  File &quot;/jenkins_workdir/workspace/pull_requests-conda-linux/qt/python/mantidqt/mantidqt/plotting/sample_shape.py&quot;, line 146, in plot_sample_container_and_components\n    return new_plot.create_plot(workspace_name)\n  File &quot;/jenkins_workdir/workspace/pull_requests-conda-linux/qt/python/mantidqt/mantidqt/plotting/sample_shape.py&quot;, line 53, in create_plot\n    raise Exception(&quot;Workspace must have attached Sample Shape or Environment&quot;)\nException: Workspace must have attached Sample Shape or Environment\n\n----------------------------------------------------------------------\nRan 35 tests in 16.250s\n\nFAILED (errors=1)\n\n          Start 1997: mantidqt_qt5.test_sample_shape.test_sample_shape\n"
                                    },
                                    {
                                        "py/object": "data_object.Ctest_test_trial",
                                        "trial_num": 2,
                                        "outcome": "Failed",
                                        "test_time": "17.31",
                                        "stack_trace": "FrameworkManager-[Notice] Welcome to Mantid 6.5.20221102.1009\nFrameworkManager-[Notice] Please cite: http://dx.doi.org/10.1016/j.nima.2014.07.029 and this release: http://dx.doi.org/10.5286/Software/Mantid\nCreateWorkspace-[Notice] CreateWorkspace started\nCreateWorkspace-[Notice] CreateWorkspace successful, Duration 0.01 seconds\nDeleteWorkspace-[Notice] DeleteWorkspace started\nDeleteWorkspace-[Notice] DeleteWorkspace successful, Duration 0.00 seconds\n/jenkins_workdir/workspace/pull_requests-conda-linux/build/bin/site.py:26: DeprecationWarning: the imp module is deprecated in favour of importlib; see the module&#x27;s documentation for alternative uses\n  import imp  # Avoid import loop in Python 3\n/jenkins_workdir/workspace/pull_requests-conda-linux/mambaforge/envs/mantid-developer/lib/python3.8/site-packages/h5py/__init__.py:46: DeprecationWarning: `np.typeDict` is a deprecated alias for `np.sctypeDict`.\n  from ._conv import register_converters as _register_converters\n.CreateWorkspace-[Notice] CreateWorkspace started\nCreateWorkspace-[Notice] CreateWorkspace successful, Duration 0.00 seconds\nSetSample-[Notice] SetSample started\nSetSample-[Notice] SetSample successful, Duration 1.04 seconds\nDeleteWorkspace-[Notice] DeleteWorkspace started\nDeleteWorkspace-[Notice] DeleteWorkspace successful, Duration 0.00 seconds\n.CreateSampleWorkspace-[Notice] CreateSampleWorkspace started\nCreateSampleWorkspace-[Notice] CreateSampleWorkspace successful, Duration 0.00 seconds\nDeleteWorkspace-[Notice] DeleteWorkspace started\nDeleteWorkspace-[Notice] DeleteWorkspace successful, Duration 0.00 seconds\n.CreateWorkspace-[Notice] CreateWorkspace started\nCreateWorkspace-[Notice] CreateWorkspace successful, Duration 0.00 seconds\nLoadInstrument-[Notice] LoadInstrument started\nLoadInstrument-[Notice] LoadInstrument successful, Duration 0.01 seconds\nSetSample-[Notice] SetSample started\nSetSample-[Notice] SetSample successful, Duration 0.08 seconds\nDeleteWorkspace-[Notice] DeleteWorkspace started\nDeleteWorkspace-[Notice] DeleteWorkspace successful, Duration 0.00 seconds\nMatplotlib is currently using agg, which is a non-GUI backend, so cannot show the figure.\n.CreateWorkspace-[Notice] CreateWorkspace started\nCreateWorkspace-[Notice] CreateWorkspace successful, Duration 0.00 seconds\nLoadInstrument-[Notice] LoadInstrument started\nLoadInstrument-[Notice] LoadInstrument successful, Duration 0.00 seconds\nSetSample-[Notice] SetSample started\nSetSample-[Notice] SetSample successful, Duration 0.00 seconds\nDeleteWorkspace-[Notice] DeleteWorkspace started\nDeleteWorkspace-[Notice] DeleteWorkspace successful, Duration 0.00 seconds\nMatplotlib is currently using agg, which is a non-GUI backend, so cannot show the figure.\n.CreateWorkspace-[Notice] CreateWorkspace started\nCreateWorkspace-[Notice] CreateWorkspace successful, Duration 0.00 seconds\nLoadInstrument-[Notice] LoadInstrument started\nLoadInstrument-[Notice] LoadInstrument successful, Duration 0.00 seconds\nSetSample-[Notice] SetSample started\nSetSample-[Notice] SetSample successful, Duration 0.00 seconds\nDeleteWorkspace-[Notice] DeleteWorkspace started\nDeleteWorkspace-[Notice] DeleteWorkspace successful, Duration 0.00 seconds\nMatplotlib is currently using agg, which is a non-GUI backend, so cannot show the figure.\n.CreateWorkspace-[Notice] CreateWorkspace started\nCreateWorkspace-[Notice] CreateWorkspace successful, Duration 0.00 seconds\nLoadInstrument-[Notice] LoadInstrument started\nLoadInstrument-[Notice] LoadInstrument successful, Duration 0.00 seconds\nSetSample-[Notice] SetSample started\nSetSample-[Notice] SetSample successful, Duration 0.00 seconds\nDeleteWorkspace-[Notice] DeleteWorkspace started\nDeleteWorkspace-[Notice] DeleteWorkspace successful, Duration 0.00 seconds\n.CreateWorkspace-[Notice] CreateWorkspace started\nCreateWorkspace-[Notice] CreateWorkspace successful, Duration 0.00 seconds\nLoadInstrument-[Notice] LoadInstrument started\nLoadInstrument-[Notice] LoadInstrument successful, Duration 0.00 seconds\nSetSample-[Notice] SetSample started\nSetSample-[Notice] SetSample successful, Duration 0.00 seconds\nDeleteWorkspace-[Notice] DeleteWorkspace started\nDeleteWorkspace-[Notice] DeleteWorkspace successful, Duration 0.00 seconds\n.CreateWorkspace-[Notice] CreateWorkspace started\nCreateWorkspace-[Notice] CreateWorkspace successful, Duration 0.00 seconds\nLoadInstrument-[Notice] LoadInstrument started\nLoadInstrument-[Notice] LoadInstrument successful, Duration 0.00 seconds\nSetSample-[Notice] SetSample started\nSetSample-[Notice] SetSample successful, Duration 0.00 seconds\nDeleteWorkspace-[Notice] DeleteWorkspace started\nDeleteWorkspace-[Notice] DeleteWorkspace successful, Duration 0.00 seconds\n.CreateSampleWorkspace-[Notice] CreateSampleWorkspace started\nCreateSampleWorkspace-[Notice] CreateSampleWorkspace successful, Duration 0.00 seconds\nLoadSampleShape-[Notice] LoadSampleShape started\nLoadSampleShape-[Notice] LoadSampleShape successful, Duration 0.01 seconds\nDeleteWorkspace-[Notice] DeleteWorkspace started\nDeleteWorkspace-[Notice] DeleteWorkspace successful, Duration 0.00 seconds\n.CreateWorkspace-[Notice] CreateWorkspace started\nCreateWorkspace-[Notice] CreateWorkspace successful, Duration 0.03 seconds\nLoadInstrument-[Notice] LoadInstrument started\nLoadInstrument-[Notice] LoadInstrument successful, Duration 0.00 seconds\nSetSample-[Notice] SetSample started\nSetSample-[Notice] SetSample successful, Duration 0.00 seconds\nDeleteWorkspace-[Notice] DeleteWorkspace started\nDeleteWorkspace-[Notice] DeleteWorkspace successful, Duration 0.00 seconds\n.CreateWorkspace-[Notice] CreateWorkspace started\nCreateWorkspace-[Notice] CreateWorkspace successful, Duration 0.00 seconds\nLoadInstrument-[Notice] LoadInstrument started\nLoadInstrument-[Notice] LoadInstrument successful, Duration 0.00 seconds\nSetSample-[Notice] SetSample started\nSetSample-[Notice] SetSample successful, Duration 0.00 seconds\nDeleteWorkspace-[Notice] DeleteWorkspace started\nDeleteWorkspace-[Notice] DeleteWorkspace successful, Duration 0.00 seconds\n.CreateWorkspace-[Notice] CreateWorkspace started\nCreateWorkspace-[Notice] CreateWorkspace successful, Duration 0.00 seconds\nLoadInstrument-[Notice] LoadInstrument started\nLoadInstrument-[Notice] LoadInstrument successful, Duration 0.00 seconds\nSetSample-[Notice] SetSample started\nSetSample-[Notice] SetSample successful, Duration 0.00 seconds\nDeleteWorkspace-[Notice] DeleteWorkspace started\nDeleteWorkspace-[Notice] DeleteWorkspace successful, Duration 0.00 seconds\n.CreateWorkspace-[Notice] CreateWorkspace started\nCreateWorkspace-[Notice] CreateWorkspace successful, Duration 0.00 seconds\nSetSample-[Notice] SetSample started\nSetSample-[Notice] SetSample successful, Duration 0.00 seconds\nDeleteWorkspace-[Notice] DeleteWorkspace started\nDeleteWorkspace-[Notice] DeleteWorkspace successful, Duration 0.00 seconds\n.CreateSampleWorkspace-[Notice] CreateSampleWorkspace started\nCreateSampleWorkspace-[Notice] CreateSampleWorkspace successful, Duration 0.00 seconds\nLoadSampleShape-[Notice] LoadSampleShape started\nLoadSampleShape-[Notice] LoadSampleShape successful, Duration 0.01 seconds\nDeleteWorkspace-[Notice] DeleteWorkspace started\nDeleteWorkspace-[Notice] DeleteWorkspace successful, Duration 0.00 seconds\n.CreateWorkspace-[Notice] CreateWorkspace started\nCreateWorkspace-[Notice] CreateWorkspace successful, Duration 0.00 seconds\nLoadInstrument-[Notice] LoadInstrument started\nLoadInstrument-[Notice] LoadInstrument successful, Duration 0.00 seconds\nSetSample-[Notice] SetSample started\nSetSample-[Notice] SetSample successful, Duration 0.00 seconds\nDeleteWorkspace-[Notice] DeleteWorkspace started\nDeleteWorkspace-[Notice] DeleteWorkspace successful, Duration 0.00 seconds\n.CreateSampleWorkspace-[Notice] CreateSampleWorkspace started\nCreateSampleWorkspace-[Notice] CreateSampleWorkspace successful, Duration 0.00 seconds\nLoadSampleShape-[Notice] LoadSampleShape started\nLoadSampleShape-[Notice] LoadSampleShape successful, Duration 0.01 seconds\nDeleteWorkspace-[Notice] DeleteWorkspace started\nDeleteWorkspace-[Notice] DeleteWorkspace successful, Duration 0.00 seconds\n.CreateWorkspace-[Notice] CreateWorkspace started\nCreateWorkspace-[Notice] CreateWorkspace successful, Duration 0.00 seconds\nLoadInstrument-[Notice] LoadInstrument started\nLoadInstrument-[Notice] LoadInstrument successful, Duration 0.00 seconds\nSetSample-[Notice] SetSample started\nSetSample-[Notice] SetSample successful, Duration 0.00 seconds\nDeleteWorkspace-[Notice] DeleteWorkspace started\nDeleteWorkspace-[Notice] DeleteWorkspace successful, Duration 0.00 seconds\n..CreateSampleWorkspace-[Notice] CreateSampleWorkspace started\nCreateSampleWorkspace-[Notice] CreateSampleWorkspace successful, Duration 0.00 seconds\nSetUB-[Notice] SetUB started\nSetUB-[Notice] SetUB successful, Duration 0.00 seconds\n.CreateWorkspace-[Notice] CreateWorkspace started\nCreateWorkspace-[Notice] CreateWorkspace successful, Duration 0.00 seconds\nLoadInstrument-[Notice] LoadInstrument started\nLoadInstrument-[Notice] LoadInstrument successful, Duration 0.00 seconds\nSetSample-[Notice] SetSample started\nSetSample-[Notice] SetSample successful, Duration 0.00 seconds\nDeleteWorkspace-[Notice] DeleteWorkspace started\nDeleteWorkspace-[Notice] DeleteWorkspace successful, Duration 0.00 seconds\nMatplotlib is currently using agg, which is a non-GUI backend, so cannot show the figure.\n.CreateSampleWorkspace-[Notice] CreateSampleWorkspace started\nCreateSampleWorkspace-[Notice] CreateSampleWorkspace successful, Duration 0.00 seconds\nLoadSampleShape-[Notice] LoadSampleShape started\nLoadSampleShape-[Notice] LoadSampleShape successful, Duration 0.01 seconds\nDeleteWorkspace-[Notice] DeleteWorkspace started\nDeleteWorkspace-[Notice] DeleteWorkspace successful, Duration 0.00 seconds\n.CreateWorkspace-[Notice] CreateWorkspace started\nCreateWorkspace-[Notice] CreateWorkspace successful, Duration 0.00 seconds\nLoadInstrument-[Notice] LoadInstrument started\nLoadInstrument-[Notice] LoadInstrument successful, Duration 0.00 seconds\nSetSample-[Notice] SetSample started\nSetSample-[Notice] SetSample successful, Duration 0.00 seconds\nDeleteWorkspace-[Notice] DeleteWorkspace started\nDeleteWorkspace-[Notice] DeleteWorkspace successful, Duration 0.00 seconds\n..CreateWorkspace-[Notice] CreateWorkspace started\nCreateWorkspace-[Notice] CreateWorkspace successful, Duration 0.00 seconds\nSetSample-[Notice] SetSample started\nSetSample-[Notice] SetSample successful, Duration 1.27 seconds\nInstrument-[Warning] In Instrument::getSource(). No source has been set.\nInstrument-[Warning] In Instrument::getSamplePos(). No SamplePos has been set.\nDeleteWorkspace-[Notice] DeleteWorkspace started\nDeleteWorkspace-[Notice] DeleteWorkspace successful, Duration 0.00 seconds\nMatplotlib is currently using agg, which is a non-GUI backend, so cannot show the figure.\n.CreateSampleWorkspace-[Notice] CreateSampleWorkspace started\nCreateSampleWorkspace-[Notice] CreateSampleWorkspace successful, Duration 0.00 seconds\nDeleteWorkspace-[Notice] DeleteWorkspace started\nDeleteWorkspace-[Notice] DeleteWorkspace successful, Duration 0.00 seconds\nMatplotlib is currently using agg, which is a non-GUI backend, so cannot show the figure.\n.CreateWorkspace-[Notice] CreateWorkspace started\nCreateWorkspace-[Notice] CreateWorkspace successful, Duration 0.00 seconds\nLoadInstrument-[Notice] LoadInstrument started\nLoadInstrument-[Notice] LoadInstrument successful, Duration 0.00 seconds\nSetSample-[Notice] SetSample started\nSetSample-[Notice] SetSample successful, Duration 0.00 seconds\nDeleteWorkspace-[Notice] DeleteWorkspace started\nDeleteWorkspace-[Notice] DeleteWorkspace successful, Duration 0.00 seconds\nMatplotlib is currently using agg, which is a non-GUI backend, so cannot show the figure.\n.CreateSampleWorkspace-[Notice] CreateSampleWorkspace started\nCreateSampleWorkspace-[Notice] CreateSampleWorkspace successful, Duration 0.01 seconds\nLoadSampleShape-[Notice] LoadSampleShape started\nLoadSampleShape-[Notice] LoadSampleShape successful, Duration 0.01 seconds\nDeleteWorkspace-[Notice] DeleteWorkspace started\nDeleteWorkspace-[Notice] DeleteWorkspace successful, Duration 0.00 seconds\nMatplotlib is currently using agg, which is a non-GUI backend, so cannot show the figure.\n..CreateWorkspace-[Notice] CreateWorkspace started\nCreateWorkspace-[Notice] CreateWorkspace successful, Duration 0.03 seconds\nDeleteWorkspace-[Notice] DeleteWorkspace started\nDeleteWorkspace-[Notice] DeleteWorkspace successful, Duration 0.00 seconds\nECreateWorkspace-[Notice] CreateWorkspace started\nCreateWorkspace-[Notice] CreateWorkspace successful, Duration 0.01 seconds\nLoadInstrument-[Notice] LoadInstrument started\nLoadInstrument-[Notice] LoadInstrument successful, Duration 0.00 seconds\nSetSample-[Notice] SetSample started\nSetSample-[Notice] SetSample successful, Duration 0.00 seconds\nDeleteWorkspace-[Notice] DeleteWorkspace started\nDeleteWorkspace-[Notice] DeleteWorkspace successful, Duration 0.00 seconds\nMatplotlib is currently using agg, which is a non-GUI backend, so cannot show the figure.\n.CreateWorkspace-[Notice] CreateWorkspace started\nCreateWorkspace-[Notice] CreateWorkspace successful, Duration 0.00 seconds\nSetSample-[Notice] SetSample started\nSetSample-[Notice] SetSample successful, Duration 0.00 seconds\nInstrument-[Warning] In Instrument::getSource(). No source has been set.\nInstrument-[Warning] In Instrument::getSamplePos(). No SamplePos has been set.\nDeleteWorkspace-[Notice] DeleteWorkspace started\nDeleteWorkspace-[Notice] DeleteWorkspace successful, Duration 0.00 seconds\nMatplotlib is currently using agg, which is a non-GUI backend, so cannot show the figure.\n.CreateWorkspace-[Notice] CreateWorkspace started\nCreateWorkspace-[Notice] CreateWorkspace successful, Duration 0.00 seconds\nSetSample-[Notice] SetSample started\nSetSample-[Notice] SetSample successful, Duration 0.00 seconds\nInstrument-[Warning] In Instrument::getSource(). No source has been set.\nInstrument-[Warning] In Instrument::getSamplePos(). No SamplePos has been set.\nDeleteWorkspace-[Notice] DeleteWorkspace started\nDeleteWorkspace-[Notice] DeleteWorkspace successful, Duration 0.00 seconds\nMatplotlib is currently using agg, which is a non-GUI backend, so cannot show the figure.\n.CreateWorkspace-[Notice] CreateWorkspace started\nCreateWorkspace-[Notice] CreateWorkspace successful, Duration 0.00 seconds\nSetSample-[Notice] SetSample started\nSetSample-[Notice] SetSample successful, Duration 1.21 seconds\nInstrument-[Warning] In Instrument::getSource(). No source has been set.\nInstrument-[Warning] In Instrument::getSamplePos(). No SamplePos has been set.\nDeleteWorkspace-[Notice] DeleteWorkspace started\nDeleteWorkspace-[Notice] DeleteWorkspace successful, Duration 0.00 seconds\nMatplotlib is currently using agg, which is a non-GUI backend, so cannot show the figure.\n.CreateSampleWorkspace-[Notice] CreateSampleWorkspace started\nCreateSampleWorkspace-[Notice] CreateSampleWorkspace successful, Duration 0.00 seconds\nLoadSampleShape-[Notice] LoadSampleShape started\nLoadSampleShape-[Notice] LoadSampleShape successful, Duration 0.02 seconds\nDeleteWorkspace-[Notice] DeleteWorkspace started\nDeleteWorkspace-[Notice] DeleteWorkspace successful, Duration 0.00 seconds\n.\n======================================================================\nERROR: test_sample_and_container_invalid (test_sample_shape.PlotSampleShapeTest)\n----------------------------------------------------------------------\nTraceback (most recent call last):\n  File &quot;/jenkins_workdir/workspace/pull_requests-conda-linux/qt/python/mantidqt/mantidqt/plotting/test/test_sample_shape.py&quot;, line 285, in test_sample_and_container_invalid\n    figure = sample_shape.plot_sample_container_and_components(workspace.name())\n  File &quot;/jenkins_workdir/workspace/pull_requests-conda-linux/qt/python/mantidqt/mantidqt/plotting/sample_shape.py&quot;, line 146, in plot_sample_container_and_components\n    return new_plot.create_plot(workspace_name)\n  File &quot;/jenkins_workdir/workspace/pull_requests-conda-linux/qt/python/mantidqt/mantidqt/plotting/sample_shape.py&quot;, line 53, in create_plot\n    raise Exception(&quot;Workspace must have attached Sample Shape or Environment&quot;)\nException: Workspace must have attached Sample Shape or Environment\n\n----------------------------------------------------------------------\nRan 35 tests in 14.352s\n\nFAILED (errors=1)\n\n          Start 1997: mantidqt_qt5.test_sample_shape.test_sample_shape\n"
                                    },
                                    {
                                        "py/object": "data_object.Ctest_test_trial",
                                        "trial_num": 3,
                                        "outcome": "Failed",
                                        "test_time": "25.99",
                                        "stack_trace": "FrameworkManager-[Notice] Welcome to Mantid 6.5.20221102.1009\nFrameworkManager-[Notice] Please cite: http://dx.doi.org/10.1016/j.nima.2014.07.029 and this release: http://dx.doi.org/10.5286/Software/Mantid\nCreateWorkspace-[Notice] CreateWorkspace started\nCreateWorkspace-[Notice] CreateWorkspace successful, Duration 0.05 seconds\nDeleteWorkspace-[Notice] DeleteWorkspace started\nDeleteWorkspace-[Notice] DeleteWorkspace successful, Duration 0.00 seconds\n/jenkins_workdir/workspace/pull_requests-conda-linux/build/bin/site.py:26: DeprecationWarning: the imp module is deprecated in favour of importlib; see the module&#x27;s documentation for alternative uses\n  import imp  # Avoid import loop in Python 3\n/jenkins_workdir/workspace/pull_requests-conda-linux/mambaforge/envs/mantid-developer/lib/python3.8/site-packages/h5py/__init__.py:46: DeprecationWarning: `np.typeDict` is a deprecated alias for `np.sctypeDict`.\n  from ._conv import register_converters as _register_converters\n.CreateWorkspace-[Notice] CreateWorkspace started\nCreateWorkspace-[Notice] CreateWorkspace successful, Duration 0.00 seconds\nSetSample-[Notice] SetSample started\nSetSample-[Notice] SetSample successful, Duration 1.07 seconds\nDeleteWorkspace-[Notice] DeleteWorkspace started\nDeleteWorkspace-[Notice] DeleteWorkspace successful, Duration 0.00 seconds\n.CreateSampleWorkspace-[Notice] CreateSampleWorkspace started\nCreateSampleWorkspace-[Notice] CreateSampleWorkspace successful, Duration 0.00 seconds\nDeleteWorkspace-[Notice] DeleteWorkspace started\nDeleteWorkspace-[Notice] DeleteWorkspace successful, Duration 0.00 seconds\n.CreateWorkspace-[Notice] CreateWorkspace started\nCreateWorkspace-[Notice] CreateWorkspace successful, Duration 0.00 seconds\nLoadInstrument-[Notice] LoadInstrument started\nLoadInstrument-[Notice] LoadInstrument successful, Duration 0.01 seconds\nSetSample-[Notice] SetSample started\nSetSample-[Notice] SetSample successful, Duration 0.12 seconds\nDeleteWorkspace-[Notice] DeleteWorkspace started\nDeleteWorkspace-[Notice] DeleteWorkspace successful, Duration 0.00 seconds\nMatplotlib is currently using agg, which is a non-GUI backend, so cannot show the figure.\n.CreateWorkspace-[Notice] CreateWorkspace started\nCreateWorkspace-[Notice] CreateWorkspace successful, Duration 0.00 seconds\nLoadInstrument-[Notice] LoadInstrument started\nLoadInstrument-[Notice] LoadInstrument successful, Duration 0.00 seconds\nSetSample-[Notice] SetSample started\nSetSample-[Notice] SetSample successful, Duration 0.00 seconds\nDeleteWorkspace-[Notice] DeleteWorkspace started\nDeleteWorkspace-[Notice] DeleteWorkspace successful, Duration 0.00 seconds\nMatplotlib is currently using agg, which is a non-GUI backend, so cannot show the figure.\n.CreateWorkspace-[Notice] CreateWorkspace started\nCreateWorkspace-[Notice] CreateWorkspace successful, Duration 0.01 seconds\nLoadInstrument-[Notice] LoadInstrument started\nLoadInstrument-[Notice] LoadInstrument successful, Duration 0.00 seconds\nSetSample-[Notice] SetSample started\nSetSample-[Notice] SetSample successful, Duration 0.00 seconds\nDeleteWorkspace-[Notice] DeleteWorkspace started\nDeleteWorkspace-[Notice] DeleteWorkspace successful, Duration 0.00 seconds\nMatplotlib is currently using agg, which is a non-GUI backend, so cannot show the figure.\n.CreateWorkspace-[Notice] CreateWorkspace started\nCreateWorkspace-[Notice] CreateWorkspace successful, Duration 0.00 seconds\nLoadInstrument-[Notice] LoadInstrument started\nLoadInstrument-[Notice] LoadInstrument successful, Duration 0.00 seconds\nSetSample-[Notice] SetSample started\nSetSample-[Notice] SetSample successful, Duration 0.00 seconds\nDeleteWorkspace-[Notice] DeleteWorkspace started\nDeleteWorkspace-[Notice] DeleteWorkspace successful, Duration 0.00 seconds\n.CreateWorkspace-[Notice] CreateWorkspace started\nCreateWorkspace-[Notice] CreateWorkspace successful, Duration 0.00 seconds\nLoadInstrument-[Notice] LoadInstrument started\nLoadInstrument-[Notice] LoadInstrument successful, Duration 0.00 seconds\nSetSample-[Notice] SetSample started\nSetSample-[Notice] SetSample successful, Duration 0.00 seconds\nDeleteWorkspace-[Notice] DeleteWorkspace started\nDeleteWorkspace-[Notice] DeleteWorkspace successful, Duration 0.00 seconds\n.CreateWorkspace-[Notice] CreateWorkspace started\nCreateWorkspace-[Notice] CreateWorkspace successful, Duration 0.00 seconds\nLoadInstrument-[Notice] LoadInstrument started\nLoadInstrument-[Notice] LoadInstrument successful, Duration 0.00 seconds\nSetSample-[Notice] SetSample started\nSetSample-[Notice] SetSample successful, Duration 0.00 seconds\nDeleteWorkspace-[Notice] DeleteWorkspace started\nDeleteWorkspace-[Notice] DeleteWorkspace successful, Duration 0.00 seconds\n.CreateSampleWorkspace-[Notice] CreateSampleWorkspace started\nCreateSampleWorkspace-[Notice] CreateSampleWorkspace successful, Duration 0.00 seconds\nLoadSampleShape-[Notice] LoadSampleShape started\nLoadSampleShape-[Notice] LoadSampleShape successful, Duration 0.01 seconds\nDeleteWorkspace-[Notice] DeleteWorkspace started\nDeleteWorkspace-[Notice] DeleteWorkspace successful, Duration 0.00 seconds\n.CreateWorkspace-[Notice] CreateWorkspace started\nCreateWorkspace-[Notice] CreateWorkspace successful, Duration 0.00 seconds\nLoadInstrument-[Notice] LoadInstrument started\nLoadInstrument-[Notice] LoadInstrument successful, Duration 0.00 seconds\nSetSample-[Notice] SetSample started\nSetSample-[Notice] SetSample successful, Duration 0.00 seconds\nDeleteWorkspace-[Notice] DeleteWorkspace started\nDeleteWorkspace-[Notice] DeleteWorkspace successful, Duration 0.00 seconds\n.CreateWorkspace-[Notice] CreateWorkspace started\nCreateWorkspace-[Notice] CreateWorkspace successful, Duration 0.00 seconds\nLoadInstrument-[Notice] LoadInstrument started\nLoadInstrument-[Notice] LoadInstrument successful, Duration 0.00 seconds\nSetSample-[Notice] SetSample started\nSetSample-[Notice] SetSample successful, Duration 0.00 seconds\nDeleteWorkspace-[Notice] DeleteWorkspace started\nDeleteWorkspace-[Notice] DeleteWorkspace successful, Duration 0.00 seconds\n.CreateWorkspace-[Notice] CreateWorkspace started\nCreateWorkspace-[Notice] CreateWorkspace successful, Duration 0.00 seconds\nLoadInstrument-[Notice] LoadInstrument started\nLoadInstrument-[Notice] LoadInstrument successful, Duration 0.00 seconds\nSetSample-[Notice] SetSample started\nSetSample-[Notice] SetSample successful, Duration 0.00 seconds\nDeleteWorkspace-[Notice] DeleteWorkspace started\nDeleteWorkspace-[Notice] DeleteWorkspace successful, Duration 0.00 seconds\n.CreateWorkspace-[Notice] CreateWorkspace started\nCreateWorkspace-[Notice] CreateWorkspace successful, Duration 0.00 seconds\nSetSample-[Notice] SetSample started\nSetSample-[Notice] SetSample successful, Duration 0.00 seconds\nDeleteWorkspace-[Notice] DeleteWorkspace started\nDeleteWorkspace-[Notice] DeleteWorkspace successful, Duration 0.00 seconds\n.CreateSampleWorkspace-[Notice] CreateSampleWorkspace started\nCreateSampleWorkspace-[Notice] CreateSampleWorkspace successful, Duration 0.00 seconds\nLoadSampleShape-[Notice] LoadSampleShape started\nLoadSampleShape-[Notice] LoadSampleShape successful, Duration 0.01 seconds\nDeleteWorkspace-[Notice] DeleteWorkspace started\nDeleteWorkspace-[Notice] DeleteWorkspace successful, Duration 0.01 seconds\n.CreateWorkspace-[Notice] CreateWorkspace started\nCreateWorkspace-[Notice] CreateWorkspace successful, Duration 0.00 seconds\nLoadInstrument-[Notice] LoadInstrument started\nLoadInstrument-[Notice] LoadInstrument successful, Duration 0.00 seconds\nSetSample-[Notice] SetSample started\nSetSample-[Notice] SetSample successful, Duration 0.00 seconds\nDeleteWorkspace-[Notice] DeleteWorkspace started\nDeleteWorkspace-[Notice] DeleteWorkspace successful, Duration 0.00 seconds\n.CreateSampleWorkspace-[Notice] CreateSampleWorkspace started\nCreateSampleWorkspace-[Notice] CreateSampleWorkspace successful, Duration 0.02 seconds\nLoadSampleShape-[Notice] LoadSampleShape started\nLoadSampleShape-[Notice] LoadSampleShape successful, Duration 0.01 seconds\nDeleteWorkspace-[Notice] DeleteWorkspace started\nDeleteWorkspace-[Notice] DeleteWorkspace successful, Duration 0.00 seconds\n.CreateWorkspace-[Notice] CreateWorkspace started\nCreateWorkspace-[Notice] CreateWorkspace successful, Duration 0.00 seconds\nLoadInstrument-[Notice] LoadInstrument started\nLoadInstrument-[Notice] LoadInstrument successful, Duration 0.00 seconds\nSetSample-[Notice] SetSample started\nSetSample-[Notice] SetSample successful, Duration 0.00 seconds\nDeleteWorkspace-[Notice] DeleteWorkspace started\nDeleteWorkspace-[Notice] DeleteWorkspace successful, Duration 0.00 seconds\n..CreateSampleWorkspace-[Notice] CreateSampleWorkspace started\nCreateSampleWorkspace-[Notice] CreateSampleWorkspace successful, Duration 0.00 seconds\nSetUB-[Notice] SetUB started\nSetUB-[Notice] SetUB successful, Duration 0.00 seconds\n.CreateWorkspace-[Notice] CreateWorkspace started\nCreateWorkspace-[Notice] CreateWorkspace successful, Duration 0.01 seconds\nLoadInstrument-[Notice] LoadInstrument started\nLoadInstrument-[Notice] LoadInstrument successful, Duration 0.00 seconds\nSetSample-[Notice] SetSample started\nSetSample-[Notice] SetSample successful, Duration 0.00 seconds\nDeleteWorkspace-[Notice] DeleteWorkspace started\nDeleteWorkspace-[Notice] DeleteWorkspace successful, Duration 0.00 seconds\nMatplotlib is currently using agg, which is a non-GUI backend, so cannot show the figure.\n.CreateSampleWorkspace-[Notice] CreateSampleWorkspace started\nCreateSampleWorkspace-[Notice] CreateSampleWorkspace successful, Duration 0.00 seconds\nLoadSampleShape-[Notice] LoadSampleShape started\nLoadSampleShape-[Notice] LoadSampleShape successful, Duration 0.01 seconds\nDeleteWorkspace-[Notice] DeleteWorkspace started\nDeleteWorkspace-[Notice] DeleteWorkspace successful, Duration 0.00 seconds\n.CreateWorkspace-[Notice] CreateWorkspace started\nCreateWorkspace-[Notice] CreateWorkspace successful, Duration 0.01 seconds\nLoadInstrument-[Notice] LoadInstrument started\nLoadInstrument-[Notice] LoadInstrument successful, Duration 0.00 seconds\nSetSample-[Notice] SetSample started\nSetSample-[Notice] SetSample successful, Duration 0.00 seconds\nDeleteWorkspace-[Notice] DeleteWorkspace started\nDeleteWorkspace-[Notice] DeleteWorkspace successful, Duration 0.00 seconds\n..CreateWorkspace-[Notice] CreateWorkspace started\nCreateWorkspace-[Notice] CreateWorkspace successful, Duration 0.00 seconds\nSetSample-[Notice] SetSample started\nSetSample-[Notice] SetSample successful, Duration 1.78 seconds\nInstrument-[Warning] In Instrument::getSource(). No source has been set.\nInstrument-[Warning] In Instrument::getSamplePos(). No SamplePos has been set.\nDeleteWorkspace-[Notice] DeleteWorkspace started\nDeleteWorkspace-[Notice] DeleteWorkspace successful, Duration 0.00 seconds\nMatplotlib is currently using agg, which is a non-GUI backend, so cannot show the figure.\n.CreateSampleWorkspace-[Notice] CreateSampleWorkspace started\nCreateSampleWorkspace-[Notice] CreateSampleWorkspace successful, Duration 0.00 seconds\nDeleteWorkspace-[Notice] DeleteWorkspace started\nDeleteWorkspace-[Notice] DeleteWorkspace successful, Duration 0.00 seconds\nMatplotlib is currently using agg, which is a non-GUI backend, so cannot show the figure.\n.CreateWorkspace-[Notice] CreateWorkspace started\nCreateWorkspace-[Notice] CreateWorkspace successful, Duration 0.00 seconds\nLoadInstrument-[Notice] LoadInstrument started\nLoadInstrument-[Notice] LoadInstrument successful, Duration 0.00 seconds\nSetSample-[Notice] SetSample started\nSetSample-[Notice] SetSample successful, Duration 0.00 seconds\nDeleteWorkspace-[Notice] DeleteWorkspace started\nDeleteWorkspace-[Notice] DeleteWorkspace successful, Duration 0.00 seconds\nMatplotlib is currently using agg, which is a non-GUI backend, so cannot show the figure.\n.CreateSampleWorkspace-[Notice] CreateSampleWorkspace started\nCreateSampleWorkspace-[Notice] CreateSampleWorkspace successful, Duration 0.01 seconds\nLoadSampleShape-[Notice] LoadSampleShape started\nLoadSampleShape-[Notice] LoadSampleShape successful, Duration 0.02 seconds\nDeleteWorkspace-[Notice] DeleteWorkspace started\nDeleteWorkspace-[Notice] DeleteWorkspace successful, Duration 0.00 seconds\nMatplotlib is currently using agg, which is a non-GUI backend, so cannot show the figure.\n..CreateWorkspace-[Notice] CreateWorkspace started\nCreateWorkspace-[Notice] CreateWorkspace successful, Duration 0.00 seconds\nDeleteWorkspace-[Notice] DeleteWorkspace started\nDeleteWorkspace-[Notice] DeleteWorkspace successful, Duration 0.00 seconds\nECreateWorkspace-[Notice] CreateWorkspace started\nCreateWorkspace-[Notice] CreateWorkspace successful, Duration 0.00 seconds\nLoadInstrument-[Notice] LoadInstrument started\nLoadInstrument-[Notice] LoadInstrument successful, Duration 0.00 seconds\nSetSample-[Notice] SetSample started\nSetSample-[Notice] SetSample successful, Duration 0.00 seconds\nDeleteWorkspace-[Notice] DeleteWorkspace started\nDeleteWorkspace-[Notice] DeleteWorkspace successful, Duration 0.00 seconds\nMatplotlib is currently using agg, which is a non-GUI backend, so cannot show the figure.\n.CreateWorkspace-[Notice] CreateWorkspace started\nCreateWorkspace-[Notice] CreateWorkspace successful, Duration 0.07 seconds\nSetSample-[Notice] SetSample started\nSetSample-[Notice] SetSample successful, Duration 0.00 seconds\nInstrument-[Warning] In Instrument::getSource(). No source has been set.\nInstrument-[Warning] In Instrument::getSamplePos(). No SamplePos has been set.\nDeleteWorkspace-[Notice] DeleteWorkspace started\nDeleteWorkspace-[Notice] DeleteWorkspace successful, Duration 0.00 seconds\nMatplotlib is currently using agg, which is a non-GUI backend, so cannot show the figure.\n.CreateWorkspace-[Notice] CreateWorkspace started\nCreateWorkspace-[Notice] CreateWorkspace successful, Duration 0.04 seconds\nSetSample-[Notice] SetSample started\nSetSample-[Notice] SetSample successful, Duration 0.00 seconds\nInstrument-[Warning] In Instrument::getSource(). No source has been set.\nInstrument-[Warning] In Instrument::getSamplePos(). No SamplePos has been set.\nDeleteWorkspace-[Notice] DeleteWorkspace started\nDeleteWorkspace-[Notice] DeleteWorkspace successful, Duration 0.00 seconds\nMatplotlib is currently using agg, which is a non-GUI backend, so cannot show the figure.\n.CreateWorkspace-[Notice] CreateWorkspace started\nCreateWorkspace-[Notice] CreateWorkspace successful, Duration 0.02 seconds\nSetSample-[Notice] SetSample started\nSetSample-[Notice] SetSample successful, Duration 5.60 seconds\nInstrument-[Warning] In Instrument::getSource(). No source has been set.\nInstrument-[Warning] In Instrument::getSamplePos(). No SamplePos has been set.\nDeleteWorkspace-[Notice] DeleteWorkspace started\nDeleteWorkspace-[Notice] DeleteWorkspace successful, Duration 0.00 seconds\nMatplotlib is currently using agg, which is a non-GUI backend, so cannot show the figure.\n.CreateSampleWorkspace-[Notice] CreateSampleWorkspace started\nCreateSampleWorkspace-[Notice] CreateSampleWorkspace successful, Duration 0.01 seconds\nLoadSampleShape-[Notice] LoadSampleShape started\nLoadSampleShape-[Notice] LoadSampleShape successful, Duration 0.02 seconds\nDeleteWorkspace-[Notice] DeleteWorkspace started\nDeleteWorkspace-[Notice] DeleteWorkspace successful, Duration 0.00 seconds\n.\n======================================================================\nERROR: test_sample_and_container_invalid (test_sample_shape.PlotSampleShapeTest)\n----------------------------------------------------------------------\nTraceback (most recent call last):\n  File &quot;/jenkins_workdir/workspace/pull_requests-conda-linux/qt/python/mantidqt/mantidqt/plotting/test/test_sample_shape.py&quot;, line 285, in test_sample_and_container_invalid\n    figure = sample_shape.plot_sample_container_and_components(workspace.name())\n  File &quot;/jenkins_workdir/workspace/pull_requests-conda-linux/qt/python/mantidqt/mantidqt/plotting/sample_shape.py&quot;, line 146, in plot_sample_container_and_components\n    return new_plot.create_plot(workspace_name)\n  File &quot;/jenkins_workdir/workspace/pull_requests-conda-linux/qt/python/mantidqt/mantidqt/plotting/sample_shape.py&quot;, line 53, in create_plot\n    raise Exception(&quot;Workspace must have attached Sample Shape or Environment&quot;)\nException: Workspace must have attached Sample Shape or Environment\n\n----------------------------------------------------------------------\nRan 35 tests in 23.171s\n\nFAILED (errors=1)\n\n          Start 1453: python.plots.UtilityTest.UtilityTest\n"
                                    }
                                ]
                            }
                        },
                        "Timeout": {}
                    }
                }
            }
        },
        "1777": {
            "py/object": "data_object.Build",
            "build_name": "1777",
            "is_completed": true,
            "aggregate": {
                "Tested": 2643,
                "Passed": 2642,
                "Flake": 0,
                "Failed": 1,
                "Timeout": 0
            },
            "ctest_runs": {
                "Linux": {
                    "py/object": "data_object.Ctest_run",
                    "agent_name": "Linux",
                    "is_not_found": false,
                    "outcome_count": {
                        "Tested": 2643,
                        "Passed": 2642,
                        "Flake": 0,
                        "Failed": 1,
                        "Timeout": 0
                    },
                    "outcome_groups": {
                        "Flake": {},
                        "Failed": {
                            "python.simplescanviewer.RectanglePlotTest.RectanglePlotTest": {
                                "py/object": "data_object.Ctest_test",
                                "test_name": "python.simplescanviewer.RectanglePlotTest.RectanglePlotTest",
                                "trials": [
                                    {
                                        "py/object": "data_object.Ctest_test_trial",
                                        "trial_num": 1,
                                        "outcome": "Failed",
                                        "test_time": "5.01",
                                        "stack_trace": "FrameworkManager-[Notice] Welcome to Mantid 6.5.20221102.1038\nFrameworkManager-[Notice] Please cite: http://dx.doi.org/10.1016/j.nima.2014.07.029 and this release: http://dx.doi.org/10.5286/Software/Mantid\nQStandardPaths: XDG_RUNTIME_DIR not set, defaulting to &#x27;/tmp/runtime-abc&#x27;\n/jenkins_workdir/workspace/pull_requests-conda-linux/build/bin/site.py:26: DeprecationWarning: the imp module is deprecated in favour of importlib; see the module&#x27;s documentation for alternative uses\n  import imp  # Avoid import loop in Python 3\n/jenkins_workdir/workspace/pull_requests-conda-linux/mambaforge/envs/mantid-developer/lib/python3.8/site-packages/h5py/__init__.py:46: DeprecationWarning: `np.typeDict` is a deprecated alias for `np.sctypeDict`.\n  from ._conv import register_converters as _register_converters\nThe global colormaps dictionary is no longer considered public API.\n..CreateEmptyTableWorkspace-[Notice] CreateEmptyTableWorkspace started\nCreateEmptyTableWorkspace-[Notice] CreateEmptyTableWorkspace successful, Duration 0.00 seconds\n.CreateWorkspace-[Notice] CreateWorkspace started\nCreateWorkspace-[Notice] CreateWorkspace successful, Duration 0.04 seconds\nCreateWorkspace-[Notice] CreateWorkspace started\nCreateWorkspace-[Notice] CreateWorkspace successful, Duration 0.04 seconds\nCreateWorkspace-[Notice] CreateWorkspace started\nCreateWorkspace-[Notice] CreateWorkspace successful, Duration 0.03 seconds\nCreateWorkspace-[Notice] CreateWorkspace started\nCreateWorkspace-[Notice] CreateWorkspace successful, Duration 0.03 seconds\nCreateWorkspace-[Notice] CreateWorkspace started\nCreateWorkspace-[Notice] CreateWorkspace successful, Duration 0.04 seconds\nCreateWorkspace-[Notice] CreateWorkspace started\nCreateWorkspace-[Notice] CreateWorkspace successful, Duration 0.02 seconds\nCreateWorkspace-[Notice] CreateWorkspace started\nCreateWorkspace-[Notice] CreateWorkspace successful, Duration 0.03 seconds\nCreateWorkspace-[Notice] CreateWorkspace started\nCreateWorkspace-[Notice] CreateWorkspace successful, Duration 0.03 seconds\n...Traceback (most recent call last):\n  File &quot;/jenkins_workdir/workspace/pull_requests-conda-linux/qt/python/mantidqtinterfaces/mantidqtinterfaces/simplescanviewer/rectangle_plot.py&quot;, line 261, in _on_controller_updated\n    self._update_plot_values()\n  File &quot;/jenkins_workdir/workspace/pull_requests-conda-linux/qt/python/mantidqtinterfaces/mantidqtinterfaces/simplescanviewer/rectangle_plot.py&quot;, line 274, in _update_plot_values\n    (x_line_x_axis, x_line_y_values), (y_line_x_axis, y_line_y_values) = self._compute_plot_axes()\n  File &quot;/jenkins_workdir/workspace/pull_requests-conda-linux/qt/python/mantidqtinterfaces/mantidqtinterfaces/simplescanviewer/rectangle_plot.py&quot;, line 288, in _compute_plot_axes\n    xmin, xmax, ymin, ymax = self.plotter.image.get_extent()\nValueError: not enough values to unpack (expected 4, got 0)\nSubprocess aborted\n\n          Start 2294: python.simplescanviewer.RectanglePlotTest.RectanglePlotTest\n"
                                    },
                                    {
                                        "py/object": "data_object.Ctest_test_trial",
                                        "trial_num": 2,
                                        "outcome": "Failed",
                                        "test_time": "6.16",
                                        "stack_trace": "FrameworkManager-[Notice] Welcome to Mantid 6.5.20221102.1038\nFrameworkManager-[Notice] Please cite: http://dx.doi.org/10.1016/j.nima.2014.07.029 and this release: http://dx.doi.org/10.5286/Software/Mantid\nQStandardPaths: XDG_RUNTIME_DIR not set, defaulting to &#x27;/tmp/runtime-abc&#x27;\n/jenkins_workdir/workspace/pull_requests-conda-linux/build/bin/site.py:26: DeprecationWarning: the imp module is deprecated in favour of importlib; see the module&#x27;s documentation for alternative uses\n  import imp  # Avoid import loop in Python 3\n/jenkins_workdir/workspace/pull_requests-conda-linux/mambaforge/envs/mantid-developer/lib/python3.8/site-packages/h5py/__init__.py:46: DeprecationWarning: `np.typeDict` is a deprecated alias for `np.sctypeDict`.\n  from ._conv import register_converters as _register_converters\nThe global colormaps dictionary is no longer considered public API.\n..CreateEmptyTableWorkspace-[Notice] CreateEmptyTableWorkspace started\nCreateEmptyTableWorkspace-[Notice] CreateEmptyTableWorkspace successful, Duration 0.00 seconds\n.CreateWorkspace-[Notice] CreateWorkspace started\nCreateWorkspace-[Notice] CreateWorkspace successful, Duration 0.04 seconds\nCreateWorkspace-[Notice] CreateWorkspace started\nCreateWorkspace-[Notice] CreateWorkspace successful, Duration 0.03 seconds\nCreateWorkspace-[Notice] CreateWorkspace started\nCreateWorkspace-[Notice] CreateWorkspace successful, Duration 0.03 seconds\nCreateWorkspace-[Notice] CreateWorkspace started\nCreateWorkspace-[Notice] CreateWorkspace successful, Duration 0.03 seconds\nCreateWorkspace-[Notice] CreateWorkspace started\nCreateWorkspace-[Notice] CreateWorkspace successful, Duration 0.02 seconds\nCreateWorkspace-[Notice] CreateWorkspace started\nCreateWorkspace-[Notice] CreateWorkspace successful, Duration 0.02 seconds\nCreateWorkspace-[Notice] CreateWorkspace started\nCreateWorkspace-[Notice] CreateWorkspace successful, Duration 0.02 seconds\nCreateWorkspace-[Notice] CreateWorkspace started\nCreateWorkspace-[Notice] CreateWorkspace successful, Duration 0.04 seconds\n...Traceback (most recent call last):\n  File &quot;/jenkins_workdir/workspace/pull_requests-conda-linux/qt/python/mantidqtinterfaces/mantidqtinterfaces/simplescanviewer/rectangle_plot.py&quot;, line 261, in _on_controller_updated\n    self._update_plot_values()\n  File &quot;/jenkins_workdir/workspace/pull_requests-conda-linux/qt/python/mantidqtinterfaces/mantidqtinterfaces/simplescanviewer/rectangle_plot.py&quot;, line 274, in _update_plot_values\n    (x_line_x_axis, x_line_y_values), (y_line_x_axis, y_line_y_values) = self._compute_plot_axes()\n  File &quot;/jenkins_workdir/workspace/pull_requests-conda-linux/qt/python/mantidqtinterfaces/mantidqtinterfaces/simplescanviewer/rectangle_plot.py&quot;, line 288, in _compute_plot_axes\n    xmin, xmax, ymin, ymax = self.plotter.image.get_extent()\nValueError: not enough values to unpack (expected 4, got 0)\nSubprocess aborted\n\n          Start 2294: python.simplescanviewer.RectanglePlotTest.RectanglePlotTest\n"
                                    },
                                    {
                                        "py/object": "data_object.Ctest_test_trial",
                                        "trial_num": 3,
                                        "outcome": "Failed",
                                        "test_time": "7.58",
                                        "stack_trace": "FrameworkManager-[Notice] Welcome to Mantid 6.5.20221102.1038\nFrameworkManager-[Notice] Please cite: http://dx.doi.org/10.1016/j.nima.2014.07.029 and this release: http://dx.doi.org/10.5286/Software/Mantid\nQStandardPaths: XDG_RUNTIME_DIR not set, defaulting to &#x27;/tmp/runtime-abc&#x27;\n/jenkins_workdir/workspace/pull_requests-conda-linux/build/bin/site.py:26: DeprecationWarning: the imp module is deprecated in favour of importlib; see the module&#x27;s documentation for alternative uses\n  import imp  # Avoid import loop in Python 3\n/jenkins_workdir/workspace/pull_requests-conda-linux/mambaforge/envs/mantid-developer/lib/python3.8/site-packages/h5py/__init__.py:46: DeprecationWarning: `np.typeDict` is a deprecated alias for `np.sctypeDict`.\n  from ._conv import register_converters as _register_converters\nThe global colormaps dictionary is no longer considered public API.\n..CreateEmptyTableWorkspace-[Notice] CreateEmptyTableWorkspace started\nCreateEmptyTableWorkspace-[Notice] CreateEmptyTableWorkspace successful, Duration 0.00 seconds\n.CreateWorkspace-[Notice] CreateWorkspace started\nCreateWorkspace-[Notice] CreateWorkspace successful, Duration 0.05 seconds\nCreateWorkspace-[Notice] CreateWorkspace started\nCreateWorkspace-[Notice] CreateWorkspace successful, Duration 0.02 seconds\nCreateWorkspace-[Notice] CreateWorkspace started\nCreateWorkspace-[Notice] CreateWorkspace successful, Duration 0.04 seconds\nCreateWorkspace-[Notice] CreateWorkspace started\nCreateWorkspace-[Notice] CreateWorkspace successful, Duration 0.03 seconds\nCreateWorkspace-[Notice] CreateWorkspace started\nCreateWorkspace-[Notice] CreateWorkspace successful, Duration 0.02 seconds\nCreateWorkspace-[Notice] CreateWorkspace started\nCreateWorkspace-[Notice] CreateWorkspace successful, Duration 0.02 seconds\nCreateWorkspace-[Notice] CreateWorkspace started\nCreateWorkspace-[Notice] CreateWorkspace successful, Duration 0.03 seconds\nCreateWorkspace-[Notice] CreateWorkspace started\nCreateWorkspace-[Notice] CreateWorkspace successful, Duration 0.02 seconds\n...Traceback (most recent call last):\n  File &quot;/jenkins_workdir/workspace/pull_requests-conda-linux/qt/python/mantidqtinterfaces/mantidqtinterfaces/simplescanviewer/rectangle_plot.py&quot;, line 261, in _on_controller_updated\n    self._update_plot_values()\n  File &quot;/jenkins_workdir/workspace/pull_requests-conda-linux/qt/python/mantidqtinterfaces/mantidqtinterfaces/simplescanviewer/rectangle_plot.py&quot;, line 274, in _update_plot_values\n    (x_line_x_axis, x_line_y_values), (y_line_x_axis, y_line_y_values) = self._compute_plot_axes()\n  File &quot;/jenkins_workdir/workspace/pull_requests-conda-linux/qt/python/mantidqtinterfaces/mantidqtinterfaces/simplescanviewer/rectangle_plot.py&quot;, line 288, in _compute_plot_axes\n    xmin, xmax, ymin, ymax = self.plotter.image.get_extent()\nValueError: not enough values to unpack (expected 4, got 0)\nSubprocess aborted\n\n          Start 1990: mantidqt_qt5.test_errorreport_presenter.test_errorreport_presenter\n"
                                    }
                                ]
                            }
                        },
                        "Timeout": {}
                    }
                }
            }
        },
        "1778": {
            "py/object": "data_object.Build",
            "build_name": "1778",
            "is_completed": true,
            "aggregate": {
                "Tested": 2643,
                "Passed": 2642,
                "Flake": 0,
                "Failed": 1,
                "Timeout": 0
            },
            "ctest_runs": {
                "Linux": {
                    "py/object": "data_object.Ctest_run",
                    "agent_name": "Linux",
                    "is_not_found": false,
                    "outcome_count": {
                        "Tested": 2643,
                        "Passed": 2642,
                        "Flake": 0,
                        "Failed": 1,
                        "Timeout": 0
                    },
                    "outcome_groups": {
                        "Flake": {},
                        "Failed": {
                            "python.simplescanviewer.RectanglePlotTest.RectanglePlotTest": {
                                "py/object": "data_object.Ctest_test",
                                "test_name": "python.simplescanviewer.RectanglePlotTest.RectanglePlotTest",
                                "trials": [
                                    {
                                        "py/object": "data_object.Ctest_test_trial",
                                        "trial_num": 1,
                                        "outcome": "Failed",
                                        "test_time": "6.74",
                                        "stack_trace": "FrameworkManager-[Notice] Welcome to Mantid 6.5.20221102.1142\nFrameworkManager-[Notice] Please cite: http://dx.doi.org/10.1016/j.nima.2014.07.029 and this release: http://dx.doi.org/10.5286/Software/Mantid\nQStandardPaths: XDG_RUNTIME_DIR not set, defaulting to &#x27;/tmp/runtime-abc&#x27;\n/jenkins_workdir/workspace/pull_requests-conda-linux/build/bin/site.py:26: DeprecationWarning: the imp module is deprecated in favour of importlib; see the module&#x27;s documentation for alternative uses\n  import imp  # Avoid import loop in Python 3\n/jenkins_workdir/workspace/pull_requests-conda-linux/mambaforge/envs/mantid-developer/lib/python3.8/site-packages/h5py/__init__.py:46: DeprecationWarning: `np.typeDict` is a deprecated alias for `np.sctypeDict`.\n  from ._conv import register_converters as _register_converters\nThe global colormaps dictionary is no longer considered public API.\n..CreateEmptyTableWorkspace-[Notice] CreateEmptyTableWorkspace started\nCreateEmptyTableWorkspace-[Notice] CreateEmptyTableWorkspace successful, Duration 0.01 seconds\n.CreateWorkspace-[Notice] CreateWorkspace started\nCreateWorkspace-[Notice] CreateWorkspace successful, Duration 0.05 seconds\nCreateWorkspace-[Notice] CreateWorkspace started\nCreateWorkspace-[Notice] CreateWorkspace successful, Duration 0.02 seconds\nCreateWorkspace-[Notice] CreateWorkspace started\nCreateWorkspace-[Notice] CreateWorkspace successful, Duration 0.03 seconds\nCreateWorkspace-[Notice] CreateWorkspace started\nCreateWorkspace-[Notice] CreateWorkspace successful, Duration 0.03 seconds\nCreateWorkspace-[Notice] CreateWorkspace started\nCreateWorkspace-[Notice] CreateWorkspace successful, Duration 0.03 seconds\nCreateWorkspace-[Notice] CreateWorkspace started\nCreateWorkspace-[Notice] CreateWorkspace successful, Duration 0.04 seconds\nCreateWorkspace-[Notice] CreateWorkspace started\nCreateWorkspace-[Notice] CreateWorkspace successful, Duration 0.03 seconds\nCreateWorkspace-[Notice] CreateWorkspace started\nCreateWorkspace-[Notice] CreateWorkspace successful, Duration 0.03 seconds\n...Traceback (most recent call last):\n  File &quot;/jenkins_workdir/workspace/pull_requests-conda-linux/qt/python/mantidqtinterfaces/mantidqtinterfaces/simplescanviewer/rectangle_plot.py&quot;, line 261, in _on_controller_updated\n    self._update_plot_values()\n  File &quot;/jenkins_workdir/workspace/pull_requests-conda-linux/qt/python/mantidqtinterfaces/mantidqtinterfaces/simplescanviewer/rectangle_plot.py&quot;, line 274, in _update_plot_values\n    (x_line_x_axis, x_line_y_values), (y_line_x_axis, y_line_y_values) = self._compute_plot_axes()\n  File &quot;/jenkins_workdir/workspace/pull_requests-conda-linux/qt/python/mantidqtinterfaces/mantidqtinterfaces/simplescanviewer/rectangle_plot.py&quot;, line 288, in _compute_plot_axes\n    xmin, xmax, ymin, ymax = self.plotter.image.get_extent()\nValueError: not enough values to unpack (expected 4, got 0)\nSubprocess aborted\n\n          Start 2294: python.simplescanviewer.RectanglePlotTest.RectanglePlotTest\n"
                                    },
                                    {
                                        "py/object": "data_object.Ctest_test_trial",
                                        "trial_num": 2,
                                        "outcome": "Failed",
                                        "test_time": "9.79",
                                        "stack_trace": "FrameworkManager-[Notice] Welcome to Mantid 6.5.20221102.1142\nFrameworkManager-[Notice] Please cite: http://dx.doi.org/10.1016/j.nima.2014.07.029 and this release: http://dx.doi.org/10.5286/Software/Mantid\nQStandardPaths: XDG_RUNTIME_DIR not set, defaulting to &#x27;/tmp/runtime-abc&#x27;\n/jenkins_workdir/workspace/pull_requests-conda-linux/build/bin/site.py:26: DeprecationWarning: the imp module is deprecated in favour of importlib; see the module&#x27;s documentation for alternative uses\n  import imp  # Avoid import loop in Python 3\n/jenkins_workdir/workspace/pull_requests-conda-linux/mambaforge/envs/mantid-developer/lib/python3.8/site-packages/h5py/__init__.py:46: DeprecationWarning: `np.typeDict` is a deprecated alias for `np.sctypeDict`.\n  from ._conv import register_converters as _register_converters\nThe global colormaps dictionary is no longer considered public API.\n..CreateEmptyTableWorkspace-[Notice] CreateEmptyTableWorkspace started\nCreateEmptyTableWorkspace-[Notice] CreateEmptyTableWorkspace successful, Duration 0.00 seconds\n.CreateWorkspace-[Notice] CreateWorkspace started\nCreateWorkspace-[Notice] CreateWorkspace successful, Duration 0.08 seconds\nCreateWorkspace-[Notice] CreateWorkspace started\nCreateWorkspace-[Notice] CreateWorkspace successful, Duration 0.07 seconds\nCreateWorkspace-[Notice] CreateWorkspace started\nCreateWorkspace-[Notice] CreateWorkspace successful, Duration 0.06 seconds\nCreateWorkspace-[Notice] CreateWorkspace started\nCreateWorkspace-[Notice] CreateWorkspace successful, Duration 0.04 seconds\nCreateWorkspace-[Notice] CreateWorkspace started\nCreateWorkspace-[Notice] CreateWorkspace successful, Duration 0.04 seconds\nCreateWorkspace-[Notice] CreateWorkspace started\nCreateWorkspace-[Notice] CreateWorkspace successful, Duration 0.05 seconds\nCreateWorkspace-[Notice] CreateWorkspace started\nCreateWorkspace-[Notice] CreateWorkspace successful, Duration 0.05 seconds\nCreateWorkspace-[Notice] CreateWorkspace started\nCreateWorkspace-[Notice] CreateWorkspace successful, Duration 0.04 seconds\n...Traceback (most recent call last):\n  File &quot;/jenkins_workdir/workspace/pull_requests-conda-linux/qt/python/mantidqtinterfaces/mantidqtinterfaces/simplescanviewer/rectangle_plot.py&quot;, line 261, in _on_controller_updated\n    self._update_plot_values()\n  File &quot;/jenkins_workdir/workspace/pull_requests-conda-linux/qt/python/mantidqtinterfaces/mantidqtinterfaces/simplescanviewer/rectangle_plot.py&quot;, line 274, in _update_plot_values\n    (x_line_x_axis, x_line_y_values), (y_line_x_axis, y_line_y_values) = self._compute_plot_axes()\n  File &quot;/jenkins_workdir/workspace/pull_requests-conda-linux/qt/python/mantidqtinterfaces/mantidqtinterfaces/simplescanviewer/rectangle_plot.py&quot;, line 288, in _compute_plot_axes\n    xmin, xmax, ymin, ymax = self.plotter.image.get_extent()\nValueError: not enough values to unpack (expected 4, got 0)\nSubprocess aborted\n\n          Start 2294: python.simplescanviewer.RectanglePlotTest.RectanglePlotTest\n"
                                    },
                                    {
                                        "py/object": "data_object.Ctest_test_trial",
                                        "trial_num": 3,
                                        "outcome": "Failed",
                                        "test_time": "9.06",
                                        "stack_trace": "FrameworkManager-[Notice] Welcome to Mantid 6.5.20221102.1142\nFrameworkManager-[Notice] Please cite: http://dx.doi.org/10.1016/j.nima.2014.07.029 and this release: http://dx.doi.org/10.5286/Software/Mantid\nQStandardPaths: XDG_RUNTIME_DIR not set, defaulting to &#x27;/tmp/runtime-abc&#x27;\n/jenkins_workdir/workspace/pull_requests-conda-linux/build/bin/site.py:26: DeprecationWarning: the imp module is deprecated in favour of importlib; see the module&#x27;s documentation for alternative uses\n  import imp  # Avoid import loop in Python 3\n/jenkins_workdir/workspace/pull_requests-conda-linux/mambaforge/envs/mantid-developer/lib/python3.8/site-packages/h5py/__init__.py:46: DeprecationWarning: `np.typeDict` is a deprecated alias for `np.sctypeDict`.\n  from ._conv import register_converters as _register_converters\nThe global colormaps dictionary is no longer considered public API.\n..CreateEmptyTableWorkspace-[Notice] CreateEmptyTableWorkspace started\nCreateEmptyTableWorkspace-[Notice] CreateEmptyTableWorkspace successful, Duration 0.02 seconds\n.CreateWorkspace-[Notice] CreateWorkspace started\nCreateWorkspace-[Notice] CreateWorkspace successful, Duration 0.07 seconds\nCreateWorkspace-[Notice] CreateWorkspace started\nCreateWorkspace-[Notice] CreateWorkspace successful, Duration 0.04 seconds\nCreateWorkspace-[Notice] CreateWorkspace started\nCreateWorkspace-[Notice] CreateWorkspace successful, Duration 0.05 seconds\nCreateWorkspace-[Notice] CreateWorkspace started\nCreateWorkspace-[Notice] CreateWorkspace successful, Duration 0.04 seconds\nCreateWorkspace-[Notice] CreateWorkspace started\nCreateWorkspace-[Notice] CreateWorkspace successful, Duration 0.05 seconds\nCreateWorkspace-[Notice] CreateWorkspace started\nCreateWorkspace-[Notice] CreateWorkspace successful, Duration 0.03 seconds\nCreateWorkspace-[Notice] CreateWorkspace started\nCreateWorkspace-[Notice] CreateWorkspace successful, Duration 0.04 seconds\nCreateWorkspace-[Notice] CreateWorkspace started\nCreateWorkspace-[Notice] CreateWorkspace successful, Duration 0.04 seconds\n...Traceback (most recent call last):\n  File &quot;/jenkins_workdir/workspace/pull_requests-conda-linux/qt/python/mantidqtinterfaces/mantidqtinterfaces/simplescanviewer/rectangle_plot.py&quot;, line 261, in _on_controller_updated\n    self._update_plot_values()\n  File &quot;/jenkins_workdir/workspace/pull_requests-conda-linux/qt/python/mantidqtinterfaces/mantidqtinterfaces/simplescanviewer/rectangle_plot.py&quot;, line 274, in _update_plot_values\n    (x_line_x_axis, x_line_y_values), (y_line_x_axis, y_line_y_values) = self._compute_plot_axes()\n  File &quot;/jenkins_workdir/workspace/pull_requests-conda-linux/qt/python/mantidqtinterfaces/mantidqtinterfaces/simplescanviewer/rectangle_plot.py&quot;, line 288, in _compute_plot_axes\n    xmin, xmax, ymin, ymax = self.plotter.image.get_extent()\nValueError: not enough values to unpack (expected 4, got 0)\nSubprocess aborted\n\n          Start  606: CrystalTest_CompositeClusterTest\n"
                                    }
                                ]
                            }
                        },
                        "Timeout": {}
                    }
                }
            }
        },
        "1779": {
            "py/object": "data_object.Build",
            "build_name": "1779",
            "is_completed": true,
            "aggregate": {
                "Tested": 2638,
                "Passed": 2638,
                "Flake": 0,
                "Failed": 0,
                "Timeout": 0
            },
            "ctest_runs": {
                "Linux": {
                    "py/object": "data_object.Ctest_run",
                    "agent_name": "Linux",
                    "is_not_found": false,
                    "outcome_count": {
                        "Tested": 2638,
                        "Passed": 2638,
                        "Flake": 0,
                        "Failed": 0,
                        "Timeout": 0
                    },
                    "outcome_groups": {
                        "Flake": {},
                        "Failed": {},
                        "Timeout": {}
                    }
                }
            }
        },
        "1780": {
            "py/object": "data_object.Build",
            "build_name": "1780",
            "is_completed": true,
            "aggregate": {
                "Tested": 2643,
                "Passed": 2643,
                "Flake": 0,
                "Failed": 0,
                "Timeout": 0
            },
            "ctest_runs": {
                "Linux": {
                    "py/object": "data_object.Ctest_run",
                    "agent_name": "Linux",
                    "is_not_found": false,
                    "outcome_count": {
                        "Tested": 2643,
                        "Passed": 2643,
                        "Flake": 0,
                        "Failed": 0,
                        "Timeout": 0
                    },
                    "outcome_groups": {
                        "Flake": {},
                        "Failed": {},
                        "Timeout": {}
                    }
                }
            }
        },
        "1781": {
            "py/object": "data_object.Build",
            "build_name": "1781",
            "is_completed": false,
            "aggregate": {
                "Tested": null,
                "Passed": null,
                "Flake": null,
                "Failed": null,
                "Timeout": null
            },
            "ctest_runs": {
                "Linux": {
                    "py/object": "data_object.Ctest_run",
                    "agent_name": "Linux",
                    "is_not_found": true,
                    "outcome_count": {
                        "Tested": null,
                        "Passed": null,
                        "Flake": null,
                        "Failed": null,
                        "Timeout": null
                    },
                    "outcome_groups": {}
                }
            }
        }
    }
}