{
    "data": {
        "1715": {
            "build_name": "1715",
            "is_completed": false,
            "aggregate": {
                "Tested": null,
                "Passed": null,
                "Flake": null,
                "Failed": null,
                "Timeout": null
            },
            "ctest_runs": {
                "Linux": {
                    "agent_name": "Linux",
                    "is_not_found": true,
                    "outcome_count": {
                        "Tested": null,
                        "Passed": null,
                        "Flake": null,
                        "Failed": null,
                        "Timeout": null
                    },
                    "outcome_groups": {}
                }
            }
        },
        "1716": {
            "build_name": "1716",
            "is_completed": false,
            "aggregate": {
                "Tested": null,
                "Passed": null,
                "Flake": null,
                "Failed": null,
                "Timeout": null
            },
            "ctest_runs": {
                "Linux": {
                    "agent_name": "Linux",
                    "is_not_found": true,
                    "outcome_count": {
                        "Tested": null,
                        "Passed": null,
                        "Flake": null,
                        "Failed": null,
                        "Timeout": null
                    },
                    "outcome_groups": {}
                }
            }
        },
        "1717": {
            "build_name": "1717",
            "is_completed": false,
            "aggregate": {
                "Tested": null,
                "Passed": null,
                "Flake": null,
                "Failed": null,
                "Timeout": null
            },
            "ctest_runs": {
                "Linux": {
                    "agent_name": "Linux",
                    "is_not_found": true,
                    "outcome_count": {
                        "Tested": null,
                        "Passed": null,
                        "Flake": null,
                        "Failed": null,
                        "Timeout": null
                    },
                    "outcome_groups": {}
                }
            }
        },
        "1718": {
            "build_name": "1718",
            "is_completed": false,
            "aggregate": {
                "Tested": null,
                "Passed": null,
                "Flake": null,
                "Failed": null,
                "Timeout": null
            },
            "ctest_runs": {
                "Linux": {
                    "agent_name": "Linux",
                    "is_not_found": true,
                    "outcome_count": {
                        "Tested": null,
                        "Passed": null,
                        "Flake": null,
                        "Failed": null,
                        "Timeout": null
                    },
                    "outcome_groups": {}
                }
            }
        },
        "1719": {
            "build_name": "1719",
            "is_completed": false,
            "aggregate": {
                "Tested": null,
                "Passed": null,
                "Flake": null,
                "Failed": null,
                "Timeout": null
            },
            "ctest_runs": {
                "Linux": {
                    "agent_name": "Linux",
                    "is_not_found": true,
                    "outcome_count": {
                        "Tested": null,
                        "Passed": null,
                        "Flake": null,
                        "Failed": null,
                        "Timeout": null
                    },
                    "outcome_groups": {}
                }
            }
        },
        "1720": {
            "build_name": "1720",
            "is_completed": false,
            "aggregate": {
                "Tested": null,
                "Passed": null,
                "Flake": null,
                "Failed": null,
                "Timeout": null
            },
            "ctest_runs": {
                "Linux": {
                    "agent_name": "Linux",
                    "is_not_found": true,
                    "outcome_count": {
                        "Tested": null,
                        "Passed": null,
                        "Flake": null,
                        "Failed": null,
                        "Timeout": null
                    },
                    "outcome_groups": {}
                }
            }
        },
        "1721": {
            "build_name": "1721",
            "is_completed": false,
            "aggregate": {
                "Tested": null,
                "Passed": null,
                "Flake": null,
                "Failed": null,
                "Timeout": null
            },
            "ctest_runs": {
                "Linux": {
                    "agent_name": "Linux",
                    "is_not_found": true,
                    "outcome_count": {
                        "Tested": null,
                        "Passed": null,
                        "Flake": null,
                        "Failed": null,
                        "Timeout": null
                    },
                    "outcome_groups": {}
                }
            }
        },
        "1722": {
            "build_name": "1722",
            "is_completed": false,
            "aggregate": {
                "Tested": null,
                "Passed": null,
                "Flake": null,
                "Failed": null,
                "Timeout": null
            },
            "ctest_runs": {
                "Linux": {
                    "agent_name": "Linux",
                    "is_not_found": true,
                    "outcome_count": {
                        "Tested": null,
                        "Passed": null,
                        "Flake": null,
                        "Failed": null,
                        "Timeout": null
                    },
                    "outcome_groups": {}
                }
            }
        },
        "1723": {
            "build_name": "1723",
            "is_completed": false,
            "aggregate": {
                "Tested": null,
                "Passed": null,
                "Flake": null,
                "Failed": null,
                "Timeout": null
            },
            "ctest_runs": {
                "Linux": {
                    "agent_name": "Linux",
                    "is_not_found": true,
                    "outcome_count": {
                        "Tested": null,
                        "Passed": null,
                        "Flake": null,
                        "Failed": null,
                        "Timeout": null
                    },
                    "outcome_groups": {}
                }
            }
        },
        "1724": {
            "build_name": "1724",
            "is_completed": false,
            "aggregate": {
                "Tested": null,
                "Passed": null,
                "Flake": null,
                "Failed": null,
                "Timeout": null
            },
            "ctest_runs": {
                "Linux": {
                    "agent_name": "Linux",
                    "is_not_found": true,
                    "outcome_count": {
                        "Tested": null,
                        "Passed": null,
                        "Flake": null,
                        "Failed": null,
                        "Timeout": null
                    },
                    "outcome_groups": {}
                }
            }
        },
        "1725": {
            "build_name": "1725",
            "is_completed": false,
            "aggregate": {
                "Tested": null,
                "Passed": null,
                "Flake": null,
                "Failed": null,
                "Timeout": null
            },
            "ctest_runs": {
                "Linux": {
                    "agent_name": "Linux",
                    "is_not_found": true,
                    "outcome_count": {
                        "Tested": null,
                        "Passed": null,
                        "Flake": null,
                        "Failed": null,
                        "Timeout": null
                    },
                    "outcome_groups": {}
                }
            }
        },
        "1726": {
            "build_name": "1726",
            "is_completed": false,
            "aggregate": {
                "Tested": null,
                "Passed": null,
                "Flake": null,
                "Failed": null,
                "Timeout": null
            },
            "ctest_runs": {
                "Linux": {
                    "agent_name": "Linux",
                    "is_not_found": true,
                    "outcome_count": {
                        "Tested": null,
                        "Passed": null,
                        "Flake": null,
                        "Failed": null,
                        "Timeout": null
                    },
                    "outcome_groups": {}
                }
            }
        },
        "1727": {
            "build_name": "1727",
            "is_completed": false,
            "aggregate": {
                "Tested": null,
                "Passed": null,
                "Flake": null,
                "Failed": null,
                "Timeout": null
            },
            "ctest_runs": {
                "Linux": {
                    "agent_name": "Linux",
                    "is_not_found": true,
                    "outcome_count": {
                        "Tested": null,
                        "Passed": null,
                        "Flake": null,
                        "Failed": null,
                        "Timeout": null
                    },
                    "outcome_groups": {}
                }
            }
        },
        "1728": {
            "build_name": "1728",
            "is_completed": false,
            "aggregate": {
                "Tested": null,
                "Passed": null,
                "Flake": null,
                "Failed": null,
                "Timeout": null
            },
            "ctest_runs": {
                "Linux": {
                    "agent_name": "Linux",
                    "is_not_found": true,
                    "outcome_count": {
                        "Tested": null,
                        "Passed": null,
                        "Flake": null,
                        "Failed": null,
                        "Timeout": null
                    },
                    "outcome_groups": {}
                }
            }
        },
        "1729": {
            "build_name": "1729",
            "is_completed": false,
            "aggregate": {
                "Tested": null,
                "Passed": null,
                "Flake": null,
                "Failed": null,
                "Timeout": null
            },
            "ctest_runs": {
                "Linux": {
                    "agent_name": "Linux",
                    "is_not_found": true,
                    "outcome_count": {
                        "Tested": null,
                        "Passed": null,
                        "Flake": null,
                        "Failed": null,
                        "Timeout": null
                    },
                    "outcome_groups": {}
                }
            }
        },
        "1730": {
            "build_name": "1730",
            "is_completed": false,
            "aggregate": {
                "Tested": null,
                "Passed": null,
                "Flake": null,
                "Failed": null,
                "Timeout": null
            },
            "ctest_runs": {
                "Linux": {
                    "agent_name": "Linux",
                    "is_not_found": true,
                    "outcome_count": {
                        "Tested": null,
                        "Passed": null,
                        "Flake": null,
                        "Failed": null,
                        "Timeout": null
                    },
                    "outcome_groups": {}
                }
            }
        },
        "1731": {
            "build_name": "1731",
            "is_completed": false,
            "aggregate": {
                "Tested": null,
                "Passed": null,
                "Flake": null,
                "Failed": null,
                "Timeout": null
            },
            "ctest_runs": {
                "Linux": {
                    "agent_name": "Linux",
                    "is_not_found": true,
                    "outcome_count": {
                        "Tested": null,
                        "Passed": null,
                        "Flake": null,
                        "Failed": null,
                        "Timeout": null
                    },
                    "outcome_groups": {}
                }
            }
        },
        "1732": {
            "build_name": "1732",
            "is_completed": false,
            "aggregate": {
                "Tested": null,
                "Passed": null,
                "Flake": null,
                "Failed": null,
                "Timeout": null
            },
            "ctest_runs": {
                "Linux": {
                    "agent_name": "Linux",
                    "is_not_found": true,
                    "outcome_count": {
                        "Tested": null,
                        "Passed": null,
                        "Flake": null,
                        "Failed": null,
                        "Timeout": null
                    },
                    "outcome_groups": {}
                }
            }
        },
        "1733": {
            "build_name": "1733",
            "is_completed": false,
            "aggregate": {
                "Tested": null,
                "Passed": null,
                "Flake": null,
                "Failed": null,
                "Timeout": null
            },
            "ctest_runs": {
                "Linux": {
                    "agent_name": "Linux",
                    "is_not_found": true,
                    "outcome_count": {
                        "Tested": null,
                        "Passed": null,
                        "Flake": null,
                        "Failed": null,
                        "Timeout": null
                    },
                    "outcome_groups": {}
                }
            }
        },
        "1734": {
            "build_name": "1734",
            "is_completed": false,
            "aggregate": {
                "Tested": null,
                "Passed": null,
                "Flake": null,
                "Failed": null,
                "Timeout": null
            },
            "ctest_runs": {
                "Linux": {
                    "agent_name": "Linux",
                    "is_not_found": true,
                    "outcome_count": {
                        "Tested": null,
                        "Passed": null,
                        "Flake": null,
                        "Failed": null,
                        "Timeout": null
                    },
                    "outcome_groups": {}
                }
            }
        },
        "1735": {
            "build_name": "1735",
            "is_completed": false,
            "aggregate": {
                "Tested": null,
                "Passed": null,
                "Flake": null,
                "Failed": null,
                "Timeout": null
            },
            "ctest_runs": {
                "Linux": {
                    "agent_name": "Linux",
                    "is_not_found": true,
                    "outcome_count": {
                        "Tested": null,
                        "Passed": null,
                        "Flake": null,
                        "Failed": null,
                        "Timeout": null
                    },
                    "outcome_groups": {}
                }
            }
        },
        "1736": {
            "build_name": "1736",
            "is_completed": false,
            "aggregate": {
                "Tested": null,
                "Passed": null,
                "Flake": null,
                "Failed": null,
                "Timeout": null
            },
            "ctest_runs": {
                "Linux": {
                    "agent_name": "Linux",
                    "is_not_found": true,
                    "outcome_count": {
                        "Tested": null,
                        "Passed": null,
                        "Flake": null,
                        "Failed": null,
                        "Timeout": null
                    },
                    "outcome_groups": {}
                }
            }
        },
        "1737": {
            "build_name": "1737",
            "is_completed": false,
            "aggregate": {
                "Tested": null,
                "Passed": null,
                "Flake": null,
                "Failed": null,
                "Timeout": null
            },
            "ctest_runs": {
                "Linux": {
                    "agent_name": "Linux",
                    "is_not_found": true,
                    "outcome_count": {
                        "Tested": null,
                        "Passed": null,
                        "Flake": null,
                        "Failed": null,
                        "Timeout": null
                    },
                    "outcome_groups": {}
                }
            }
        },
        "1738": {
            "build_name": "1738",
            "is_completed": false,
            "aggregate": {
                "Tested": null,
                "Passed": null,
                "Flake": null,
                "Failed": null,
                "Timeout": null
            },
            "ctest_runs": {
                "Linux": {
                    "agent_name": "Linux",
                    "is_not_found": true,
                    "outcome_count": {
                        "Tested": null,
                        "Passed": null,
                        "Flake": null,
                        "Failed": null,
                        "Timeout": null
                    },
                    "outcome_groups": {}
                }
            }
        },
        "1739": {
            "build_name": "1739",
            "is_completed": false,
            "aggregate": {
                "Tested": null,
                "Passed": null,
                "Flake": null,
                "Failed": null,
                "Timeout": null
            },
            "ctest_runs": {
                "Linux": {
                    "agent_name": "Linux",
                    "is_not_found": true,
                    "outcome_count": {
                        "Tested": null,
                        "Passed": null,
                        "Flake": null,
                        "Failed": null,
                        "Timeout": null
                    },
                    "outcome_groups": {}
                }
            }
        },
        "1740": {
            "build_name": "1740",
            "is_completed": false,
            "aggregate": {
                "Tested": null,
                "Passed": null,
                "Flake": null,
                "Failed": null,
                "Timeout": null
            },
            "ctest_runs": {
                "Linux": {
                    "agent_name": "Linux",
                    "is_not_found": true,
                    "outcome_count": {
                        "Tested": null,
                        "Passed": null,
                        "Flake": null,
                        "Failed": null,
                        "Timeout": null
                    },
                    "outcome_groups": {}
                }
            }
        },
        "1741": {
            "build_name": "1741",
            "is_completed": false,
            "aggregate": {
                "Tested": null,
                "Passed": null,
                "Flake": null,
                "Failed": null,
                "Timeout": null
            },
            "ctest_runs": {
                "Linux": {
                    "agent_name": "Linux",
                    "is_not_found": true,
                    "outcome_count": {
                        "Tested": null,
                        "Passed": null,
                        "Flake": null,
                        "Failed": null,
                        "Timeout": null
                    },
                    "outcome_groups": {}
                }
            }
        },
        "1742": {
            "build_name": "1742",
            "is_completed": false,
            "aggregate": {
                "Tested": null,
                "Passed": null,
                "Flake": null,
                "Failed": null,
                "Timeout": null
            },
            "ctest_runs": {
                "Linux": {
                    "agent_name": "Linux",
                    "is_not_found": true,
                    "outcome_count": {
                        "Tested": null,
                        "Passed": null,
                        "Flake": null,
                        "Failed": null,
                        "Timeout": null
                    },
                    "outcome_groups": {}
                }
            }
        },
        "1743": {
            "build_name": "1743",
            "is_completed": true,
            "aggregate": {
                "Tested": 2638,
                "Passed": 2638,
                "Flake": 0,
                "Failed": 0,
                "Timeout": 0
            },
            "ctest_runs": {
                "Linux": {
                    "agent_name": "Linux",
                    "is_not_found": false,
                    "outcome_count": {
                        "Tested": 2638,
                        "Passed": 2638,
                        "Flake": 0,
                        "Failed": 0,
                        "Timeout": 0
                    },
                    "outcome_groups": {
                        "Flake": {},
                        "Failed": {},
                        "Timeout": {}
                    }
                }
            }
        },
        "1744": {
            "build_name": "1744",
            "is_completed": true,
            "aggregate": {
                "Tested": 2638,
                "Passed": 2638,
                "Flake": 0,
                "Failed": 0,
                "Timeout": 0
            },
            "ctest_runs": {
                "Linux": {
                    "agent_name": "Linux",
                    "is_not_found": false,
                    "outcome_count": {
                        "Tested": 2638,
                        "Passed": 2638,
                        "Flake": 0,
                        "Failed": 0,
                        "Timeout": 0
                    },
                    "outcome_groups": {
                        "Flake": {},
                        "Failed": {},
                        "Timeout": {}
                    }
                }
            }
        },
        "1745": {
            "build_name": "1745",
            "is_completed": true,
            "aggregate": {
                "Tested": 2638,
                "Passed": 2638,
                "Flake": 0,
                "Failed": 0,
                "Timeout": 0
            },
            "ctest_runs": {
                "Linux": {
                    "agent_name": "Linux",
                    "is_not_found": false,
                    "outcome_count": {
                        "Tested": 2638,
                        "Passed": 2638,
                        "Flake": 0,
                        "Failed": 0,
                        "Timeout": 0
                    },
                    "outcome_groups": {
                        "Flake": {},
                        "Failed": {},
                        "Timeout": {}
                    }
                }
            }
        },
        "1746": {
            "build_name": "1746",
            "is_completed": true,
            "aggregate": {
                "Tested": 2638,
                "Passed": 2638,
                "Flake": 0,
                "Failed": 0,
                "Timeout": 0
            },
            "ctest_runs": {
                "Linux": {
                    "agent_name": "Linux",
                    "is_not_found": false,
                    "outcome_count": {
                        "Tested": 2638,
                        "Passed": 2638,
                        "Flake": 0,
                        "Failed": 0,
                        "Timeout": 0
                    },
                    "outcome_groups": {
                        "Flake": {},
                        "Failed": {},
                        "Timeout": {}
                    }
                }
            }
        },
        "1747": {
            "build_name": "1747",
            "is_completed": true,
            "aggregate": {
                "Tested": 2638,
                "Passed": 2638,
                "Flake": 0,
                "Failed": 0,
                "Timeout": 0
            },
            "ctest_runs": {
                "Linux": {
                    "agent_name": "Linux",
                    "is_not_found": false,
                    "outcome_count": {
                        "Tested": 2638,
                        "Passed": 2638,
                        "Flake": 0,
                        "Failed": 0,
                        "Timeout": 0
                    },
                    "outcome_groups": {
                        "Flake": {},
                        "Failed": {},
                        "Timeout": {}
                    }
                }
            }
        },
        "1748": {
            "build_name": "1748",
            "is_completed": true,
            "aggregate": {
                "Tested": 2638,
                "Passed": 2638,
                "Flake": 0,
                "Failed": 0,
                "Timeout": 0
            },
            "ctest_runs": {
                "Linux": {
                    "agent_name": "Linux",
                    "is_not_found": false,
                    "outcome_count": {
                        "Tested": 2638,
                        "Passed": 2638,
                        "Flake": 0,
                        "Failed": 0,
                        "Timeout": 0
                    },
                    "outcome_groups": {
                        "Flake": {},
                        "Failed": {},
                        "Timeout": {}
                    }
                }
            }
        },
        "1749": {
            "build_name": "1749",
            "is_completed": true,
            "aggregate": {
                "Tested": 2638,
                "Passed": 2638,
                "Flake": 0,
                "Failed": 0,
                "Timeout": 0
            },
            "ctest_runs": {
                "Linux": {
                    "agent_name": "Linux",
                    "is_not_found": false,
                    "outcome_count": {
                        "Tested": 2638,
                        "Passed": 2638,
                        "Flake": 0,
                        "Failed": 0,
                        "Timeout": 0
                    },
                    "outcome_groups": {
                        "Flake": {},
                        "Failed": {},
                        "Timeout": {}
                    }
                }
            }
        },
        "1750": {
            "build_name": "1750",
            "is_completed": true,
            "aggregate": {
                "Tested": 2638,
                "Passed": 2638,
                "Flake": 0,
                "Failed": 0,
                "Timeout": 0
            },
            "ctest_runs": {
                "Linux": {
                    "agent_name": "Linux",
                    "is_not_found": false,
                    "outcome_count": {
                        "Tested": 2638,
                        "Passed": 2638,
                        "Flake": 0,
                        "Failed": 0,
                        "Timeout": 0
                    },
                    "outcome_groups": {
                        "Flake": {},
                        "Failed": {},
                        "Timeout": {}
                    }
                }
            }
        },
        "1751": {
            "build_name": "1751",
            "is_completed": true,
            "aggregate": {
                "Tested": 2639,
                "Passed": 2639,
                "Flake": 0,
                "Failed": 0,
                "Timeout": 0
            },
            "ctest_runs": {
                "Linux": {
                    "agent_name": "Linux",
                    "is_not_found": false,
                    "outcome_count": {
                        "Tested": 2639,
                        "Passed": 2639,
                        "Flake": 0,
                        "Failed": 0,
                        "Timeout": 0
                    },
                    "outcome_groups": {
                        "Flake": {},
                        "Failed": {},
                        "Timeout": {}
                    }
                }
            }
        },
        "1752": {
            "build_name": "1752",
            "is_completed": false,
            "aggregate": {
                "Tested": null,
                "Passed": null,
                "Flake": null,
                "Failed": null,
                "Timeout": null
            },
            "ctest_runs": {
                "Linux": {
                    "agent_name": "Linux",
                    "is_not_found": true,
                    "outcome_count": {
                        "Tested": null,
                        "Passed": null,
                        "Flake": null,
                        "Failed": null,
                        "Timeout": null
                    },
                    "outcome_groups": {}
                }
            }
        },
        "1753": {
            "build_name": "1753",
            "is_completed": true,
            "aggregate": {
                "Tested": 2638,
                "Passed": 2638,
                "Flake": 0,
                "Failed": 0,
                "Timeout": 0
            },
            "ctest_runs": {
                "Linux": {
                    "agent_name": "Linux",
                    "is_not_found": false,
                    "outcome_count": {
                        "Tested": 2638,
                        "Passed": 2638,
                        "Flake": 0,
                        "Failed": 0,
                        "Timeout": 0
                    },
                    "outcome_groups": {
                        "Flake": {},
                        "Failed": {},
                        "Timeout": {}
                    }
                }
            }
        },
        "1754": {
            "build_name": "1754",
            "is_completed": true,
            "aggregate": {
                "Tested": 2638,
                "Passed": 2638,
                "Flake": 0,
                "Failed": 0,
                "Timeout": 0
            },
            "ctest_runs": {
                "Linux": {
                    "agent_name": "Linux",
                    "is_not_found": false,
                    "outcome_count": {
                        "Tested": 2638,
                        "Passed": 2638,
                        "Flake": 0,
                        "Failed": 0,
                        "Timeout": 0
                    },
                    "outcome_groups": {
                        "Flake": {},
                        "Failed": {},
                        "Timeout": {}
                    }
                }
            }
        },
        "1755": {
            "build_name": "1755",
            "is_completed": true,
            "aggregate": {
                "Tested": 2639,
                "Passed": 2639,
                "Flake": 0,
                "Failed": 0,
                "Timeout": 0
            },
            "ctest_runs": {
                "Linux": {
                    "agent_name": "Linux",
                    "is_not_found": false,
                    "outcome_count": {
                        "Tested": 2639,
                        "Passed": 2639,
                        "Flake": 0,
                        "Failed": 0,
                        "Timeout": 0
                    },
                    "outcome_groups": {
                        "Flake": {},
                        "Failed": {},
                        "Timeout": {}
                    }
                }
            }
        },
        "1756": {
            "build_name": "1756",
            "is_completed": true,
            "aggregate": {
                "Tested": 2638,
                "Passed": 2638,
                "Flake": 0,
                "Failed": 0,
                "Timeout": 0
            },
            "ctest_runs": {
                "Linux": {
                    "agent_name": "Linux",
                    "is_not_found": false,
                    "outcome_count": {
                        "Tested": 2638,
                        "Passed": 2638,
                        "Flake": 0,
                        "Failed": 0,
                        "Timeout": 0
                    },
                    "outcome_groups": {
                        "Flake": {},
                        "Failed": {},
                        "Timeout": {}
                    }
                }
            }
        },
        "1757": {
            "build_name": "1757",
            "is_completed": true,
            "aggregate": {
                "Tested": 2639,
                "Passed": 2639,
                "Flake": 0,
                "Failed": 0,
                "Timeout": 0
            },
            "ctest_runs": {
                "Linux": {
                    "agent_name": "Linux",
                    "is_not_found": false,
                    "outcome_count": {
                        "Tested": 2639,
                        "Passed": 2639,
                        "Flake": 0,
                        "Failed": 0,
                        "Timeout": 0
                    },
                    "outcome_groups": {
                        "Flake": {},
                        "Failed": {},
                        "Timeout": {}
                    }
                }
            }
        },
        "1758": {
            "build_name": "1758",
            "is_completed": false,
            "aggregate": {
                "Tested": null,
                "Passed": null,
                "Flake": null,
                "Failed": null,
                "Timeout": null
            },
            "ctest_runs": {
                "Linux": {
                    "agent_name": "Linux",
                    "is_not_found": true,
                    "outcome_count": {
                        "Tested": null,
                        "Passed": null,
                        "Flake": null,
                        "Failed": null,
                        "Timeout": null
                    },
                    "outcome_groups": {}
                }
            }
        },
        "1759": {
            "build_name": "1759",
            "is_completed": true,
            "aggregate": {
                "Tested": 2639,
                "Passed": 2639,
                "Flake": 0,
                "Failed": 0,
                "Timeout": 0
            },
            "ctest_runs": {
                "Linux": {
                    "agent_name": "Linux",
                    "is_not_found": false,
                    "outcome_count": {
                        "Tested": 2639,
                        "Passed": 2639,
                        "Flake": 0,
                        "Failed": 0,
                        "Timeout": 0
                    },
                    "outcome_groups": {
                        "Flake": {},
                        "Failed": {},
                        "Timeout": {}
                    }
                }
            }
        },
        "1760": {
            "build_name": "1760",
            "is_completed": true,
            "aggregate": {
                "Tested": 2638,
                "Passed": 2637,
                "Flake": 0,
                "Failed": 1,
                "Timeout": 0
            },
            "ctest_runs": {
                "Linux": {
                    "agent_name": "Linux",
                    "is_not_found": false,
                    "outcome_count": {
                        "Tested": 2638,
                        "Passed": 2637,
                        "Flake": 0,
                        "Failed": 1,
                        "Timeout": 0
                    },
                    "outcome_groups": {
                        "Flake": {},
                        "Failed": {
                            "mantidqt_qt5.test_sliceviewer_imageinfowidget.test_sliceviewer_imageinfowidget": {
                                "test_name": "mantidqt_qt5.test_sliceviewer_imageinfowidget.test_sliceviewer_imageinfowidget",
                                "trials": [
                                    {
                                        "trial_num": 1,
                                        "outcome": "Failed",
                                        "test_time": "2.08",
                                        "stack_trace": "/jenkins_workdir/workspace/pull_requests-conda-linux/build/bin/site.py:26: DeprecationWarning: the imp module is deprecated in favour of importlib; see the module&#x27;s documentation for alternative uses\n  import imp  # Avoid import loop in Python 3\n/jenkins_workdir/workspace/pull_requests-conda-linux/mambaforge/envs/mantid-developer/lib/python3.8/_collections_abc.py:720: MatplotlibDeprecationWarning: The global colormaps dictionary is no longer considered public API.\n  yield from self._mapping\nEEEEE\n======================================================================\nERROR: test_cursorAt_arguments_correct_when_not_mesh_and_not_transposed (test_sliceviewer_imageinfowidget.ImageInfoTrackerTest)\n----------------------------------------------------------------------\nTraceback (most recent call last):\n  File &quot;/jenkins_workdir/workspace/pull_requests-conda-linux/mambaforge/envs/mantid-developer/lib/python3.8/unittest/mock.py&quot;, line 1325, in patched\n    return func(*newargs, **newkeywargs)\n  File &quot;/jenkins_workdir/workspace/pull_requests-conda-linux/qt/python/mantidqt/mantidqt/widgets/sliceviewer/test/test_sliceviewer_imageinfowidget.py&quot;, line 68, in test_cursorAt_arguments_correct_when_not_mesh_and_not_transposed\n    tracker = ImageInfoTracker(image=self.image,\nTypeError: __init__() missing 1 required positional argument: &#x27;presenter&#x27;\n\n======================================================================\nERROR: test_cursorAt_arguments_correct_when_not_mesh_and_transposed (test_sliceviewer_imageinfowidget.ImageInfoTrackerTest)\n----------------------------------------------------------------------\nTraceback (most recent call last):\n  File &quot;/jenkins_workdir/workspace/pull_requests-conda-linux/mambaforge/envs/mantid-developer/lib/python3.8/unittest/mock.py&quot;, line 1325, in patched\n    return func(*newargs, **newkeywargs)\n  File &quot;/jenkins_workdir/workspace/pull_requests-conda-linux/qt/python/mantidqt/mantidqt/widgets/sliceviewer/test/test_sliceviewer_imageinfowidget.py&quot;, line 84, in test_cursorAt_arguments_correct_when_not_mesh_and_transposed\n    tracker = ImageInfoTracker(image=self.image,\nTypeError: __init__() missing 1 required positional argument: &#x27;presenter&#x27;\n\n======================================================================\nERROR: test_nonortho_transform_applied_when_mesh_and_transfrom_true (test_sliceviewer_imageinfowidget.ImageInfoTrackerTest)\n----------------------------------------------------------------------\nTraceback (most recent call last):\n  File &quot;/jenkins_workdir/workspace/pull_requests-conda-linux/qt/python/mantidqt/mantidqt/widgets/sliceviewer/test/test_sliceviewer_imageinfowidget.py&quot;, line 38, in test_nonortho_transform_applied_when_mesh_and_transfrom_true\n    tracker = ImageInfoTracker(image=self.image,\nTypeError: __init__() missing 1 required positional argument: &#x27;presenter&#x27;\n\n======================================================================\nERROR: test_nonortho_transform_not_applied_when_mesh_and_transfrom_false (test_sliceviewer_imageinfowidget.ImageInfoTrackerTest)\n----------------------------------------------------------------------\nTraceback (most recent call last):\n  File &quot;/jenkins_workdir/workspace/pull_requests-conda-linux/qt/python/mantidqt/mantidqt/widgets/sliceviewer/test/test_sliceviewer_imageinfowidget.py&quot;, line 27, in test_nonortho_transform_not_applied_when_mesh_and_transfrom_false\n    tracker = ImageInfoTracker(image=self.image,\nTypeError: __init__() missing 1 required positional argument: &#x27;presenter&#x27;\n\n======================================================================\nERROR: test_nonortho_transform_not_applied_when_not_mesh (test_sliceviewer_imageinfowidget.ImageInfoTrackerTest)\n----------------------------------------------------------------------\nTraceback (most recent call last):\n  File &quot;/jenkins_workdir/workspace/pull_requests-conda-linux/mambaforge/envs/mantid-developer/lib/python3.8/unittest/mock.py&quot;, line 1325, in patched\n    return func(*newargs, **newkeywargs)\n  File &quot;/jenkins_workdir/workspace/pull_requests-conda-linux/qt/python/mantidqt/mantidqt/widgets/sliceviewer/test/test_sliceviewer_imageinfowidget.py&quot;, line 51, in test_nonortho_transform_not_applied_when_not_mesh\n    tracker = ImageInfoTracker(image=self.image,\nTypeError: __init__() missing 1 required positional argument: &#x27;presenter&#x27;\n\n----------------------------------------------------------------------\nRan 5 tests in 0.038s\n\nFAILED (errors=5)\n\n          Start 2063: mantidqt_qt5.test_sliceviewer_imageinfowidget.test_sliceviewer_imageinfowidget\n"
                                    },
                                    {
                                        "trial_num": 2,
                                        "outcome": "Failed",
                                        "test_time": "2.10",
                                        "stack_trace": "/jenkins_workdir/workspace/pull_requests-conda-linux/build/bin/site.py:26: DeprecationWarning: the imp module is deprecated in favour of importlib; see the module&#x27;s documentation for alternative uses\n  import imp  # Avoid import loop in Python 3\n/jenkins_workdir/workspace/pull_requests-conda-linux/mambaforge/envs/mantid-developer/lib/python3.8/_collections_abc.py:720: MatplotlibDeprecationWarning: The global colormaps dictionary is no longer considered public API.\n  yield from self._mapping\nEEEEE\n======================================================================\nERROR: test_cursorAt_arguments_correct_when_not_mesh_and_not_transposed (test_sliceviewer_imageinfowidget.ImageInfoTrackerTest)\n----------------------------------------------------------------------\nTraceback (most recent call last):\n  File &quot;/jenkins_workdir/workspace/pull_requests-conda-linux/mambaforge/envs/mantid-developer/lib/python3.8/unittest/mock.py&quot;, line 1325, in patched\n    return func(*newargs, **newkeywargs)\n  File &quot;/jenkins_workdir/workspace/pull_requests-conda-linux/qt/python/mantidqt/mantidqt/widgets/sliceviewer/test/test_sliceviewer_imageinfowidget.py&quot;, line 68, in test_cursorAt_arguments_correct_when_not_mesh_and_not_transposed\n    tracker = ImageInfoTracker(image=self.image,\nTypeError: __init__() missing 1 required positional argument: &#x27;presenter&#x27;\n\n======================================================================\nERROR: test_cursorAt_arguments_correct_when_not_mesh_and_transposed (test_sliceviewer_imageinfowidget.ImageInfoTrackerTest)\n----------------------------------------------------------------------\nTraceback (most recent call last):\n  File &quot;/jenkins_workdir/workspace/pull_requests-conda-linux/mambaforge/envs/mantid-developer/lib/python3.8/unittest/mock.py&quot;, line 1325, in patched\n    return func(*newargs, **newkeywargs)\n  File &quot;/jenkins_workdir/workspace/pull_requests-conda-linux/qt/python/mantidqt/mantidqt/widgets/sliceviewer/test/test_sliceviewer_imageinfowidget.py&quot;, line 84, in test_cursorAt_arguments_correct_when_not_mesh_and_transposed\n    tracker = ImageInfoTracker(image=self.image,\nTypeError: __init__() missing 1 required positional argument: &#x27;presenter&#x27;\n\n======================================================================\nERROR: test_nonortho_transform_applied_when_mesh_and_transfrom_true (test_sliceviewer_imageinfowidget.ImageInfoTrackerTest)\n----------------------------------------------------------------------\nTraceback (most recent call last):\n  File &quot;/jenkins_workdir/workspace/pull_requests-conda-linux/qt/python/mantidqt/mantidqt/widgets/sliceviewer/test/test_sliceviewer_imageinfowidget.py&quot;, line 38, in test_nonortho_transform_applied_when_mesh_and_transfrom_true\n    tracker = ImageInfoTracker(image=self.image,\nTypeError: __init__() missing 1 required positional argument: &#x27;presenter&#x27;\n\n======================================================================\nERROR: test_nonortho_transform_not_applied_when_mesh_and_transfrom_false (test_sliceviewer_imageinfowidget.ImageInfoTrackerTest)\n----------------------------------------------------------------------\nTraceback (most recent call last):\n  File &quot;/jenkins_workdir/workspace/pull_requests-conda-linux/qt/python/mantidqt/mantidqt/widgets/sliceviewer/test/test_sliceviewer_imageinfowidget.py&quot;, line 27, in test_nonortho_transform_not_applied_when_mesh_and_transfrom_false\n    tracker = ImageInfoTracker(image=self.image,\nTypeError: __init__() missing 1 required positional argument: &#x27;presenter&#x27;\n\n======================================================================\nERROR: test_nonortho_transform_not_applied_when_not_mesh (test_sliceviewer_imageinfowidget.ImageInfoTrackerTest)\n----------------------------------------------------------------------\nTraceback (most recent call last):\n  File &quot;/jenkins_workdir/workspace/pull_requests-conda-linux/mambaforge/envs/mantid-developer/lib/python3.8/unittest/mock.py&quot;, line 1325, in patched\n    return func(*newargs, **newkeywargs)\n  File &quot;/jenkins_workdir/workspace/pull_requests-conda-linux/qt/python/mantidqt/mantidqt/widgets/sliceviewer/test/test_sliceviewer_imageinfowidget.py&quot;, line 51, in test_nonortho_transform_not_applied_when_not_mesh\n    tracker = ImageInfoTracker(image=self.image,\nTypeError: __init__() missing 1 required positional argument: &#x27;presenter&#x27;\n\n----------------------------------------------------------------------\nRan 5 tests in 0.024s\n\nFAILED (errors=5)\n\n          Start 2063: mantidqt_qt5.test_sliceviewer_imageinfowidget.test_sliceviewer_imageinfowidget\n"
                                    },
                                    {
                                        "trial_num": 3,
                                        "outcome": "Failed",
                                        "test_time": "1.88",
                                        "stack_trace": "/jenkins_workdir/workspace/pull_requests-conda-linux/build/bin/site.py:26: DeprecationWarning: the imp module is deprecated in favour of importlib; see the module&#x27;s documentation for alternative uses\n  import imp  # Avoid import loop in Python 3\n/jenkins_workdir/workspace/pull_requests-conda-linux/mambaforge/envs/mantid-developer/lib/python3.8/_collections_abc.py:720: MatplotlibDeprecationWarning: The global colormaps dictionary is no longer considered public API.\n  yield from self._mapping\nEEEEE\n======================================================================\nERROR: test_cursorAt_arguments_correct_when_not_mesh_and_not_transposed (test_sliceviewer_imageinfowidget.ImageInfoTrackerTest)\n----------------------------------------------------------------------\nTraceback (most recent call last):\n  File &quot;/jenkins_workdir/workspace/pull_requests-conda-linux/mambaforge/envs/mantid-developer/lib/python3.8/unittest/mock.py&quot;, line 1325, in patched\n    return func(*newargs, **newkeywargs)\n  File &quot;/jenkins_workdir/workspace/pull_requests-conda-linux/qt/python/mantidqt/mantidqt/widgets/sliceviewer/test/test_sliceviewer_imageinfowidget.py&quot;, line 68, in test_cursorAt_arguments_correct_when_not_mesh_and_not_transposed\n    tracker = ImageInfoTracker(image=self.image,\nTypeError: __init__() missing 1 required positional argument: &#x27;presenter&#x27;\n\n======================================================================\nERROR: test_cursorAt_arguments_correct_when_not_mesh_and_transposed (test_sliceviewer_imageinfowidget.ImageInfoTrackerTest)\n----------------------------------------------------------------------\nTraceback (most recent call last):\n  File &quot;/jenkins_workdir/workspace/pull_requests-conda-linux/mambaforge/envs/mantid-developer/lib/python3.8/unittest/mock.py&quot;, line 1325, in patched\n    return func(*newargs, **newkeywargs)\n  File &quot;/jenkins_workdir/workspace/pull_requests-conda-linux/qt/python/mantidqt/mantidqt/widgets/sliceviewer/test/test_sliceviewer_imageinfowidget.py&quot;, line 84, in test_cursorAt_arguments_correct_when_not_mesh_and_transposed\n    tracker = ImageInfoTracker(image=self.image,\nTypeError: __init__() missing 1 required positional argument: &#x27;presenter&#x27;\n\n======================================================================\nERROR: test_nonortho_transform_applied_when_mesh_and_transfrom_true (test_sliceviewer_imageinfowidget.ImageInfoTrackerTest)\n----------------------------------------------------------------------\nTraceback (most recent call last):\n  File &quot;/jenkins_workdir/workspace/pull_requests-conda-linux/qt/python/mantidqt/mantidqt/widgets/sliceviewer/test/test_sliceviewer_imageinfowidget.py&quot;, line 38, in test_nonortho_transform_applied_when_mesh_and_transfrom_true\n    tracker = ImageInfoTracker(image=self.image,\nTypeError: __init__() missing 1 required positional argument: &#x27;presenter&#x27;\n\n======================================================================\nERROR: test_nonortho_transform_not_applied_when_mesh_and_transfrom_false (test_sliceviewer_imageinfowidget.ImageInfoTrackerTest)\n----------------------------------------------------------------------\nTraceback (most recent call last):\n  File &quot;/jenkins_workdir/workspace/pull_requests-conda-linux/qt/python/mantidqt/mantidqt/widgets/sliceviewer/test/test_sliceviewer_imageinfowidget.py&quot;, line 27, in test_nonortho_transform_not_applied_when_mesh_and_transfrom_false\n    tracker = ImageInfoTracker(image=self.image,\nTypeError: __init__() missing 1 required positional argument: &#x27;presenter&#x27;\n\n======================================================================\nERROR: test_nonortho_transform_not_applied_when_not_mesh (test_sliceviewer_imageinfowidget.ImageInfoTrackerTest)\n----------------------------------------------------------------------\nTraceback (most recent call last):\n  File &quot;/jenkins_workdir/workspace/pull_requests-conda-linux/mambaforge/envs/mantid-developer/lib/python3.8/unittest/mock.py&quot;, line 1325, in patched\n    return func(*newargs, **newkeywargs)\n  File &quot;/jenkins_workdir/workspace/pull_requests-conda-linux/qt/python/mantidqt/mantidqt/widgets/sliceviewer/test/test_sliceviewer_imageinfowidget.py&quot;, line 51, in test_nonortho_transform_not_applied_when_not_mesh\n    tracker = ImageInfoTracker(image=self.image,\nTypeError: __init__() missing 1 required positional argument: &#x27;presenter&#x27;\n\n----------------------------------------------------------------------\nRan 5 tests in 0.026s\n\nFAILED (errors=5)\n\n          Start 1719: python.functions.MsdPetersTest.MsdPetersTest\n"
                                    }
                                ]
                            }
                        },
                        "Timeout": {}
                    }
                }
            }
        },
        "1761": {
            "build_name": "1761",
            "is_completed": true,
            "aggregate": {
                "Tested": 2638,
                "Passed": 2637,
                "Flake": 1,
                "Failed": 0,
                "Timeout": 0
            },
            "ctest_runs": {
                "Linux": {
                    "agent_name": "Linux",
                    "is_not_found": false,
                    "outcome_count": {
                        "Tested": 2638,
                        "Passed": 2637,
                        "Flake": 1,
                        "Failed": 0,
                        "Timeout": 0
                    },
                    "outcome_groups": {
                        "Flake": {
                            "AlgorithmsTest_FitPeaksTest": {
                                "test_name": "AlgorithmsTest_FitPeaksTest",
                                "trials": [
                                    {
                                        "trial_num": 1,
                                        "outcome": "Failed",
                                        "test_time": "0.42",
                                        "stack_trace": "FrameworkManager-[Notice] Welcome to Mantid 6.5.20221101.751\nFrameworkManager-[Notice] Please cite: http://dx.doi.org/10.1016/j.nima.2014.07.029 and this release: http://dx.doi.org/10.5286/Software/Mantid\nRunning 10 tests.Instrument-[Warning] In Instrument::getSource(). No source has been set.\nInstrument-[Warning] In Instrument::getSamplePos(). No SamplePos has been set.\nFitPeaks-[Notice] FitPeaks started\npure virtual method called\n\n********* UNHANDLED EXCEPTION *********\nSegmentation fault\n\n          Start  303: AlgorithmsTest_FitPeaksTest\n"
                                    },
                                    {
                                        "trial_num": 2,
                                        "outcome": "Passed",
                                        "test_time": "3.40",
                                        "stack_trace": ""
                                    }
                                ]
                            }
                        },
                        "Failed": {},
                        "Timeout": {}
                    }
                }
            }
        },
        "1762": {
            "build_name": "1762",
            "is_completed": true,
            "aggregate": {
                "Tested": 2638,
                "Passed": 2638,
                "Flake": 0,
                "Failed": 0,
                "Timeout": 0
            },
            "ctest_runs": {
                "Linux": {
                    "agent_name": "Linux",
                    "is_not_found": false,
                    "outcome_count": {
                        "Tested": 2638,
                        "Passed": 2638,
                        "Flake": 0,
                        "Failed": 0,
                        "Timeout": 0
                    },
                    "outcome_groups": {
                        "Flake": {},
                        "Failed": {},
                        "Timeout": {}
                    }
                }
            }
        },
        "1763": {
            "build_name": "1763",
            "is_completed": true,
            "aggregate": {
                "Tested": 2638,
                "Passed": 2638,
                "Flake": 0,
                "Failed": 0,
                "Timeout": 0
            },
            "ctest_runs": {
                "Linux": {
                    "agent_name": "Linux",
                    "is_not_found": false,
                    "outcome_count": {
                        "Tested": 2638,
                        "Passed": 2638,
                        "Flake": 0,
                        "Failed": 0,
                        "Timeout": 0
                    },
                    "outcome_groups": {
                        "Flake": {},
                        "Failed": {},
                        "Timeout": {}
                    }
                }
            }
        },
        "1764": {
            "build_name": "1764",
            "is_completed": false,
            "aggregate": {
                "Tested": null,
                "Passed": null,
                "Flake": null,
                "Failed": null,
                "Timeout": null
            },
            "ctest_runs": {
                "Linux": {
                    "agent_name": "Linux",
                    "is_not_found": true,
                    "outcome_count": {
                        "Tested": null,
                        "Passed": null,
                        "Flake": null,
                        "Failed": null,
                        "Timeout": null
                    },
                    "outcome_groups": {}
                }
            }
        },
        "1765": {
            "build_name": "1765",
            "is_completed": false,
            "aggregate": {
                "Tested": null,
                "Passed": null,
                "Flake": null,
                "Failed": null,
                "Timeout": null
            },
            "ctest_runs": {
                "Linux": {
                    "agent_name": "Linux",
                    "is_not_found": true,
                    "outcome_count": {
                        "Tested": null,
                        "Passed": null,
                        "Flake": null,
                        "Failed": null,
                        "Timeout": null
                    },
                    "outcome_groups": {}
                }
            }
        },
        "1766": {
            "build_name": "1766",
            "is_completed": false,
            "aggregate": {
                "Tested": null,
                "Passed": null,
                "Flake": null,
                "Failed": null,
                "Timeout": null
            },
            "ctest_runs": {
                "Linux": {
                    "agent_name": "Linux",
                    "is_not_found": true,
                    "outcome_count": {
                        "Tested": null,
                        "Passed": null,
                        "Flake": null,
                        "Failed": null,
                        "Timeout": null
                    },
                    "outcome_groups": {}
                }
            }
        },
        "1767": {
            "build_name": "1767",
            "is_completed": true,
            "aggregate": {
                "Tested": 2638,
                "Passed": 2638,
                "Flake": 0,
                "Failed": 0,
                "Timeout": 0
            },
            "ctest_runs": {
                "Linux": {
                    "agent_name": "Linux",
                    "is_not_found": false,
                    "outcome_count": {
                        "Tested": 2638,
                        "Passed": 2638,
                        "Flake": 0,
                        "Failed": 0,
                        "Timeout": 0
                    },
                    "outcome_groups": {
                        "Flake": {},
                        "Failed": {},
                        "Timeout": {}
                    }
                }
            }
        },
        "1768": {
            "build_name": "1768",
            "is_completed": false,
            "aggregate": {
                "Tested": null,
                "Passed": null,
                "Flake": null,
                "Failed": null,
                "Timeout": null
            },
            "ctest_runs": {
                "Linux": {
                    "agent_name": "Linux",
                    "is_not_found": true,
                    "outcome_count": {
                        "Tested": null,
                        "Passed": null,
                        "Flake": null,
                        "Failed": null,
                        "Timeout": null
                    },
                    "outcome_groups": {}
                }
            }
        },
        "1769": {
            "build_name": "1769",
            "is_completed": true,
            "aggregate": {
                "Tested": 2638,
                "Passed": 2638,
                "Flake": 0,
                "Failed": 0,
                "Timeout": 0
            },
            "ctest_runs": {
                "Linux": {
                    "agent_name": "Linux",
                    "is_not_found": false,
                    "outcome_count": {
                        "Tested": 2638,
                        "Passed": 2638,
                        "Flake": 0,
                        "Failed": 0,
                        "Timeout": 0
                    },
                    "outcome_groups": {
                        "Flake": {},
                        "Failed": {},
                        "Timeout": {}
                    }
                }
            }
        },
        "1770": {
            "build_name": "1770",
            "is_completed": false,
            "aggregate": {
                "Tested": null,
                "Passed": null,
                "Flake": null,
                "Failed": null,
                "Timeout": null
            },
            "ctest_runs": {
                "Linux": {
                    "agent_name": "Linux",
                    "is_not_found": true,
                    "outcome_count": {
                        "Tested": null,
                        "Passed": null,
                        "Flake": null,
                        "Failed": null,
                        "Timeout": null
                    },
                    "outcome_groups": {}
                }
            }
        },
        "1771": {
            "build_name": "1771",
            "is_completed": true,
            "aggregate": {
                "Tested": 2638,
                "Passed": 2638,
                "Flake": 0,
                "Failed": 0,
                "Timeout": 0
            },
            "ctest_runs": {
                "Linux": {
                    "agent_name": "Linux",
                    "is_not_found": false,
                    "outcome_count": {
                        "Tested": 2638,
                        "Passed": 2638,
                        "Flake": 0,
                        "Failed": 0,
                        "Timeout": 0
                    },
                    "outcome_groups": {
                        "Flake": {},
                        "Failed": {},
                        "Timeout": {}
                    }
                }
            }
        },
        "1772": {
            "build_name": "1772",
            "is_completed": true,
            "aggregate": {
                "Tested": 2639,
                "Passed": 2639,
                "Flake": 0,
                "Failed": 0,
                "Timeout": 0
            },
            "ctest_runs": {
                "Linux": {
                    "agent_name": "Linux",
                    "is_not_found": false,
                    "outcome_count": {
                        "Tested": 2639,
                        "Passed": 2639,
                        "Flake": 0,
                        "Failed": 0,
                        "Timeout": 0
                    },
                    "outcome_groups": {
                        "Flake": {},
                        "Failed": {},
                        "Timeout": {}
                    }
                }
            }
        },
        "1773": {
            "build_name": "1773",
            "is_completed": true,
            "aggregate": {
                "Tested": 2638,
                "Passed": 2638,
                "Flake": 0,
                "Failed": 0,
                "Timeout": 0
            },
            "ctest_runs": {
                "Linux": {
                    "agent_name": "Linux",
                    "is_not_found": false,
                    "outcome_count": {
                        "Tested": 2638,
                        "Passed": 2638,
                        "Flake": 0,
                        "Failed": 0,
                        "Timeout": 0
                    },
                    "outcome_groups": {
                        "Flake": {},
                        "Failed": {},
                        "Timeout": {}
                    }
                }
            }
        },
        "1774": {
            "build_name": "1774",
            "is_completed": true,
            "aggregate": {
                "Tested": 2638,
                "Passed": 2638,
                "Flake": 0,
                "Failed": 0,
                "Timeout": 0
            },
            "ctest_runs": {
                "Linux": {
                    "agent_name": "Linux",
                    "is_not_found": false,
                    "outcome_count": {
                        "Tested": 2638,
                        "Passed": 2638,
                        "Flake": 0,
                        "Failed": 0,
                        "Timeout": 0
                    },
                    "outcome_groups": {
                        "Flake": {},
                        "Failed": {},
                        "Timeout": {}
                    }
                }
            }
        },
        "1775": {
            "build_name": "1775",
            "is_completed": true,
            "aggregate": {
                "Tested": 2638,
                "Passed": 2637,
                "Flake": 1,
                "Failed": 0,
                "Timeout": 0
            },
            "ctest_runs": {
                "Linux": {
                    "agent_name": "Linux",
                    "is_not_found": false,
                    "outcome_count": {
                        "Tested": 2638,
                        "Passed": 2637,
                        "Flake": 1,
                        "Failed": 0,
                        "Timeout": 0
                    },
                    "outcome_groups": {
                        "Flake": {
                            "python.MuonQt5.model_fitting_view_test.model_fitting_view_test": {
                                "test_name": "python.MuonQt5.model_fitting_view_test.model_fitting_view_test",
                                "trials": [
                                    {
                                        "trial_num": 1,
                                        "outcome": "Failed",
                                        "test_time": "5.58",
                                        "stack_trace": "FrameworkManager-[Notice] Welcome to Mantid 6.5.20221102.921\nFrameworkManager-[Notice] Please cite: http://dx.doi.org/10.1016/j.nima.2014.07.029 and this release: http://dx.doi.org/10.5286/Software/Mantid\nQStandardPaths: XDG_RUNTIME_DIR not set, defaulting to &#x27;/tmp/runtime-abc&#x27;\nlibEGL warning: DRI2: failed to open swrast (search paths /usr/lib64/dri)\nlibEGL warning: DRI2: failed to open swrast (search paths /usr/lib64/dri)\nlibEGL warning: DRI2: failed to open swrast (search paths /usr/lib64/dri)\nlibEGL warning: DRI2: failed to open swrast (search paths /usr/lib64/dri)\nQXcbIntegration: Cannot create platform OpenGL context, neither GLX nor EGL are enabled\n/jenkins_workdir/workspace/pull_requests-conda-linux/build/bin/site.py:26: DeprecationWarning: the imp module is deprecated in favour of importlib; see the module&#x27;s documentation for alternative uses\n  import imp  # Avoid import loop in Python 3\n/jenkins_workdir/workspace/pull_requests-conda-linux/mambaforge/envs/mantid-developer/lib/python3.8/site-packages/h5py/__init__.py:46: DeprecationWarning: `np.typeDict` is a deprecated alias for `np.sctypeDict`.\n  from ._conv import register_converters as _register_converters\nEEEEEEEE\n======================================================================\nERROR: test_that_add_results_table_name_will_add_a_result_table_to_the_workspace_selector (model_fitting_view_test.ModelFittingViewTest)\n----------------------------------------------------------------------\nAttributeError: &#x27;ModelFittingView&#x27; object has no attribute &#x27;y&#x27;\n\nThe above exception was the direct cause of the following exception:\n\nTraceback (most recent call last):\n  File &quot;/jenkins_workdir/workspace/pull_requests-conda-linux/qt/python/mantidqtinterfaces/test/Muon/fitting_widgets/model_fitting/model_fitting_view_test.py&quot;, line 19, in setUp\n    self.view = ModelFittingView()\n  File &quot;/jenkins_workdir/workspace/pull_requests-conda-linux/qt/python/mantidqtinterfaces/mantidqtinterfaces/Muon/GUI/Common/fitting_widgets/model_fitting/model_fitting_view.py&quot;, line 21, in __init__\n    super(ModelFittingView, self).__init__(parent)\n  File &quot;/jenkins_workdir/workspace/pull_requests-conda-linux/qt/python/mantidqtinterfaces/mantidqtinterfaces/Muon/GUI/Common/fitting_widgets/basic_fitting/basic_fitting_view.py&quot;, line 29, in __init__\n    self.setupUi(self)\n  File &quot;&lt;string&gt;&quot;, line 31, in setupUi\nSystemError: &lt;built-in function connectSlotsByName&gt; returned a result with an error set\n\n======================================================================\nERROR: test_that_current_result_table_index_returns_the_expected_index (model_fitting_view_test.ModelFittingViewTest)\n----------------------------------------------------------------------\nAttributeError: &#x27;ModelFittingView&#x27; object has no attribute &#x27;y&#x27;\n\nThe above exception was the direct cause of the following exception:\n\nTraceback (most recent call last):\n  File &quot;/jenkins_workdir/workspace/pull_requests-conda-linux/qt/python/mantidqtinterfaces/test/Muon/fitting_widgets/model_fitting/model_fitting_view_test.py&quot;, line 19, in setUp\n    self.view = ModelFittingView()\n  File &quot;/jenkins_workdir/workspace/pull_requests-conda-linux/qt/python/mantidqtinterfaces/mantidqtinterfaces/Muon/GUI/Common/fitting_widgets/model_fitting/model_fitting_view.py&quot;, line 21, in __init__\n    super(ModelFittingView, self).__init__(parent)\n  File &quot;/jenkins_workdir/workspace/pull_requests-conda-linux/qt/python/mantidqtinterfaces/mantidqtinterfaces/Muon/GUI/Common/fitting_widgets/basic_fitting/basic_fitting_view.py&quot;, line 29, in __init__\n    self.setupUi(self)\n  File &quot;&lt;string&gt;&quot;, line 31, in setupUi\nSystemError: &lt;built-in function connectSlotsByName&gt; returned a result with an error set\n\n======================================================================\nERROR: test_that_the_dataset_workspace_selector_is_hidden_by_default (model_fitting_view_test.ModelFittingViewTest)\n----------------------------------------------------------------------\nAttributeError: &#x27;ModelFittingView&#x27; object has no attribute &#x27;y&#x27;\n\nThe above exception was the direct cause of the following exception:\n\nTraceback (most recent call last):\n  File &quot;/jenkins_workdir/workspace/pull_requests-conda-linux/qt/python/mantidqtinterfaces/test/Muon/fitting_widgets/model_fitting/model_fitting_view_test.py&quot;, line 19, in setUp\n    self.view = ModelFittingView()\n  File &quot;/jenkins_workdir/workspace/pull_requests-conda-linux/qt/python/mantidqtinterfaces/mantidqtinterfaces/Muon/GUI/Common/fitting_widgets/model_fitting/model_fitting_view.py&quot;, line 21, in __init__\n    super(ModelFittingView, self).__init__(parent)\n  File &quot;/jenkins_workdir/workspace/pull_requests-conda-linux/qt/python/mantidqtinterfaces/mantidqtinterfaces/Muon/GUI/Common/fitting_widgets/basic_fitting/basic_fitting_view.py&quot;, line 29, in __init__\n    self.setupUi(self)\n  File &quot;&lt;string&gt;&quot;, line 31, in setupUi\nSystemError: &lt;built-in function connectSlotsByName&gt; returned a result with an error set\n\n======================================================================\nERROR: test_that_the_view_is_enabled_if_results_tables_exist (model_fitting_view_test.ModelFittingViewTest)\n----------------------------------------------------------------------\nAttributeError: &#x27;ModelFittingView&#x27; object has no attribute &#x27;y&#x27;\n\nThe above exception was the direct cause of the following exception:\n\nTraceback (most recent call last):\n  File &quot;/jenkins_workdir/workspace/pull_requests-conda-linux/qt/python/mantidqtinterfaces/test/Muon/fitting_widgets/model_fitting/model_fitting_view_test.py&quot;, line 19, in setUp\n    self.view = ModelFittingView()\n  File &quot;/jenkins_workdir/workspace/pull_requests-conda-linux/qt/python/mantidqtinterfaces/mantidqtinterfaces/Muon/GUI/Common/fitting_widgets/model_fitting/model_fitting_view.py&quot;, line 21, in __init__\n    super(ModelFittingView, self).__init__(parent)\n  File &quot;/jenkins_workdir/workspace/pull_requests-conda-linux/qt/python/mantidqtinterfaces/mantidqtinterfaces/Muon/GUI/Common/fitting_widgets/basic_fitting/basic_fitting_view.py&quot;, line 29, in __init__\n    self.setupUi(self)\n  File &quot;&lt;string&gt;&quot;, line 31, in setupUi\nSystemError: &lt;built-in function connectSlotsByName&gt; returned a result with an error set\n\n======================================================================\nERROR: test_that_the_view_is_not_enabled_if_results_tables_do_not_exist (model_fitting_view_test.ModelFittingViewTest)\n----------------------------------------------------------------------\nAttributeError: &#x27;ModelFittingView&#x27; object has no attribute &#x27;y&#x27;\n\nThe above exception was the direct cause of the following exception:\n\nTraceback (most recent call last):\n  File &quot;/jenkins_workdir/workspace/pull_requests-conda-linux/qt/python/mantidqtinterfaces/test/Muon/fitting_widgets/model_fitting/model_fitting_view_test.py&quot;, line 19, in setUp\n    self.view = ModelFittingView()\n  File &quot;/jenkins_workdir/workspace/pull_requests-conda-linux/qt/python/mantidqtinterfaces/mantidqtinterfaces/Muon/GUI/Common/fitting_widgets/model_fitting/model_fitting_view.py&quot;, line 21, in __init__\n    super(ModelFittingView, self).__init__(parent)\n  File &quot;/jenkins_workdir/workspace/pull_requests-conda-linux/qt/python/mantidqtinterfaces/mantidqtinterfaces/Muon/GUI/Common/fitting_widgets/basic_fitting/basic_fitting_view.py&quot;, line 29, in __init__\n    self.setupUi(self)\n  File &quot;&lt;string&gt;&quot;, line 31, in setupUi\nSystemError: &lt;built-in function connectSlotsByName&gt; returned a result with an error set\n\n======================================================================\nERROR: test_that_update_result_table_names_will_select_the_previously_selected_item_if_it_still_exists (model_fitting_view_test.ModelFittingViewTest)\n----------------------------------------------------------------------\nAttributeError: &#x27;ModelFittingView&#x27; object has no attribute &#x27;y&#x27;\n\nThe above exception was the direct cause of the following exception:\n\nTraceback (most recent call last):\n  File &quot;/jenkins_workdir/workspace/pull_requests-conda-linux/qt/python/mantidqtinterfaces/test/Muon/fitting_widgets/model_fitting/model_fitting_view_test.py&quot;, line 19, in setUp\n    self.view = ModelFittingView()\n  File &quot;/jenkins_workdir/workspace/pull_requests-conda-linux/qt/python/mantidqtinterfaces/mantidqtinterfaces/Muon/GUI/Common/fitting_widgets/model_fitting/model_fitting_view.py&quot;, line 21, in __init__\n    super(ModelFittingView, self).__init__(parent)\n  File &quot;/jenkins_workdir/workspace/pull_requests-conda-linux/qt/python/mantidqtinterfaces/mantidqtinterfaces/Muon/GUI/Common/fitting_widgets/basic_fitting/basic_fitting_view.py&quot;, line 29, in __init__\n    self.setupUi(self)\n  File &quot;&lt;string&gt;&quot;, line 31, in setupUi\nSystemError: &lt;built-in function connectSlotsByName&gt; returned a result with an error set\n\n======================================================================\nERROR: test_that_update_result_table_names_will_set_the_names_in_the_result_table_names_combobox (model_fitting_view_test.ModelFittingViewTest)\n----------------------------------------------------------------------\nAttributeError: &#x27;ModelFittingView&#x27; object has no attribute &#x27;y&#x27;\n\nThe above exception was the direct cause of the following exception:\n\nTraceback (most recent call last):\n  File &quot;/jenkins_workdir/workspace/pull_requests-conda-linux/qt/python/mantidqtinterfaces/test/Muon/fitting_widgets/model_fitting/model_fitting_view_test.py&quot;, line 19, in setUp\n    self.view = ModelFittingView()\n  File &quot;/jenkins_workdir/workspace/pull_requests-conda-linux/qt/python/mantidqtinterfaces/mantidqtinterfaces/Muon/GUI/Common/fitting_widgets/model_fitting/model_fitting_view.py&quot;, line 21, in __init__\n    super(ModelFittingView, self).__init__(parent)\n  File &quot;/jenkins_workdir/workspace/pull_requests-conda-linux/qt/python/mantidqtinterfaces/mantidqtinterfaces/Muon/GUI/Common/fitting_widgets/basic_fitting/basic_fitting_view.py&quot;, line 29, in __init__\n    self.setupUi(self)\n  File &quot;&lt;string&gt;&quot;, line 31, in setupUi\nSystemError: &lt;built-in function connectSlotsByName&gt; returned a result with an error set\n\n======================================================================\nERROR: test_that_update_x_and_y_parameters_will_update_the_x_and_y_parameters (model_fitting_view_test.ModelFittingViewTest)\n----------------------------------------------------------------------\nAttributeError: &#x27;ModelFittingView&#x27; object has no attribute &#x27;y&#x27;\n\nThe above exception was the direct cause of the following exception:\n\nTraceback (most recent call last):\n  File &quot;/jenkins_workdir/workspace/pull_requests-conda-linux/qt/python/mantidqtinterfaces/test/Muon/fitting_widgets/model_fitting/model_fitting_view_test.py&quot;, line 19, in setUp\n    self.view = ModelFittingView()\n  File &quot;/jenkins_workdir/workspace/pull_requests-conda-linux/qt/python/mantidqtinterfaces/mantidqtinterfaces/Muon/GUI/Common/fitting_widgets/model_fitting/model_fitting_view.py&quot;, line 21, in __init__\n    super(ModelFittingView, self).__init__(parent)\n  File &quot;/jenkins_workdir/workspace/pull_requests-conda-linux/qt/python/mantidqtinterfaces/mantidqtinterfaces/Muon/GUI/Common/fitting_widgets/basic_fitting/basic_fitting_view.py&quot;, line 29, in __init__\n    self.setupUi(self)\n  File &quot;&lt;string&gt;&quot;, line 31, in setupUi\nSystemError: &lt;built-in function connectSlotsByName&gt; returned a result with an error set\n\n----------------------------------------------------------------------\nRan 8 tests in 0.036s\n\nFAILED (errors=8)\n\n          Start 2188: python.MuonQt5.model_fitting_view_test.model_fitting_view_test\n"
                                    },
                                    {
                                        "trial_num": 2,
                                        "outcome": "Passed",
                                        "test_time": "5.26",
                                        "stack_trace": ""
                                    }
                                ]
                            }
                        },
                        "Failed": {},
                        "Timeout": {}
                    }
                }
            }
        },
        "1776": {
            "build_name": "1776",
            "is_completed": true,
            "aggregate": {
                "Tested": 2639,
                "Passed": 2637,
                "Flake": 1,
                "Failed": 1,
                "Timeout": 0
            },
            "ctest_runs": {
                "Linux": {
                    "agent_name": "Linux",
                    "is_not_found": false,
                    "outcome_count": {
                        "Tested": 2639,
                        "Passed": 2637,
                        "Flake": 1,
                        "Failed": 1,
                        "Timeout": 0
                    },
                    "outcome_groups": {
                        "Flake": {
                            "python.MuonQt5.tf_asymmetry_fitting_options_view_test.tf_asymmetry_fitting_options_view_test": {
                                "test_name": "python.MuonQt5.tf_asymmetry_fitting_options_view_test.tf_asymmetry_fitting_options_view_test",
                                "trials": [
                                    {
                                        "trial_num": 1,
                                        "outcome": "Failed",
                                        "test_time": "1.32",
                                        "stack_trace": "QStandardPaths: XDG_RUNTIME_DIR not set, defaulting to &#x27;/tmp/runtime-abc&#x27;\n/jenkins_workdir/workspace/pull_requests-conda-linux/build/bin/site.py:26: DeprecationWarning: the imp module is deprecated in favour of importlib; see the module&#x27;s documentation for alternative uses\n  import imp  # Avoid import loop in Python 3\n.EEEEEEE\n======================================================================\nERROR: test_that_hide_normalisation_options_will_hide_all_of_the_tf_asymmetry_options (tf_asymmetry_fitting_options_view_test.TFAsymmetryFittingOptionsViewTest)\n----------------------------------------------------------------------\nAttributeError: __getattribute__\n\nThe above exception was the direct cause of the following exception:\n\nTraceback (most recent call last):\n  File &quot;/jenkins_workdir/workspace/pull_requests-conda-linux/qt/python/mantidqtinterfaces/test/Muon/fitting_widgets/tf_asymmetry_fitting/tf_asymmetry_fitting_options_view_test.py&quot;, line 20, in setUp\n    self.view = TFAsymmetryFittingOptionsView()\n  File &quot;/jenkins_workdir/workspace/pull_requests-conda-linux/qt/python/mantidqtinterfaces/mantidqtinterfaces/Muon/GUI/Common/fitting_widgets/tf_asymmetry_fitting/tf_asymmetry_fitting_options_view.py&quot;, line 23, in __init__\n    self.setupUi(self)\n  File &quot;&lt;string&gt;&quot;, line 44, in setupUi\nSystemError: &lt;built-in function connectSlotsByName&gt; returned a result with an error set\n\n======================================================================\nERROR: test_that_is_normalisation_fixed_can_be_set_to_true (tf_asymmetry_fitting_options_view_test.TFAsymmetryFittingOptionsViewTest)\n----------------------------------------------------------------------\nAttributeError: __getattribute__\n\nThe above exception was the direct cause of the following exception:\n\nTraceback (most recent call last):\n  File &quot;/jenkins_workdir/workspace/pull_requests-conda-linux/qt/python/mantidqtinterfaces/test/Muon/fitting_widgets/tf_asymmetry_fitting/tf_asymmetry_fitting_options_view_test.py&quot;, line 20, in setUp\n    self.view = TFAsymmetryFittingOptionsView()\n  File &quot;/jenkins_workdir/workspace/pull_requests-conda-linux/qt/python/mantidqtinterfaces/mantidqtinterfaces/Muon/GUI/Common/fitting_widgets/tf_asymmetry_fitting/tf_asymmetry_fitting_options_view.py&quot;, line 23, in __init__\n    self.setupUi(self)\n  File &quot;&lt;string&gt;&quot;, line 44, in setupUi\nSystemError: &lt;built-in function connectSlotsByName&gt; returned a result with an error set\n\n======================================================================\nERROR: test_that_set_tf_asymmetry_mode_will_hide_the_tf_asymmetry_options_when_set_to_false (tf_asymmetry_fitting_options_view_test.TFAsymmetryFittingOptionsViewTest)\n----------------------------------------------------------------------\nAttributeError: __getattribute__\n\nThe above exception was the direct cause of the following exception:\n\nTraceback (most recent call last):\n  File &quot;/jenkins_workdir/workspace/pull_requests-conda-linux/qt/python/mantidqtinterfaces/test/Muon/fitting_widgets/tf_asymmetry_fitting/tf_asymmetry_fitting_options_view_test.py&quot;, line 20, in setUp\n    self.view = TFAsymmetryFittingOptionsView()\n  File &quot;/jenkins_workdir/workspace/pull_requests-conda-linux/qt/python/mantidqtinterfaces/mantidqtinterfaces/Muon/GUI/Common/fitting_widgets/tf_asymmetry_fitting/tf_asymmetry_fitting_options_view.py&quot;, line 23, in __init__\n    self.setupUi(self)\n  File &quot;&lt;string&gt;&quot;, line 44, in setupUi\nSystemError: &lt;built-in function connectSlotsByName&gt; returned a result with an error set\n\n======================================================================\nERROR: test_that_set_tf_asymmetry_mode_will_show_the_tf_asymmetry_options_when_set_to_true (tf_asymmetry_fitting_options_view_test.TFAsymmetryFittingOptionsViewTest)\n----------------------------------------------------------------------\nAttributeError: __getattribute__\n\nThe above exception was the direct cause of the following exception:\n\nTraceback (most recent call last):\n  File &quot;/jenkins_workdir/workspace/pull_requests-conda-linux/qt/python/mantidqtinterfaces/test/Muon/fitting_widgets/tf_asymmetry_fitting/tf_asymmetry_fitting_options_view_test.py&quot;, line 20, in setUp\n    self.view = TFAsymmetryFittingOptionsView()\n  File &quot;/jenkins_workdir/workspace/pull_requests-conda-linux/qt/python/mantidqtinterfaces/mantidqtinterfaces/Muon/GUI/Common/fitting_widgets/tf_asymmetry_fitting/tf_asymmetry_fitting_options_view.py&quot;, line 23, in __init__\n    self.setupUi(self)\n  File &quot;&lt;string&gt;&quot;, line 44, in setupUi\nSystemError: &lt;built-in function connectSlotsByName&gt; returned a result with an error set\n\n======================================================================\nERROR: test_that_show_normalisation_options_will_show_all_of_the_tf_asymmetry_options (tf_asymmetry_fitting_options_view_test.TFAsymmetryFittingOptionsViewTest)\n----------------------------------------------------------------------\nAttributeError: __getattribute__\n\nThe above exception was the direct cause of the following exception:\n\nTraceback (most recent call last):\n  File &quot;/jenkins_workdir/workspace/pull_requests-conda-linux/qt/python/mantidqtinterfaces/test/Muon/fitting_widgets/tf_asymmetry_fitting/tf_asymmetry_fitting_options_view_test.py&quot;, line 20, in setUp\n    self.view = TFAsymmetryFittingOptionsView()\n  File &quot;/jenkins_workdir/workspace/pull_requests-conda-linux/qt/python/mantidqtinterfaces/mantidqtinterfaces/Muon/GUI/Common/fitting_widgets/tf_asymmetry_fitting/tf_asymmetry_fitting_options_view.py&quot;, line 23, in __init__\n    self.setupUi(self)\n  File &quot;&lt;string&gt;&quot;, line 44, in setupUi\nSystemError: &lt;built-in function connectSlotsByName&gt; returned a result with an error set\n\n======================================================================\nERROR: test_that_the_normalisation_can_be_set_as_expected (tf_asymmetry_fitting_options_view_test.TFAsymmetryFittingOptionsViewTest)\n----------------------------------------------------------------------\nAttributeError: __getattribute__\n\nThe above exception was the direct cause of the following exception:\n\nTraceback (most recent call last):\n  File &quot;/jenkins_workdir/workspace/pull_requests-conda-linux/qt/python/mantidqtinterfaces/test/Muon/fitting_widgets/tf_asymmetry_fitting/tf_asymmetry_fitting_options_view_test.py&quot;, line 20, in setUp\n    self.view = TFAsymmetryFittingOptionsView()\n  File &quot;/jenkins_workdir/workspace/pull_requests-conda-linux/qt/python/mantidqtinterfaces/mantidqtinterfaces/Muon/GUI/Common/fitting_widgets/tf_asymmetry_fitting/tf_asymmetry_fitting_options_view.py&quot;, line 23, in __init__\n    self.setupUi(self)\n  File &quot;&lt;string&gt;&quot;, line 44, in setupUi\nSystemError: &lt;built-in function connectSlotsByName&gt; returned a result with an error set\n\n======================================================================\nERROR: test_that_the_view_has_been_initialized_with_a_normalisation_line_edit_which_has_a_validator (tf_asymmetry_fitting_options_view_test.TFAsymmetryFittingOptionsViewTest)\n----------------------------------------------------------------------\nAttributeError: __getattribute__\n\nThe above exception was the direct cause of the following exception:\n\nTraceback (most recent call last):\n  File &quot;/jenkins_workdir/workspace/pull_requests-conda-linux/qt/python/mantidqtinterfaces/test/Muon/fitting_widgets/tf_asymmetry_fitting/tf_asymmetry_fitting_options_view_test.py&quot;, line 20, in setUp\n    self.view = TFAsymmetryFittingOptionsView()\n  File &quot;/jenkins_workdir/workspace/pull_requests-conda-linux/qt/python/mantidqtinterfaces/mantidqtinterfaces/Muon/GUI/Common/fitting_widgets/tf_asymmetry_fitting/tf_asymmetry_fitting_options_view.py&quot;, line 23, in __init__\n    self.setupUi(self)\n  File &quot;&lt;string&gt;&quot;, line 44, in setupUi\nSystemError: &lt;built-in function connectSlotsByName&gt; returned a result with an error set\n\n----------------------------------------------------------------------\nRan 8 tests in 0.222s\n\nFAILED (errors=7)\n\n          Start 2191: python.MuonQt5.tf_asymmetry_fitting_options_view_test.tf_asymmetry_fitting_options_view_test\n"
                                    },
                                    {
                                        "trial_num": 2,
                                        "outcome": "Passed",
                                        "test_time": "1.67",
                                        "stack_trace": ""
                                    }
                                ]
                            }
                        },
                        "Failed": {
                            "mantidqt_qt5.test_sample_shape.test_sample_shape": {
                                "test_name": "mantidqt_qt5.test_sample_shape.test_sample_shape",
                                "trials": [
                                    {
                                        "trial_num": 1,
                                        "outcome": "Failed",
                                        "test_time": "19.05",
                                        "stack_trace": "FrameworkManager-[Notice] Welcome to Mantid 6.5.20221102.1009\nFrameworkManager-[Notice] Please cite: http://dx.doi.org/10.1016/j.nima.2014.07.029 and this release: http://dx.doi.org/10.5286/Software/Mantid\nCreateWorkspace-[Notice] CreateWorkspace started\nCreateWorkspace-[Notice] CreateWorkspace successful, Duration 0.06 seconds\nDeleteWorkspace-[Notice] DeleteWorkspace started\nDeleteWorkspace-[Notice] DeleteWorkspace successful, Duration 0.00 seconds\n/jenkins_workdir/workspace/pull_requests-conda-linux/build/bin/site.py:26: DeprecationWarning: the imp module is deprecated in favour of importlib; see the module&#x27;s documentation for alternative uses\n  import imp  # Avoid import loop in Python 3\n/jenkins_workdir/workspace/pull_requests-conda-linux/mambaforge/envs/mantid-developer/lib/python3.8/site-packages/h5py/__init__.py:46: DeprecationWarning: `np.typeDict` is a deprecated alias for `np.sctypeDict`.\n  from ._conv import register_converters as _register_converters\n.CreateWorkspace-[Notice] CreateWorkspace started\nCreateWorkspace-[Notice] CreateWorkspace successful, Duration 0.01 seconds\nSetSample-[Notice] SetSample started\nSetSample-[Notice] SetSample successful, Duration 1.39 seconds\nDeleteWorkspace-[Notice] DeleteWorkspace started\nDeleteWorkspace-[Notice] DeleteWorkspace successful, Duration 0.00 seconds\n.CreateSampleWorkspace-[Notice] CreateSampleWorkspace started\nCreateSampleWorkspace-[Notice] CreateSampleWorkspace successful, Duration 0.01 seconds\nDeleteWorkspace-[Notice] DeleteWorkspace started\nDeleteWorkspace-[Notice] DeleteWorkspace successful, Duration 0.00 seconds\n.CreateWorkspace-[Notice] CreateWorkspace started\nCreateWorkspace-[Notice] CreateWorkspace successful, Duration 0.00 seconds\nLoadInstrument-[Notice] LoadInstrument started\nInstrumentDefinitionParser-[Notice] Geometry cache is not available\nInstrumentDefinitionParser-[Notice] Creating cache in /home/abc/.mantid/instrument/geometryCache/PEARL3011f39a5a2d259bdda6e751162199abf2deb9d2.vtp\nLoadInstrument-[Notice] LoadInstrument successful, Duration 0.01 seconds\nSetSample-[Notice] SetSample started\nSetSample-[Notice] SetSample successful, Duration 0.14 seconds\nDeleteWorkspace-[Notice] DeleteWorkspace started\nDeleteWorkspace-[Notice] DeleteWorkspace successful, Duration 0.00 seconds\nMatplotlib is currently using agg, which is a non-GUI backend, so cannot show the figure.\n.CreateWorkspace-[Notice] CreateWorkspace started\nCreateWorkspace-[Notice] CreateWorkspace successful, Duration 0.01 seconds\nLoadInstrument-[Notice] LoadInstrument started\nLoadInstrument-[Notice] LoadInstrument successful, Duration 0.00 seconds\nSetSample-[Notice] SetSample started\nSetSample-[Notice] SetSample successful, Duration 0.00 seconds\nDeleteWorkspace-[Notice] DeleteWorkspace started\nDeleteWorkspace-[Notice] DeleteWorkspace successful, Duration 0.00 seconds\nMatplotlib is currently using agg, which is a non-GUI backend, so cannot show the figure.\n.CreateWorkspace-[Notice] CreateWorkspace started\nCreateWorkspace-[Notice] CreateWorkspace successful, Duration 0.00 seconds\nLoadInstrument-[Notice] LoadInstrument started\nLoadInstrument-[Notice] LoadInstrument successful, Duration 0.00 seconds\nSetSample-[Notice] SetSample started\nSetSample-[Notice] SetSample successful, Duration 0.00 seconds\nDeleteWorkspace-[Notice] DeleteWorkspace started\nDeleteWorkspace-[Notice] DeleteWorkspace successful, Duration 0.00 seconds\nMatplotlib is currently using agg, which is a non-GUI backend, so cannot show the figure.\n.CreateWorkspace-[Notice] CreateWorkspace started\nCreateWorkspace-[Notice] CreateWorkspace successful, Duration 0.00 seconds\nLoadInstrument-[Notice] LoadInstrument started\nLoadInstrument-[Notice] LoadInstrument successful, Duration 0.00 seconds\nSetSample-[Notice] SetSample started\nSetSample-[Notice] SetSample successful, Duration 0.00 seconds\nDeleteWorkspace-[Notice] DeleteWorkspace started\nDeleteWorkspace-[Notice] DeleteWorkspace successful, Duration 0.00 seconds\n.CreateWorkspace-[Notice] CreateWorkspace started\nCreateWorkspace-[Notice] CreateWorkspace successful, Duration 0.00 seconds\nLoadInstrument-[Notice] LoadInstrument started\nLoadInstrument-[Notice] LoadInstrument successful, Duration 0.00 seconds\nSetSample-[Notice] SetSample started\nSetSample-[Notice] SetSample successful, Duration 0.00 seconds\nDeleteWorkspace-[Notice] DeleteWorkspace started\nDeleteWorkspace-[Notice] DeleteWorkspace successful, Duration 0.00 seconds\n.CreateWorkspace-[Notice] CreateWorkspace started\nCreateWorkspace-[Notice] CreateWorkspace successful, Duration 0.00 seconds\nLoadInstrument-[Notice] LoadInstrument started\nLoadInstrument-[Notice] LoadInstrument successful, Duration 0.00 seconds\nSetSample-[Notice] SetSample started\nSetSample-[Notice] SetSample successful, Duration 0.00 seconds\nDeleteWorkspace-[Notice] DeleteWorkspace started\nDeleteWorkspace-[Notice] DeleteWorkspace successful, Duration 0.00 seconds\n.CreateSampleWorkspace-[Notice] CreateSampleWorkspace started\nCreateSampleWorkspace-[Notice] CreateSampleWorkspace successful, Duration 0.01 seconds\nLoadSampleShape-[Notice] LoadSampleShape started\nLoadSampleShape-[Notice] LoadSampleShape successful, Duration 0.02 seconds\nDeleteWorkspace-[Notice] DeleteWorkspace started\nDeleteWorkspace-[Notice] DeleteWorkspace successful, Duration 0.00 seconds\n.CreateWorkspace-[Notice] CreateWorkspace started\nCreateWorkspace-[Notice] CreateWorkspace successful, Duration 0.00 seconds\nLoadInstrument-[Notice] LoadInstrument started\nLoadInstrument-[Notice] LoadInstrument successful, Duration 0.00 seconds\nSetSample-[Notice] SetSample started\nSetSample-[Notice] SetSample successful, Duration 0.00 seconds\nDeleteWorkspace-[Notice] DeleteWorkspace started\nDeleteWorkspace-[Notice] DeleteWorkspace successful, Duration 0.00 seconds\n.CreateWorkspace-[Notice] CreateWorkspace started\nCreateWorkspace-[Notice] CreateWorkspace successful, Duration 0.00 seconds\nLoadInstrument-[Notice] LoadInstrument started\nLoadInstrument-[Notice] LoadInstrument successful, Duration 0.00 seconds\nSetSample-[Notice] SetSample started\nSetSample-[Notice] SetSample successful, Duration 0.00 seconds\nDeleteWorkspace-[Notice] DeleteWorkspace started\nDeleteWorkspace-[Notice] DeleteWorkspace successful, Duration 0.00 seconds\n.CreateWorkspace-[Notice] CreateWorkspace started\nCreateWorkspace-[Notice] CreateWorkspace successful, Duration 0.00 seconds\nLoadInstrument-[Notice] LoadInstrument started\nLoadInstrument-[Notice] LoadInstrument successful, Duration 0.00 seconds\nSetSample-[Notice] SetSample started\nSetSample-[Notice] SetSample successful, Duration 0.00 seconds\nDeleteWorkspace-[Notice] DeleteWorkspace started\nDeleteWorkspace-[Notice] DeleteWorkspace successful, Duration 0.00 seconds\n.CreateWorkspace-[Notice] CreateWorkspace started\nCreateWorkspace-[Notice] CreateWorkspace successful, Duration 0.00 seconds\nSetSample-[Notice] SetSample started\nSetSample-[Notice] SetSample successful, Duration 0.00 seconds\nDeleteWorkspace-[Notice] DeleteWorkspace started\nDeleteWorkspace-[Notice] DeleteWorkspace successful, Duration 0.00 seconds\n.CreateSampleWorkspace-[Notice] CreateSampleWorkspace started\nCreateSampleWorkspace-[Notice] CreateSampleWorkspace successful, Duration 0.00 seconds\nLoadSampleShape-[Notice] LoadSampleShape started\nLoadSampleShape-[Notice] LoadSampleShape successful, Duration 0.01 seconds\nDeleteWorkspace-[Notice] DeleteWorkspace started\nDeleteWorkspace-[Notice] DeleteWorkspace successful, Duration 0.00 seconds\n.CreateWorkspace-[Notice] CreateWorkspace started\nCreateWorkspace-[Notice] CreateWorkspace successful, Duration 0.03 seconds\nLoadInstrument-[Notice] LoadInstrument started\nLoadInstrument-[Notice] LoadInstrument successful, Duration 0.00 seconds\nSetSample-[Notice] SetSample started\nSetSample-[Notice] SetSample successful, Duration 0.00 seconds\nDeleteWorkspace-[Notice] DeleteWorkspace started\nDeleteWorkspace-[Notice] DeleteWorkspace successful, Duration 0.01 seconds\n.CreateSampleWorkspace-[Notice] CreateSampleWorkspace started\nCreateSampleWorkspace-[Notice] CreateSampleWorkspace successful, Duration 0.02 seconds\nLoadSampleShape-[Notice] LoadSampleShape started\nLoadSampleShape-[Notice] LoadSampleShape successful, Duration 0.01 seconds\nDeleteWorkspace-[Notice] DeleteWorkspace started\nDeleteWorkspace-[Notice] DeleteWorkspace successful, Duration 0.00 seconds\n.CreateWorkspace-[Notice] CreateWorkspace started\nCreateWorkspace-[Notice] CreateWorkspace successful, Duration 0.04 seconds\nLoadInstrument-[Notice] LoadInstrument started\nLoadInstrument-[Notice] LoadInstrument successful, Duration 0.00 seconds\nSetSample-[Notice] SetSample started\nSetSample-[Notice] SetSample successful, Duration 0.00 seconds\nDeleteWorkspace-[Notice] DeleteWorkspace started\nDeleteWorkspace-[Notice] DeleteWorkspace successful, Duration 0.00 seconds\n..CreateSampleWorkspace-[Notice] CreateSampleWorkspace started\nCreateSampleWorkspace-[Notice] CreateSampleWorkspace successful, Duration 0.02 seconds\nSetUB-[Notice] SetUB started\nSetUB-[Notice] SetUB successful, Duration 0.00 seconds\n.CreateWorkspace-[Notice] CreateWorkspace started\nCreateWorkspace-[Notice] CreateWorkspace successful, Duration 0.02 seconds\nLoadInstrument-[Notice] LoadInstrument started\nLoadInstrument-[Notice] LoadInstrument successful, Duration 0.00 seconds\nSetSample-[Notice] SetSample started\nSetSample-[Notice] SetSample successful, Duration 0.00 seconds\nDeleteWorkspace-[Notice] DeleteWorkspace started\nDeleteWorkspace-[Notice] DeleteWorkspace successful, Duration 0.00 seconds\nMatplotlib is currently using agg, which is a non-GUI backend, so cannot show the figure.\n.CreateSampleWorkspace-[Notice] CreateSampleWorkspace started\nCreateSampleWorkspace-[Notice] CreateSampleWorkspace successful, Duration 0.00 seconds\nLoadSampleShape-[Notice] LoadSampleShape started\nLoadSampleShape-[Notice] LoadSampleShape successful, Duration 0.01 seconds\nDeleteWorkspace-[Notice] DeleteWorkspace started\nDeleteWorkspace-[Notice] DeleteWorkspace successful, Duration 0.00 seconds\n.CreateWorkspace-[Notice] CreateWorkspace started\nCreateWorkspace-[Notice] CreateWorkspace successful, Duration 0.03 seconds\nLoadInstrument-[Notice] LoadInstrument started\nLoadInstrument-[Notice] LoadInstrument successful, Duration 0.00 seconds\nSetSample-[Notice] SetSample started\nSetSample-[Notice] SetSample successful, Duration 0.00 seconds\nDeleteWorkspace-[Notice] DeleteWorkspace started\nDeleteWorkspace-[Notice] DeleteWorkspace successful, Duration 0.00 seconds\n..CreateWorkspace-[Notice] CreateWorkspace started\nCreateWorkspace-[Notice] CreateWorkspace successful, Duration 0.00 seconds\nSetSample-[Notice] SetSample started\nSetSample-[Notice] SetSample successful, Duration 1.34 seconds\nInstrument-[Warning] In Instrument::getSource(). No source has been set.\nInstrument-[Warning] In Instrument::getSamplePos(). No SamplePos has been set.\nDeleteWorkspace-[Notice] DeleteWorkspace started\nDeleteWorkspace-[Notice] DeleteWorkspace successful, Duration 0.00 seconds\nMatplotlib is currently using agg, which is a non-GUI backend, so cannot show the figure.\n.CreateSampleWorkspace-[Notice] CreateSampleWorkspace started\nCreateSampleWorkspace-[Notice] CreateSampleWorkspace successful, Duration 0.00 seconds\nDeleteWorkspace-[Notice] DeleteWorkspace started\nDeleteWorkspace-[Notice] DeleteWorkspace successful, Duration 0.01 seconds\nMatplotlib is currently using agg, which is a non-GUI backend, so cannot show the figure.\n.CreateWorkspace-[Notice] CreateWorkspace started\nCreateWorkspace-[Notice] CreateWorkspace successful, Duration 0.00 seconds\nLoadInstrument-[Notice] LoadInstrument started\nLoadInstrument-[Notice] LoadInstrument successful, Duration 0.00 seconds\nSetSample-[Notice] SetSample started\nSetSample-[Notice] SetSample successful, Duration 0.00 seconds\nDeleteWorkspace-[Notice] DeleteWorkspace started\nDeleteWorkspace-[Notice] DeleteWorkspace successful, Duration 0.00 seconds\nMatplotlib is currently using agg, which is a non-GUI backend, so cannot show the figure.\n.CreateSampleWorkspace-[Notice] CreateSampleWorkspace started\nCreateSampleWorkspace-[Notice] CreateSampleWorkspace successful, Duration 0.00 seconds\nLoadSampleShape-[Notice] LoadSampleShape started\nLoadSampleShape-[Notice] LoadSampleShape successful, Duration 0.01 seconds\nDeleteWorkspace-[Notice] DeleteWorkspace started\nDeleteWorkspace-[Notice] DeleteWorkspace successful, Duration 0.00 seconds\nMatplotlib is currently using agg, which is a non-GUI backend, so cannot show the figure.\n..CreateWorkspace-[Notice] CreateWorkspace started\nCreateWorkspace-[Notice] CreateWorkspace successful, Duration 0.03 seconds\nDeleteWorkspace-[Notice] DeleteWorkspace started\nDeleteWorkspace-[Notice] DeleteWorkspace successful, Duration 0.00 seconds\nECreateWorkspace-[Notice] CreateWorkspace started\nCreateWorkspace-[Notice] CreateWorkspace successful, Duration 0.00 seconds\nLoadInstrument-[Notice] LoadInstrument started\nLoadInstrument-[Notice] LoadInstrument successful, Duration 0.00 seconds\nSetSample-[Notice] SetSample started\nSetSample-[Notice] SetSample successful, Duration 0.00 seconds\nDeleteWorkspace-[Notice] DeleteWorkspace started\nDeleteWorkspace-[Notice] DeleteWorkspace successful, Duration 0.00 seconds\nMatplotlib is currently using agg, which is a non-GUI backend, so cannot show the figure.\n.CreateWorkspace-[Notice] CreateWorkspace started\nCreateWorkspace-[Notice] CreateWorkspace successful, Duration 0.00 seconds\nSetSample-[Notice] SetSample started\nSetSample-[Notice] SetSample successful, Duration 0.00 seconds\nInstrument-[Warning] In Instrument::getSource(). No source has been set.\nInstrument-[Warning] In Instrument::getSamplePos(). No SamplePos has been set.\nDeleteWorkspace-[Notice] DeleteWorkspace started\nDeleteWorkspace-[Notice] DeleteWorkspace successful, Duration 0.00 seconds\nMatplotlib is currently using agg, which is a non-GUI backend, so cannot show the figure.\n.CreateWorkspace-[Notice] CreateWorkspace started\nCreateWorkspace-[Notice] CreateWorkspace successful, Duration 0.05 seconds\nSetSample-[Notice] SetSample started\nSetSample-[Notice] SetSample successful, Duration 0.00 seconds\nInstrument-[Warning] In Instrument::getSource(). No source has been set.\nInstrument-[Warning] In Instrument::getSamplePos(). No SamplePos has been set.\nDeleteWorkspace-[Notice] DeleteWorkspace started\nDeleteWorkspace-[Notice] DeleteWorkspace successful, Duration 0.00 seconds\nMatplotlib is currently using agg, which is a non-GUI backend, so cannot show the figure.\n.CreateWorkspace-[Notice] CreateWorkspace started\nCreateWorkspace-[Notice] CreateWorkspace successful, Duration 0.02 seconds\nSetSample-[Notice] SetSample started\nSetSample-[Notice] SetSample successful, Duration 1.89 seconds\nInstrument-[Warning] In Instrument::getSource(). No source has been set.\nInstrument-[Warning] In Instrument::getSamplePos(). No SamplePos has been set.\nDeleteWorkspace-[Notice] DeleteWorkspace started\nDeleteWorkspace-[Notice] DeleteWorkspace successful, Duration 0.00 seconds\nMatplotlib is currently using agg, which is a non-GUI backend, so cannot show the figure.\n.CreateSampleWorkspace-[Notice] CreateSampleWorkspace started\nCreateSampleWorkspace-[Notice] CreateSampleWorkspace successful, Duration 0.01 seconds\nLoadSampleShape-[Notice] LoadSampleShape started\nLoadSampleShape-[Notice] LoadSampleShape successful, Duration 0.02 seconds\nDeleteWorkspace-[Notice] DeleteWorkspace started\nDeleteWorkspace-[Notice] DeleteWorkspace successful, Duration 0.00 seconds\n.\n======================================================================\nERROR: test_sample_and_container_invalid (test_sample_shape.PlotSampleShapeTest)\n----------------------------------------------------------------------\nTraceback (most recent call last):\n  File &quot;/jenkins_workdir/workspace/pull_requests-conda-linux/qt/python/mantidqt/mantidqt/plotting/test/test_sample_shape.py&quot;, line 285, in test_sample_and_container_invalid\n    figure = sample_shape.plot_sample_container_and_components(workspace.name())\n  File &quot;/jenkins_workdir/workspace/pull_requests-conda-linux/qt/python/mantidqt/mantidqt/plotting/sample_shape.py&quot;, line 146, in plot_sample_container_and_components\n    return new_plot.create_plot(workspace_name)\n  File &quot;/jenkins_workdir/workspace/pull_requests-conda-linux/qt/python/mantidqt/mantidqt/plotting/sample_shape.py&quot;, line 53, in create_plot\n    raise Exception(&quot;Workspace must have attached Sample Shape or Environment&quot;)\nException: Workspace must have attached Sample Shape or Environment\n\n----------------------------------------------------------------------\nRan 35 tests in 16.250s\n\nFAILED (errors=1)\n\n          Start 1997: mantidqt_qt5.test_sample_shape.test_sample_shape\n"
                                    },
                                    {
                                        "trial_num": 2,
                                        "outcome": "Failed",
                                        "test_time": "17.31",
                                        "stack_trace": "FrameworkManager-[Notice] Welcome to Mantid 6.5.20221102.1009\nFrameworkManager-[Notice] Please cite: http://dx.doi.org/10.1016/j.nima.2014.07.029 and this release: http://dx.doi.org/10.5286/Software/Mantid\nCreateWorkspace-[Notice] CreateWorkspace started\nCreateWorkspace-[Notice] CreateWorkspace successful, Duration 0.01 seconds\nDeleteWorkspace-[Notice] DeleteWorkspace started\nDeleteWorkspace-[Notice] DeleteWorkspace successful, Duration 0.00 seconds\n/jenkins_workdir/workspace/pull_requests-conda-linux/build/bin/site.py:26: DeprecationWarning: the imp module is deprecated in favour of importlib; see the module&#x27;s documentation for alternative uses\n  import imp  # Avoid import loop in Python 3\n/jenkins_workdir/workspace/pull_requests-conda-linux/mambaforge/envs/mantid-developer/lib/python3.8/site-packages/h5py/__init__.py:46: DeprecationWarning: `np.typeDict` is a deprecated alias for `np.sctypeDict`.\n  from ._conv import register_converters as _register_converters\n.CreateWorkspace-[Notice] CreateWorkspace started\nCreateWorkspace-[Notice] CreateWorkspace successful, Duration 0.00 seconds\nSetSample-[Notice] SetSample started\nSetSample-[Notice] SetSample successful, Duration 1.04 seconds\nDeleteWorkspace-[Notice] DeleteWorkspace started\nDeleteWorkspace-[Notice] DeleteWorkspace successful, Duration 0.00 seconds\n.CreateSampleWorkspace-[Notice] CreateSampleWorkspace started\nCreateSampleWorkspace-[Notice] CreateSampleWorkspace successful, Duration 0.00 seconds\nDeleteWorkspace-[Notice] DeleteWorkspace started\nDeleteWorkspace-[Notice] DeleteWorkspace successful, Duration 0.00 seconds\n.CreateWorkspace-[Notice] CreateWorkspace started\nCreateWorkspace-[Notice] CreateWorkspace successful, Duration 0.00 seconds\nLoadInstrument-[Notice] LoadInstrument started\nLoadInstrument-[Notice] LoadInstrument successful, Duration 0.01 seconds\nSetSample-[Notice] SetSample started\nSetSample-[Notice] SetSample successful, Duration 0.08 seconds\nDeleteWorkspace-[Notice] DeleteWorkspace started\nDeleteWorkspace-[Notice] DeleteWorkspace successful, Duration 0.00 seconds\nMatplotlib is currently using agg, which is a non-GUI backend, so cannot show the figure.\n.CreateWorkspace-[Notice] CreateWorkspace started\nCreateWorkspace-[Notice] CreateWorkspace successful, Duration 0.00 seconds\nLoadInstrument-[Notice] LoadInstrument started\nLoadInstrument-[Notice] LoadInstrument successful, Duration 0.00 seconds\nSetSample-[Notice] SetSample started\nSetSample-[Notice] SetSample successful, Duration 0.00 seconds\nDeleteWorkspace-[Notice] DeleteWorkspace started\nDeleteWorkspace-[Notice] DeleteWorkspace successful, Duration 0.00 seconds\nMatplotlib is currently using agg, which is a non-GUI backend, so cannot show the figure.\n.CreateWorkspace-[Notice] CreateWorkspace started\nCreateWorkspace-[Notice] CreateWorkspace successful, Duration 0.00 seconds\nLoadInstrument-[Notice] LoadInstrument started\nLoadInstrument-[Notice] LoadInstrument successful, Duration 0.00 seconds\nSetSample-[Notice] SetSample started\nSetSample-[Notice] SetSample successful, Duration 0.00 seconds\nDeleteWorkspace-[Notice] DeleteWorkspace started\nDeleteWorkspace-[Notice] DeleteWorkspace successful, Duration 0.00 seconds\nMatplotlib is currently using agg, which is a non-GUI backend, so cannot show the figure.\n.CreateWorkspace-[Notice] CreateWorkspace started\nCreateWorkspace-[Notice] CreateWorkspace successful, Duration 0.00 seconds\nLoadInstrument-[Notice] LoadInstrument started\nLoadInstrument-[Notice] LoadInstrument successful, Duration 0.00 seconds\nSetSample-[Notice] SetSample started\nSetSample-[Notice] SetSample successful, Duration 0.00 seconds\nDeleteWorkspace-[Notice] DeleteWorkspace started\nDeleteWorkspace-[Notice] DeleteWorkspace successful, Duration 0.00 seconds\n.CreateWorkspace-[Notice] CreateWorkspace started\nCreateWorkspace-[Notice] CreateWorkspace successful, Duration 0.00 seconds\nLoadInstrument-[Notice] LoadInstrument started\nLoadInstrument-[Notice] LoadInstrument successful, Duration 0.00 seconds\nSetSample-[Notice] SetSample started\nSetSample-[Notice] SetSample successful, Duration 0.00 seconds\nDeleteWorkspace-[Notice] DeleteWorkspace started\nDeleteWorkspace-[Notice] DeleteWorkspace successful, Duration 0.00 seconds\n.CreateWorkspace-[Notice] CreateWorkspace started\nCreateWorkspace-[Notice] CreateWorkspace successful, Duration 0.00 seconds\nLoadInstrument-[Notice] LoadInstrument started\nLoadInstrument-[Notice] LoadInstrument successful, Duration 0.00 seconds\nSetSample-[Notice] SetSample started\nSetSample-[Notice] SetSample successful, Duration 0.00 seconds\nDeleteWorkspace-[Notice] DeleteWorkspace started\nDeleteWorkspace-[Notice] DeleteWorkspace successful, Duration 0.00 seconds\n.CreateSampleWorkspace-[Notice] CreateSampleWorkspace started\nCreateSampleWorkspace-[Notice] CreateSampleWorkspace successful, Duration 0.00 seconds\nLoadSampleShape-[Notice] LoadSampleShape started\nLoadSampleShape-[Notice] LoadSampleShape successful, Duration 0.01 seconds\nDeleteWorkspace-[Notice] DeleteWorkspace started\nDeleteWorkspace-[Notice] DeleteWorkspace successful, Duration 0.00 seconds\n.CreateWorkspace-[Notice] CreateWorkspace started\nCreateWorkspace-[Notice] CreateWorkspace successful, Duration 0.03 seconds\nLoadInstrument-[Notice] LoadInstrument started\nLoadInstrument-[Notice] LoadInstrument successful, Duration 0.00 seconds\nSetSample-[Notice] SetSample started\nSetSample-[Notice] SetSample successful, Duration 0.00 seconds\nDeleteWorkspace-[Notice] DeleteWorkspace started\nDeleteWorkspace-[Notice] DeleteWorkspace successful, Duration 0.00 seconds\n.CreateWorkspace-[Notice] CreateWorkspace started\nCreateWorkspace-[Notice] CreateWorkspace successful, Duration 0.00 seconds\nLoadInstrument-[Notice] LoadInstrument started\nLoadInstrument-[Notice] LoadInstrument successful, Duration 0.00 seconds\nSetSample-[Notice] SetSample started\nSetSample-[Notice] SetSample successful, Duration 0.00 seconds\nDeleteWorkspace-[Notice] DeleteWorkspace started\nDeleteWorkspace-[Notice] DeleteWorkspace successful, Duration 0.00 seconds\n.CreateWorkspace-[Notice] CreateWorkspace started\nCreateWorkspace-[Notice] CreateWorkspace successful, Duration 0.00 seconds\nLoadInstrument-[Notice] LoadInstrument started\nLoadInstrument-[Notice] LoadInstrument successful, Duration 0.00 seconds\nSetSample-[Notice] SetSample started\nSetSample-[Notice] SetSample successful, Duration 0.00 seconds\nDeleteWorkspace-[Notice] DeleteWorkspace started\nDeleteWorkspace-[Notice] DeleteWorkspace successful, Duration 0.00 seconds\n.CreateWorkspace-[Notice] CreateWorkspace started\nCreateWorkspace-[Notice] CreateWorkspace successful, Duration 0.00 seconds\nSetSample-[Notice] SetSample started\nSetSample-[Notice] SetSample successful, Duration 0.00 seconds\nDeleteWorkspace-[Notice] DeleteWorkspace started\nDeleteWorkspace-[Notice] DeleteWorkspace successful, Duration 0.00 seconds\n.CreateSampleWorkspace-[Notice] CreateSampleWorkspace started\nCreateSampleWorkspace-[Notice] CreateSampleWorkspace successful, Duration 0.00 seconds\nLoadSampleShape-[Notice] LoadSampleShape started\nLoadSampleShape-[Notice] LoadSampleShape successful, Duration 0.01 seconds\nDeleteWorkspace-[Notice] DeleteWorkspace started\nDeleteWorkspace-[Notice] DeleteWorkspace successful, Duration 0.00 seconds\n.CreateWorkspace-[Notice] CreateWorkspace started\nCreateWorkspace-[Notice] CreateWorkspace successful, Duration 0.00 seconds\nLoadInstrument-[Notice] LoadInstrument started\nLoadInstrument-[Notice] LoadInstrument successful, Duration 0.00 seconds\nSetSample-[Notice] SetSample started\nSetSample-[Notice] SetSample successful, Duration 0.00 seconds\nDeleteWorkspace-[Notice] DeleteWorkspace started\nDeleteWorkspace-[Notice] DeleteWorkspace successful, Duration 0.00 seconds\n.CreateSampleWorkspace-[Notice] CreateSampleWorkspace started\nCreateSampleWorkspace-[Notice] CreateSampleWorkspace successful, Duration 0.00 seconds\nLoadSampleShape-[Notice] LoadSampleShape started\nLoadSampleShape-[Notice] LoadSampleShape successful, Duration 0.01 seconds\nDeleteWorkspace-[Notice] DeleteWorkspace started\nDeleteWorkspace-[Notice] DeleteWorkspace successful, Duration 0.00 seconds\n.CreateWorkspace-[Notice] CreateWorkspace started\nCreateWorkspace-[Notice] CreateWorkspace successful, Duration 0.00 seconds\nLoadInstrument-[Notice] LoadInstrument started\nLoadInstrument-[Notice] LoadInstrument successful, Duration 0.00 seconds\nSetSample-[Notice] SetSample started\nSetSample-[Notice] SetSample successful, Duration 0.00 seconds\nDeleteWorkspace-[Notice] DeleteWorkspace started\nDeleteWorkspace-[Notice] DeleteWorkspace successful, Duration 0.00 seconds\n..CreateSampleWorkspace-[Notice] CreateSampleWorkspace started\nCreateSampleWorkspace-[Notice] CreateSampleWorkspace successful, Duration 0.00 seconds\nSetUB-[Notice] SetUB started\nSetUB-[Notice] SetUB successful, Duration 0.00 seconds\n.CreateWorkspace-[Notice] CreateWorkspace started\nCreateWorkspace-[Notice] CreateWorkspace successful, Duration 0.00 seconds\nLoadInstrument-[Notice] LoadInstrument started\nLoadInstrument-[Notice] LoadInstrument successful, Duration 0.00 seconds\nSetSample-[Notice] SetSample started\nSetSample-[Notice] SetSample successful, Duration 0.00 seconds\nDeleteWorkspace-[Notice] DeleteWorkspace started\nDeleteWorkspace-[Notice] DeleteWorkspace successful, Duration 0.00 seconds\nMatplotlib is currently using agg, which is a non-GUI backend, so cannot show the figure.\n.CreateSampleWorkspace-[Notice] CreateSampleWorkspace started\nCreateSampleWorkspace-[Notice] CreateSampleWorkspace successful, Duration 0.00 seconds\nLoadSampleShape-[Notice] LoadSampleShape started\nLoadSampleShape-[Notice] LoadSampleShape successful, Duration 0.01 seconds\nDeleteWorkspace-[Notice] DeleteWorkspace started\nDeleteWorkspace-[Notice] DeleteWorkspace successful, Duration 0.00 seconds\n.CreateWorkspace-[Notice] CreateWorkspace started\nCreateWorkspace-[Notice] CreateWorkspace successful, Duration 0.00 seconds\nLoadInstrument-[Notice] LoadInstrument started\nLoadInstrument-[Notice] LoadInstrument successful, Duration 0.00 seconds\nSetSample-[Notice] SetSample started\nSetSample-[Notice] SetSample successful, Duration 0.00 seconds\nDeleteWorkspace-[Notice] DeleteWorkspace started\nDeleteWorkspace-[Notice] DeleteWorkspace successful, Duration 0.00 seconds\n..CreateWorkspace-[Notice] CreateWorkspace started\nCreateWorkspace-[Notice] CreateWorkspace successful, Duration 0.00 seconds\nSetSample-[Notice] SetSample started\nSetSample-[Notice] SetSample successful, Duration 1.27 seconds\nInstrument-[Warning] In Instrument::getSource(). No source has been set.\nInstrument-[Warning] In Instrument::getSamplePos(). No SamplePos has been set.\nDeleteWorkspace-[Notice] DeleteWorkspace started\nDeleteWorkspace-[Notice] DeleteWorkspace successful, Duration 0.00 seconds\nMatplotlib is currently using agg, which is a non-GUI backend, so cannot show the figure.\n.CreateSampleWorkspace-[Notice] CreateSampleWorkspace started\nCreateSampleWorkspace-[Notice] CreateSampleWorkspace successful, Duration 0.00 seconds\nDeleteWorkspace-[Notice] DeleteWorkspace started\nDeleteWorkspace-[Notice] DeleteWorkspace successful, Duration 0.00 seconds\nMatplotlib is currently using agg, which is a non-GUI backend, so cannot show the figure.\n.CreateWorkspace-[Notice] CreateWorkspace started\nCreateWorkspace-[Notice] CreateWorkspace successful, Duration 0.00 seconds\nLoadInstrument-[Notice] LoadInstrument started\nLoadInstrument-[Notice] LoadInstrument successful, Duration 0.00 seconds\nSetSample-[Notice] SetSample started\nSetSample-[Notice] SetSample successful, Duration 0.00 seconds\nDeleteWorkspace-[Notice] DeleteWorkspace started\nDeleteWorkspace-[Notice] DeleteWorkspace successful, Duration 0.00 seconds\nMatplotlib is currently using agg, which is a non-GUI backend, so cannot show the figure.\n.CreateSampleWorkspace-[Notice] CreateSampleWorkspace started\nCreateSampleWorkspace-[Notice] CreateSampleWorkspace successful, Duration 0.01 seconds\nLoadSampleShape-[Notice] LoadSampleShape started\nLoadSampleShape-[Notice] LoadSampleShape successful, Duration 0.01 seconds\nDeleteWorkspace-[Notice] DeleteWorkspace started\nDeleteWorkspace-[Notice] DeleteWorkspace successful, Duration 0.00 seconds\nMatplotlib is currently using agg, which is a non-GUI backend, so cannot show the figure.\n..CreateWorkspace-[Notice] CreateWorkspace started\nCreateWorkspace-[Notice] CreateWorkspace successful, Duration 0.03 seconds\nDeleteWorkspace-[Notice] DeleteWorkspace started\nDeleteWorkspace-[Notice] DeleteWorkspace successful, Duration 0.00 seconds\nECreateWorkspace-[Notice] CreateWorkspace started\nCreateWorkspace-[Notice] CreateWorkspace successful, Duration 0.01 seconds\nLoadInstrument-[Notice] LoadInstrument started\nLoadInstrument-[Notice] LoadInstrument successful, Duration 0.00 seconds\nSetSample-[Notice] SetSample started\nSetSample-[Notice] SetSample successful, Duration 0.00 seconds\nDeleteWorkspace-[Notice] DeleteWorkspace started\nDeleteWorkspace-[Notice] DeleteWorkspace successful, Duration 0.00 seconds\nMatplotlib is currently using agg, which is a non-GUI backend, so cannot show the figure.\n.CreateWorkspace-[Notice] CreateWorkspace started\nCreateWorkspace-[Notice] CreateWorkspace successful, Duration 0.00 seconds\nSetSample-[Notice] SetSample started\nSetSample-[Notice] SetSample successful, Duration 0.00 seconds\nInstrument-[Warning] In Instrument::getSource(). No source has been set.\nInstrument-[Warning] In Instrument::getSamplePos(). No SamplePos has been set.\nDeleteWorkspace-[Notice] DeleteWorkspace started\nDeleteWorkspace-[Notice] DeleteWorkspace successful, Duration 0.00 seconds\nMatplotlib is currently using agg, which is a non-GUI backend, so cannot show the figure.\n.CreateWorkspace-[Notice] CreateWorkspace started\nCreateWorkspace-[Notice] CreateWorkspace successful, Duration 0.00 seconds\nSetSample-[Notice] SetSample started\nSetSample-[Notice] SetSample successful, Duration 0.00 seconds\nInstrument-[Warning] In Instrument::getSource(). No source has been set.\nInstrument-[Warning] In Instrument::getSamplePos(). No SamplePos has been set.\nDeleteWorkspace-[Notice] DeleteWorkspace started\nDeleteWorkspace-[Notice] DeleteWorkspace successful, Duration 0.00 seconds\nMatplotlib is currently using agg, which is a non-GUI backend, so cannot show the figure.\n.CreateWorkspace-[Notice] CreateWorkspace started\nCreateWorkspace-[Notice] CreateWorkspace successful, Duration 0.00 seconds\nSetSample-[Notice] SetSample started\nSetSample-[Notice] SetSample successful, Duration 1.21 seconds\nInstrument-[Warning] In Instrument::getSource(). No source has been set.\nInstrument-[Warning] In Instrument::getSamplePos(). No SamplePos has been set.\nDeleteWorkspace-[Notice] DeleteWorkspace started\nDeleteWorkspace-[Notice] DeleteWorkspace successful, Duration 0.00 seconds\nMatplotlib is currently using agg, which is a non-GUI backend, so cannot show the figure.\n.CreateSampleWorkspace-[Notice] CreateSampleWorkspace started\nCreateSampleWorkspace-[Notice] CreateSampleWorkspace successful, Duration 0.00 seconds\nLoadSampleShape-[Notice] LoadSampleShape started\nLoadSampleShape-[Notice] LoadSampleShape successful, Duration 0.02 seconds\nDeleteWorkspace-[Notice] DeleteWorkspace started\nDeleteWorkspace-[Notice] DeleteWorkspace successful, Duration 0.00 seconds\n.\n======================================================================\nERROR: test_sample_and_container_invalid (test_sample_shape.PlotSampleShapeTest)\n----------------------------------------------------------------------\nTraceback (most recent call last):\n  File &quot;/jenkins_workdir/workspace/pull_requests-conda-linux/qt/python/mantidqt/mantidqt/plotting/test/test_sample_shape.py&quot;, line 285, in test_sample_and_container_invalid\n    figure = sample_shape.plot_sample_container_and_components(workspace.name())\n  File &quot;/jenkins_workdir/workspace/pull_requests-conda-linux/qt/python/mantidqt/mantidqt/plotting/sample_shape.py&quot;, line 146, in plot_sample_container_and_components\n    return new_plot.create_plot(workspace_name)\n  File &quot;/jenkins_workdir/workspace/pull_requests-conda-linux/qt/python/mantidqt/mantidqt/plotting/sample_shape.py&quot;, line 53, in create_plot\n    raise Exception(&quot;Workspace must have attached Sample Shape or Environment&quot;)\nException: Workspace must have attached Sample Shape or Environment\n\n----------------------------------------------------------------------\nRan 35 tests in 14.352s\n\nFAILED (errors=1)\n\n          Start 1997: mantidqt_qt5.test_sample_shape.test_sample_shape\n"
                                    },
                                    {
                                        "trial_num": 3,
                                        "outcome": "Failed",
                                        "test_time": "25.99",
                                        "stack_trace": "FrameworkManager-[Notice] Welcome to Mantid 6.5.20221102.1009\nFrameworkManager-[Notice] Please cite: http://dx.doi.org/10.1016/j.nima.2014.07.029 and this release: http://dx.doi.org/10.5286/Software/Mantid\nCreateWorkspace-[Notice] CreateWorkspace started\nCreateWorkspace-[Notice] CreateWorkspace successful, Duration 0.05 seconds\nDeleteWorkspace-[Notice] DeleteWorkspace started\nDeleteWorkspace-[Notice] DeleteWorkspace successful, Duration 0.00 seconds\n/jenkins_workdir/workspace/pull_requests-conda-linux/build/bin/site.py:26: DeprecationWarning: the imp module is deprecated in favour of importlib; see the module&#x27;s documentation for alternative uses\n  import imp  # Avoid import loop in Python 3\n/jenkins_workdir/workspace/pull_requests-conda-linux/mambaforge/envs/mantid-developer/lib/python3.8/site-packages/h5py/__init__.py:46: DeprecationWarning: `np.typeDict` is a deprecated alias for `np.sctypeDict`.\n  from ._conv import register_converters as _register_converters\n.CreateWorkspace-[Notice] CreateWorkspace started\nCreateWorkspace-[Notice] CreateWorkspace successful, Duration 0.00 seconds\nSetSample-[Notice] SetSample started\nSetSample-[Notice] SetSample successful, Duration 1.07 seconds\nDeleteWorkspace-[Notice] DeleteWorkspace started\nDeleteWorkspace-[Notice] DeleteWorkspace successful, Duration 0.00 seconds\n.CreateSampleWorkspace-[Notice] CreateSampleWorkspace started\nCreateSampleWorkspace-[Notice] CreateSampleWorkspace successful, Duration 0.00 seconds\nDeleteWorkspace-[Notice] DeleteWorkspace started\nDeleteWorkspace-[Notice] DeleteWorkspace successful, Duration 0.00 seconds\n.CreateWorkspace-[Notice] CreateWorkspace started\nCreateWorkspace-[Notice] CreateWorkspace successful, Duration 0.00 seconds\nLoadInstrument-[Notice] LoadInstrument started\nLoadInstrument-[Notice] LoadInstrument successful, Duration 0.01 seconds\nSetSample-[Notice] SetSample started\nSetSample-[Notice] SetSample successful, Duration 0.12 seconds\nDeleteWorkspace-[Notice] DeleteWorkspace started\nDeleteWorkspace-[Notice] DeleteWorkspace successful, Duration 0.00 seconds\nMatplotlib is currently using agg, which is a non-GUI backend, so cannot show the figure.\n.CreateWorkspace-[Notice] CreateWorkspace started\nCreateWorkspace-[Notice] CreateWorkspace successful, Duration 0.00 seconds\nLoadInstrument-[Notice] LoadInstrument started\nLoadInstrument-[Notice] LoadInstrument successful, Duration 0.00 seconds\nSetSample-[Notice] SetSample started\nSetSample-[Notice] SetSample successful, Duration 0.00 seconds\nDeleteWorkspace-[Notice] DeleteWorkspace started\nDeleteWorkspace-[Notice] DeleteWorkspace successful, Duration 0.00 seconds\nMatplotlib is currently using agg, which is a non-GUI backend, so cannot show the figure.\n.CreateWorkspace-[Notice] CreateWorkspace started\nCreateWorkspace-[Notice] CreateWorkspace successful, Duration 0.01 seconds\nLoadInstrument-[Notice] LoadInstrument started\nLoadInstrument-[Notice] LoadInstrument successful, Duration 0.00 seconds\nSetSample-[Notice] SetSample started\nSetSample-[Notice] SetSample successful, Duration 0.00 seconds\nDeleteWorkspace-[Notice] DeleteWorkspace started\nDeleteWorkspace-[Notice] DeleteWorkspace successful, Duration 0.00 seconds\nMatplotlib is currently using agg, which is a non-GUI backend, so cannot show the figure.\n.CreateWorkspace-[Notice] CreateWorkspace started\nCreateWorkspace-[Notice] CreateWorkspace successful, Duration 0.00 seconds\nLoadInstrument-[Notice] LoadInstrument started\nLoadInstrument-[Notice] LoadInstrument successful, Duration 0.00 seconds\nSetSample-[Notice] SetSample started\nSetSample-[Notice] SetSample successful, Duration 0.00 seconds\nDeleteWorkspace-[Notice] DeleteWorkspace started\nDeleteWorkspace-[Notice] DeleteWorkspace successful, Duration 0.00 seconds\n.CreateWorkspace-[Notice] CreateWorkspace started\nCreateWorkspace-[Notice] CreateWorkspace successful, Duration 0.00 seconds\nLoadInstrument-[Notice] LoadInstrument started\nLoadInstrument-[Notice] LoadInstrument successful, Duration 0.00 seconds\nSetSample-[Notice] SetSample started\nSetSample-[Notice] SetSample successful, Duration 0.00 seconds\nDeleteWorkspace-[Notice] DeleteWorkspace started\nDeleteWorkspace-[Notice] DeleteWorkspace successful, Duration 0.00 seconds\n.CreateWorkspace-[Notice] CreateWorkspace started\nCreateWorkspace-[Notice] CreateWorkspace successful, Duration 0.00 seconds\nLoadInstrument-[Notice] LoadInstrument started\nLoadInstrument-[Notice] LoadInstrument successful, Duration 0.00 seconds\nSetSample-[Notice] SetSample started\nSetSample-[Notice] SetSample successful, Duration 0.00 seconds\nDeleteWorkspace-[Notice] DeleteWorkspace started\nDeleteWorkspace-[Notice] DeleteWorkspace successful, Duration 0.00 seconds\n.CreateSampleWorkspace-[Notice] CreateSampleWorkspace started\nCreateSampleWorkspace-[Notice] CreateSampleWorkspace successful, Duration 0.00 seconds\nLoadSampleShape-[Notice] LoadSampleShape started\nLoadSampleShape-[Notice] LoadSampleShape successful, Duration 0.01 seconds\nDeleteWorkspace-[Notice] DeleteWorkspace started\nDeleteWorkspace-[Notice] DeleteWorkspace successful, Duration 0.00 seconds\n.CreateWorkspace-[Notice] CreateWorkspace started\nCreateWorkspace-[Notice] CreateWorkspace successful, Duration 0.00 seconds\nLoadInstrument-[Notice] LoadInstrument started\nLoadInstrument-[Notice] LoadInstrument successful, Duration 0.00 seconds\nSetSample-[Notice] SetSample started\nSetSample-[Notice] SetSample successful, Duration 0.00 seconds\nDeleteWorkspace-[Notice] DeleteWorkspace started\nDeleteWorkspace-[Notice] DeleteWorkspace successful, Duration 0.00 seconds\n.CreateWorkspace-[Notice] CreateWorkspace started\nCreateWorkspace-[Notice] CreateWorkspace successful, Duration 0.00 seconds\nLoadInstrument-[Notice] LoadInstrument started\nLoadInstrument-[Notice] LoadInstrument successful, Duration 0.00 seconds\nSetSample-[Notice] SetSample started\nSetSample-[Notice] SetSample successful, Duration 0.00 seconds\nDeleteWorkspace-[Notice] DeleteWorkspace started\nDeleteWorkspace-[Notice] DeleteWorkspace successful, Duration 0.00 seconds\n.CreateWorkspace-[Notice] CreateWorkspace started\nCreateWorkspace-[Notice] CreateWorkspace successful, Duration 0.00 seconds\nLoadInstrument-[Notice] LoadInstrument started\nLoadInstrument-[Notice] LoadInstrument successful, Duration 0.00 seconds\nSetSample-[Notice] SetSample started\nSetSample-[Notice] SetSample successful, Duration 0.00 seconds\nDeleteWorkspace-[Notice] DeleteWorkspace started\nDeleteWorkspace-[Notice] DeleteWorkspace successful, Duration 0.00 seconds\n.CreateWorkspace-[Notice] CreateWorkspace started\nCreateWorkspace-[Notice] CreateWorkspace successful, Duration 0.00 seconds\nSetSample-[Notice] SetSample started\nSetSample-[Notice] SetSample successful, Duration 0.00 seconds\nDeleteWorkspace-[Notice] DeleteWorkspace started\nDeleteWorkspace-[Notice] DeleteWorkspace successful, Duration 0.00 seconds\n.CreateSampleWorkspace-[Notice] CreateSampleWorkspace started\nCreateSampleWorkspace-[Notice] CreateSampleWorkspace successful, Duration 0.00 seconds\nLoadSampleShape-[Notice] LoadSampleShape started\nLoadSampleShape-[Notice] LoadSampleShape successful, Duration 0.01 seconds\nDeleteWorkspace-[Notice] DeleteWorkspace started\nDeleteWorkspace-[Notice] DeleteWorkspace successful, Duration 0.01 seconds\n.CreateWorkspace-[Notice] CreateWorkspace started\nCreateWorkspace-[Notice] CreateWorkspace successful, Duration 0.00 seconds\nLoadInstrument-[Notice] LoadInstrument started\nLoadInstrument-[Notice] LoadInstrument successful, Duration 0.00 seconds\nSetSample-[Notice] SetSample started\nSetSample-[Notice] SetSample successful, Duration 0.00 seconds\nDeleteWorkspace-[Notice] DeleteWorkspace started\nDeleteWorkspace-[Notice] DeleteWorkspace successful, Duration 0.00 seconds\n.CreateSampleWorkspace-[Notice] CreateSampleWorkspace started\nCreateSampleWorkspace-[Notice] CreateSampleWorkspace successful, Duration 0.02 seconds\nLoadSampleShape-[Notice] LoadSampleShape started\nLoadSampleShape-[Notice] LoadSampleShape successful, Duration 0.01 seconds\nDeleteWorkspace-[Notice] DeleteWorkspace started\nDeleteWorkspace-[Notice] DeleteWorkspace successful, Duration 0.00 seconds\n.CreateWorkspace-[Notice] CreateWorkspace started\nCreateWorkspace-[Notice] CreateWorkspace successful, Duration 0.00 seconds\nLoadInstrument-[Notice] LoadInstrument started\nLoadInstrument-[Notice] LoadInstrument successful, Duration 0.00 seconds\nSetSample-[Notice] SetSample started\nSetSample-[Notice] SetSample successful, Duration 0.00 seconds\nDeleteWorkspace-[Notice] DeleteWorkspace started\nDeleteWorkspace-[Notice] DeleteWorkspace successful, Duration 0.00 seconds\n..CreateSampleWorkspace-[Notice] CreateSampleWorkspace started\nCreateSampleWorkspace-[Notice] CreateSampleWorkspace successful, Duration 0.00 seconds\nSetUB-[Notice] SetUB started\nSetUB-[Notice] SetUB successful, Duration 0.00 seconds\n.CreateWorkspace-[Notice] CreateWorkspace started\nCreateWorkspace-[Notice] CreateWorkspace successful, Duration 0.01 seconds\nLoadInstrument-[Notice] LoadInstrument started\nLoadInstrument-[Notice] LoadInstrument successful, Duration 0.00 seconds\nSetSample-[Notice] SetSample started\nSetSample-[Notice] SetSample successful, Duration 0.00 seconds\nDeleteWorkspace-[Notice] DeleteWorkspace started\nDeleteWorkspace-[Notice] DeleteWorkspace successful, Duration 0.00 seconds\nMatplotlib is currently using agg, which is a non-GUI backend, so cannot show the figure.\n.CreateSampleWorkspace-[Notice] CreateSampleWorkspace started\nCreateSampleWorkspace-[Notice] CreateSampleWorkspace successful, Duration 0.00 seconds\nLoadSampleShape-[Notice] LoadSampleShape started\nLoadSampleShape-[Notice] LoadSampleShape successful, Duration 0.01 seconds\nDeleteWorkspace-[Notice] DeleteWorkspace started\nDeleteWorkspace-[Notice] DeleteWorkspace successful, Duration 0.00 seconds\n.CreateWorkspace-[Notice] CreateWorkspace started\nCreateWorkspace-[Notice] CreateWorkspace successful, Duration 0.01 seconds\nLoadInstrument-[Notice] LoadInstrument started\nLoadInstrument-[Notice] LoadInstrument successful, Duration 0.00 seconds\nSetSample-[Notice] SetSample started\nSetSample-[Notice] SetSample successful, Duration 0.00 seconds\nDeleteWorkspace-[Notice] DeleteWorkspace started\nDeleteWorkspace-[Notice] DeleteWorkspace successful, Duration 0.00 seconds\n..CreateWorkspace-[Notice] CreateWorkspace started\nCreateWorkspace-[Notice] CreateWorkspace successful, Duration 0.00 seconds\nSetSample-[Notice] SetSample started\nSetSample-[Notice] SetSample successful, Duration 1.78 seconds\nInstrument-[Warning] In Instrument::getSource(). No source has been set.\nInstrument-[Warning] In Instrument::getSamplePos(). No SamplePos has been set.\nDeleteWorkspace-[Notice] DeleteWorkspace started\nDeleteWorkspace-[Notice] DeleteWorkspace successful, Duration 0.00 seconds\nMatplotlib is currently using agg, which is a non-GUI backend, so cannot show the figure.\n.CreateSampleWorkspace-[Notice] CreateSampleWorkspace started\nCreateSampleWorkspace-[Notice] CreateSampleWorkspace successful, Duration 0.00 seconds\nDeleteWorkspace-[Notice] DeleteWorkspace started\nDeleteWorkspace-[Notice] DeleteWorkspace successful, Duration 0.00 seconds\nMatplotlib is currently using agg, which is a non-GUI backend, so cannot show the figure.\n.CreateWorkspace-[Notice] CreateWorkspace started\nCreateWorkspace-[Notice] CreateWorkspace successful, Duration 0.00 seconds\nLoadInstrument-[Notice] LoadInstrument started\nLoadInstrument-[Notice] LoadInstrument successful, Duration 0.00 seconds\nSetSample-[Notice] SetSample started\nSetSample-[Notice] SetSample successful, Duration 0.00 seconds\nDeleteWorkspace-[Notice] DeleteWorkspace started\nDeleteWorkspace-[Notice] DeleteWorkspace successful, Duration 0.00 seconds\nMatplotlib is currently using agg, which is a non-GUI backend, so cannot show the figure.\n.CreateSampleWorkspace-[Notice] CreateSampleWorkspace started\nCreateSampleWorkspace-[Notice] CreateSampleWorkspace successful, Duration 0.01 seconds\nLoadSampleShape-[Notice] LoadSampleShape started\nLoadSampleShape-[Notice] LoadSampleShape successful, Duration 0.02 seconds\nDeleteWorkspace-[Notice] DeleteWorkspace started\nDeleteWorkspace-[Notice] DeleteWorkspace successful, Duration 0.00 seconds\nMatplotlib is currently using agg, which is a non-GUI backend, so cannot show the figure.\n..CreateWorkspace-[Notice] CreateWorkspace started\nCreateWorkspace-[Notice] CreateWorkspace successful, Duration 0.00 seconds\nDeleteWorkspace-[Notice] DeleteWorkspace started\nDeleteWorkspace-[Notice] DeleteWorkspace successful, Duration 0.00 seconds\nECreateWorkspace-[Notice] CreateWorkspace started\nCreateWorkspace-[Notice] CreateWorkspace successful, Duration 0.00 seconds\nLoadInstrument-[Notice] LoadInstrument started\nLoadInstrument-[Notice] LoadInstrument successful, Duration 0.00 seconds\nSetSample-[Notice] SetSample started\nSetSample-[Notice] SetSample successful, Duration 0.00 seconds\nDeleteWorkspace-[Notice] DeleteWorkspace started\nDeleteWorkspace-[Notice] DeleteWorkspace successful, Duration 0.00 seconds\nMatplotlib is currently using agg, which is a non-GUI backend, so cannot show the figure.\n.CreateWorkspace-[Notice] CreateWorkspace started\nCreateWorkspace-[Notice] CreateWorkspace successful, Duration 0.07 seconds\nSetSample-[Notice] SetSample started\nSetSample-[Notice] SetSample successful, Duration 0.00 seconds\nInstrument-[Warning] In Instrument::getSource(). No source has been set.\nInstrument-[Warning] In Instrument::getSamplePos(). No SamplePos has been set.\nDeleteWorkspace-[Notice] DeleteWorkspace started\nDeleteWorkspace-[Notice] DeleteWorkspace successful, Duration 0.00 seconds\nMatplotlib is currently using agg, which is a non-GUI backend, so cannot show the figure.\n.CreateWorkspace-[Notice] CreateWorkspace started\nCreateWorkspace-[Notice] CreateWorkspace successful, Duration 0.04 seconds\nSetSample-[Notice] SetSample started\nSetSample-[Notice] SetSample successful, Duration 0.00 seconds\nInstrument-[Warning] In Instrument::getSource(). No source has been set.\nInstrument-[Warning] In Instrument::getSamplePos(). No SamplePos has been set.\nDeleteWorkspace-[Notice] DeleteWorkspace started\nDeleteWorkspace-[Notice] DeleteWorkspace successful, Duration 0.00 seconds\nMatplotlib is currently using agg, which is a non-GUI backend, so cannot show the figure.\n.CreateWorkspace-[Notice] CreateWorkspace started\nCreateWorkspace-[Notice] CreateWorkspace successful, Duration 0.02 seconds\nSetSample-[Notice] SetSample started\nSetSample-[Notice] SetSample successful, Duration 5.60 seconds\nInstrument-[Warning] In Instrument::getSource(). No source has been set.\nInstrument-[Warning] In Instrument::getSamplePos(). No SamplePos has been set.\nDeleteWorkspace-[Notice] DeleteWorkspace started\nDeleteWorkspace-[Notice] DeleteWorkspace successful, Duration 0.00 seconds\nMatplotlib is currently using agg, which is a non-GUI backend, so cannot show the figure.\n.CreateSampleWorkspace-[Notice] CreateSampleWorkspace started\nCreateSampleWorkspace-[Notice] CreateSampleWorkspace successful, Duration 0.01 seconds\nLoadSampleShape-[Notice] LoadSampleShape started\nLoadSampleShape-[Notice] LoadSampleShape successful, Duration 0.02 seconds\nDeleteWorkspace-[Notice] DeleteWorkspace started\nDeleteWorkspace-[Notice] DeleteWorkspace successful, Duration 0.00 seconds\n.\n======================================================================\nERROR: test_sample_and_container_invalid (test_sample_shape.PlotSampleShapeTest)\n----------------------------------------------------------------------\nTraceback (most recent call last):\n  File &quot;/jenkins_workdir/workspace/pull_requests-conda-linux/qt/python/mantidqt/mantidqt/plotting/test/test_sample_shape.py&quot;, line 285, in test_sample_and_container_invalid\n    figure = sample_shape.plot_sample_container_and_components(workspace.name())\n  File &quot;/jenkins_workdir/workspace/pull_requests-conda-linux/qt/python/mantidqt/mantidqt/plotting/sample_shape.py&quot;, line 146, in plot_sample_container_and_components\n    return new_plot.create_plot(workspace_name)\n  File &quot;/jenkins_workdir/workspace/pull_requests-conda-linux/qt/python/mantidqt/mantidqt/plotting/sample_shape.py&quot;, line 53, in create_plot\n    raise Exception(&quot;Workspace must have attached Sample Shape or Environment&quot;)\nException: Workspace must have attached Sample Shape or Environment\n\n----------------------------------------------------------------------\nRan 35 tests in 23.171s\n\nFAILED (errors=1)\n\n          Start 1453: python.plots.UtilityTest.UtilityTest\n"
                                    }
                                ]
                            }
                        },
                        "Timeout": {}
                    }
                }
            }
        },
        "1777": {
            "build_name": "1777",
            "is_completed": true,
            "aggregate": {
                "Tested": 2643,
                "Passed": 2642,
                "Flake": 0,
                "Failed": 1,
                "Timeout": 0
            },
            "ctest_runs": {
                "Linux": {
                    "agent_name": "Linux",
                    "is_not_found": false,
                    "outcome_count": {
                        "Tested": 2643,
                        "Passed": 2642,
                        "Flake": 0,
                        "Failed": 1,
                        "Timeout": 0
                    },
                    "outcome_groups": {
                        "Flake": {},
                        "Failed": {
                            "python.simplescanviewer.RectanglePlotTest.RectanglePlotTest": {
                                "test_name": "python.simplescanviewer.RectanglePlotTest.RectanglePlotTest",
                                "trials": [
                                    {
                                        "trial_num": 1,
                                        "outcome": "Failed",
                                        "test_time": "5.01",
                                        "stack_trace": "FrameworkManager-[Notice] Welcome to Mantid 6.5.20221102.1038\nFrameworkManager-[Notice] Please cite: http://dx.doi.org/10.1016/j.nima.2014.07.029 and this release: http://dx.doi.org/10.5286/Software/Mantid\nQStandardPaths: XDG_RUNTIME_DIR not set, defaulting to &#x27;/tmp/runtime-abc&#x27;\n/jenkins_workdir/workspace/pull_requests-conda-linux/build/bin/site.py:26: DeprecationWarning: the imp module is deprecated in favour of importlib; see the module&#x27;s documentation for alternative uses\n  import imp  # Avoid import loop in Python 3\n/jenkins_workdir/workspace/pull_requests-conda-linux/mambaforge/envs/mantid-developer/lib/python3.8/site-packages/h5py/__init__.py:46: DeprecationWarning: `np.typeDict` is a deprecated alias for `np.sctypeDict`.\n  from ._conv import register_converters as _register_converters\nThe global colormaps dictionary is no longer considered public API.\n..CreateEmptyTableWorkspace-[Notice] CreateEmptyTableWorkspace started\nCreateEmptyTableWorkspace-[Notice] CreateEmptyTableWorkspace successful, Duration 0.00 seconds\n.CreateWorkspace-[Notice] CreateWorkspace started\nCreateWorkspace-[Notice] CreateWorkspace successful, Duration 0.04 seconds\nCreateWorkspace-[Notice] CreateWorkspace started\nCreateWorkspace-[Notice] CreateWorkspace successful, Duration 0.04 seconds\nCreateWorkspace-[Notice] CreateWorkspace started\nCreateWorkspace-[Notice] CreateWorkspace successful, Duration 0.03 seconds\nCreateWorkspace-[Notice] CreateWorkspace started\nCreateWorkspace-[Notice] CreateWorkspace successful, Duration 0.03 seconds\nCreateWorkspace-[Notice] CreateWorkspace started\nCreateWorkspace-[Notice] CreateWorkspace successful, Duration 0.04 seconds\nCreateWorkspace-[Notice] CreateWorkspace started\nCreateWorkspace-[Notice] CreateWorkspace successful, Duration 0.02 seconds\nCreateWorkspace-[Notice] CreateWorkspace started\nCreateWorkspace-[Notice] CreateWorkspace successful, Duration 0.03 seconds\nCreateWorkspace-[Notice] CreateWorkspace started\nCreateWorkspace-[Notice] CreateWorkspace successful, Duration 0.03 seconds\n...Traceback (most recent call last):\n  File &quot;/jenkins_workdir/workspace/pull_requests-conda-linux/qt/python/mantidqtinterfaces/mantidqtinterfaces/simplescanviewer/rectangle_plot.py&quot;, line 261, in _on_controller_updated\n    self._update_plot_values()\n  File &quot;/jenkins_workdir/workspace/pull_requests-conda-linux/qt/python/mantidqtinterfaces/mantidqtinterfaces/simplescanviewer/rectangle_plot.py&quot;, line 274, in _update_plot_values\n    (x_line_x_axis, x_line_y_values), (y_line_x_axis, y_line_y_values) = self._compute_plot_axes()\n  File &quot;/jenkins_workdir/workspace/pull_requests-conda-linux/qt/python/mantidqtinterfaces/mantidqtinterfaces/simplescanviewer/rectangle_plot.py&quot;, line 288, in _compute_plot_axes\n    xmin, xmax, ymin, ymax = self.plotter.image.get_extent()\nValueError: not enough values to unpack (expected 4, got 0)\nSubprocess aborted\n\n          Start 2294: python.simplescanviewer.RectanglePlotTest.RectanglePlotTest\n"
                                    },
                                    {
                                        "trial_num": 2,
                                        "outcome": "Failed",
                                        "test_time": "6.16",
                                        "stack_trace": "FrameworkManager-[Notice] Welcome to Mantid 6.5.20221102.1038\nFrameworkManager-[Notice] Please cite: http://dx.doi.org/10.1016/j.nima.2014.07.029 and this release: http://dx.doi.org/10.5286/Software/Mantid\nQStandardPaths: XDG_RUNTIME_DIR not set, defaulting to &#x27;/tmp/runtime-abc&#x27;\n/jenkins_workdir/workspace/pull_requests-conda-linux/build/bin/site.py:26: DeprecationWarning: the imp module is deprecated in favour of importlib; see the module&#x27;s documentation for alternative uses\n  import imp  # Avoid import loop in Python 3\n/jenkins_workdir/workspace/pull_requests-conda-linux/mambaforge/envs/mantid-developer/lib/python3.8/site-packages/h5py/__init__.py:46: DeprecationWarning: `np.typeDict` is a deprecated alias for `np.sctypeDict`.\n  from ._conv import register_converters as _register_converters\nThe global colormaps dictionary is no longer considered public API.\n..CreateEmptyTableWorkspace-[Notice] CreateEmptyTableWorkspace started\nCreateEmptyTableWorkspace-[Notice] CreateEmptyTableWorkspace successful, Duration 0.00 seconds\n.CreateWorkspace-[Notice] CreateWorkspace started\nCreateWorkspace-[Notice] CreateWorkspace successful, Duration 0.04 seconds\nCreateWorkspace-[Notice] CreateWorkspace started\nCreateWorkspace-[Notice] CreateWorkspace successful, Duration 0.03 seconds\nCreateWorkspace-[Notice] CreateWorkspace started\nCreateWorkspace-[Notice] CreateWorkspace successful, Duration 0.03 seconds\nCreateWorkspace-[Notice] CreateWorkspace started\nCreateWorkspace-[Notice] CreateWorkspace successful, Duration 0.03 seconds\nCreateWorkspace-[Notice] CreateWorkspace started\nCreateWorkspace-[Notice] CreateWorkspace successful, Duration 0.02 seconds\nCreateWorkspace-[Notice] CreateWorkspace started\nCreateWorkspace-[Notice] CreateWorkspace successful, Duration 0.02 seconds\nCreateWorkspace-[Notice] CreateWorkspace started\nCreateWorkspace-[Notice] CreateWorkspace successful, Duration 0.02 seconds\nCreateWorkspace-[Notice] CreateWorkspace started\nCreateWorkspace-[Notice] CreateWorkspace successful, Duration 0.04 seconds\n...Traceback (most recent call last):\n  File &quot;/jenkins_workdir/workspace/pull_requests-conda-linux/qt/python/mantidqtinterfaces/mantidqtinterfaces/simplescanviewer/rectangle_plot.py&quot;, line 261, in _on_controller_updated\n    self._update_plot_values()\n  File &quot;/jenkins_workdir/workspace/pull_requests-conda-linux/qt/python/mantidqtinterfaces/mantidqtinterfaces/simplescanviewer/rectangle_plot.py&quot;, line 274, in _update_plot_values\n    (x_line_x_axis, x_line_y_values), (y_line_x_axis, y_line_y_values) = self._compute_plot_axes()\n  File &quot;/jenkins_workdir/workspace/pull_requests-conda-linux/qt/python/mantidqtinterfaces/mantidqtinterfaces/simplescanviewer/rectangle_plot.py&quot;, line 288, in _compute_plot_axes\n    xmin, xmax, ymin, ymax = self.plotter.image.get_extent()\nValueError: not enough values to unpack (expected 4, got 0)\nSubprocess aborted\n\n          Start 2294: python.simplescanviewer.RectanglePlotTest.RectanglePlotTest\n"
                                    },
                                    {
                                        "trial_num": 3,
                                        "outcome": "Failed",
                                        "test_time": "7.58",
                                        "stack_trace": "FrameworkManager-[Notice] Welcome to Mantid 6.5.20221102.1038\nFrameworkManager-[Notice] Please cite: http://dx.doi.org/10.1016/j.nima.2014.07.029 and this release: http://dx.doi.org/10.5286/Software/Mantid\nQStandardPaths: XDG_RUNTIME_DIR not set, defaulting to &#x27;/tmp/runtime-abc&#x27;\n/jenkins_workdir/workspace/pull_requests-conda-linux/build/bin/site.py:26: DeprecationWarning: the imp module is deprecated in favour of importlib; see the module&#x27;s documentation for alternative uses\n  import imp  # Avoid import loop in Python 3\n/jenkins_workdir/workspace/pull_requests-conda-linux/mambaforge/envs/mantid-developer/lib/python3.8/site-packages/h5py/__init__.py:46: DeprecationWarning: `np.typeDict` is a deprecated alias for `np.sctypeDict`.\n  from ._conv import register_converters as _register_converters\nThe global colormaps dictionary is no longer considered public API.\n..CreateEmptyTableWorkspace-[Notice] CreateEmptyTableWorkspace started\nCreateEmptyTableWorkspace-[Notice] CreateEmptyTableWorkspace successful, Duration 0.00 seconds\n.CreateWorkspace-[Notice] CreateWorkspace started\nCreateWorkspace-[Notice] CreateWorkspace successful, Duration 0.05 seconds\nCreateWorkspace-[Notice] CreateWorkspace started\nCreateWorkspace-[Notice] CreateWorkspace successful, Duration 0.02 seconds\nCreateWorkspace-[Notice] CreateWorkspace started\nCreateWorkspace-[Notice] CreateWorkspace successful, Duration 0.04 seconds\nCreateWorkspace-[Notice] CreateWorkspace started\nCreateWorkspace-[Notice] CreateWorkspace successful, Duration 0.03 seconds\nCreateWorkspace-[Notice] CreateWorkspace started\nCreateWorkspace-[Notice] CreateWorkspace successful, Duration 0.02 seconds\nCreateWorkspace-[Notice] CreateWorkspace started\nCreateWorkspace-[Notice] CreateWorkspace successful, Duration 0.02 seconds\nCreateWorkspace-[Notice] CreateWorkspace started\nCreateWorkspace-[Notice] CreateWorkspace successful, Duration 0.03 seconds\nCreateWorkspace-[Notice] CreateWorkspace started\nCreateWorkspace-[Notice] CreateWorkspace successful, Duration 0.02 seconds\n...Traceback (most recent call last):\n  File &quot;/jenkins_workdir/workspace/pull_requests-conda-linux/qt/python/mantidqtinterfaces/mantidqtinterfaces/simplescanviewer/rectangle_plot.py&quot;, line 261, in _on_controller_updated\n    self._update_plot_values()\n  File &quot;/jenkins_workdir/workspace/pull_requests-conda-linux/qt/python/mantidqtinterfaces/mantidqtinterfaces/simplescanviewer/rectangle_plot.py&quot;, line 274, in _update_plot_values\n    (x_line_x_axis, x_line_y_values), (y_line_x_axis, y_line_y_values) = self._compute_plot_axes()\n  File &quot;/jenkins_workdir/workspace/pull_requests-conda-linux/qt/python/mantidqtinterfaces/mantidqtinterfaces/simplescanviewer/rectangle_plot.py&quot;, line 288, in _compute_plot_axes\n    xmin, xmax, ymin, ymax = self.plotter.image.get_extent()\nValueError: not enough values to unpack (expected 4, got 0)\nSubprocess aborted\n\n          Start 1990: mantidqt_qt5.test_errorreport_presenter.test_errorreport_presenter\n"
                                    }
                                ]
                            }
                        },
                        "Timeout": {}
                    }
                }
            }
        },
        "1778": {
            "build_name": "1778",
            "is_completed": true,
            "aggregate": {
                "Tested": 2643,
                "Passed": 2642,
                "Flake": 0,
                "Failed": 1,
                "Timeout": 0
            },
            "ctest_runs": {
                "Linux": {
                    "agent_name": "Linux",
                    "is_not_found": false,
                    "outcome_count": {
                        "Tested": 2643,
                        "Passed": 2642,
                        "Flake": 0,
                        "Failed": 1,
                        "Timeout": 0
                    },
                    "outcome_groups": {
                        "Flake": {},
                        "Failed": {
                            "python.simplescanviewer.RectanglePlotTest.RectanglePlotTest": {
                                "test_name": "python.simplescanviewer.RectanglePlotTest.RectanglePlotTest",
                                "trials": [
                                    {
                                        "trial_num": 1,
                                        "outcome": "Failed",
                                        "test_time": "6.74",
                                        "stack_trace": "FrameworkManager-[Notice] Welcome to Mantid 6.5.20221102.1142\nFrameworkManager-[Notice] Please cite: http://dx.doi.org/10.1016/j.nima.2014.07.029 and this release: http://dx.doi.org/10.5286/Software/Mantid\nQStandardPaths: XDG_RUNTIME_DIR not set, defaulting to &#x27;/tmp/runtime-abc&#x27;\n/jenkins_workdir/workspace/pull_requests-conda-linux/build/bin/site.py:26: DeprecationWarning: the imp module is deprecated in favour of importlib; see the module&#x27;s documentation for alternative uses\n  import imp  # Avoid import loop in Python 3\n/jenkins_workdir/workspace/pull_requests-conda-linux/mambaforge/envs/mantid-developer/lib/python3.8/site-packages/h5py/__init__.py:46: DeprecationWarning: `np.typeDict` is a deprecated alias for `np.sctypeDict`.\n  from ._conv import register_converters as _register_converters\nThe global colormaps dictionary is no longer considered public API.\n..CreateEmptyTableWorkspace-[Notice] CreateEmptyTableWorkspace started\nCreateEmptyTableWorkspace-[Notice] CreateEmptyTableWorkspace successful, Duration 0.01 seconds\n.CreateWorkspace-[Notice] CreateWorkspace started\nCreateWorkspace-[Notice] CreateWorkspace successful, Duration 0.05 seconds\nCreateWorkspace-[Notice] CreateWorkspace started\nCreateWorkspace-[Notice] CreateWorkspace successful, Duration 0.02 seconds\nCreateWorkspace-[Notice] CreateWorkspace started\nCreateWorkspace-[Notice] CreateWorkspace successful, Duration 0.03 seconds\nCreateWorkspace-[Notice] CreateWorkspace started\nCreateWorkspace-[Notice] CreateWorkspace successful, Duration 0.03 seconds\nCreateWorkspace-[Notice] CreateWorkspace started\nCreateWorkspace-[Notice] CreateWorkspace successful, Duration 0.03 seconds\nCreateWorkspace-[Notice] CreateWorkspace started\nCreateWorkspace-[Notice] CreateWorkspace successful, Duration 0.04 seconds\nCreateWorkspace-[Notice] CreateWorkspace started\nCreateWorkspace-[Notice] CreateWorkspace successful, Duration 0.03 seconds\nCreateWorkspace-[Notice] CreateWorkspace started\nCreateWorkspace-[Notice] CreateWorkspace successful, Duration 0.03 seconds\n...Traceback (most recent call last):\n  File &quot;/jenkins_workdir/workspace/pull_requests-conda-linux/qt/python/mantidqtinterfaces/mantidqtinterfaces/simplescanviewer/rectangle_plot.py&quot;, line 261, in _on_controller_updated\n    self._update_plot_values()\n  File &quot;/jenkins_workdir/workspace/pull_requests-conda-linux/qt/python/mantidqtinterfaces/mantidqtinterfaces/simplescanviewer/rectangle_plot.py&quot;, line 274, in _update_plot_values\n    (x_line_x_axis, x_line_y_values), (y_line_x_axis, y_line_y_values) = self._compute_plot_axes()\n  File &quot;/jenkins_workdir/workspace/pull_requests-conda-linux/qt/python/mantidqtinterfaces/mantidqtinterfaces/simplescanviewer/rectangle_plot.py&quot;, line 288, in _compute_plot_axes\n    xmin, xmax, ymin, ymax = self.plotter.image.get_extent()\nValueError: not enough values to unpack (expected 4, got 0)\nSubprocess aborted\n\n          Start 2294: python.simplescanviewer.RectanglePlotTest.RectanglePlotTest\n"
                                    },
                                    {
                                        "trial_num": 2,
                                        "outcome": "Failed",
                                        "test_time": "9.79",
                                        "stack_trace": "FrameworkManager-[Notice] Welcome to Mantid 6.5.20221102.1142\nFrameworkManager-[Notice] Please cite: http://dx.doi.org/10.1016/j.nima.2014.07.029 and this release: http://dx.doi.org/10.5286/Software/Mantid\nQStandardPaths: XDG_RUNTIME_DIR not set, defaulting to &#x27;/tmp/runtime-abc&#x27;\n/jenkins_workdir/workspace/pull_requests-conda-linux/build/bin/site.py:26: DeprecationWarning: the imp module is deprecated in favour of importlib; see the module&#x27;s documentation for alternative uses\n  import imp  # Avoid import loop in Python 3\n/jenkins_workdir/workspace/pull_requests-conda-linux/mambaforge/envs/mantid-developer/lib/python3.8/site-packages/h5py/__init__.py:46: DeprecationWarning: `np.typeDict` is a deprecated alias for `np.sctypeDict`.\n  from ._conv import register_converters as _register_converters\nThe global colormaps dictionary is no longer considered public API.\n..CreateEmptyTableWorkspace-[Notice] CreateEmptyTableWorkspace started\nCreateEmptyTableWorkspace-[Notice] CreateEmptyTableWorkspace successful, Duration 0.00 seconds\n.CreateWorkspace-[Notice] CreateWorkspace started\nCreateWorkspace-[Notice] CreateWorkspace successful, Duration 0.08 seconds\nCreateWorkspace-[Notice] CreateWorkspace started\nCreateWorkspace-[Notice] CreateWorkspace successful, Duration 0.07 seconds\nCreateWorkspace-[Notice] CreateWorkspace started\nCreateWorkspace-[Notice] CreateWorkspace successful, Duration 0.06 seconds\nCreateWorkspace-[Notice] CreateWorkspace started\nCreateWorkspace-[Notice] CreateWorkspace successful, Duration 0.04 seconds\nCreateWorkspace-[Notice] CreateWorkspace started\nCreateWorkspace-[Notice] CreateWorkspace successful, Duration 0.04 seconds\nCreateWorkspace-[Notice] CreateWorkspace started\nCreateWorkspace-[Notice] CreateWorkspace successful, Duration 0.05 seconds\nCreateWorkspace-[Notice] CreateWorkspace started\nCreateWorkspace-[Notice] CreateWorkspace successful, Duration 0.05 seconds\nCreateWorkspace-[Notice] CreateWorkspace started\nCreateWorkspace-[Notice] CreateWorkspace successful, Duration 0.04 seconds\n...Traceback (most recent call last):\n  File &quot;/jenkins_workdir/workspace/pull_requests-conda-linux/qt/python/mantidqtinterfaces/mantidqtinterfaces/simplescanviewer/rectangle_plot.py&quot;, line 261, in _on_controller_updated\n    self._update_plot_values()\n  File &quot;/jenkins_workdir/workspace/pull_requests-conda-linux/qt/python/mantidqtinterfaces/mantidqtinterfaces/simplescanviewer/rectangle_plot.py&quot;, line 274, in _update_plot_values\n    (x_line_x_axis, x_line_y_values), (y_line_x_axis, y_line_y_values) = self._compute_plot_axes()\n  File &quot;/jenkins_workdir/workspace/pull_requests-conda-linux/qt/python/mantidqtinterfaces/mantidqtinterfaces/simplescanviewer/rectangle_plot.py&quot;, line 288, in _compute_plot_axes\n    xmin, xmax, ymin, ymax = self.plotter.image.get_extent()\nValueError: not enough values to unpack (expected 4, got 0)\nSubprocess aborted\n\n          Start 2294: python.simplescanviewer.RectanglePlotTest.RectanglePlotTest\n"
                                    },
                                    {
                                        "trial_num": 3,
                                        "outcome": "Failed",
                                        "test_time": "9.06",
                                        "stack_trace": "FrameworkManager-[Notice] Welcome to Mantid 6.5.20221102.1142\nFrameworkManager-[Notice] Please cite: http://dx.doi.org/10.1016/j.nima.2014.07.029 and this release: http://dx.doi.org/10.5286/Software/Mantid\nQStandardPaths: XDG_RUNTIME_DIR not set, defaulting to &#x27;/tmp/runtime-abc&#x27;\n/jenkins_workdir/workspace/pull_requests-conda-linux/build/bin/site.py:26: DeprecationWarning: the imp module is deprecated in favour of importlib; see the module&#x27;s documentation for alternative uses\n  import imp  # Avoid import loop in Python 3\n/jenkins_workdir/workspace/pull_requests-conda-linux/mambaforge/envs/mantid-developer/lib/python3.8/site-packages/h5py/__init__.py:46: DeprecationWarning: `np.typeDict` is a deprecated alias for `np.sctypeDict`.\n  from ._conv import register_converters as _register_converters\nThe global colormaps dictionary is no longer considered public API.\n..CreateEmptyTableWorkspace-[Notice] CreateEmptyTableWorkspace started\nCreateEmptyTableWorkspace-[Notice] CreateEmptyTableWorkspace successful, Duration 0.02 seconds\n.CreateWorkspace-[Notice] CreateWorkspace started\nCreateWorkspace-[Notice] CreateWorkspace successful, Duration 0.07 seconds\nCreateWorkspace-[Notice] CreateWorkspace started\nCreateWorkspace-[Notice] CreateWorkspace successful, Duration 0.04 seconds\nCreateWorkspace-[Notice] CreateWorkspace started\nCreateWorkspace-[Notice] CreateWorkspace successful, Duration 0.05 seconds\nCreateWorkspace-[Notice] CreateWorkspace started\nCreateWorkspace-[Notice] CreateWorkspace successful, Duration 0.04 seconds\nCreateWorkspace-[Notice] CreateWorkspace started\nCreateWorkspace-[Notice] CreateWorkspace successful, Duration 0.05 seconds\nCreateWorkspace-[Notice] CreateWorkspace started\nCreateWorkspace-[Notice] CreateWorkspace successful, Duration 0.03 seconds\nCreateWorkspace-[Notice] CreateWorkspace started\nCreateWorkspace-[Notice] CreateWorkspace successful, Duration 0.04 seconds\nCreateWorkspace-[Notice] CreateWorkspace started\nCreateWorkspace-[Notice] CreateWorkspace successful, Duration 0.04 seconds\n...Traceback (most recent call last):\n  File &quot;/jenkins_workdir/workspace/pull_requests-conda-linux/qt/python/mantidqtinterfaces/mantidqtinterfaces/simplescanviewer/rectangle_plot.py&quot;, line 261, in _on_controller_updated\n    self._update_plot_values()\n  File &quot;/jenkins_workdir/workspace/pull_requests-conda-linux/qt/python/mantidqtinterfaces/mantidqtinterfaces/simplescanviewer/rectangle_plot.py&quot;, line 274, in _update_plot_values\n    (x_line_x_axis, x_line_y_values), (y_line_x_axis, y_line_y_values) = self._compute_plot_axes()\n  File &quot;/jenkins_workdir/workspace/pull_requests-conda-linux/qt/python/mantidqtinterfaces/mantidqtinterfaces/simplescanviewer/rectangle_plot.py&quot;, line 288, in _compute_plot_axes\n    xmin, xmax, ymin, ymax = self.plotter.image.get_extent()\nValueError: not enough values to unpack (expected 4, got 0)\nSubprocess aborted\n\n          Start  606: CrystalTest_CompositeClusterTest\n"
                                    }
                                ]
                            }
                        },
                        "Timeout": {}
                    }
                }
            }
        },
        "1779": {
            "build_name": "1779",
            "is_completed": true,
            "aggregate": {
                "Tested": 2638,
                "Passed": 2638,
                "Flake": 0,
                "Failed": 0,
                "Timeout": 0
            },
            "ctest_runs": {
                "Linux": {
                    "agent_name": "Linux",
                    "is_not_found": false,
                    "outcome_count": {
                        "Tested": 2638,
                        "Passed": 2638,
                        "Flake": 0,
                        "Failed": 0,
                        "Timeout": 0
                    },
                    "outcome_groups": {
                        "Flake": {},
                        "Failed": {},
                        "Timeout": {}
                    }
                }
            }
        },
        "1780": {
            "build_name": "1780",
            "is_completed": true,
            "aggregate": {
                "Tested": 2643,
                "Passed": 2643,
                "Flake": 0,
                "Failed": 0,
                "Timeout": 0
            },
            "ctest_runs": {
                "Linux": {
                    "agent_name": "Linux",
                    "is_not_found": false,
                    "outcome_count": {
                        "Tested": 2643,
                        "Passed": 2643,
                        "Flake": 0,
                        "Failed": 0,
                        "Timeout": 0
                    },
                    "outcome_groups": {
                        "Flake": {},
                        "Failed": {},
                        "Timeout": {}
                    }
                }
            }
        },
        "1781": {
            "build_name": "1781",
            "is_completed": false,
            "aggregate": {
                "Tested": null,
                "Passed": null,
                "Flake": null,
                "Failed": null,
                "Timeout": null
            },
            "ctest_runs": {
                "Linux": {
                    "agent_name": "Linux",
                    "is_not_found": true,
                    "outcome_count": {
                        "Tested": null,
                        "Passed": null,
                        "Flake": null,
                        "Failed": null,
                        "Timeout": null
                    },
                    "outcome_groups": {}
                }
            }
        },
        "1782": {
            "build_name": "1782",
            "is_completed": true,
            "aggregate": {
                "Tested": 2640,
                "Passed": 2640,
                "Flake": 0,
                "Failed": 0,
                "Timeout": 0
            },
            "ctest_runs": {
                "Linux": {
                    "agent_name": "Linux",
                    "is_not_found": false,
                    "outcome_count": {
                        "Tested": 2640,
                        "Passed": 2640,
                        "Flake": 0,
                        "Failed": 0,
                        "Timeout": 0
                    },
                    "outcome_groups": {
                        "Flake": {},
                        "Failed": {},
                        "Timeout": {}
                    }
                }
            }
        },
        "1783": {
            "build_name": "1783",
            "is_completed": true,
            "aggregate": {
                "Tested": 2639,
                "Passed": 2639,
                "Flake": 0,
                "Failed": 0,
                "Timeout": 0
            },
            "ctest_runs": {
                "Linux": {
                    "agent_name": "Linux",
                    "is_not_found": false,
                    "outcome_count": {
                        "Tested": 2639,
                        "Passed": 2639,
                        "Flake": 0,
                        "Failed": 0,
                        "Timeout": 0
                    },
                    "outcome_groups": {
                        "Flake": {},
                        "Failed": {},
                        "Timeout": {}
                    }
                }
            }
        },
        "1784": {
            "build_name": "1784",
            "is_completed": true,
            "aggregate": {
                "Tested": 2639,
                "Passed": 2637,
                "Flake": 1,
                "Failed": 1,
                "Timeout": 0
            },
            "ctest_runs": {
                "Linux": {
                    "agent_name": "Linux",
                    "is_not_found": false,
                    "outcome_count": {
                        "Tested": 2639,
                        "Passed": 2637,
                        "Flake": 1,
                        "Failed": 1,
                        "Timeout": 0
                    },
                    "outcome_groups": {
                        "Flake": {
                            "mantidqt_qt5.test_interpreter.test_interpreter": {
                                "test_name": "mantidqt_qt5.test_interpreter.test_interpreter",
                                "trials": [
                                    {
                                        "trial_num": 1,
                                        "outcome": "Timeout",
                                        "test_time": "1200.03",
                                        "stack_trace": "QStandardPaths: XDG_RUNTIME_DIR not set, defaulting to &#x27;/tmp/runtime-abc&#x27;\nlibEGL warning: DRI2: failed to open swrast (search paths /usr/lib64/dri)\nlibEGL warning: DRI2: failed to open swrast (search paths /usr/lib64/dri)\nlibEGL warning: DRI2: failed to open swrast (search paths /usr/lib64/dri)\nlibEGL warning: DRI2: failed to open swrast (search paths /usr/lib64/dri)\nQXcbIntegration: Cannot create platform OpenGL context, neither GLX nor EGL are enabled\n.........\n----------------------------------------------------------------------\nRan 9 tests in 0.128s\n\nOK\nthis is a string\nthis is a string\n\n          Start 2034: mantidqt_qt5.test_interpreter.test_interpreter\n"
                                    },
                                    {
                                        "trial_num": 2,
                                        "outcome": "Passed",
                                        "test_time": "0.57",
                                        "stack_trace": ""
                                    }
                                ]
                            }
                        },
                        "Failed": {
                            "python.algorithms.IntegratePeaksSkewTest.IntegratePeaksSkewTest": {
                                "test_name": "python.algorithms.IntegratePeaksSkewTest.IntegratePeaksSkewTest",
                                "trials": [
                                    {
                                        "trial_num": 1,
                                        "outcome": "Failed",
                                        "test_time": "25.43",
                                        "stack_trace": "FrameworkManager-[Notice] Welcome to Mantid 6.5.20221102.1717\nFrameworkManager-[Notice] Please cite: http://dx.doi.org/10.1016/j.nima.2014.07.029 and this release: http://dx.doi.org/10.5286/Software/Mantid\nCreatePeaksWorkspace-[Notice] CreatePeaksWorkspace started\nCreatePeaksWorkspace-[Notice] CreatePeaksWorkspace successful, Duration 0.00 seconds\nAddPeak-[Notice] AddPeak started\nAddPeak-[Notice] AddPeak successful, Duration 0.00 seconds\nAddPeak-[Notice] AddPeak started\nAddPeak-[Notice] AddPeak successful, Duration 0.00 seconds\nAddPeak-[Notice] AddPeak started\nAddPeak-[Notice] AddPeak successful, Duration 0.00 seconds\nLoadEmptyInstrument-[Notice] LoadEmptyInstrument started\nInstrumentDefinitionParser-[Notice] Geometry cache is not available\nInstrumentDefinitionParser-[Notice] Creating cache in /home/abc/.mantid/instrument/geometryCache/WISH36359b3519839e7e2bc5b2064da2dd0486110eff.vtp\nLoadEmptyInstrument-[Notice] LoadEmptyInstrument successful, Duration 10.76 seconds\nCreatePeaksWorkspace-[Notice] CreatePeaksWorkspace started\nCreatePeaksWorkspace-[Notice] CreatePeaksWorkspace successful, Duration 0.00 seconds\nAddPeak-[Notice] AddPeak started\nAddPeak-[Notice] AddPeak successful, Duration 0.00 seconds\nAddPeak-[Notice] AddPeak started\nAddPeak-[Notice] AddPeak successful, Duration 0.00 seconds\nAddPeak-[Notice] AddPeak started\nAddPeak-[Notice] AddPeak successful, Duration 0.00 seconds\nAddPeak-[Notice] AddPeak started\nAddPeak-[Notice] AddPeak successful, Duration 0.00 seconds\nAddPeak-[Notice] AddPeak started\nAddPeak-[Notice] AddPeak successful, Duration 0.00 seconds\n..IntegratePeaksSkew-[Notice] IntegratePeaksSkew started\nIntegratePeaksSkew-[Notice] IntegratePeaksSkew successful, Duration 0.04 seconds\nPrecision loss occurred in moment calculation due to catastrophic cancellation. This occurs when the data are nearly identical. Results may be unreliable.\nPrecision loss occurred in moment calculation due to catastrophic cancellation. This occurs when the data are nearly identical. Results may be unreliable.\n.IntegratePeaksSkew-[Notice] IntegratePeaksSkew started\nIntegratePeaksSkew-[Notice] IntegratePeaksSkew successful, Duration 0.03 seconds\n.IntegratePeaksSkew-[Notice] IntegratePeaksSkew started\nIntegratePeaksSkew-[Error] Error in execution of algorithm IntegratePeaksSkew:\nIntegratePeaksSkew-[Error] local variable &#x27;dTOF&#x27; referenced before assignment\nIntegratePeaksSkew-[Error]   at line 793 in &#x27;/jenkins_workdir/workspace/pull_requests-conda-linux/Framework/PythonInterface/plugins/algorithms/IntegratePeaksSkew.py&#x27;\nEIntegratePeaksSkew-[Notice] IntegratePeaksSkew started\nIntegratePeaksSkew-[Notice] IntegratePeaksSkew successful, Duration 0.03 seconds\nIntegratePeaksSkew-[Notice] IntegratePeaksSkew started\nIntegratePeaksSkew-[Notice] IntegratePeaksSkew successful, Duration 0.02 seconds\n.IntegratePeaksSkew-[Notice] IntegratePeaksSkew started\nPython-[Notice] Estimated resolution parameters:\nBackscatteringTOFResolution = 0.9999999999999979\nThetaWidth = 1.4864226597308577e-07\nIntegratePeaksSkew-[Notice] IntegratePeaksSkew successful, Duration 0.02 seconds\n.IntegratePeaksSkew-[Notice] IntegratePeaksSkew started\nPython-[Warning] Resolution parameters could not be estimated - the provided TOF window parameters arelikely to be suboptimal (probably the resulting window is too large). Please inspect the results (if an OutputFile has been specified the optimal TOF windows found will be plotted on the last page.\nIntegratePeaksSkew-[Notice] IntegratePeaksSkew successful, Duration 0.03 seconds\n.IntegratePeaksSkew-[Notice] IntegratePeaksSkew started\nIntegratePeaksSkew-[Notice] IntegratePeaksSkew successful, Duration 0.01 seconds\nIntegratePeaksSkew-[Notice] IntegratePeaksSkew started\nPython-[Notice] Estimated resolution parameters:\nBackscatteringTOFResolution = 0.9999999999999979\nThetaWidth = 1.4864226597308577e-07\nIntegratePeaksSkew-[Notice] IntegratePeaksSkew successful, Duration 0.01 seconds\n.IntegratePeaksSkew-[Notice] IntegratePeaksSkew started\nIntegratePeaksSkew-[Notice] IntegratePeaksSkew successful, Duration 0.04 seconds\n...IntegratePeaksSkew-[Notice] IntegratePeaksSkew started\nIntegratePeaksSkew-[Notice] IntegratePeaksSkew successful, Duration 0.01 seconds\nIntegratePeaksSkew-[Notice] IntegratePeaksSkew started\nIntegratePeaksSkew-[Notice] IntegratePeaksSkew successful, Duration 0.02 seconds\n.IntegratePeaksSkew-[Notice] IntegratePeaksSkew started\nIntegratePeaksSkew-[Notice] IntegratePeaksSkew successful, Duration 0.02 seconds\nIntegratePeaksSkew-[Notice] IntegratePeaksSkew started\nIntegratePeaksSkew-[Notice] IntegratePeaksSkew successful, Duration 0.02 seconds\n.CloneWorkspace-[Notice] CloneWorkspace started\nCloneWorkspace-[Notice] CloneWorkspace successful, Duration 0.00 seconds\nIntegratePeaksSkew-[Notice] IntegratePeaksSkew started\nIntegratePeaksSkew-[Notice] IntegratePeaksSkew successful, Duration 0.01 seconds\nIntegratePeaksSkew-[Notice] IntegratePeaksSkew started\nIntegratePeaksSkew-[Notice] IntegratePeaksSkew successful, Duration 0.02 seconds\nIntegratePeaksSkew-[Notice] IntegratePeaksSkew started\nIntegratePeaksSkew-[Notice] IntegratePeaksSkew successful, Duration 0.02 seconds\n.IntegratePeaksSkew-[Notice] IntegratePeaksSkew started\nIntegratePeaksSkew-[Notice] IntegratePeaksSkew successful, Duration 0.02 seconds\n.IntegratePeaksSkew-[Notice] IntegratePeaksSkew started\nQStandardPaths: XDG_RUNTIME_DIR not set, defaulting to &#x27;/tmp/runtime-abc&#x27;\nIntegratePeaksSkew-[Notice] IntegratePeaksSkew successful, Duration 3.19 seconds\nStarting from Matplotlib 3.6, colorbar() will steal space from the mappable&#x27;s axes, rather than from the current axes, to place the colorbar.  To silence this warning, explicitly pass the &#x27;ax&#x27; argument to colorbar().\n.\n======================================================================\nERROR: test_integrate_use_nearest_peak_false_update_peak_position_false_with_back_to_back_params (IntegratePeaksSkewTest.IntegratePeaksSkewTest)\n----------------------------------------------------------------------\nTraceback (most recent call last):\n  File &quot;/jenkins_workdir/workspace/pull_requests-conda-linux/Framework/PythonInterface/mantid/simpleapi.py&quot;, line 1058, in __call__\n    algm.execute()\nRuntimeError: local variable &#x27;dTOF&#x27; referenced before assignment\n  at line 793 in &#x27;/jenkins_workdir/workspace/pull_requests-conda-linux/Framework/PythonInterface/plugins/algorithms/IntegratePeaksSkew.py&#x27;\n\nThe above exception was the direct cause of the following exception:\n\nTraceback (most recent call last):\n  File &quot;/jenkins_workdir/workspace/pull_requests-conda-linux/Framework/PythonInterface/test/python/plugins/algorithms/IntegratePeaksSkewTest.py&quot;, line 95, in test_integrate_use_nearest_peak_false_update_peak_position_false_with_back_to_back_params\n    out = IntegratePeaksSkew(InputWorkspace=self.ws, PeaksWorkspace=self.peaks,\n  File &quot;/jenkins_workdir/workspace/pull_requests-conda-linux/Framework/PythonInterface/mantid/simpleapi.py&quot;, line 1065, in __call__\n    raise RuntimeError(msg) from e\nRuntimeError: IntegratePeaksSkew-v1: local variable &#x27;dTOF&#x27; referenced before assignment\n  at line 793 in &#x27;/jenkins_workdir/workspace/pull_requests-conda-linux/Framework/PythonInterface/plugins/algorithms/IntegratePeaksSkew.py&#x27;\n\n----------------------------------------------------------------------\nRan 17 tests in 21.307s\n\nFAILED (errors=1)\n\n          Start 1530: python.algorithms.IntegratePeaksSkewTest.IntegratePeaksSkewTest\n"
                                    },
                                    {
                                        "trial_num": 2,
                                        "outcome": "Failed",
                                        "test_time": "27.13",
                                        "stack_trace": "FrameworkManager-[Notice] Welcome to Mantid 6.5.20221102.1717\nFrameworkManager-[Notice] Please cite: http://dx.doi.org/10.1016/j.nima.2014.07.029 and this release: http://dx.doi.org/10.5286/Software/Mantid\nCreatePeaksWorkspace-[Notice] CreatePeaksWorkspace started\nCreatePeaksWorkspace-[Notice] CreatePeaksWorkspace successful, Duration 0.00 seconds\nAddPeak-[Notice] AddPeak started\nAddPeak-[Notice] AddPeak successful, Duration 0.00 seconds\nAddPeak-[Notice] AddPeak started\nAddPeak-[Notice] AddPeak successful, Duration 0.00 seconds\nAddPeak-[Notice] AddPeak started\nAddPeak-[Notice] AddPeak successful, Duration 0.00 seconds\nLoadEmptyInstrument-[Notice] LoadEmptyInstrument started\nLoadEmptyInstrument-[Notice] LoadEmptyInstrument successful, Duration 12.03 seconds\nCreatePeaksWorkspace-[Notice] CreatePeaksWorkspace started\nCreatePeaksWorkspace-[Notice] CreatePeaksWorkspace successful, Duration 0.00 seconds\nAddPeak-[Notice] AddPeak started\nAddPeak-[Notice] AddPeak successful, Duration 0.00 seconds\nAddPeak-[Notice] AddPeak started\nAddPeak-[Notice] AddPeak successful, Duration 0.00 seconds\nAddPeak-[Notice] AddPeak started\nAddPeak-[Notice] AddPeak successful, Duration 0.00 seconds\nAddPeak-[Notice] AddPeak started\nAddPeak-[Notice] AddPeak successful, Duration 0.00 seconds\nAddPeak-[Notice] AddPeak started\nAddPeak-[Notice] AddPeak successful, Duration 0.00 seconds\n..IntegratePeaksSkew-[Notice] IntegratePeaksSkew started\nIntegratePeaksSkew-[Notice] IntegratePeaksSkew successful, Duration 0.02 seconds\nPrecision loss occurred in moment calculation due to catastrophic cancellation. This occurs when the data are nearly identical. Results may be unreliable.\nPrecision loss occurred in moment calculation due to catastrophic cancellation. This occurs when the data are nearly identical. Results may be unreliable.\n.IntegratePeaksSkew-[Notice] IntegratePeaksSkew started\nIntegratePeaksSkew-[Notice] IntegratePeaksSkew successful, Duration 0.03 seconds\n.IntegratePeaksSkew-[Notice] IntegratePeaksSkew started\nIntegratePeaksSkew-[Error] Error in execution of algorithm IntegratePeaksSkew:\nIntegratePeaksSkew-[Error] local variable &#x27;dTOF&#x27; referenced before assignment\nIntegratePeaksSkew-[Error]   at line 793 in &#x27;/jenkins_workdir/workspace/pull_requests-conda-linux/Framework/PythonInterface/plugins/algorithms/IntegratePeaksSkew.py&#x27;\nEIntegratePeaksSkew-[Notice] IntegratePeaksSkew started\nIntegratePeaksSkew-[Notice] IntegratePeaksSkew successful, Duration 0.04 seconds\nIntegratePeaksSkew-[Notice] IntegratePeaksSkew started\nIntegratePeaksSkew-[Notice] IntegratePeaksSkew successful, Duration 0.04 seconds\n.IntegratePeaksSkew-[Notice] IntegratePeaksSkew started\nPython-[Notice] Estimated resolution parameters:\nBackscatteringTOFResolution = 0.9999999999999979\nThetaWidth = 1.4864226597308577e-07\nIntegratePeaksSkew-[Notice] IntegratePeaksSkew successful, Duration 0.03 seconds\n.IntegratePeaksSkew-[Notice] IntegratePeaksSkew started\nPython-[Warning] Resolution parameters could not be estimated - the provided TOF window parameters arelikely to be suboptimal (probably the resulting window is too large). Please inspect the results (if an OutputFile has been specified the optimal TOF windows found will be plotted on the last page.\nIntegratePeaksSkew-[Notice] IntegratePeaksSkew successful, Duration 0.03 seconds\n.IntegratePeaksSkew-[Notice] IntegratePeaksSkew started\nIntegratePeaksSkew-[Notice] IntegratePeaksSkew successful, Duration 0.02 seconds\nIntegratePeaksSkew-[Notice] IntegratePeaksSkew started\nPython-[Notice] Estimated resolution parameters:\nBackscatteringTOFResolution = 0.9999999999999979\nThetaWidth = 1.4864226597308577e-07\nIntegratePeaksSkew-[Notice] IntegratePeaksSkew successful, Duration 0.02 seconds\n.IntegratePeaksSkew-[Notice] IntegratePeaksSkew started\nIntegratePeaksSkew-[Notice] IntegratePeaksSkew successful, Duration 0.05 seconds\n...IntegratePeaksSkew-[Notice] IntegratePeaksSkew started\nIntegratePeaksSkew-[Notice] IntegratePeaksSkew successful, Duration 0.02 seconds\nIntegratePeaksSkew-[Notice] IntegratePeaksSkew started\nIntegratePeaksSkew-[Notice] IntegratePeaksSkew successful, Duration 0.02 seconds\n.IntegratePeaksSkew-[Notice] IntegratePeaksSkew started\nIntegratePeaksSkew-[Notice] IntegratePeaksSkew successful, Duration 0.02 seconds\nIntegratePeaksSkew-[Notice] IntegratePeaksSkew started\nIntegratePeaksSkew-[Notice] IntegratePeaksSkew successful, Duration 0.02 seconds\n.CloneWorkspace-[Notice] CloneWorkspace started\nCloneWorkspace-[Notice] CloneWorkspace successful, Duration 0.00 seconds\nIntegratePeaksSkew-[Notice] IntegratePeaksSkew started\nIntegratePeaksSkew-[Notice] IntegratePeaksSkew successful, Duration 0.02 seconds\nIntegratePeaksSkew-[Notice] IntegratePeaksSkew started\nIntegratePeaksSkew-[Notice] IntegratePeaksSkew successful, Duration 0.02 seconds\nIntegratePeaksSkew-[Notice] IntegratePeaksSkew started\nIntegratePeaksSkew-[Notice] IntegratePeaksSkew successful, Duration 0.02 seconds\n.IntegratePeaksSkew-[Notice] IntegratePeaksSkew started\nIntegratePeaksSkew-[Notice] IntegratePeaksSkew successful, Duration 0.02 seconds\n.IntegratePeaksSkew-[Notice] IntegratePeaksSkew started\nQStandardPaths: XDG_RUNTIME_DIR not set, defaulting to &#x27;/tmp/runtime-abc&#x27;\nIntegratePeaksSkew-[Notice] IntegratePeaksSkew successful, Duration 3.00 seconds\nStarting from Matplotlib 3.6, colorbar() will steal space from the mappable&#x27;s axes, rather than from the current axes, to place the colorbar.  To silence this warning, explicitly pass the &#x27;ax&#x27; argument to colorbar().\n.\n======================================================================\nERROR: test_integrate_use_nearest_peak_false_update_peak_position_false_with_back_to_back_params (IntegratePeaksSkewTest.IntegratePeaksSkewTest)\n----------------------------------------------------------------------\nTraceback (most recent call last):\n  File &quot;/jenkins_workdir/workspace/pull_requests-conda-linux/Framework/PythonInterface/mantid/simpleapi.py&quot;, line 1058, in __call__\n    algm.execute()\nRuntimeError: local variable &#x27;dTOF&#x27; referenced before assignment\n  at line 793 in &#x27;/jenkins_workdir/workspace/pull_requests-conda-linux/Framework/PythonInterface/plugins/algorithms/IntegratePeaksSkew.py&#x27;\n\nThe above exception was the direct cause of the following exception:\n\nTraceback (most recent call last):\n  File &quot;/jenkins_workdir/workspace/pull_requests-conda-linux/Framework/PythonInterface/test/python/plugins/algorithms/IntegratePeaksSkewTest.py&quot;, line 95, in test_integrate_use_nearest_peak_false_update_peak_position_false_with_back_to_back_params\n    out = IntegratePeaksSkew(InputWorkspace=self.ws, PeaksWorkspace=self.peaks,\n  File &quot;/jenkins_workdir/workspace/pull_requests-conda-linux/Framework/PythonInterface/mantid/simpleapi.py&quot;, line 1065, in __call__\n    raise RuntimeError(msg) from e\nRuntimeError: IntegratePeaksSkew-v1: local variable &#x27;dTOF&#x27; referenced before assignment\n  at line 793 in &#x27;/jenkins_workdir/workspace/pull_requests-conda-linux/Framework/PythonInterface/plugins/algorithms/IntegratePeaksSkew.py&#x27;\n\n----------------------------------------------------------------------\nRan 17 tests in 22.246s\n\nFAILED (errors=1)\n\n          Start 1530: python.algorithms.IntegratePeaksSkewTest.IntegratePeaksSkewTest\n"
                                    },
                                    {
                                        "trial_num": 3,
                                        "outcome": "Failed",
                                        "test_time": "29.32",
                                        "stack_trace": "FrameworkManager-[Notice] Welcome to Mantid 6.5.20221102.1717\nFrameworkManager-[Notice] Please cite: http://dx.doi.org/10.1016/j.nima.2014.07.029 and this release: http://dx.doi.org/10.5286/Software/Mantid\nCreatePeaksWorkspace-[Notice] CreatePeaksWorkspace started\nCreatePeaksWorkspace-[Notice] CreatePeaksWorkspace successful, Duration 0.00 seconds\nAddPeak-[Notice] AddPeak started\nAddPeak-[Notice] AddPeak successful, Duration 0.00 seconds\nAddPeak-[Notice] AddPeak started\nAddPeak-[Notice] AddPeak successful, Duration 0.00 seconds\nAddPeak-[Notice] AddPeak started\nAddPeak-[Notice] AddPeak successful, Duration 0.00 seconds\nLoadEmptyInstrument-[Notice] LoadEmptyInstrument started\nLoadEmptyInstrument-[Notice] LoadEmptyInstrument successful, Duration 12.17 seconds\nCreatePeaksWorkspace-[Notice] CreatePeaksWorkspace started\nCreatePeaksWorkspace-[Notice] CreatePeaksWorkspace successful, Duration 0.00 seconds\nAddPeak-[Notice] AddPeak started\nAddPeak-[Notice] AddPeak successful, Duration 0.00 seconds\nAddPeak-[Notice] AddPeak started\nAddPeak-[Notice] AddPeak successful, Duration 0.00 seconds\nAddPeak-[Notice] AddPeak started\nAddPeak-[Notice] AddPeak successful, Duration 0.00 seconds\nAddPeak-[Notice] AddPeak started\nAddPeak-[Notice] AddPeak successful, Duration 0.00 seconds\nAddPeak-[Notice] AddPeak started\nAddPeak-[Notice] AddPeak successful, Duration 0.00 seconds\n..IntegratePeaksSkew-[Notice] IntegratePeaksSkew started\nIntegratePeaksSkew-[Notice] IntegratePeaksSkew successful, Duration 0.02 seconds\nPrecision loss occurred in moment calculation due to catastrophic cancellation. This occurs when the data are nearly identical. Results may be unreliable.\nPrecision loss occurred in moment calculation due to catastrophic cancellation. This occurs when the data are nearly identical. Results may be unreliable.\n.IntegratePeaksSkew-[Notice] IntegratePeaksSkew started\nIntegratePeaksSkew-[Notice] IntegratePeaksSkew successful, Duration 0.02 seconds\n.IntegratePeaksSkew-[Notice] IntegratePeaksSkew started\nIntegratePeaksSkew-[Error] Error in execution of algorithm IntegratePeaksSkew:\nIntegratePeaksSkew-[Error] local variable &#x27;dTOF&#x27; referenced before assignment\nIntegratePeaksSkew-[Error]   at line 793 in &#x27;/jenkins_workdir/workspace/pull_requests-conda-linux/Framework/PythonInterface/plugins/algorithms/IntegratePeaksSkew.py&#x27;\nEIntegratePeaksSkew-[Notice] IntegratePeaksSkew started\nIntegratePeaksSkew-[Notice] IntegratePeaksSkew successful, Duration 0.02 seconds\nIntegratePeaksSkew-[Notice] IntegratePeaksSkew started\nIntegratePeaksSkew-[Notice] IntegratePeaksSkew successful, Duration 0.02 seconds\n.IntegratePeaksSkew-[Notice] IntegratePeaksSkew started\nPython-[Notice] Estimated resolution parameters:\nBackscatteringTOFResolution = 0.9999999999999979\nThetaWidth = 1.4864226597308577e-07\nIntegratePeaksSkew-[Notice] IntegratePeaksSkew successful, Duration 0.04 seconds\n.IntegratePeaksSkew-[Notice] IntegratePeaksSkew started\nPython-[Warning] Resolution parameters could not be estimated - the provided TOF window parameters arelikely to be suboptimal (probably the resulting window is too large). Please inspect the results (if an OutputFile has been specified the optimal TOF windows found will be plotted on the last page.\nIntegratePeaksSkew-[Notice] IntegratePeaksSkew successful, Duration 0.02 seconds\n.IntegratePeaksSkew-[Notice] IntegratePeaksSkew started\nIntegratePeaksSkew-[Notice] IntegratePeaksSkew successful, Duration 0.01 seconds\nIntegratePeaksSkew-[Notice] IntegratePeaksSkew started\nPython-[Notice] Estimated resolution parameters:\nBackscatteringTOFResolution = 0.9999999999999979\nThetaWidth = 1.4864226597308577e-07\nIntegratePeaksSkew-[Notice] IntegratePeaksSkew successful, Duration 0.01 seconds\n.IntegratePeaksSkew-[Notice] IntegratePeaksSkew started\nIntegratePeaksSkew-[Notice] IntegratePeaksSkew successful, Duration 0.02 seconds\n...IntegratePeaksSkew-[Notice] IntegratePeaksSkew started\nIntegratePeaksSkew-[Notice] IntegratePeaksSkew successful, Duration 0.03 seconds\nIntegratePeaksSkew-[Notice] IntegratePeaksSkew started\nIntegratePeaksSkew-[Notice] IntegratePeaksSkew successful, Duration 0.04 seconds\n.IntegratePeaksSkew-[Notice] IntegratePeaksSkew started\nIntegratePeaksSkew-[Notice] IntegratePeaksSkew successful, Duration 0.03 seconds\nIntegratePeaksSkew-[Notice] IntegratePeaksSkew started\nIntegratePeaksSkew-[Notice] IntegratePeaksSkew successful, Duration 0.02 seconds\n.CloneWorkspace-[Notice] CloneWorkspace started\nCloneWorkspace-[Notice] CloneWorkspace successful, Duration 0.00 seconds\nIntegratePeaksSkew-[Notice] IntegratePeaksSkew started\nIntegratePeaksSkew-[Notice] IntegratePeaksSkew successful, Duration 0.02 seconds\nIntegratePeaksSkew-[Notice] IntegratePeaksSkew started\nIntegratePeaksSkew-[Notice] IntegratePeaksSkew successful, Duration 0.02 seconds\nIntegratePeaksSkew-[Notice] IntegratePeaksSkew started\nIntegratePeaksSkew-[Notice] IntegratePeaksSkew successful, Duration 0.02 seconds\n.IntegratePeaksSkew-[Notice] IntegratePeaksSkew started\nIntegratePeaksSkew-[Notice] IntegratePeaksSkew successful, Duration 0.02 seconds\n.IntegratePeaksSkew-[Notice] IntegratePeaksSkew started\nQStandardPaths: XDG_RUNTIME_DIR not set, defaulting to &#x27;/tmp/runtime-abc&#x27;\nIntegratePeaksSkew-[Notice] IntegratePeaksSkew successful, Duration 2.77 seconds\nStarting from Matplotlib 3.6, colorbar() will steal space from the mappable&#x27;s axes, rather than from the current axes, to place the colorbar.  To silence this warning, explicitly pass the &#x27;ax&#x27; argument to colorbar().\n.\n======================================================================\nERROR: test_integrate_use_nearest_peak_false_update_peak_position_false_with_back_to_back_params (IntegratePeaksSkewTest.IntegratePeaksSkewTest)\n----------------------------------------------------------------------\nTraceback (most recent call last):\n  File &quot;/jenkins_workdir/workspace/pull_requests-conda-linux/Framework/PythonInterface/mantid/simpleapi.py&quot;, line 1058, in __call__\n    algm.execute()\nRuntimeError: local variable &#x27;dTOF&#x27; referenced before assignment\n  at line 793 in &#x27;/jenkins_workdir/workspace/pull_requests-conda-linux/Framework/PythonInterface/plugins/algorithms/IntegratePeaksSkew.py&#x27;\n\nThe above exception was the direct cause of the following exception:\n\nTraceback (most recent call last):\n  File &quot;/jenkins_workdir/workspace/pull_requests-conda-linux/Framework/PythonInterface/test/python/plugins/algorithms/IntegratePeaksSkewTest.py&quot;, line 95, in test_integrate_use_nearest_peak_false_update_peak_position_false_with_back_to_back_params\n    out = IntegratePeaksSkew(InputWorkspace=self.ws, PeaksWorkspace=self.peaks,\n  File &quot;/jenkins_workdir/workspace/pull_requests-conda-linux/Framework/PythonInterface/mantid/simpleapi.py&quot;, line 1065, in __call__\n    raise RuntimeError(msg) from e\nRuntimeError: IntegratePeaksSkew-v1: local variable &#x27;dTOF&#x27; referenced before assignment\n  at line 793 in &#x27;/jenkins_workdir/workspace/pull_requests-conda-linux/Framework/PythonInterface/plugins/algorithms/IntegratePeaksSkew.py&#x27;\n\n----------------------------------------------------------------------\nRan 17 tests in 23.992s\n\nFAILED (errors=1)\n\n          Start  359: AlgorithmsTest_MergeRunsTest\n"
                                    }
                                ]
                            }
                        },
                        "Timeout": {}
                    }
                }
            }
        },
        "1785": {
            "build_name": "1785",
            "is_completed": true,
            "aggregate": {
                "Tested": 2639,
                "Passed": 2639,
                "Flake": 0,
                "Failed": 0,
                "Timeout": 0
            },
            "ctest_runs": {
                "Linux": {
                    "agent_name": "Linux",
                    "is_not_found": false,
                    "outcome_count": {
                        "Tested": 2639,
                        "Passed": 2639,
                        "Flake": 0,
                        "Failed": 0,
                        "Timeout": 0
                    },
                    "outcome_groups": {
                        "Flake": {},
                        "Failed": {},
                        "Timeout": {}
                    }
                }
            }
        },
        "1786": {
            "build_name": "1786",
            "is_completed": true,
            "aggregate": {
                "Tested": 2639,
                "Passed": 2638,
                "Flake": 0,
                "Failed": 1,
                "Timeout": 0
            },
            "ctest_runs": {
                "Linux": {
                    "agent_name": "Linux",
                    "is_not_found": false,
                    "outcome_count": {
                        "Tested": 2639,
                        "Passed": 2638,
                        "Flake": 0,
                        "Failed": 1,
                        "Timeout": 0
                    },
                    "outcome_groups": {
                        "Flake": {},
                        "Failed": {
                            "python.WorkflowAlgorithms.MolDynTest.MolDynTest": {
                                "test_name": "python.WorkflowAlgorithms.MolDynTest.MolDynTest",
                                "trials": [
                                    {
                                        "trial_num": 1,
                                        "outcome": "Failed",
                                        "test_time": "4.21",
                                        "stack_trace": "FrameworkManager-[Notice] Welcome to Mantid 6.5.20221103.733\nFrameworkManager-[Notice] Please cite: http://dx.doi.org/10.1016/j.nima.2014.07.029 and this release: http://dx.doi.org/10.5286/Software/Mantid\nMolDyn-[Notice] MolDyn started\nLoadNMoldyn3Ascii-[Notice] LoadNMoldyn3Ascii started (child)\nPython-[Notice] Loading CDL file\nCreateWorkspace-[Notice] CreateWorkspace started (child)\nCreateWorkspace-[Notice] CreateWorkspace successful, Duration 0.04 seconds\nGroupWorkspaces-[Notice] GroupWorkspaces started (child)\nGroupWorkspaces-[Notice] GroupWorkspaces successful, Duration 0.00 seconds\nLoadNMoldyn3Ascii-[Notice] LoadNMoldyn3Ascii successful, Duration 0.05 seconds\nCropWorkspace-[Notice] CropWorkspace started (child)\nCropWorkspace-[Notice] CropWorkspace successful, Duration 0.00 seconds\nMolDyn-[Notice] MolDyn successful, Duration 0.07 seconds\n.CreateSampleWorkspace-[Notice] CreateSampleWorkspace started\nCreateSampleWorkspace-[Notice] CreateSampleWorkspace successful, Duration 0.01 seconds\nMolDyn-[Notice] MolDyn started\nLoadNMoldyn3Ascii-[Notice] LoadNMoldyn3Ascii started (child)\nPython-[Notice] Loading CDL file\nCreateWorkspace-[Notice] CreateWorkspace started (child)\nCreateWorkspace-[Notice] CreateWorkspace successful, Duration 0.02 seconds\nGroupWorkspaces-[Notice] GroupWorkspaces started (child)\nGroupWorkspaces-[Notice] GroupWorkspaces successful, Duration 0.00 seconds\nLoadNMoldyn3Ascii-[Notice] LoadNMoldyn3Ascii successful, Duration 0.04 seconds\nSymmetrise-[Notice] Symmetrise started (child)\nCropWorkspace-[Notice] CropWorkspace started (child)\nCropWorkspace-[Notice] CropWorkspace successful, Duration 0.00 seconds\nDeleteWorkspace-[Notice] DeleteWorkspace started (child)\nDeleteWorkspace-[Notice] DeleteWorkspace successful, Duration 0.00 seconds\nSymmetrise-[Notice] Symmetrise successful, Duration 0.00 seconds\nPython-[Notice] Creating resolution workspace.\nConjoinSpectra-[Notice] ConjoinSpectra started (child)\nExtractSingleSpectrum-[Notice] ExtractSingleSpectrum started (child)\nExtractSingleSpectrum-[Notice] ExtractSingleSpectrum successful, Duration 0.00 seconds\nRenameWorkspace-[Notice] RenameWorkspace started (child)\nRenameWorkspace-[Notice] RenameWorkspace successful, Duration 0.00 seconds\nExtractSingleSpectrum-[Notice] ExtractSingleSpectrum started (child)\nExtractSingleSpectrum-[Notice] ExtractSingleSpectrum successful, Duration 0.00 seconds\nConjoinWorkspaces-[Notice] ConjoinWorkspaces started (child)\nConjoinWorkspaces-[Notice] ConjoinWorkspaces successful, Duration 0.03 seconds\nExtractSingleSpectrum-[Notice] ExtractSingleSpectrum started (child)\nExtractSingleSpectrum-[Notice] ExtractSingleSpectrum successful, Duration 0.00 seconds\nConjoinWorkspaces-[Notice] ConjoinWorkspaces started (child)\nConjoinWorkspaces-[Notice] ConjoinWorkspaces successful, Duration 0.02 seconds\nConjoinSpectra-[Notice] ConjoinSpectra successful, Duration 0.05 seconds\nPython-[Notice] Convoluting sample NaF_DISF_Sqw-total with resolution resolution_ws\nConvolveWorkspaces-[Notice] ConvolveWorkspaces started (child)\nConvolveWorkspaces-[Error] ConvolveWorkspaces: Histogram::setSharedX: size mismatch\nConvolveWorkspaces-[Error] \nConvolveWorkspaces-[Error] Error in execution of algorithm ConvolveWorkspaces:\nConvolveWorkspaces-[Error] ConvolveWorkspaces: error (see log)\nMolDyn-[Error] Error in execution of algorithm MolDyn:\nMolDyn-[Error] ConvolveWorkspaces-v1: ConvolveWorkspaces: error (see log)\nMolDyn-[Error]   at line 119 in &#x27;/jenkins_workdir/workspace/pull_requests-conda-linux/Framework/PythonInterface/plugins/algorithms/WorkflowAlgorithms/MolDyn.py&#x27;\nMolDyn-[Error]   caused by line 210 in &#x27;/jenkins_workdir/workspace/pull_requests-conda-linux/Framework/PythonInterface/plugins/algorithms/WorkflowAlgorithms/MolDyn.py&#x27;\nMolDyn-[Error]   caused by line 1065 in &#x27;/jenkins_workdir/workspace/pull_requests-conda-linux/Framework/PythonInterface/mantid/simpleapi.py&#x27;\nEMolDyn-[Notice] MolDyn started\nLoadNMoldyn3Ascii-[Notice] LoadNMoldyn3Ascii started (child)\nPython-[Notice] Loading CDL file\nCreateWorkspace-[Notice] CreateWorkspace started (child)\nCreateWorkspace-[Notice] CreateWorkspace successful, Duration 0.01 seconds\nGroupWorkspaces-[Notice] GroupWorkspaces started (child)\nGroupWorkspaces-[Notice] GroupWorkspaces successful, Duration 0.00 seconds\nLoadNMoldyn3Ascii-[Notice] LoadNMoldyn3Ascii successful, Duration 0.02 seconds\nSymmetrise-[Notice] Symmetrise started (child)\nCropWorkspace-[Notice] CropWorkspace started (child)\nCropWorkspace-[Notice] CropWorkspace successful, Duration 0.00 seconds\nDeleteWorkspace-[Notice] DeleteWorkspace started (child)\nDeleteWorkspace-[Notice] DeleteWorkspace successful, Duration 0.00 seconds\nSymmetrise-[Notice] Symmetrise successful, Duration 0.00 seconds\nMolDyn-[Notice] MolDyn successful, Duration 0.04 seconds\n.MolDyn-[Notice] MolDyn started\nLoadNMoldyn3Ascii-[Notice] LoadNMoldyn3Ascii started (child)\nPython-[Notice] Loading CDL file\nCreateWorkspace-[Notice] CreateWorkspace started (child)\nCreateWorkspace-[Notice] CreateWorkspace successful, Duration 0.01 seconds\nGroupWorkspaces-[Notice] GroupWorkspaces started (child)\nGroupWorkspaces-[Notice] GroupWorkspaces successful, Duration 0.00 seconds\nLoadNMoldyn3Ascii-[Notice] LoadNMoldyn3Ascii successful, Duration 0.02 seconds\nMolDyn-[Notice] MolDyn successful, Duration 0.03 seconds\n.MolDyn-[Notice] MolDyn started\nLoadNMoldyn3Ascii-[Notice] LoadNMoldyn3Ascii started (child)\nPython-[Notice] Loading ASCII data\nLoadInstrument-[Notice] LoadInstrument started (child)\nInstrumentDefinitionParser-[Notice] Geometry cache is not available\nInstrumentDefinitionParser-[Notice] Creating cache in /home/abc/.mantid/instrument/geometryCache/MolDyn69fbec1b93eeca1ef11aaad84910af7a3a99d905.vtp\nLoadInstrument-[Notice] LoadInstrument successful, Duration 0.00 seconds\nLoadParameterFile-[Notice] LoadParameterFile started (child)\nLoadParameterFile-[Notice] LoadParameterFile successful, Duration 0.00 seconds\nUpdateInstrumentFromFile-[Notice] UpdateInstrumentFromFile started (child)\nUpdateInstrumentFromFile-[Notice] UpdateInstrumentFromFile successful, Duration 0.01 seconds\nLoadNMoldyn3Ascii-[Notice] LoadNMoldyn3Ascii successful, Duration 0.22 seconds\nMolDyn-[Notice] MolDyn successful, Duration 0.23 seconds\n.MolDyn-[Notice] MolDyn started\nLoadNMoldyn4Ascii-[Notice] LoadNMoldyn4Ascii started (child)\nGroupWorkspaces-[Notice] GroupWorkspaces started (child)\nGroupWorkspaces-[Notice] GroupWorkspaces successful, Duration 0.00 seconds\nLoadNMoldyn4Ascii-[Notice] LoadNMoldyn4Ascii successful, Duration 0.08 seconds\nMolDyn-[Notice] MolDyn successful, Duration 0.08 seconds\n&#x27;U&#x27; mode is deprecated\n&#x27;U&#x27; mode is deprecated\n.\n======================================================================\nERROR: test_loadSqwWithRes (MolDynTest.MolDynTest)\n----------------------------------------------------------------------\nTraceback (most recent call last):\n  File &quot;/jenkins_workdir/workspace/pull_requests-conda-linux/Framework/PythonInterface/mantid/simpleapi.py&quot;, line 1058, in __call__\n    algm.execute()\nRuntimeError: ConvolveWorkspaces-v1: ConvolveWorkspaces: error (see log)\n  at line 119 in &#x27;/jenkins_workdir/workspace/pull_requests-conda-linux/Framework/PythonInterface/plugins/algorithms/WorkflowAlgorithms/MolDyn.py&#x27;\n  caused by line 210 in &#x27;/jenkins_workdir/workspace/pull_requests-conda-linux/Framework/PythonInterface/plugins/algorithms/WorkflowAlgorithms/MolDyn.py&#x27;\n  caused by line 1065 in &#x27;/jenkins_workdir/workspace/pull_requests-conda-linux/Framework/PythonInterface/mantid/simpleapi.py&#x27;\n\nThe above exception was the direct cause of the following exception:\n\nTraceback (most recent call last):\n  File &quot;/jenkins_workdir/workspace/pull_requests-conda-linux/Framework/PythonInterface/test/python/plugins/algorithms/WorkflowAlgorithms/MolDynTest.py&quot;, line 103, in test_loadSqwWithRes\n    moldyn_group = MolDyn(Data=&#x27;NaF_DISF.cdl&#x27;,\n  File &quot;/jenkins_workdir/workspace/pull_requests-conda-linux/Framework/PythonInterface/mantid/simpleapi.py&quot;, line 1065, in __call__\n    raise RuntimeError(msg) from e\nRuntimeError: MolDyn-v1: ConvolveWorkspaces-v1: ConvolveWorkspaces: error (see log)\n  at line 119 in &#x27;/jenkins_workdir/workspace/pull_requests-conda-linux/Framework/PythonInterface/plugins/algorithms/WorkflowAlgorithms/MolDyn.py&#x27;\n  caused by line 210 in &#x27;/jenkins_workdir/workspace/pull_requests-conda-linux/Framework/PythonInterface/plugins/algorithms/WorkflowAlgorithms/MolDyn.py&#x27;\n  caused by line 1065 in &#x27;/jenkins_workdir/workspace/pull_requests-conda-linux/Framework/PythonInterface/mantid/simpleapi.py&#x27;\n\n----------------------------------------------------------------------\nRan 6 tests in 0.581s\n\nFAILED (errors=1)\n\n          Start 1655: python.WorkflowAlgorithms.MolDynTest.MolDynTest\n"
                                    },
                                    {
                                        "trial_num": 2,
                                        "outcome": "Failed",
                                        "test_time": "5.11",
                                        "stack_trace": "FrameworkManager-[Notice] Welcome to Mantid 6.5.20221103.733\nFrameworkManager-[Notice] Please cite: http://dx.doi.org/10.1016/j.nima.2014.07.029 and this release: http://dx.doi.org/10.5286/Software/Mantid\nMolDyn-[Notice] MolDyn started\nLoadNMoldyn3Ascii-[Notice] LoadNMoldyn3Ascii started (child)\nPython-[Notice] Loading CDL file\nCreateWorkspace-[Notice] CreateWorkspace started (child)\nCreateWorkspace-[Notice] CreateWorkspace successful, Duration 0.04 seconds\nGroupWorkspaces-[Notice] GroupWorkspaces started (child)\nGroupWorkspaces-[Notice] GroupWorkspaces successful, Duration 0.00 seconds\nLoadNMoldyn3Ascii-[Notice] LoadNMoldyn3Ascii successful, Duration 0.06 seconds\nCropWorkspace-[Notice] CropWorkspace started (child)\nCropWorkspace-[Notice] CropWorkspace successful, Duration 0.00 seconds\nMolDyn-[Notice] MolDyn successful, Duration 0.07 seconds\n.CreateSampleWorkspace-[Notice] CreateSampleWorkspace started\nCreateSampleWorkspace-[Notice] CreateSampleWorkspace successful, Duration 0.02 seconds\nMolDyn-[Notice] MolDyn started\nLoadNMoldyn3Ascii-[Notice] LoadNMoldyn3Ascii started (child)\nPython-[Notice] Loading CDL file\nCreateWorkspace-[Notice] CreateWorkspace started (child)\nCreateWorkspace-[Notice] CreateWorkspace successful, Duration 0.04 seconds\nGroupWorkspaces-[Notice] GroupWorkspaces started (child)\nGroupWorkspaces-[Notice] GroupWorkspaces successful, Duration 0.00 seconds\nLoadNMoldyn3Ascii-[Notice] LoadNMoldyn3Ascii successful, Duration 0.05 seconds\nSymmetrise-[Notice] Symmetrise started (child)\nCropWorkspace-[Notice] CropWorkspace started (child)\nCropWorkspace-[Notice] CropWorkspace successful, Duration 0.00 seconds\nDeleteWorkspace-[Notice] DeleteWorkspace started (child)\nDeleteWorkspace-[Notice] DeleteWorkspace successful, Duration 0.00 seconds\nSymmetrise-[Notice] Symmetrise successful, Duration 0.01 seconds\nPython-[Notice] Creating resolution workspace.\nConjoinSpectra-[Notice] ConjoinSpectra started (child)\nExtractSingleSpectrum-[Notice] ExtractSingleSpectrum started (child)\nExtractSingleSpectrum-[Notice] ExtractSingleSpectrum successful, Duration 0.00 seconds\nRenameWorkspace-[Notice] RenameWorkspace started (child)\nRenameWorkspace-[Notice] RenameWorkspace successful, Duration 0.00 seconds\nExtractSingleSpectrum-[Notice] ExtractSingleSpectrum started (child)\nExtractSingleSpectrum-[Notice] ExtractSingleSpectrum successful, Duration 0.00 seconds\nConjoinWorkspaces-[Notice] ConjoinWorkspaces started (child)\nConjoinWorkspaces-[Notice] ConjoinWorkspaces successful, Duration 0.04 seconds\nExtractSingleSpectrum-[Notice] ExtractSingleSpectrum started (child)\nExtractSingleSpectrum-[Notice] ExtractSingleSpectrum successful, Duration 0.00 seconds\nConjoinWorkspaces-[Notice] ConjoinWorkspaces started (child)\nConjoinWorkspaces-[Notice] ConjoinWorkspaces successful, Duration 0.02 seconds\nConjoinSpectra-[Notice] ConjoinSpectra successful, Duration 0.07 seconds\nPython-[Notice] Convoluting sample NaF_DISF_Sqw-total with resolution resolution_ws\nConvolveWorkspaces-[Notice] ConvolveWorkspaces started (child)\nConvolveWorkspaces-[Error] ConvolveWorkspaces: Histogram::setSharedX: size mismatch\nConvolveWorkspaces-[Error] \nConvolveWorkspaces-[Error] Error in execution of algorithm ConvolveWorkspaces:\nConvolveWorkspaces-[Error] ConvolveWorkspaces: error (see log)\nMolDyn-[Error] Error in execution of algorithm MolDyn:\nMolDyn-[Error] ConvolveWorkspaces-v1: ConvolveWorkspaces: error (see log)\nMolDyn-[Error]   at line 119 in &#x27;/jenkins_workdir/workspace/pull_requests-conda-linux/Framework/PythonInterface/plugins/algorithms/WorkflowAlgorithms/MolDyn.py&#x27;\nMolDyn-[Error]   caused by line 210 in &#x27;/jenkins_workdir/workspace/pull_requests-conda-linux/Framework/PythonInterface/plugins/algorithms/WorkflowAlgorithms/MolDyn.py&#x27;\nMolDyn-[Error]   caused by line 1065 in &#x27;/jenkins_workdir/workspace/pull_requests-conda-linux/Framework/PythonInterface/mantid/simpleapi.py&#x27;\nEMolDyn-[Notice] MolDyn started\nLoadNMoldyn3Ascii-[Notice] LoadNMoldyn3Ascii started (child)\nPython-[Notice] Loading CDL file\nCreateWorkspace-[Notice] CreateWorkspace started (child)\nCreateWorkspace-[Notice] CreateWorkspace successful, Duration 0.02 seconds\nGroupWorkspaces-[Notice] GroupWorkspaces started (child)\nGroupWorkspaces-[Notice] GroupWorkspaces successful, Duration 0.00 seconds\nLoadNMoldyn3Ascii-[Notice] LoadNMoldyn3Ascii successful, Duration 0.04 seconds\nSymmetrise-[Notice] Symmetrise started (child)\nCropWorkspace-[Notice] CropWorkspace started (child)\nCropWorkspace-[Notice] CropWorkspace successful, Duration 0.00 seconds\nDeleteWorkspace-[Notice] DeleteWorkspace started (child)\nDeleteWorkspace-[Notice] DeleteWorkspace successful, Duration 0.00 seconds\nSymmetrise-[Notice] Symmetrise successful, Duration 0.00 seconds\nMolDyn-[Notice] MolDyn successful, Duration 0.06 seconds\n.MolDyn-[Notice] MolDyn started\nLoadNMoldyn3Ascii-[Notice] LoadNMoldyn3Ascii started (child)\nPython-[Notice] Loading CDL file\nCreateWorkspace-[Notice] CreateWorkspace started (child)\nCreateWorkspace-[Notice] CreateWorkspace successful, Duration 0.02 seconds\nGroupWorkspaces-[Notice] GroupWorkspaces started (child)\nGroupWorkspaces-[Notice] GroupWorkspaces successful, Duration 0.00 seconds\nLoadNMoldyn3Ascii-[Notice] LoadNMoldyn3Ascii successful, Duration 0.03 seconds\nMolDyn-[Notice] MolDyn successful, Duration 0.04 seconds\n.MolDyn-[Notice] MolDyn started\nLoadNMoldyn3Ascii-[Notice] LoadNMoldyn3Ascii started (child)\nPython-[Notice] Loading ASCII data\nLoadInstrument-[Notice] LoadInstrument started (child)\nLoadInstrument-[Notice] LoadInstrument successful, Duration 0.00 seconds\nLoadParameterFile-[Notice] LoadParameterFile started (child)\nLoadParameterFile-[Notice] LoadParameterFile successful, Duration 0.00 seconds\nUpdateInstrumentFromFile-[Notice] UpdateInstrumentFromFile started (child)\nUpdateInstrumentFromFile-[Notice] UpdateInstrumentFromFile successful, Duration 0.02 seconds\nLoadNMoldyn3Ascii-[Notice] LoadNMoldyn3Ascii successful, Duration 0.22 seconds\nMolDyn-[Notice] MolDyn successful, Duration 0.23 seconds\n.MolDyn-[Notice] MolDyn started\nLoadNMoldyn4Ascii-[Notice] LoadNMoldyn4Ascii started (child)\nGroupWorkspaces-[Notice] GroupWorkspaces started (child)\nGroupWorkspaces-[Notice] GroupWorkspaces successful, Duration 0.00 seconds\nLoadNMoldyn4Ascii-[Notice] LoadNMoldyn4Ascii successful, Duration 0.05 seconds\nMolDyn-[Notice] MolDyn successful, Duration 0.05 seconds\n&#x27;U&#x27; mode is deprecated\n&#x27;U&#x27; mode is deprecated\n.\n======================================================================\nERROR: test_loadSqwWithRes (MolDynTest.MolDynTest)\n----------------------------------------------------------------------\nTraceback (most recent call last):\n  File &quot;/jenkins_workdir/workspace/pull_requests-conda-linux/Framework/PythonInterface/mantid/simpleapi.py&quot;, line 1058, in __call__\n    algm.execute()\nRuntimeError: ConvolveWorkspaces-v1: ConvolveWorkspaces: error (see log)\n  at line 119 in &#x27;/jenkins_workdir/workspace/pull_requests-conda-linux/Framework/PythonInterface/plugins/algorithms/WorkflowAlgorithms/MolDyn.py&#x27;\n  caused by line 210 in &#x27;/jenkins_workdir/workspace/pull_requests-conda-linux/Framework/PythonInterface/plugins/algorithms/WorkflowAlgorithms/MolDyn.py&#x27;\n  caused by line 1065 in &#x27;/jenkins_workdir/workspace/pull_requests-conda-linux/Framework/PythonInterface/mantid/simpleapi.py&#x27;\n\nThe above exception was the direct cause of the following exception:\n\nTraceback (most recent call last):\n  File &quot;/jenkins_workdir/workspace/pull_requests-conda-linux/Framework/PythonInterface/test/python/plugins/algorithms/WorkflowAlgorithms/MolDynTest.py&quot;, line 103, in test_loadSqwWithRes\n    moldyn_group = MolDyn(Data=&#x27;NaF_DISF.cdl&#x27;,\n  File &quot;/jenkins_workdir/workspace/pull_requests-conda-linux/Framework/PythonInterface/mantid/simpleapi.py&quot;, line 1065, in __call__\n    raise RuntimeError(msg) from e\nRuntimeError: MolDyn-v1: ConvolveWorkspaces-v1: ConvolveWorkspaces: error (see log)\n  at line 119 in &#x27;/jenkins_workdir/workspace/pull_requests-conda-linux/Framework/PythonInterface/plugins/algorithms/WorkflowAlgorithms/MolDyn.py&#x27;\n  caused by line 210 in &#x27;/jenkins_workdir/workspace/pull_requests-conda-linux/Framework/PythonInterface/plugins/algorithms/WorkflowAlgorithms/MolDyn.py&#x27;\n  caused by line 1065 in &#x27;/jenkins_workdir/workspace/pull_requests-conda-linux/Framework/PythonInterface/mantid/simpleapi.py&#x27;\n\n----------------------------------------------------------------------\nRan 6 tests in 0.620s\n\nFAILED (errors=1)\n\n          Start 1655: python.WorkflowAlgorithms.MolDynTest.MolDynTest\n"
                                    },
                                    {
                                        "trial_num": 3,
                                        "outcome": "Failed",
                                        "test_time": "4.42",
                                        "stack_trace": "FrameworkManager-[Notice] Welcome to Mantid 6.5.20221103.733\nFrameworkManager-[Notice] Please cite: http://dx.doi.org/10.1016/j.nima.2014.07.029 and this release: http://dx.doi.org/10.5286/Software/Mantid\nMolDyn-[Notice] MolDyn started\nLoadNMoldyn3Ascii-[Notice] LoadNMoldyn3Ascii started (child)\nPython-[Notice] Loading CDL file\nCreateWorkspace-[Notice] CreateWorkspace started (child)\nCreateWorkspace-[Notice] CreateWorkspace successful, Duration 0.04 seconds\nGroupWorkspaces-[Notice] GroupWorkspaces started (child)\nGroupWorkspaces-[Notice] GroupWorkspaces successful, Duration 0.00 seconds\nLoadNMoldyn3Ascii-[Notice] LoadNMoldyn3Ascii successful, Duration 0.05 seconds\nCropWorkspace-[Notice] CropWorkspace started (child)\nCropWorkspace-[Notice] CropWorkspace successful, Duration 0.00 seconds\nMolDyn-[Notice] MolDyn successful, Duration 0.06 seconds\n.CreateSampleWorkspace-[Notice] CreateSampleWorkspace started\nCreateSampleWorkspace-[Notice] CreateSampleWorkspace successful, Duration 0.01 seconds\nMolDyn-[Notice] MolDyn started\nLoadNMoldyn3Ascii-[Notice] LoadNMoldyn3Ascii started (child)\nPython-[Notice] Loading CDL file\nCreateWorkspace-[Notice] CreateWorkspace started (child)\nCreateWorkspace-[Notice] CreateWorkspace successful, Duration 0.02 seconds\nGroupWorkspaces-[Notice] GroupWorkspaces started (child)\nGroupWorkspaces-[Notice] GroupWorkspaces successful, Duration 0.00 seconds\nLoadNMoldyn3Ascii-[Notice] LoadNMoldyn3Ascii successful, Duration 0.02 seconds\nSymmetrise-[Notice] Symmetrise started (child)\nCropWorkspace-[Notice] CropWorkspace started (child)\nCropWorkspace-[Notice] CropWorkspace successful, Duration 0.00 seconds\nDeleteWorkspace-[Notice] DeleteWorkspace started (child)\nDeleteWorkspace-[Notice] DeleteWorkspace successful, Duration 0.00 seconds\nSymmetrise-[Notice] Symmetrise successful, Duration 0.01 seconds\nPython-[Notice] Creating resolution workspace.\nConjoinSpectra-[Notice] ConjoinSpectra started (child)\nExtractSingleSpectrum-[Notice] ExtractSingleSpectrum started (child)\nExtractSingleSpectrum-[Notice] ExtractSingleSpectrum successful, Duration 0.00 seconds\nRenameWorkspace-[Notice] RenameWorkspace started (child)\nRenameWorkspace-[Notice] RenameWorkspace successful, Duration 0.00 seconds\nExtractSingleSpectrum-[Notice] ExtractSingleSpectrum started (child)\nExtractSingleSpectrum-[Notice] ExtractSingleSpectrum successful, Duration 0.00 seconds\nConjoinWorkspaces-[Notice] ConjoinWorkspaces started (child)\nConjoinWorkspaces-[Notice] ConjoinWorkspaces successful, Duration 0.01 seconds\nExtractSingleSpectrum-[Notice] ExtractSingleSpectrum started (child)\nExtractSingleSpectrum-[Notice] ExtractSingleSpectrum successful, Duration 0.00 seconds\nConjoinWorkspaces-[Notice] ConjoinWorkspaces started (child)\nConjoinWorkspaces-[Notice] ConjoinWorkspaces successful, Duration 0.04 seconds\nConjoinSpectra-[Notice] ConjoinSpectra successful, Duration 0.06 seconds\nPython-[Notice] Convoluting sample NaF_DISF_Sqw-total with resolution resolution_ws\nConvolveWorkspaces-[Notice] ConvolveWorkspaces started (child)\nConvolveWorkspaces-[Error] ConvolveWorkspaces: Histogram::setSharedX: size mismatch\nConvolveWorkspaces-[Error] \nConvolveWorkspaces-[Error] Error in execution of algorithm ConvolveWorkspaces:\nConvolveWorkspaces-[Error] ConvolveWorkspaces: error (see log)\nMolDyn-[Error] Error in execution of algorithm MolDyn:\nMolDyn-[Error] ConvolveWorkspaces-v1: ConvolveWorkspaces: error (see log)\nMolDyn-[Error]   at line 119 in &#x27;/jenkins_workdir/workspace/pull_requests-conda-linux/Framework/PythonInterface/plugins/algorithms/WorkflowAlgorithms/MolDyn.py&#x27;\nMolDyn-[Error]   caused by line 210 in &#x27;/jenkins_workdir/workspace/pull_requests-conda-linux/Framework/PythonInterface/plugins/algorithms/WorkflowAlgorithms/MolDyn.py&#x27;\nMolDyn-[Error]   caused by line 1065 in &#x27;/jenkins_workdir/workspace/pull_requests-conda-linux/Framework/PythonInterface/mantid/simpleapi.py&#x27;\nEMolDyn-[Notice] MolDyn started\nLoadNMoldyn3Ascii-[Notice] LoadNMoldyn3Ascii started (child)\nPython-[Notice] Loading CDL file\nCreateWorkspace-[Notice] CreateWorkspace started (child)\nCreateWorkspace-[Notice] CreateWorkspace successful, Duration 0.02 seconds\nGroupWorkspaces-[Notice] GroupWorkspaces started (child)\nGroupWorkspaces-[Notice] GroupWorkspaces successful, Duration 0.00 seconds\nLoadNMoldyn3Ascii-[Notice] LoadNMoldyn3Ascii successful, Duration 0.03 seconds\nSymmetrise-[Notice] Symmetrise started (child)\nCropWorkspace-[Notice] CropWorkspace started (child)\nCropWorkspace-[Notice] CropWorkspace successful, Duration 0.00 seconds\nDeleteWorkspace-[Notice] DeleteWorkspace started (child)\nDeleteWorkspace-[Notice] DeleteWorkspace successful, Duration 0.00 seconds\nSymmetrise-[Notice] Symmetrise successful, Duration 0.01 seconds\nMolDyn-[Notice] MolDyn successful, Duration 0.04 seconds\n.MolDyn-[Notice] MolDyn started\nLoadNMoldyn3Ascii-[Notice] LoadNMoldyn3Ascii started (child)\nPython-[Notice] Loading CDL file\nCreateWorkspace-[Notice] CreateWorkspace started (child)\nCreateWorkspace-[Notice] CreateWorkspace successful, Duration 0.02 seconds\nGroupWorkspaces-[Notice] GroupWorkspaces started (child)\nGroupWorkspaces-[Notice] GroupWorkspaces successful, Duration 0.00 seconds\nLoadNMoldyn3Ascii-[Notice] LoadNMoldyn3Ascii successful, Duration 0.03 seconds\nMolDyn-[Notice] MolDyn successful, Duration 0.04 seconds\n.MolDyn-[Notice] MolDyn started\nLoadNMoldyn3Ascii-[Notice] LoadNMoldyn3Ascii started (child)\nPython-[Notice] Loading ASCII data\nLoadInstrument-[Notice] LoadInstrument started (child)\nLoadInstrument-[Notice] LoadInstrument successful, Duration 0.01 seconds\nLoadParameterFile-[Notice] LoadParameterFile started (child)\nLoadParameterFile-[Notice] LoadParameterFile successful, Duration 0.00 seconds\nUpdateInstrumentFromFile-[Notice] UpdateInstrumentFromFile started (child)\nUpdateInstrumentFromFile-[Notice] UpdateInstrumentFromFile successful, Duration 0.01 seconds\nLoadNMoldyn3Ascii-[Notice] LoadNMoldyn3Ascii successful, Duration 0.25 seconds\nMolDyn-[Notice] MolDyn successful, Duration 0.26 seconds\n.MolDyn-[Notice] MolDyn started\nLoadNMoldyn4Ascii-[Notice] LoadNMoldyn4Ascii started (child)\nGroupWorkspaces-[Notice] GroupWorkspaces started (child)\nGroupWorkspaces-[Notice] GroupWorkspaces successful, Duration 0.00 seconds\nLoadNMoldyn4Ascii-[Notice] LoadNMoldyn4Ascii successful, Duration 0.05 seconds\nMolDyn-[Notice] MolDyn successful, Duration 0.05 seconds\n&#x27;U&#x27; mode is deprecated\n&#x27;U&#x27; mode is deprecated\n.\n======================================================================\nERROR: test_loadSqwWithRes (MolDynTest.MolDynTest)\n----------------------------------------------------------------------\nTraceback (most recent call last):\n  File &quot;/jenkins_workdir/workspace/pull_requests-conda-linux/Framework/PythonInterface/mantid/simpleapi.py&quot;, line 1058, in __call__\n    algm.execute()\nRuntimeError: ConvolveWorkspaces-v1: ConvolveWorkspaces: error (see log)\n  at line 119 in &#x27;/jenkins_workdir/workspace/pull_requests-conda-linux/Framework/PythonInterface/plugins/algorithms/WorkflowAlgorithms/MolDyn.py&#x27;\n  caused by line 210 in &#x27;/jenkins_workdir/workspace/pull_requests-conda-linux/Framework/PythonInterface/plugins/algorithms/WorkflowAlgorithms/MolDyn.py&#x27;\n  caused by line 1065 in &#x27;/jenkins_workdir/workspace/pull_requests-conda-linux/Framework/PythonInterface/mantid/simpleapi.py&#x27;\n\nThe above exception was the direct cause of the following exception:\n\nTraceback (most recent call last):\n  File &quot;/jenkins_workdir/workspace/pull_requests-conda-linux/Framework/PythonInterface/test/python/plugins/algorithms/WorkflowAlgorithms/MolDynTest.py&quot;, line 103, in test_loadSqwWithRes\n    moldyn_group = MolDyn(Data=&#x27;NaF_DISF.cdl&#x27;,\n  File &quot;/jenkins_workdir/workspace/pull_requests-conda-linux/Framework/PythonInterface/mantid/simpleapi.py&quot;, line 1065, in __call__\n    raise RuntimeError(msg) from e\nRuntimeError: MolDyn-v1: ConvolveWorkspaces-v1: ConvolveWorkspaces: error (see log)\n  at line 119 in &#x27;/jenkins_workdir/workspace/pull_requests-conda-linux/Framework/PythonInterface/plugins/algorithms/WorkflowAlgorithms/MolDyn.py&#x27;\n  caused by line 210 in &#x27;/jenkins_workdir/workspace/pull_requests-conda-linux/Framework/PythonInterface/plugins/algorithms/WorkflowAlgorithms/MolDyn.py&#x27;\n  caused by line 1065 in &#x27;/jenkins_workdir/workspace/pull_requests-conda-linux/Framework/PythonInterface/mantid/simpleapi.py&#x27;\n\n----------------------------------------------------------------------\nRan 6 tests in 0.588s\n\nFAILED (errors=1)\n\n          Start  972: DataHandlingTest_SaveCalFileTest\n"
                                    }
                                ]
                            }
                        },
                        "Timeout": {}
                    }
                }
            }
        },
        "1787": {
            "build_name": "1787",
            "is_completed": true,
            "aggregate": {
                "Tested": 2640,
                "Passed": 2640,
                "Flake": 0,
                "Failed": 0,
                "Timeout": 0
            },
            "ctest_runs": {
                "Linux": {
                    "agent_name": "Linux",
                    "is_not_found": false,
                    "outcome_count": {
                        "Tested": 2640,
                        "Passed": 2640,
                        "Flake": 0,
                        "Failed": 0,
                        "Timeout": 0
                    },
                    "outcome_groups": {
                        "Flake": {},
                        "Failed": {},
                        "Timeout": {}
                    }
                }
            }
        },
        "1788": {
            "build_name": "1788",
            "is_completed": true,
            "aggregate": {
                "Tested": 2639,
                "Passed": 2639,
                "Flake": 0,
                "Failed": 0,
                "Timeout": 0
            },
            "ctest_runs": {
                "Linux": {
                    "agent_name": "Linux",
                    "is_not_found": false,
                    "outcome_count": {
                        "Tested": 2639,
                        "Passed": 2639,
                        "Flake": 0,
                        "Failed": 0,
                        "Timeout": 0
                    },
                    "outcome_groups": {
                        "Flake": {},
                        "Failed": {},
                        "Timeout": {}
                    }
                }
            }
        },
        "1789": {
            "build_name": "1789",
            "is_completed": true,
            "aggregate": {
                "Tested": 2639,
                "Passed": 2639,
                "Flake": 0,
                "Failed": 0,
                "Timeout": 0
            },
            "ctest_runs": {
                "Linux": {
                    "agent_name": "Linux",
                    "is_not_found": false,
                    "outcome_count": {
                        "Tested": 2639,
                        "Passed": 2639,
                        "Flake": 0,
                        "Failed": 0,
                        "Timeout": 0
                    },
                    "outcome_groups": {
                        "Flake": {},
                        "Failed": {},
                        "Timeout": {}
                    }
                }
            }
        },
        "1790": {
            "build_name": "1790",
            "is_completed": true,
            "aggregate": {
                "Tested": 2639,
                "Passed": 2639,
                "Flake": 0,
                "Failed": 0,
                "Timeout": 0
            },
            "ctest_runs": {
                "Linux": {
                    "agent_name": "Linux",
                    "is_not_found": false,
                    "outcome_count": {
                        "Tested": 2639,
                        "Passed": 2639,
                        "Flake": 0,
                        "Failed": 0,
                        "Timeout": 0
                    },
                    "outcome_groups": {
                        "Flake": {},
                        "Failed": {},
                        "Timeout": {}
                    }
                }
            }
        },
        "1791": {
            "build_name": "1791",
            "is_completed": true,
            "aggregate": {
                "Tested": 2639,
                "Passed": 2639,
                "Flake": 0,
                "Failed": 0,
                "Timeout": 0
            },
            "ctest_runs": {
                "Linux": {
                    "agent_name": "Linux",
                    "is_not_found": false,
                    "outcome_count": {
                        "Tested": 2639,
                        "Passed": 2639,
                        "Flake": 0,
                        "Failed": 0,
                        "Timeout": 0
                    },
                    "outcome_groups": {
                        "Flake": {},
                        "Failed": {},
                        "Timeout": {}
                    }
                }
            }
        },
        "1792": {
            "build_name": "1792",
            "is_completed": true,
            "aggregate": {
                "Tested": 2640,
                "Passed": 2640,
                "Flake": 0,
                "Failed": 0,
                "Timeout": 0
            },
            "ctest_runs": {
                "Linux": {
                    "agent_name": "Linux",
                    "is_not_found": false,
                    "outcome_count": {
                        "Tested": 2640,
                        "Passed": 2640,
                        "Flake": 0,
                        "Failed": 0,
                        "Timeout": 0
                    },
                    "outcome_groups": {
                        "Flake": {},
                        "Failed": {},
                        "Timeout": {}
                    }
                }
            }
        },
        "1793": {
            "build_name": "1793",
            "is_completed": true,
            "aggregate": {
                "Tested": 2639,
                "Passed": 2638,
                "Flake": 1,
                "Failed": 0,
                "Timeout": 0
            },
            "ctest_runs": {
                "Linux": {
                    "agent_name": "Linux",
                    "is_not_found": false,
                    "outcome_count": {
                        "Tested": 2639,
                        "Passed": 2638,
                        "Flake": 1,
                        "Failed": 0,
                        "Timeout": 0
                    },
                    "outcome_groups": {
                        "Flake": {
                            "AlgorithmsTest_FitPeaksTest": {
                                "test_name": "AlgorithmsTest_FitPeaksTest",
                                "trials": [
                                    {
                                        "trial_num": 1,
                                        "outcome": "Failed",
                                        "test_time": "0.34",
                                        "stack_trace": "FrameworkManager-[Notice] Welcome to Mantid 6.5.20221103.1211\nFrameworkManager-[Notice] Please cite: http://dx.doi.org/10.1016/j.nima.2014.07.029 and this release: http://dx.doi.org/10.5286/Software/Mantid\nRunning 10 tests.Instrument-[Warning] In Instrument::getSource(). No source has been set.\nInstrument-[Warning] In Instrument::getSamplePos(). No SamplePos has been set.\nFitPeaks-[Notice] FitPeaks started\npure virtual method called\n\n********* UNHANDLED EXCEPTION *********\nSegmentation fault\n\n          Start  303: AlgorithmsTest_FitPeaksTest\n"
                                    },
                                    {
                                        "trial_num": 2,
                                        "outcome": "Passed",
                                        "test_time": "3.02",
                                        "stack_trace": ""
                                    }
                                ]
                            }
                        },
                        "Failed": {},
                        "Timeout": {}
                    }
                }
            }
        },
        "1794": {
            "build_name": "1794",
            "is_completed": false,
            "aggregate": {
                "Tested": null,
                "Passed": null,
                "Flake": null,
                "Failed": null,
                "Timeout": null
            },
            "ctest_runs": {
                "Linux": {
                    "agent_name": "Linux",
                    "is_not_found": true,
                    "outcome_count": {
                        "Tested": null,
                        "Passed": null,
                        "Flake": null,
                        "Failed": null,
                        "Timeout": null
                    },
                    "outcome_groups": {}
                }
            }
        }
    }
}