{
    "py/object": "datatable_helper.LTS_Problem_test",
    "data": {
        "python.algorithms.FlakyTest.FlakyTest": {
            "py/object": "datatable_helper.LTS_Problem_test_entry",
            "test_name": "python.algorithms.FlakyTest.FlakyTest",
            "latest_failed_build": "71",
            "agent_name": "linux-gnu",
            "last_failed_outcome": "Flake",
            "past_failed_outcome": {
                "71": "Flake"
            },
            "last_stack_traces": {
                "py/object": "datatable_helper.Problem_test_trial",
                "test_name": "python.algorithms.FlakyTest.FlakyTest",
                "build": "71",
                "agent_name": "linux-gnu",
                "trial": 1,
                "outcome": "Failed",
                "test_time": "0.28",
                "stacktrace": "/jenkins_workdir/workspace/build_packages_from_branch/build/bin/site.py:26: DeprecationWarning: the imp module is deprecated in favour of importlib; see the module&#x27;s documentation for alternative uses\n  import imp  # Avoid import loop in Python 3\nF\n======================================================================\nFAIL: test_flaky (FlakyTest.FlakyTest)\n----------------------------------------------------------------------\nTraceback (most recent call last):\n  File &quot;/jenkins_workdir/workspace/build_packages_from_branch/Framework/PythonInterface/test/python/plugins/algorithms/FlakyTest.py&quot;, line 7, in test_flaky\n    self.assertEqual(rand, 1)\nAssertionError: 0 != 1\n\n----------------------------------------------------------------------\nRan 1 test in 0.004s\n\nFAILED (failures=1)\n\n          Start 1516: python.algorithms.FlakyTest.FlakyTest\n"
            }
        },
        "python.algorithms.FailTest.FailTest": {
            "py/object": "datatable_helper.LTS_Problem_test_entry",
            "test_name": "python.algorithms.FailTest.FailTest",
            "latest_failed_build": "71",
            "agent_name": "linux-gnu",
            "last_failed_outcome": "Failed",
            "past_failed_outcome": {
                "66": "Failed",
                "71": "Failed"
            },
            "last_stack_traces": {
                "py/object": "datatable_helper.Problem_test_trial",
                "test_name": "python.algorithms.FailTest.FailTest",
                "build": "71",
                "agent_name": "linux-gnu",
                "trial": 3,
                "outcome": "Failed",
                "test_time": "0.27",
                "stacktrace": "/jenkins_workdir/workspace/build_packages_from_branch/build/bin/site.py:26: DeprecationWarning: the imp module is deprecated in favour of importlib; see the module&#x27;s documentation for alternative uses\n  import imp  # Avoid import loop in Python 3\nF\n======================================================================\nFAIL: test_fail (FailTest.FailTest)\n----------------------------------------------------------------------\nTraceback (most recent call last):\n  File &quot;/jenkins_workdir/workspace/build_packages_from_branch/Framework/PythonInterface/test/python/plugins/algorithms/FailTest.py&quot;, line 5, in test_fail\n    self.assertEqual(0, 1)\nAssertionError: 0 != 1\n\n----------------------------------------------------------------------\nRan 1 test in 0.000s\n\nFAILED (failures=1)\n\n          Start 2433: MantidQtInterfacesIndirectTestQt5_IndirectFitPlotPresenterTest\n"
            }
        }
    }
}