{
    "data": {
        "python.algorithms.FailTest.FailTest": {
            "test_name": "python.algorithms.FailTest.FailTest",
            "latest_failed_build": "71",
            "agent_name": "darwin17",
            "last_failed_outcome": "Failed",
            "past_failed_outcome": {
                "66": "Failed",
                "71": "Failed"
            },
            "last_stack_traces": {
                "test_name": "python.algorithms.FailTest.FailTest",
                "build": "71",
                "agent_name": "darwin17",
                "trial": 3,
                "outcome": "Failed",
                "test_time": "0.29",
                "stacktrace": "F\n======================================================================\nFAIL: test_fail (FailTest.FailTest)\n----------------------------------------------------------------------\nTraceback (most recent call last):\n  File &quot;/Users/builder/Jenkins/workspace/build_packages_from_branch/Framework/PythonInterface/test/python/plugins/algorithms/FailTest.py&quot;, line 5, in test_fail\n    self.assertEqual(0, 1)\nAssertionError: 0 != 1\n\n----------------------------------------------------------------------\nRan 1 test in 0.001s\n\nFAILED (failures=1)\n\n          Start 1660: python.WorkflowAlgorithms.PolDiffILLReductionTest.PolDiffILLReductionTest\n"
            }
        },
        "python.algorithms.FlakyTest.FlakyTest": {
            "test_name": "python.algorithms.FlakyTest.FlakyTest",
            "latest_failed_build": "66",
            "agent_name": "darwin17",
            "last_failed_outcome": "Flake",
            "past_failed_outcome": {
                "66": "Flake"
            },
            "last_stack_traces": {
                "test_name": "python.algorithms.FlakyTest.FlakyTest",
                "build": "66",
                "agent_name": "darwin17",
                "trial": 2,
                "outcome": "Failed",
                "test_time": "0.33",
                "stacktrace": "F\n======================================================================\nFAIL: test_flaky (FlakyTest.FlakyTest)\n----------------------------------------------------------------------\nTraceback (most recent call last):\n  File &quot;/Users/builder/Jenkins/workspace/build_packages_from_branch/Framework/PythonInterface/test/python/plugins/algorithms/FlakyTest.py&quot;, line 7, in test_flaky\n    self.assertEqual(rand, 1)\nAssertionError: 0 != 1\n\n----------------------------------------------------------------------\nRan 1 test in 0.011s\n\nFAILED (failures=1)\n\n          Start 1516: python.algorithms.FlakyTest.FlakyTest\n"
            }
        }
    }
}