{
    "py/object": "data_object.Builds_collection",
    "data": {
        "59": {
            "py/object": "data_object.Build",
            "build_name": "59",
            "is_completed": false,
            "aggregate": {
                "Tested": null,
                "Passed": null,
                "Flake": null,
                "Failed": null,
                "Timeout": null
            },
            "ctest_runs": {
                "darwin17": {
                    "py/object": "data_object.Ctest_run",
                    "agent_name": "darwin17",
                    "is_not_found": true,
                    "outcome_count": {
                        "Tested": null,
                        "Passed": null,
                        "Flake": null,
                        "Failed": null,
                        "Timeout": null
                    },
                    "outcome_groups": {}
                },
                "linux-gnu": {
                    "py/object": "data_object.Ctest_run",
                    "agent_name": "linux-gnu",
                    "is_not_found": true,
                    "outcome_count": {
                        "Tested": null,
                        "Passed": null,
                        "Flake": null,
                        "Failed": null,
                        "Timeout": null
                    },
                    "outcome_groups": {}
                },
                "msys": {
                    "py/object": "data_object.Ctest_run",
                    "agent_name": "msys",
                    "is_not_found": true,
                    "outcome_count": {
                        "Tested": null,
                        "Passed": null,
                        "Flake": null,
                        "Failed": null,
                        "Timeout": null
                    },
                    "outcome_groups": {}
                }
            }
        },
        "60": {
            "py/object": "data_object.Build",
            "build_name": "60",
            "is_completed": false,
            "aggregate": {
                "Tested": null,
                "Passed": null,
                "Flake": null,
                "Failed": null,
                "Timeout": null
            },
            "ctest_runs": {
                "darwin17": {
                    "py/object": "data_object.Ctest_run",
                    "agent_name": "darwin17",
                    "is_not_found": true,
                    "outcome_count": {
                        "Tested": null,
                        "Passed": null,
                        "Flake": null,
                        "Failed": null,
                        "Timeout": null
                    },
                    "outcome_groups": {}
                },
                "linux-gnu": {
                    "py/object": "data_object.Ctest_run",
                    "agent_name": "linux-gnu",
                    "is_not_found": true,
                    "outcome_count": {
                        "Tested": null,
                        "Passed": null,
                        "Flake": null,
                        "Failed": null,
                        "Timeout": null
                    },
                    "outcome_groups": {}
                },
                "msys": {
                    "py/object": "data_object.Ctest_run",
                    "agent_name": "msys",
                    "is_not_found": true,
                    "outcome_count": {
                        "Tested": null,
                        "Passed": null,
                        "Flake": null,
                        "Failed": null,
                        "Timeout": null
                    },
                    "outcome_groups": {}
                }
            }
        },
        "61": {
            "py/object": "data_object.Build",
            "build_name": "61",
            "is_completed": false,
            "aggregate": {
                "Tested": null,
                "Passed": null,
                "Flake": null,
                "Failed": null,
                "Timeout": null
            },
            "ctest_runs": {
                "darwin17": {
                    "py/object": "data_object.Ctest_run",
                    "agent_name": "darwin17",
                    "is_not_found": true,
                    "outcome_count": {
                        "Tested": null,
                        "Passed": null,
                        "Flake": null,
                        "Failed": null,
                        "Timeout": null
                    },
                    "outcome_groups": {}
                },
                "linux-gnu": {
                    "py/object": "data_object.Ctest_run",
                    "agent_name": "linux-gnu",
                    "is_not_found": true,
                    "outcome_count": {
                        "Tested": null,
                        "Passed": null,
                        "Flake": null,
                        "Failed": null,
                        "Timeout": null
                    },
                    "outcome_groups": {}
                },
                "msys": {
                    "py/object": "data_object.Ctest_run",
                    "agent_name": "msys",
                    "is_not_found": true,
                    "outcome_count": {
                        "Tested": null,
                        "Passed": null,
                        "Flake": null,
                        "Failed": null,
                        "Timeout": null
                    },
                    "outcome_groups": {}
                }
            }
        },
        "62": {
            "py/object": "data_object.Build",
            "build_name": "62",
            "is_completed": false,
            "aggregate": {
                "Tested": null,
                "Passed": null,
                "Flake": null,
                "Failed": null,
                "Timeout": null
            },
            "ctest_runs": {
                "darwin17": {
                    "py/object": "data_object.Ctest_run",
                    "agent_name": "darwin17",
                    "is_not_found": true,
                    "outcome_count": {
                        "Tested": null,
                        "Passed": null,
                        "Flake": null,
                        "Failed": null,
                        "Timeout": null
                    },
                    "outcome_groups": {}
                },
                "linux-gnu": {
                    "py/object": "data_object.Ctest_run",
                    "agent_name": "linux-gnu",
                    "is_not_found": true,
                    "outcome_count": {
                        "Tested": null,
                        "Passed": null,
                        "Flake": null,
                        "Failed": null,
                        "Timeout": null
                    },
                    "outcome_groups": {}
                },
                "msys": {
                    "py/object": "data_object.Ctest_run",
                    "agent_name": "msys",
                    "is_not_found": true,
                    "outcome_count": {
                        "Tested": null,
                        "Passed": null,
                        "Flake": null,
                        "Failed": null,
                        "Timeout": null
                    },
                    "outcome_groups": {}
                }
            }
        },
        "63": {
            "py/object": "data_object.Build",
            "build_name": "63",
            "is_completed": false,
            "aggregate": {
                "Tested": null,
                "Passed": null,
                "Flake": null,
                "Failed": null,
                "Timeout": null
            },
            "ctest_runs": {
                "darwin17": {
                    "py/object": "data_object.Ctest_run",
                    "agent_name": "darwin17",
                    "is_not_found": true,
                    "outcome_count": {
                        "Tested": null,
                        "Passed": null,
                        "Flake": null,
                        "Failed": null,
                        "Timeout": null
                    },
                    "outcome_groups": {}
                },
                "linux-gnu": {
                    "py/object": "data_object.Ctest_run",
                    "agent_name": "linux-gnu",
                    "is_not_found": true,
                    "outcome_count": {
                        "Tested": null,
                        "Passed": null,
                        "Flake": null,
                        "Failed": null,
                        "Timeout": null
                    },
                    "outcome_groups": {}
                },
                "msys": {
                    "py/object": "data_object.Ctest_run",
                    "agent_name": "msys",
                    "is_not_found": true,
                    "outcome_count": {
                        "Tested": null,
                        "Passed": null,
                        "Flake": null,
                        "Failed": null,
                        "Timeout": null
                    },
                    "outcome_groups": {}
                }
            }
        },
        "64": {
            "py/object": "data_object.Build",
            "build_name": "64",
            "is_completed": false,
            "aggregate": {
                "Tested": null,
                "Passed": null,
                "Flake": null,
                "Failed": null,
                "Timeout": null
            },
            "ctest_runs": {
                "darwin17": {
                    "py/object": "data_object.Ctest_run",
                    "agent_name": "darwin17",
                    "is_not_found": true,
                    "outcome_count": {
                        "Tested": null,
                        "Passed": null,
                        "Flake": null,
                        "Failed": null,
                        "Timeout": null
                    },
                    "outcome_groups": {}
                },
                "linux-gnu": {
                    "py/object": "data_object.Ctest_run",
                    "agent_name": "linux-gnu",
                    "is_not_found": true,
                    "outcome_count": {
                        "Tested": null,
                        "Passed": null,
                        "Flake": null,
                        "Failed": null,
                        "Timeout": null
                    },
                    "outcome_groups": {}
                },
                "msys": {
                    "py/object": "data_object.Ctest_run",
                    "agent_name": "msys",
                    "is_not_found": true,
                    "outcome_count": {
                        "Tested": null,
                        "Passed": null,
                        "Flake": null,
                        "Failed": null,
                        "Timeout": null
                    },
                    "outcome_groups": {}
                }
            }
        },
        "65": {
            "py/object": "data_object.Build",
            "build_name": "65",
            "is_completed": false,
            "aggregate": {
                "Tested": null,
                "Passed": null,
                "Flake": null,
                "Failed": null,
                "Timeout": null
            },
            "ctest_runs": {
                "darwin17": {
                    "py/object": "data_object.Ctest_run",
                    "agent_name": "darwin17",
                    "is_not_found": true,
                    "outcome_count": {
                        "Tested": null,
                        "Passed": null,
                        "Flake": null,
                        "Failed": null,
                        "Timeout": null
                    },
                    "outcome_groups": {}
                },
                "linux-gnu": {
                    "py/object": "data_object.Ctest_run",
                    "agent_name": "linux-gnu",
                    "is_not_found": true,
                    "outcome_count": {
                        "Tested": null,
                        "Passed": null,
                        "Flake": null,
                        "Failed": null,
                        "Timeout": null
                    },
                    "outcome_groups": {}
                },
                "msys": {
                    "py/object": "data_object.Ctest_run",
                    "agent_name": "msys",
                    "is_not_found": true,
                    "outcome_count": {
                        "Tested": null,
                        "Passed": null,
                        "Flake": null,
                        "Failed": null,
                        "Timeout": null
                    },
                    "outcome_groups": {}
                }
            }
        },
        "66": {
            "py/object": "data_object.Build",
            "build_name": "66",
            "is_completed": true,
            "aggregate": {
                "Tested": 7912,
                "Passed": 7908,
                "Flake": 1,
                "Failed": 3,
                "Timeout": 0
            },
            "ctest_runs": {
                "darwin17": {
                    "py/object": "data_object.Ctest_run",
                    "agent_name": "darwin17",
                    "is_not_found": false,
                    "outcome_count": {
                        "Tested": 2637,
                        "Passed": 2635,
                        "Flake": 1,
                        "Failed": 1,
                        "Timeout": 0
                    },
                    "outcome_groups": {
                        "Flake": {
                            "python.algorithms.FlakyTest.FlakyTest": {
                                "py/object": "data_object.Ctest_test",
                                "test_name": "python.algorithms.FlakyTest.FlakyTest",
                                "trials": [
                                    {
                                        "py/object": "data_object.Ctest_test_trial",
                                        "trial_num": 1,
                                        "outcome": "Failed",
                                        "test_time": "0.34",
                                        "stack_trace": "F\n======================================================================\nFAIL: test_flaky (FlakyTest.FlakyTest)\n----------------------------------------------------------------------\nTraceback (most recent call last):\n  File &quot;/Users/builder/Jenkins/workspace/build_packages_from_branch/Framework/PythonInterface/test/python/plugins/algorithms/FlakyTest.py&quot;, line 7, in test_flaky\n    self.assertEqual(rand, 1)\nAssertionError: 0 != 1\n\n----------------------------------------------------------------------\nRan 1 test in 0.011s\n\nFAILED (failures=1)\n\n          Start 1516: python.algorithms.FlakyTest.FlakyTest\n"
                                    },
                                    {
                                        "py/object": "data_object.Ctest_test_trial",
                                        "trial_num": 2,
                                        "outcome": "Failed",
                                        "test_time": "0.33",
                                        "stack_trace": "F\n======================================================================\nFAIL: test_flaky (FlakyTest.FlakyTest)\n----------------------------------------------------------------------\nTraceback (most recent call last):\n  File &quot;/Users/builder/Jenkins/workspace/build_packages_from_branch/Framework/PythonInterface/test/python/plugins/algorithms/FlakyTest.py&quot;, line 7, in test_flaky\n    self.assertEqual(rand, 1)\nAssertionError: 0 != 1\n\n----------------------------------------------------------------------\nRan 1 test in 0.011s\n\nFAILED (failures=1)\n\n          Start 1516: python.algorithms.FlakyTest.FlakyTest\n"
                                    },
                                    {
                                        "py/object": "data_object.Ctest_test_trial",
                                        "trial_num": 3,
                                        "outcome": "Passed",
                                        "test_time": "0.33",
                                        "stack_trace": ""
                                    }
                                ]
                            }
                        },
                        "Failed": {
                            "python.algorithms.FailTest.FailTest": {
                                "py/object": "data_object.Ctest_test",
                                "test_name": "python.algorithms.FailTest.FailTest",
                                "trials": [
                                    {
                                        "py/object": "data_object.Ctest_test_trial",
                                        "trial_num": 1,
                                        "outcome": "Failed",
                                        "test_time": "0.31",
                                        "stack_trace": "F\n======================================================================\nFAIL: test_fail (FailTest.FailTest)\n----------------------------------------------------------------------\nTraceback (most recent call last):\n  File &quot;/Users/builder/Jenkins/workspace/build_packages_from_branch/Framework/PythonInterface/test/python/plugins/algorithms/FailTest.py&quot;, line 5, in test_fail\n    self.assertEqual(0, 1)\nAssertionError: 0 != 1\n\n----------------------------------------------------------------------\nRan 1 test in 0.001s\n\nFAILED (failures=1)\n\n          Start 1510: python.algorithms.FailTest.FailTest\n"
                                    },
                                    {
                                        "py/object": "data_object.Ctest_test_trial",
                                        "trial_num": 2,
                                        "outcome": "Failed",
                                        "test_time": "0.30",
                                        "stack_trace": "F\n======================================================================\nFAIL: test_fail (FailTest.FailTest)\n----------------------------------------------------------------------\nTraceback (most recent call last):\n  File &quot;/Users/builder/Jenkins/workspace/build_packages_from_branch/Framework/PythonInterface/test/python/plugins/algorithms/FailTest.py&quot;, line 5, in test_fail\n    self.assertEqual(0, 1)\nAssertionError: 0 != 1\n\n----------------------------------------------------------------------\nRan 1 test in 0.001s\n\nFAILED (failures=1)\n\n          Start 1510: python.algorithms.FailTest.FailTest\n"
                                    },
                                    {
                                        "py/object": "data_object.Ctest_test_trial",
                                        "trial_num": 3,
                                        "outcome": "Failed",
                                        "test_time": "0.32",
                                        "stack_trace": "F\n======================================================================\nFAIL: test_fail (FailTest.FailTest)\n----------------------------------------------------------------------\nTraceback (most recent call last):\n  File &quot;/Users/builder/Jenkins/workspace/build_packages_from_branch/Framework/PythonInterface/test/python/plugins/algorithms/FailTest.py&quot;, line 5, in test_fail\n    self.assertEqual(0, 1)\nAssertionError: 0 != 1\n\n----------------------------------------------------------------------\nRan 1 test in 0.001s\n\nFAILED (failures=1)\n\n          Start 2041: mantidqt_qt5.test_codeeditor_tab_view.test_codeeditor_tab_view\n"
                                    }
                                ]
                            }
                        },
                        "Timeout": {}
                    }
                },
                "linux-gnu": {
                    "py/object": "data_object.Ctest_run",
                    "agent_name": "linux-gnu",
                    "is_not_found": false,
                    "outcome_count": {
                        "Tested": 2637,
                        "Passed": 2636,
                        "Flake": 0,
                        "Failed": 1,
                        "Timeout": 0
                    },
                    "outcome_groups": {
                        "Flake": {},
                        "Failed": {
                            "python.algorithms.FailTest.FailTest": {
                                "py/object": "data_object.Ctest_test",
                                "test_name": "python.algorithms.FailTest.FailTest",
                                "trials": [
                                    {
                                        "py/object": "data_object.Ctest_test_trial",
                                        "trial_num": 1,
                                        "outcome": "Failed",
                                        "test_time": "0.17",
                                        "stack_trace": "/jenkins_workdir/workspace/build_packages_from_branch/build/bin/site.py:26: DeprecationWarning: the imp module is deprecated in favour of importlib; see the module&#x27;s documentation for alternative uses\n  import imp  # Avoid import loop in Python 3\nF\n======================================================================\nFAIL: test_fail (FailTest.FailTest)\n----------------------------------------------------------------------\nTraceback (most recent call last):\n  File &quot;/jenkins_workdir/workspace/build_packages_from_branch/Framework/PythonInterface/test/python/plugins/algorithms/FailTest.py&quot;, line 5, in test_fail\n    self.assertEqual(0, 1)\nAssertionError: 0 != 1\n\n----------------------------------------------------------------------\nRan 1 test in 0.000s\n\nFAILED (failures=1)\n\n          Start 1510: python.algorithms.FailTest.FailTest\n"
                                    },
                                    {
                                        "py/object": "data_object.Ctest_test_trial",
                                        "trial_num": 2,
                                        "outcome": "Failed",
                                        "test_time": "0.21",
                                        "stack_trace": "/jenkins_workdir/workspace/build_packages_from_branch/build/bin/site.py:26: DeprecationWarning: the imp module is deprecated in favour of importlib; see the module&#x27;s documentation for alternative uses\n  import imp  # Avoid import loop in Python 3\nF\n======================================================================\nFAIL: test_fail (FailTest.FailTest)\n----------------------------------------------------------------------\nTraceback (most recent call last):\n  File &quot;/jenkins_workdir/workspace/build_packages_from_branch/Framework/PythonInterface/test/python/plugins/algorithms/FailTest.py&quot;, line 5, in test_fail\n    self.assertEqual(0, 1)\nAssertionError: 0 != 1\n\n----------------------------------------------------------------------\nRan 1 test in 0.000s\n\nFAILED (failures=1)\n\n          Start 1510: python.algorithms.FailTest.FailTest\n"
                                    },
                                    {
                                        "py/object": "data_object.Ctest_test_trial",
                                        "trial_num": 3,
                                        "outcome": "Failed",
                                        "test_time": "0.28",
                                        "stack_trace": "/jenkins_workdir/workspace/build_packages_from_branch/build/bin/site.py:26: DeprecationWarning: the imp module is deprecated in favour of importlib; see the module&#x27;s documentation for alternative uses\n  import imp  # Avoid import loop in Python 3\nF\n======================================================================\nFAIL: test_fail (FailTest.FailTest)\n----------------------------------------------------------------------\nTraceback (most recent call last):\n  File &quot;/jenkins_workdir/workspace/build_packages_from_branch/Framework/PythonInterface/test/python/plugins/algorithms/FailTest.py&quot;, line 5, in test_fail\n    self.assertEqual(0, 1)\nAssertionError: 0 != 1\n\n----------------------------------------------------------------------\nRan 1 test in 0.013s\n\nFAILED (failures=1)\n\n          Start  134: KernelTest_UtilsTest\n"
                                    }
                                ]
                            }
                        },
                        "Timeout": {}
                    }
                },
                "msys": {
                    "py/object": "data_object.Ctest_run",
                    "agent_name": "msys",
                    "is_not_found": false,
                    "outcome_count": {
                        "Tested": 2638,
                        "Passed": 2637,
                        "Flake": 0,
                        "Failed": 1,
                        "Timeout": 0
                    },
                    "outcome_groups": {
                        "Flake": {},
                        "Failed": {
                            "python.algorithms.FailTest.FailTest": {
                                "py/object": "data_object.Ctest_test",
                                "test_name": "python.algorithms.FailTest.FailTest",
                                "trials": [
                                    {
                                        "py/object": "data_object.Ctest_test_trial",
                                        "trial_num": 1,
                                        "outcome": "Failed",
                                        "test_time": "3.74",
                                        "stack_trace": "F\r\n======================================================================\r\nFAIL: test_fail (FailTest.FailTest)\r\n----------------------------------------------------------------------\r\nTraceback (most recent call last):\r\n  File &quot;C:/Jenkins/workspace/build_packages_from_branch/Framework/PythonInterface/test/python/plugins/algorithms/FailTest.py&quot;, line 5, in test_fail\r\n    self.assertEqual(0, 1)\r\nAssertionError: 0 != 1\r\n\r\n----------------------------------------------------------------------\r\nRan 1 test in 0.001s\r\n\r\nFAILED (failures=1)\r\n\r\n          Start 1511: python.algorithms.FailTest.FailTest\r\n"
                                    },
                                    {
                                        "py/object": "data_object.Ctest_test_trial",
                                        "trial_num": 2,
                                        "outcome": "Failed",
                                        "test_time": "2.42",
                                        "stack_trace": "F\r\n======================================================================\r\nFAIL: test_fail (FailTest.FailTest)\r\n----------------------------------------------------------------------\r\nTraceback (most recent call last):\r\n  File &quot;C:/Jenkins/workspace/build_packages_from_branch/Framework/PythonInterface/test/python/plugins/algorithms/FailTest.py&quot;, line 5, in test_fail\r\n    self.assertEqual(0, 1)\r\nAssertionError: 0 != 1\r\n\r\n----------------------------------------------------------------------\r\nRan 1 test in 0.001s\r\n\r\nFAILED (failures=1)\r\n\r\n          Start 1511: python.algorithms.FailTest.FailTest\r\n"
                                    },
                                    {
                                        "py/object": "data_object.Ctest_test_trial",
                                        "trial_num": 3,
                                        "outcome": "Failed",
                                        "test_time": "2.29",
                                        "stack_trace": "F\r\n======================================================================\r\nFAIL: test_fail (FailTest.FailTest)\r\n----------------------------------------------------------------------\r\nTraceback (most recent call last):\r\n  File &quot;C:/Jenkins/workspace/build_packages_from_branch/Framework/PythonInterface/test/python/plugins/algorithms/FailTest.py&quot;, line 5, in test_fail\r\n    self.assertEqual(0, 1)\r\nAssertionError: 0 != 1\r\n\r\n----------------------------------------------------------------------\r\nRan 1 test in 0.002s\r\n\r\nFAILED (failures=1)\r\n\r\n          Start  207: AlgorithmsTest_CompareWorkspacesTest\r\n"
                                    }
                                ]
                            }
                        },
                        "Timeout": {}
                    }
                }
            }
        },
        "67": {
            "py/object": "data_object.Build",
            "build_name": "67",
            "is_completed": false,
            "aggregate": {
                "Tested": null,
                "Passed": null,
                "Flake": null,
                "Failed": null,
                "Timeout": null
            },
            "ctest_runs": {
                "darwin17": {
                    "py/object": "data_object.Ctest_run",
                    "agent_name": "darwin17",
                    "is_not_found": true,
                    "outcome_count": {
                        "Tested": null,
                        "Passed": null,
                        "Flake": null,
                        "Failed": null,
                        "Timeout": null
                    },
                    "outcome_groups": {}
                },
                "linux-gnu": {
                    "py/object": "data_object.Ctest_run",
                    "agent_name": "linux-gnu",
                    "is_not_found": true,
                    "outcome_count": {
                        "Tested": null,
                        "Passed": null,
                        "Flake": null,
                        "Failed": null,
                        "Timeout": null
                    },
                    "outcome_groups": {}
                },
                "msys": {
                    "py/object": "data_object.Ctest_run",
                    "agent_name": "msys",
                    "is_not_found": true,
                    "outcome_count": {
                        "Tested": null,
                        "Passed": null,
                        "Flake": null,
                        "Failed": null,
                        "Timeout": null
                    },
                    "outcome_groups": {}
                }
            }
        },
        "68": {
            "py/object": "data_object.Build",
            "build_name": "68",
            "is_completed": false,
            "aggregate": {
                "Tested": null,
                "Passed": null,
                "Flake": null,
                "Failed": null,
                "Timeout": null
            },
            "ctest_runs": {
                "darwin17": {
                    "py/object": "data_object.Ctest_run",
                    "agent_name": "darwin17",
                    "is_not_found": true,
                    "outcome_count": {
                        "Tested": null,
                        "Passed": null,
                        "Flake": null,
                        "Failed": null,
                        "Timeout": null
                    },
                    "outcome_groups": {}
                },
                "linux-gnu": {
                    "py/object": "data_object.Ctest_run",
                    "agent_name": "linux-gnu",
                    "is_not_found": true,
                    "outcome_count": {
                        "Tested": null,
                        "Passed": null,
                        "Flake": null,
                        "Failed": null,
                        "Timeout": null
                    },
                    "outcome_groups": {}
                },
                "msys": {
                    "py/object": "data_object.Ctest_run",
                    "agent_name": "msys",
                    "is_not_found": true,
                    "outcome_count": {
                        "Tested": null,
                        "Passed": null,
                        "Flake": null,
                        "Failed": null,
                        "Timeout": null
                    },
                    "outcome_groups": {}
                }
            }
        },
        "69": {
            "py/object": "data_object.Build",
            "build_name": "69",
            "is_completed": false,
            "aggregate": {
                "Tested": null,
                "Passed": null,
                "Flake": null,
                "Failed": null,
                "Timeout": null
            },
            "ctest_runs": {
                "darwin17": {
                    "py/object": "data_object.Ctest_run",
                    "agent_name": "darwin17",
                    "is_not_found": true,
                    "outcome_count": {
                        "Tested": null,
                        "Passed": null,
                        "Flake": null,
                        "Failed": null,
                        "Timeout": null
                    },
                    "outcome_groups": {}
                },
                "linux-gnu": {
                    "py/object": "data_object.Ctest_run",
                    "agent_name": "linux-gnu",
                    "is_not_found": true,
                    "outcome_count": {
                        "Tested": null,
                        "Passed": null,
                        "Flake": null,
                        "Failed": null,
                        "Timeout": null
                    },
                    "outcome_groups": {}
                },
                "msys": {
                    "py/object": "data_object.Ctest_run",
                    "agent_name": "msys",
                    "is_not_found": true,
                    "outcome_count": {
                        "Tested": null,
                        "Passed": null,
                        "Flake": null,
                        "Failed": null,
                        "Timeout": null
                    },
                    "outcome_groups": {}
                }
            }
        },
        "70": {
            "py/object": "data_object.Build",
            "build_name": "70",
            "is_completed": false,
            "aggregate": {
                "Tested": null,
                "Passed": null,
                "Flake": null,
                "Failed": null,
                "Timeout": null
            },
            "ctest_runs": {
                "darwin17": {
                    "py/object": "data_object.Ctest_run",
                    "agent_name": "darwin17",
                    "is_not_found": true,
                    "outcome_count": {
                        "Tested": null,
                        "Passed": null,
                        "Flake": null,
                        "Failed": null,
                        "Timeout": null
                    },
                    "outcome_groups": {}
                },
                "linux-gnu": {
                    "py/object": "data_object.Ctest_run",
                    "agent_name": "linux-gnu",
                    "is_not_found": true,
                    "outcome_count": {
                        "Tested": null,
                        "Passed": null,
                        "Flake": null,
                        "Failed": null,
                        "Timeout": null
                    },
                    "outcome_groups": {}
                },
                "msys": {
                    "py/object": "data_object.Ctest_run",
                    "agent_name": "msys",
                    "is_not_found": true,
                    "outcome_count": {
                        "Tested": null,
                        "Passed": null,
                        "Flake": null,
                        "Failed": null,
                        "Timeout": null
                    },
                    "outcome_groups": {}
                }
            }
        },
        "71": {
            "py/object": "data_object.Build",
            "build_name": "71",
            "is_completed": true,
            "aggregate": {
                "Tested": 7912,
                "Passed": 7907,
                "Flake": 2,
                "Failed": 3,
                "Timeout": 0
            },
            "ctest_runs": {
                "darwin17": {
                    "py/object": "data_object.Ctest_run",
                    "agent_name": "darwin17",
                    "is_not_found": false,
                    "outcome_count": {
                        "Tested": 2637,
                        "Passed": 2636,
                        "Flake": 0,
                        "Failed": 1,
                        "Timeout": 0
                    },
                    "outcome_groups": {
                        "Flake": {},
                        "Failed": {
                            "python.algorithms.FailTest.FailTest": {
                                "py/object": "data_object.Ctest_test",
                                "test_name": "python.algorithms.FailTest.FailTest",
                                "trials": [
                                    {
                                        "py/object": "data_object.Ctest_test_trial",
                                        "trial_num": 1,
                                        "outcome": "Failed",
                                        "test_time": "0.29",
                                        "stack_trace": "F\n======================================================================\nFAIL: test_fail (FailTest.FailTest)\n----------------------------------------------------------------------\nTraceback (most recent call last):\n  File &quot;/Users/builder/Jenkins/workspace/build_packages_from_branch/Framework/PythonInterface/test/python/plugins/algorithms/FailTest.py&quot;, line 5, in test_fail\n    self.assertEqual(0, 1)\nAssertionError: 0 != 1\n\n----------------------------------------------------------------------\nRan 1 test in 0.001s\n\nFAILED (failures=1)\n\n          Start 1510: python.algorithms.FailTest.FailTest\n"
                                    },
                                    {
                                        "py/object": "data_object.Ctest_test_trial",
                                        "trial_num": 2,
                                        "outcome": "Failed",
                                        "test_time": "0.29",
                                        "stack_trace": "F\n======================================================================\nFAIL: test_fail (FailTest.FailTest)\n----------------------------------------------------------------------\nTraceback (most recent call last):\n  File &quot;/Users/builder/Jenkins/workspace/build_packages_from_branch/Framework/PythonInterface/test/python/plugins/algorithms/FailTest.py&quot;, line 5, in test_fail\n    self.assertEqual(0, 1)\nAssertionError: 0 != 1\n\n----------------------------------------------------------------------\nRan 1 test in 0.001s\n\nFAILED (failures=1)\n\n          Start 1510: python.algorithms.FailTest.FailTest\n"
                                    },
                                    {
                                        "py/object": "data_object.Ctest_test_trial",
                                        "trial_num": 3,
                                        "outcome": "Failed",
                                        "test_time": "0.29",
                                        "stack_trace": "F\n======================================================================\nFAIL: test_fail (FailTest.FailTest)\n----------------------------------------------------------------------\nTraceback (most recent call last):\n  File &quot;/Users/builder/Jenkins/workspace/build_packages_from_branch/Framework/PythonInterface/test/python/plugins/algorithms/FailTest.py&quot;, line 5, in test_fail\n    self.assertEqual(0, 1)\nAssertionError: 0 != 1\n\n----------------------------------------------------------------------\nRan 1 test in 0.001s\n\nFAILED (failures=1)\n\n          Start 1660: python.WorkflowAlgorithms.PolDiffILLReductionTest.PolDiffILLReductionTest\n"
                                    }
                                ]
                            }
                        },
                        "Timeout": {}
                    }
                },
                "linux-gnu": {
                    "py/object": "data_object.Ctest_run",
                    "agent_name": "linux-gnu",
                    "is_not_found": false,
                    "outcome_count": {
                        "Tested": 2637,
                        "Passed": 2635,
                        "Flake": 1,
                        "Failed": 1,
                        "Timeout": 0
                    },
                    "outcome_groups": {
                        "Flake": {
                            "python.algorithms.FlakyTest.FlakyTest": {
                                "py/object": "data_object.Ctest_test",
                                "test_name": "python.algorithms.FlakyTest.FlakyTest",
                                "trials": [
                                    {
                                        "py/object": "data_object.Ctest_test_trial",
                                        "trial_num": 1,
                                        "outcome": "Failed",
                                        "test_time": "0.28",
                                        "stack_trace": "/jenkins_workdir/workspace/build_packages_from_branch/build/bin/site.py:26: DeprecationWarning: the imp module is deprecated in favour of importlib; see the module&#x27;s documentation for alternative uses\n  import imp  # Avoid import loop in Python 3\nF\n======================================================================\nFAIL: test_flaky (FlakyTest.FlakyTest)\n----------------------------------------------------------------------\nTraceback (most recent call last):\n  File &quot;/jenkins_workdir/workspace/build_packages_from_branch/Framework/PythonInterface/test/python/plugins/algorithms/FlakyTest.py&quot;, line 7, in test_flaky\n    self.assertEqual(rand, 1)\nAssertionError: 0 != 1\n\n----------------------------------------------------------------------\nRan 1 test in 0.004s\n\nFAILED (failures=1)\n\n          Start 1516: python.algorithms.FlakyTest.FlakyTest\n"
                                    },
                                    {
                                        "py/object": "data_object.Ctest_test_trial",
                                        "trial_num": 2,
                                        "outcome": "Passed",
                                        "test_time": "0.31",
                                        "stack_trace": ""
                                    }
                                ]
                            }
                        },
                        "Failed": {
                            "python.algorithms.FailTest.FailTest": {
                                "py/object": "data_object.Ctest_test",
                                "test_name": "python.algorithms.FailTest.FailTest",
                                "trials": [
                                    {
                                        "py/object": "data_object.Ctest_test_trial",
                                        "trial_num": 1,
                                        "outcome": "Failed",
                                        "test_time": "0.30",
                                        "stack_trace": "/jenkins_workdir/workspace/build_packages_from_branch/build/bin/site.py:26: DeprecationWarning: the imp module is deprecated in favour of importlib; see the module&#x27;s documentation for alternative uses\n  import imp  # Avoid import loop in Python 3\nF\n======================================================================\nFAIL: test_fail (FailTest.FailTest)\n----------------------------------------------------------------------\nTraceback (most recent call last):\n  File &quot;/jenkins_workdir/workspace/build_packages_from_branch/Framework/PythonInterface/test/python/plugins/algorithms/FailTest.py&quot;, line 5, in test_fail\n    self.assertEqual(0, 1)\nAssertionError: 0 != 1\n\n----------------------------------------------------------------------\nRan 1 test in 0.000s\n\nFAILED (failures=1)\n\n          Start 1510: python.algorithms.FailTest.FailTest\n"
                                    },
                                    {
                                        "py/object": "data_object.Ctest_test_trial",
                                        "trial_num": 2,
                                        "outcome": "Failed",
                                        "test_time": "0.37",
                                        "stack_trace": "/jenkins_workdir/workspace/build_packages_from_branch/build/bin/site.py:26: DeprecationWarning: the imp module is deprecated in favour of importlib; see the module&#x27;s documentation for alternative uses\n  import imp  # Avoid import loop in Python 3\nF\n======================================================================\nFAIL: test_fail (FailTest.FailTest)\n----------------------------------------------------------------------\nTraceback (most recent call last):\n  File &quot;/jenkins_workdir/workspace/build_packages_from_branch/Framework/PythonInterface/test/python/plugins/algorithms/FailTest.py&quot;, line 5, in test_fail\n    self.assertEqual(0, 1)\nAssertionError: 0 != 1\n\n----------------------------------------------------------------------\nRan 1 test in 0.000s\n\nFAILED (failures=1)\n\n          Start 1510: python.algorithms.FailTest.FailTest\n"
                                    },
                                    {
                                        "py/object": "data_object.Ctest_test_trial",
                                        "trial_num": 3,
                                        "outcome": "Failed",
                                        "test_time": "0.27",
                                        "stack_trace": "/jenkins_workdir/workspace/build_packages_from_branch/build/bin/site.py:26: DeprecationWarning: the imp module is deprecated in favour of importlib; see the module&#x27;s documentation for alternative uses\n  import imp  # Avoid import loop in Python 3\nF\n======================================================================\nFAIL: test_fail (FailTest.FailTest)\n----------------------------------------------------------------------\nTraceback (most recent call last):\n  File &quot;/jenkins_workdir/workspace/build_packages_from_branch/Framework/PythonInterface/test/python/plugins/algorithms/FailTest.py&quot;, line 5, in test_fail\n    self.assertEqual(0, 1)\nAssertionError: 0 != 1\n\n----------------------------------------------------------------------\nRan 1 test in 0.000s\n\nFAILED (failures=1)\n\n          Start 2433: MantidQtInterfacesIndirectTestQt5_IndirectFitPlotPresenterTest\n"
                                    }
                                ]
                            }
                        },
                        "Timeout": {}
                    }
                },
                "msys": {
                    "py/object": "data_object.Ctest_run",
                    "agent_name": "msys",
                    "is_not_found": false,
                    "outcome_count": {
                        "Tested": 2638,
                        "Passed": 2636,
                        "Flake": 1,
                        "Failed": 1,
                        "Timeout": 0
                    },
                    "outcome_groups": {
                        "Flake": {
                            "python.algorithms.FlakyTest.FlakyTest": {
                                "py/object": "data_object.Ctest_test",
                                "test_name": "python.algorithms.FlakyTest.FlakyTest",
                                "trials": [
                                    {
                                        "py/object": "data_object.Ctest_test_trial",
                                        "trial_num": 1,
                                        "outcome": "Failed",
                                        "test_time": "2.21",
                                        "stack_trace": "F\r\n======================================================================\r\nFAIL: test_flaky (FlakyTest.FlakyTest)\r\n----------------------------------------------------------------------\r\nTraceback (most recent call last):\r\n  File &quot;C:/Jenkins/workspace/build_packages_from_branch/Framework/PythonInterface/test/python/plugins/algorithms/FlakyTest.py&quot;, line 7, in test_flaky\r\n    self.assertEqual(rand, 1)\r\nAssertionError: 0 != 1\r\n\r\n----------------------------------------------------------------------\r\nRan 1 test in 0.001s\r\n\r\nFAILED (failures=1)\r\n\r\n          Start 1517: python.algorithms.FlakyTest.FlakyTest\r\n"
                                    },
                                    {
                                        "py/object": "data_object.Ctest_test_trial",
                                        "trial_num": 2,
                                        "outcome": "Passed",
                                        "test_time": "1.88",
                                        "stack_trace": ""
                                    }
                                ]
                            }
                        },
                        "Failed": {
                            "python.algorithms.FailTest.FailTest": {
                                "py/object": "data_object.Ctest_test",
                                "test_name": "python.algorithms.FailTest.FailTest",
                                "trials": [
                                    {
                                        "py/object": "data_object.Ctest_test_trial",
                                        "trial_num": 1,
                                        "outcome": "Failed",
                                        "test_time": "1.61",
                                        "stack_trace": "F\r\n======================================================================\r\nFAIL: test_fail (FailTest.FailTest)\r\n----------------------------------------------------------------------\r\nTraceback (most recent call last):\r\n  File &quot;C:/Jenkins/workspace/build_packages_from_branch/Framework/PythonInterface/test/python/plugins/algorithms/FailTest.py&quot;, line 5, in test_fail\r\n    self.assertEqual(0, 1)\r\nAssertionError: 0 != 1\r\n\r\n----------------------------------------------------------------------\r\nRan 1 test in 0.001s\r\n\r\nFAILED (failures=1)\r\n\r\n          Start 1511: python.algorithms.FailTest.FailTest\r\n"
                                    },
                                    {
                                        "py/object": "data_object.Ctest_test_trial",
                                        "trial_num": 2,
                                        "outcome": "Failed",
                                        "test_time": "1.32",
                                        "stack_trace": "F\r\n======================================================================\r\nFAIL: test_fail (FailTest.FailTest)\r\n----------------------------------------------------------------------\r\nTraceback (most recent call last):\r\n  File &quot;C:/Jenkins/workspace/build_packages_from_branch/Framework/PythonInterface/test/python/plugins/algorithms/FailTest.py&quot;, line 5, in test_fail\r\n    self.assertEqual(0, 1)\r\nAssertionError: 0 != 1\r\n\r\n----------------------------------------------------------------------\r\nRan 1 test in 0.001s\r\n\r\nFAILED (failures=1)\r\n\r\n          Start 1511: python.algorithms.FailTest.FailTest\r\n"
                                    },
                                    {
                                        "py/object": "data_object.Ctest_test_trial",
                                        "trial_num": 3,
                                        "outcome": "Failed",
                                        "test_time": "2.11",
                                        "stack_trace": "F\r\n======================================================================\r\nFAIL: test_fail (FailTest.FailTest)\r\n----------------------------------------------------------------------\r\nTraceback (most recent call last):\r\n  File &quot;C:/Jenkins/workspace/build_packages_from_branch/Framework/PythonInterface/test/python/plugins/algorithms/FailTest.py&quot;, line 5, in test_fail\r\n    self.assertEqual(0, 1)\r\nAssertionError: 0 != 1\r\n\r\n----------------------------------------------------------------------\r\nRan 1 test in 0.011s\r\n\r\nFAILED (failures=1)\r\n\r\n          Start 1358: python.kernel.PythonPluginsTest.PythonPluginsTest\r\n"
                                    }
                                ]
                            }
                        },
                        "Timeout": {}
                    }
                }
            }
        },
        "72": {
            "py/object": "data_object.Build",
            "build_name": "72",
            "is_completed": false,
            "aggregate": {
                "Tested": null,
                "Passed": null,
                "Flake": null,
                "Failed": null,
                "Timeout": null
            },
            "ctest_runs": {
                "darwin17": {
                    "py/object": "data_object.Ctest_run",
                    "agent_name": "darwin17",
                    "is_not_found": true,
                    "outcome_count": {
                        "Tested": null,
                        "Passed": null,
                        "Flake": null,
                        "Failed": null,
                        "Timeout": null
                    },
                    "outcome_groups": {}
                },
                "linux-gnu": {
                    "py/object": "data_object.Ctest_run",
                    "agent_name": "linux-gnu",
                    "is_not_found": true,
                    "outcome_count": {
                        "Tested": null,
                        "Passed": null,
                        "Flake": null,
                        "Failed": null,
                        "Timeout": null
                    },
                    "outcome_groups": {}
                },
                "msys": {
                    "py/object": "data_object.Ctest_run",
                    "agent_name": "msys",
                    "is_not_found": true,
                    "outcome_count": {
                        "Tested": null,
                        "Passed": null,
                        "Flake": null,
                        "Failed": null,
                        "Timeout": null
                    },
                    "outcome_groups": {}
                }
            }
        },
        "73": {
            "py/object": "data_object.Build",
            "build_name": "73",
            "is_completed": false,
            "aggregate": {
                "Tested": null,
                "Passed": null,
                "Flake": null,
                "Failed": null,
                "Timeout": null
            },
            "ctest_runs": {
                "darwin17": {
                    "py/object": "data_object.Ctest_run",
                    "agent_name": "darwin17",
                    "is_not_found": true,
                    "outcome_count": {
                        "Tested": null,
                        "Passed": null,
                        "Flake": null,
                        "Failed": null,
                        "Timeout": null
                    },
                    "outcome_groups": {}
                },
                "linux-gnu": {
                    "py/object": "data_object.Ctest_run",
                    "agent_name": "linux-gnu",
                    "is_not_found": true,
                    "outcome_count": {
                        "Tested": null,
                        "Passed": null,
                        "Flake": null,
                        "Failed": null,
                        "Timeout": null
                    },
                    "outcome_groups": {}
                },
                "msys": {
                    "py/object": "data_object.Ctest_run",
                    "agent_name": "msys",
                    "is_not_found": true,
                    "outcome_count": {
                        "Tested": null,
                        "Passed": null,
                        "Flake": null,
                        "Failed": null,
                        "Timeout": null
                    },
                    "outcome_groups": {}
                }
            }
        },
        "74": {
            "py/object": "data_object.Build",
            "build_name": "74",
            "is_completed": false,
            "aggregate": {
                "Tested": null,
                "Passed": null,
                "Flake": null,
                "Failed": null,
                "Timeout": null
            },
            "ctest_runs": {
                "darwin17": {
                    "py/object": "data_object.Ctest_run",
                    "agent_name": "darwin17",
                    "is_not_found": true,
                    "outcome_count": {
                        "Tested": null,
                        "Passed": null,
                        "Flake": null,
                        "Failed": null,
                        "Timeout": null
                    },
                    "outcome_groups": {}
                },
                "linux-gnu": {
                    "py/object": "data_object.Ctest_run",
                    "agent_name": "linux-gnu",
                    "is_not_found": true,
                    "outcome_count": {
                        "Tested": null,
                        "Passed": null,
                        "Flake": null,
                        "Failed": null,
                        "Timeout": null
                    },
                    "outcome_groups": {}
                },
                "msys": {
                    "py/object": "data_object.Ctest_run",
                    "agent_name": "msys",
                    "is_not_found": true,
                    "outcome_count": {
                        "Tested": null,
                        "Passed": null,
                        "Flake": null,
                        "Failed": null,
                        "Timeout": null
                    },
                    "outcome_groups": {}
                }
            }
        },
        "75": {
            "py/object": "data_object.Build",
            "build_name": "75",
            "is_completed": false,
            "aggregate": {
                "Tested": null,
                "Passed": null,
                "Flake": null,
                "Failed": null,
                "Timeout": null
            },
            "ctest_runs": {
                "darwin17": {
                    "py/object": "data_object.Ctest_run",
                    "agent_name": "darwin17",
                    "is_not_found": true,
                    "outcome_count": {
                        "Tested": null,
                        "Passed": null,
                        "Flake": null,
                        "Failed": null,
                        "Timeout": null
                    },
                    "outcome_groups": {}
                },
                "linux-gnu": {
                    "py/object": "data_object.Ctest_run",
                    "agent_name": "linux-gnu",
                    "is_not_found": true,
                    "outcome_count": {
                        "Tested": null,
                        "Passed": null,
                        "Flake": null,
                        "Failed": null,
                        "Timeout": null
                    },
                    "outcome_groups": {}
                },
                "msys": {
                    "py/object": "data_object.Ctest_run",
                    "agent_name": "msys",
                    "is_not_found": true,
                    "outcome_count": {
                        "Tested": null,
                        "Passed": null,
                        "Flake": null,
                        "Failed": null,
                        "Timeout": null
                    },
                    "outcome_groups": {}
                }
            }
        },
        "76": {
            "py/object": "data_object.Build",
            "build_name": "76",
            "is_completed": false,
            "aggregate": {
                "Tested": null,
                "Passed": null,
                "Flake": null,
                "Failed": null,
                "Timeout": null
            },
            "ctest_runs": {
                "darwin17": {
                    "py/object": "data_object.Ctest_run",
                    "agent_name": "darwin17",
                    "is_not_found": true,
                    "outcome_count": {
                        "Tested": null,
                        "Passed": null,
                        "Flake": null,
                        "Failed": null,
                        "Timeout": null
                    },
                    "outcome_groups": {}
                },
                "linux-gnu": {
                    "py/object": "data_object.Ctest_run",
                    "agent_name": "linux-gnu",
                    "is_not_found": true,
                    "outcome_count": {
                        "Tested": null,
                        "Passed": null,
                        "Flake": null,
                        "Failed": null,
                        "Timeout": null
                    },
                    "outcome_groups": {}
                },
                "msys": {
                    "py/object": "data_object.Ctest_run",
                    "agent_name": "msys",
                    "is_not_found": true,
                    "outcome_count": {
                        "Tested": null,
                        "Passed": null,
                        "Flake": null,
                        "Failed": null,
                        "Timeout": null
                    },
                    "outcome_groups": {}
                }
            }
        },
        "77": {
            "py/object": "data_object.Build",
            "build_name": "77",
            "is_completed": false,
            "aggregate": {
                "Tested": null,
                "Passed": null,
                "Flake": null,
                "Failed": null,
                "Timeout": null
            },
            "ctest_runs": {
                "darwin17": {
                    "py/object": "data_object.Ctest_run",
                    "agent_name": "darwin17",
                    "is_not_found": true,
                    "outcome_count": {
                        "Tested": null,
                        "Passed": null,
                        "Flake": null,
                        "Failed": null,
                        "Timeout": null
                    },
                    "outcome_groups": {}
                },
                "linux-gnu": {
                    "py/object": "data_object.Ctest_run",
                    "agent_name": "linux-gnu",
                    "is_not_found": true,
                    "outcome_count": {
                        "Tested": null,
                        "Passed": null,
                        "Flake": null,
                        "Failed": null,
                        "Timeout": null
                    },
                    "outcome_groups": {}
                },
                "msys": {
                    "py/object": "data_object.Ctest_run",
                    "agent_name": "msys",
                    "is_not_found": true,
                    "outcome_count": {
                        "Tested": null,
                        "Passed": null,
                        "Flake": null,
                        "Failed": null,
                        "Timeout": null
                    },
                    "outcome_groups": {}
                }
            }
        },
        "78": {
            "py/object": "data_object.Build",
            "build_name": "78",
            "is_completed": false,
            "aggregate": {
                "Tested": null,
                "Passed": null,
                "Flake": null,
                "Failed": null,
                "Timeout": null
            },
            "ctest_runs": {
                "darwin17": {
                    "py/object": "data_object.Ctest_run",
                    "agent_name": "darwin17",
                    "is_not_found": true,
                    "outcome_count": {
                        "Tested": null,
                        "Passed": null,
                        "Flake": null,
                        "Failed": null,
                        "Timeout": null
                    },
                    "outcome_groups": {}
                },
                "linux-gnu": {
                    "py/object": "data_object.Ctest_run",
                    "agent_name": "linux-gnu",
                    "is_not_found": true,
                    "outcome_count": {
                        "Tested": null,
                        "Passed": null,
                        "Flake": null,
                        "Failed": null,
                        "Timeout": null
                    },
                    "outcome_groups": {}
                },
                "msys": {
                    "py/object": "data_object.Ctest_run",
                    "agent_name": "msys",
                    "is_not_found": true,
                    "outcome_count": {
                        "Tested": null,
                        "Passed": null,
                        "Flake": null,
                        "Failed": null,
                        "Timeout": null
                    },
                    "outcome_groups": {}
                }
            }
        },
        "79": {
            "py/object": "data_object.Build",
            "build_name": "79",
            "is_completed": true,
            "aggregate": {
                "Tested": 7909,
                "Passed": 7909,
                "Flake": 0,
                "Failed": 0,
                "Timeout": 0
            },
            "ctest_runs": {
                "darwin17": {
                    "py/object": "data_object.Ctest_run",
                    "agent_name": "darwin17",
                    "is_not_found": false,
                    "outcome_count": {
                        "Tested": 2636,
                        "Passed": 2636,
                        "Flake": 0,
                        "Failed": 0,
                        "Timeout": 0
                    },
                    "outcome_groups": {
                        "Flake": {},
                        "Failed": {},
                        "Timeout": {}
                    }
                },
                "linux-gnu": {
                    "py/object": "data_object.Ctest_run",
                    "agent_name": "linux-gnu",
                    "is_not_found": false,
                    "outcome_count": {
                        "Tested": 2636,
                        "Passed": 2636,
                        "Flake": 0,
                        "Failed": 0,
                        "Timeout": 0
                    },
                    "outcome_groups": {
                        "Flake": {},
                        "Failed": {},
                        "Timeout": {}
                    }
                },
                "msys": {
                    "py/object": "data_object.Ctest_run",
                    "agent_name": "msys",
                    "is_not_found": false,
                    "outcome_count": {
                        "Tested": 2637,
                        "Passed": 2637,
                        "Flake": 0,
                        "Failed": 0,
                        "Timeout": 0
                    },
                    "outcome_groups": {
                        "Flake": {},
                        "Failed": {},
                        "Timeout": {}
                    }
                }
            }
        },
        "80": {
            "py/object": "data_object.Build",
            "build_name": "80",
            "is_completed": true,
            "aggregate": {
                "Tested": 7909,
                "Passed": 7908,
                "Flake": 1,
                "Failed": 0,
                "Timeout": 0
            },
            "ctest_runs": {
                "darwin17": {
                    "py/object": "data_object.Ctest_run",
                    "agent_name": "darwin17",
                    "is_not_found": false,
                    "outcome_count": {
                        "Tested": 2636,
                        "Passed": 2636,
                        "Flake": 0,
                        "Failed": 0,
                        "Timeout": 0
                    },
                    "outcome_groups": {
                        "Flake": {},
                        "Failed": {},
                        "Timeout": {}
                    }
                },
                "linux-gnu": {
                    "py/object": "data_object.Ctest_run",
                    "agent_name": "linux-gnu",
                    "is_not_found": false,
                    "outcome_count": {
                        "Tested": 2636,
                        "Passed": 2636,
                        "Flake": 0,
                        "Failed": 0,
                        "Timeout": 0
                    },
                    "outcome_groups": {
                        "Flake": {},
                        "Failed": {},
                        "Timeout": {}
                    }
                },
                "msys": {
                    "py/object": "data_object.Ctest_run",
                    "agent_name": "msys",
                    "is_not_found": false,
                    "outcome_count": {
                        "Tested": 2637,
                        "Passed": 2636,
                        "Flake": 1,
                        "Failed": 0,
                        "Timeout": 0
                    },
                    "outcome_groups": {
                        "Flake": {
                            "python.MuonQt5.tf_asymmetry_fitting_view_test.tf_asymmetry_fitting_view_test": {
                                "py/object": "data_object.Ctest_test",
                                "test_name": "python.MuonQt5.tf_asymmetry_fitting_view_test.tf_asymmetry_fitting_view_test",
                                "trials": [
                                    {
                                        "py/object": "data_object.Ctest_test_trial",
                                        "trial_num": 1,
                                        "outcome": "Failed",
                                        "test_time": "20.63",
                                        "stack_trace": "FrameworkManager-[Notice] Welcome to Mantid 6.4.20221012.1421\r\nFrameworkManager-[Notice] Please cite: http://dx.doi.org/10.1016/j.nima.2014.07.029 and this release: http://dx.doi.org/10.5286/Software/Mantid\r\n.EEEEE\r\n======================================================================\r\nERROR: test_that_is_normalisation_fixed_can_be_set_to_true (tf_asymmetry_fitting_view_test.TFAsymmetryFittingViewTest)\r\n----------------------------------------------------------------------\r\nAttributeError: &#x27;FitFunctionOptionsView&#x27; object has no attribute &#x27;y&#x27;\r\n\r\nThe above exception was the direct cause of the following exception:\r\n\r\nTraceback (most recent call last):\r\n  File &quot;C:/Jenkins/workspace/build_packages_from_branch/qt/python/mantidqtinterfaces/test/Muon/fitting_widgets/tf_asymmetry_fitting/tf_asymmetry_fitting_view_test.py&quot;, line 18, in setUp\r\n    self.view = TFAsymmetryFittingView()\r\n  File &quot;c:\\jenkins\\workspace\\build_packages_from_branch\\qt\\python\\mantidqtinterfaces\\mantidqtinterfaces\\Muon\\GUI\\Common\\fitting_widgets\\tf_asymmetry_fitting\\tf_asymmetry_fitting_view.py&quot;, line 24, in __init__\r\n    super(TFAsymmetryFittingView, self).__init__(parent)\r\n  File &quot;c:\\jenkins\\workspace\\build_packages_from_branch\\qt\\python\\mantidqtinterfaces\\mantidqtinterfaces\\Muon\\GUI\\Common\\fitting_widgets\\general_fitting\\general_fitting_view.py&quot;, line 25, in __init__\r\n    super(GeneralFittingView, self).__init__(parent)\r\n  File &quot;c:\\jenkins\\workspace\\build_packages_from_branch\\qt\\python\\mantidqtinterfaces\\mantidqtinterfaces\\Muon\\GUI\\Common\\fitting_widgets\\basic_fitting\\basic_fitting_view.py&quot;, line 33, in __init__\r\n    self.fit_function_options = FitFunctionOptionsView(self)\r\n  File &quot;c:\\jenkins\\workspace\\build_packages_from_branch\\qt\\python\\mantidqtinterfaces\\mantidqtinterfaces\\Muon\\GUI\\Common\\fitting_widgets\\basic_fitting\\fit_function_options_view.py&quot;, line 48, in __init__\r\n    self.setupUi(self)\r\n  File &quot;&lt;string&gt;&quot;, line 71, in setupUi\r\nSystemError: &lt;built-in function connectSlotsByName&gt; returned a result with an error set\r\n\r\n======================================================================\r\nERROR: test_that_tf_asymmetry_mode_can_be_turned_off_and_the_relevant_widgets_hidden (tf_asymmetry_fitting_view_test.TFAsymmetryFittingViewTest)\r\n----------------------------------------------------------------------\r\nAttributeError: &#x27;FitFunctionOptionsView&#x27; object has no attribute &#x27;y&#x27;\r\n\r\nThe above exception was the direct cause of the following exception:\r\n\r\nTraceback (most recent call last):\r\n  File &quot;C:/Jenkins/workspace/build_packages_from_branch/qt/python/mantidqtinterfaces/test/Muon/fitting_widgets/tf_asymmetry_fitting/tf_asymmetry_fitting_view_test.py&quot;, line 18, in setUp\r\n    self.view = TFAsymmetryFittingView()\r\n  File &quot;c:\\jenkins\\workspace\\build_packages_from_branch\\qt\\python\\mantidqtinterfaces\\mantidqtinterfaces\\Muon\\GUI\\Common\\fitting_widgets\\tf_asymmetry_fitting\\tf_asymmetry_fitting_view.py&quot;, line 24, in __init__\r\n    super(TFAsymmetryFittingView, self).__init__(parent)\r\n  File &quot;c:\\jenkins\\workspace\\build_packages_from_branch\\qt\\python\\mantidqtinterfaces\\mantidqtinterfaces\\Muon\\GUI\\Common\\fitting_widgets\\general_fitting\\general_fitting_view.py&quot;, line 25, in __init__\r\n    super(GeneralFittingView, self).__init__(parent)\r\n  File &quot;c:\\jenkins\\workspace\\build_packages_from_branch\\qt\\python\\mantidqtinterfaces\\mantidqtinterfaces\\Muon\\GUI\\Common\\fitting_widgets\\basic_fitting\\basic_fitting_view.py&quot;, line 33, in __init__\r\n    self.fit_function_options = FitFunctionOptionsView(self)\r\n  File &quot;c:\\jenkins\\workspace\\build_packages_from_branch\\qt\\python\\mantidqtinterfaces\\mantidqtinterfaces\\Muon\\GUI\\Common\\fitting_widgets\\basic_fitting\\fit_function_options_view.py&quot;, line 48, in __init__\r\n    self.setupUi(self)\r\n  File &quot;&lt;string&gt;&quot;, line 71, in setupUi\r\nSystemError: &lt;built-in function connectSlotsByName&gt; returned a result with an error set\r\n\r\n======================================================================\r\nERROR: test_that_tf_asymmetry_mode_can_be_turned_on_and_the_relevant_widgets_shown (tf_asymmetry_fitting_view_test.TFAsymmetryFittingViewTest)\r\n----------------------------------------------------------------------\r\nAttributeError: &#x27;FitFunctionOptionsView&#x27; object has no attribute &#x27;y&#x27;\r\n\r\nThe above exception was the direct cause of the following exception:\r\n\r\nTraceback (most recent call last):\r\n  File &quot;C:/Jenkins/workspace/build_packages_from_branch/qt/python/mantidqtinterfaces/test/Muon/fitting_widgets/tf_asymmetry_fitting/tf_asymmetry_fitting_view_test.py&quot;, line 18, in setUp\r\n    self.view = TFAsymmetryFittingView()\r\n  File &quot;c:\\jenkins\\workspace\\build_packages_from_branch\\qt\\python\\mantidqtinterfaces\\mantidqtinterfaces\\Muon\\GUI\\Common\\fitting_widgets\\tf_asymmetry_fitting\\tf_asymmetry_fitting_view.py&quot;, line 24, in __init__\r\n    super(TFAsymmetryFittingView, self).__init__(parent)\r\n  File &quot;c:\\jenkins\\workspace\\build_packages_from_branch\\qt\\python\\mantidqtinterfaces\\mantidqtinterfaces\\Muon\\GUI\\Common\\fitting_widgets\\general_fitting\\general_fitting_view.py&quot;, line 25, in __init__\r\n    super(GeneralFittingView, self).__init__(parent)\r\n  File &quot;c:\\jenkins\\workspace\\build_packages_from_branch\\qt\\python\\mantidqtinterfaces\\mantidqtinterfaces\\Muon\\GUI\\Common\\fitting_widgets\\basic_fitting\\basic_fitting_view.py&quot;, line 33, in __init__\r\n    self.fit_function_options = FitFunctionOptionsView(self)\r\n  File &quot;c:\\jenkins\\workspace\\build_packages_from_branch\\qt\\python\\mantidqtinterfaces\\mantidqtinterfaces\\Muon\\GUI\\Common\\fitting_widgets\\basic_fitting\\fit_function_options_view.py&quot;, line 48, in __init__\r\n    self.setupUi(self)\r\n  File &quot;&lt;string&gt;&quot;, line 71, in setupUi\r\nSystemError: &lt;built-in function connectSlotsByName&gt; returned a result with an error set\r\n\r\n======================================================================\r\nERROR: test_that_the_normalisation_can_be_set_as_expected (tf_asymmetry_fitting_view_test.TFAsymmetryFittingViewTest)\r\n----------------------------------------------------------------------\r\nAttributeError: &#x27;FitFunctionOptionsView&#x27; object has no attribute &#x27;y&#x27;\r\n\r\nThe above exception was the direct cause of the following exception:\r\n\r\nTraceback (most recent call last):\r\n  File &quot;C:/Jenkins/workspace/build_packages_from_branch/qt/python/mantidqtinterfaces/test/Muon/fitting_widgets/tf_asymmetry_fitting/tf_asymmetry_fitting_view_test.py&quot;, line 18, in setUp\r\n    self.view = TFAsymmetryFittingView()\r\n  File &quot;c:\\jenkins\\workspace\\build_packages_from_branch\\qt\\python\\mantidqtinterfaces\\mantidqtinterfaces\\Muon\\GUI\\Common\\fitting_widgets\\tf_asymmetry_fitting\\tf_asymmetry_fitting_view.py&quot;, line 24, in __init__\r\n    super(TFAsymmetryFittingView, self).__init__(parent)\r\n  File &quot;c:\\jenkins\\workspace\\build_packages_from_branch\\qt\\python\\mantidqtinterfaces\\mantidqtinterfaces\\Muon\\GUI\\Common\\fitting_widgets\\general_fitting\\general_fitting_view.py&quot;, line 25, in __init__\r\n    super(GeneralFittingView, self).__init__(parent)\r\n  File &quot;c:\\jenkins\\workspace\\build_packages_from_branch\\qt\\python\\mantidqtinterfaces\\mantidqtinterfaces\\Muon\\GUI\\Common\\fitting_widgets\\basic_fitting\\basic_fitting_view.py&quot;, line 33, in __init__\r\n    self.fit_function_options = FitFunctionOptionsView(self)\r\n  File &quot;c:\\jenkins\\workspace\\build_packages_from_branch\\qt\\python\\mantidqtinterfaces\\mantidqtinterfaces\\Muon\\GUI\\Common\\fitting_widgets\\basic_fitting\\fit_function_options_view.py&quot;, line 48, in __init__\r\n    self.setupUi(self)\r\n  File &quot;&lt;string&gt;&quot;, line 71, in setupUi\r\nSystemError: &lt;built-in function connectSlotsByName&gt; returned a result with an error set\r\n\r\n======================================================================\r\nERROR: test_that_the_view_has_been_initialized_with_the_tf_asymmetry_mode_turned_off_and_the_relevant_widgets_hidden (tf_asymmetry_fitting_view_test.TFAsymmetryFittingViewTest)\r\n----------------------------------------------------------------------\r\nAttributeError: &#x27;FitFunctionOptionsView&#x27; object has no attribute &#x27;y&#x27;\r\n\r\nThe above exception was the direct cause of the following exception:\r\n\r\nTraceback (most recent call last):\r\n  File &quot;C:/Jenkins/workspace/build_packages_from_branch/qt/python/mantidqtinterfaces/test/Muon/fitting_widgets/tf_asymmetry_fitting/tf_asymmetry_fitting_view_test.py&quot;, line 18, in setUp\r\n    self.view = TFAsymmetryFittingView()\r\n  File &quot;c:\\jenkins\\workspace\\build_packages_from_branch\\qt\\python\\mantidqtinterfaces\\mantidqtinterfaces\\Muon\\GUI\\Common\\fitting_widgets\\tf_asymmetry_fitting\\tf_asymmetry_fitting_view.py&quot;, line 24, in __init__\r\n    super(TFAsymmetryFittingView, self).__init__(parent)\r\n  File &quot;c:\\jenkins\\workspace\\build_packages_from_branch\\qt\\python\\mantidqtinterfaces\\mantidqtinterfaces\\Muon\\GUI\\Common\\fitting_widgets\\general_fitting\\general_fitting_view.py&quot;, line 25, in __init__\r\n    super(GeneralFittingView, self).__init__(parent)\r\n  File &quot;c:\\jenkins\\workspace\\build_packages_from_branch\\qt\\python\\mantidqtinterfaces\\mantidqtinterfaces\\Muon\\GUI\\Common\\fitting_widgets\\basic_fitting\\basic_fitting_view.py&quot;, line 33, in __init__\r\n    self.fit_function_options = FitFunctionOptionsView(self)\r\n  File &quot;c:\\jenkins\\workspace\\build_packages_from_branch\\qt\\python\\mantidqtinterfaces\\mantidqtinterfaces\\Muon\\GUI\\Common\\fitting_widgets\\basic_fitting\\fit_function_options_view.py&quot;, line 48, in __init__\r\n    self.setupUi(self)\r\n  File &quot;&lt;string&gt;&quot;, line 71, in setupUi\r\nSystemError: &lt;built-in function connectSlotsByName&gt; returned a result with an error set\r\n\r\n----------------------------------------------------------------------\r\nRan 6 tests in 3.053s\r\n\r\nFAILED (errors=5)\r\n\r\n          Start 2192: python.MuonQt5.tf_asymmetry_fitting_view_test.tf_asymmetry_fitting_view_test\r\n"
                                    },
                                    {
                                        "py/object": "data_object.Ctest_test_trial",
                                        "trial_num": 2,
                                        "outcome": "Passed",
                                        "test_time": "21.02",
                                        "stack_trace": ""
                                    }
                                ]
                            }
                        },
                        "Failed": {},
                        "Timeout": {}
                    }
                }
            }
        },
        "81": {
            "py/object": "data_object.Build",
            "build_name": "81",
            "is_completed": false,
            "aggregate": {
                "Tested": null,
                "Passed": null,
                "Flake": null,
                "Failed": null,
                "Timeout": null
            },
            "ctest_runs": {
                "darwin17": {
                    "py/object": "data_object.Ctest_run",
                    "agent_name": "darwin17",
                    "is_not_found": true,
                    "outcome_count": {
                        "Tested": null,
                        "Passed": null,
                        "Flake": null,
                        "Failed": null,
                        "Timeout": null
                    },
                    "outcome_groups": {}
                },
                "linux-gnu": {
                    "py/object": "data_object.Ctest_run",
                    "agent_name": "linux-gnu",
                    "is_not_found": true,
                    "outcome_count": {
                        "Tested": null,
                        "Passed": null,
                        "Flake": null,
                        "Failed": null,
                        "Timeout": null
                    },
                    "outcome_groups": {}
                },
                "msys": {
                    "py/object": "data_object.Ctest_run",
                    "agent_name": "msys",
                    "is_not_found": true,
                    "outcome_count": {
                        "Tested": null,
                        "Passed": null,
                        "Flake": null,
                        "Failed": null,
                        "Timeout": null
                    },
                    "outcome_groups": {}
                }
            }
        },
        "82": {
            "py/object": "data_object.Build",
            "build_name": "82",
            "is_completed": false,
            "aggregate": {
                "Tested": null,
                "Passed": null,
                "Flake": null,
                "Failed": null,
                "Timeout": null
            },
            "ctest_runs": {
                "darwin17": {
                    "py/object": "data_object.Ctest_run",
                    "agent_name": "darwin17",
                    "is_not_found": true,
                    "outcome_count": {
                        "Tested": null,
                        "Passed": null,
                        "Flake": null,
                        "Failed": null,
                        "Timeout": null
                    },
                    "outcome_groups": {}
                },
                "linux-gnu": {
                    "py/object": "data_object.Ctest_run",
                    "agent_name": "linux-gnu",
                    "is_not_found": true,
                    "outcome_count": {
                        "Tested": null,
                        "Passed": null,
                        "Flake": null,
                        "Failed": null,
                        "Timeout": null
                    },
                    "outcome_groups": {}
                },
                "msys": {
                    "py/object": "data_object.Ctest_run",
                    "agent_name": "msys",
                    "is_not_found": true,
                    "outcome_count": {
                        "Tested": null,
                        "Passed": null,
                        "Flake": null,
                        "Failed": null,
                        "Timeout": null
                    },
                    "outcome_groups": {}
                }
            }
        },
        "83": {
            "py/object": "data_object.Build",
            "build_name": "83",
            "is_completed": false,
            "aggregate": {
                "Tested": null,
                "Passed": null,
                "Flake": null,
                "Failed": null,
                "Timeout": null
            },
            "ctest_runs": {
                "darwin17": {
                    "py/object": "data_object.Ctest_run",
                    "agent_name": "darwin17",
                    "is_not_found": true,
                    "outcome_count": {
                        "Tested": null,
                        "Passed": null,
                        "Flake": null,
                        "Failed": null,
                        "Timeout": null
                    },
                    "outcome_groups": {}
                },
                "linux-gnu": {
                    "py/object": "data_object.Ctest_run",
                    "agent_name": "linux-gnu",
                    "is_not_found": true,
                    "outcome_count": {
                        "Tested": null,
                        "Passed": null,
                        "Flake": null,
                        "Failed": null,
                        "Timeout": null
                    },
                    "outcome_groups": {}
                },
                "msys": {
                    "py/object": "data_object.Ctest_run",
                    "agent_name": "msys",
                    "is_not_found": true,
                    "outcome_count": {
                        "Tested": null,
                        "Passed": null,
                        "Flake": null,
                        "Failed": null,
                        "Timeout": null
                    },
                    "outcome_groups": {}
                }
            }
        },
        "84": {
            "py/object": "data_object.Build",
            "build_name": "84",
            "is_completed": false,
            "aggregate": {
                "Tested": null,
                "Passed": null,
                "Flake": null,
                "Failed": null,
                "Timeout": null
            },
            "ctest_runs": {
                "darwin17": {
                    "py/object": "data_object.Ctest_run",
                    "agent_name": "darwin17",
                    "is_not_found": true,
                    "outcome_count": {
                        "Tested": null,
                        "Passed": null,
                        "Flake": null,
                        "Failed": null,
                        "Timeout": null
                    },
                    "outcome_groups": {}
                },
                "linux-gnu": {
                    "py/object": "data_object.Ctest_run",
                    "agent_name": "linux-gnu",
                    "is_not_found": true,
                    "outcome_count": {
                        "Tested": null,
                        "Passed": null,
                        "Flake": null,
                        "Failed": null,
                        "Timeout": null
                    },
                    "outcome_groups": {}
                },
                "msys": {
                    "py/object": "data_object.Ctest_run",
                    "agent_name": "msys",
                    "is_not_found": true,
                    "outcome_count": {
                        "Tested": null,
                        "Passed": null,
                        "Flake": null,
                        "Failed": null,
                        "Timeout": null
                    },
                    "outcome_groups": {}
                }
            }
        },
        "85": {
            "py/object": "data_object.Build",
            "build_name": "85",
            "is_completed": false,
            "aggregate": {
                "Tested": null,
                "Passed": null,
                "Flake": null,
                "Failed": null,
                "Timeout": null
            },
            "ctest_runs": {
                "darwin17": {
                    "py/object": "data_object.Ctest_run",
                    "agent_name": "darwin17",
                    "is_not_found": true,
                    "outcome_count": {
                        "Tested": null,
                        "Passed": null,
                        "Flake": null,
                        "Failed": null,
                        "Timeout": null
                    },
                    "outcome_groups": {}
                },
                "linux-gnu": {
                    "py/object": "data_object.Ctest_run",
                    "agent_name": "linux-gnu",
                    "is_not_found": true,
                    "outcome_count": {
                        "Tested": null,
                        "Passed": null,
                        "Flake": null,
                        "Failed": null,
                        "Timeout": null
                    },
                    "outcome_groups": {}
                },
                "msys": {
                    "py/object": "data_object.Ctest_run",
                    "agent_name": "msys",
                    "is_not_found": true,
                    "outcome_count": {
                        "Tested": null,
                        "Passed": null,
                        "Flake": null,
                        "Failed": null,
                        "Timeout": null
                    },
                    "outcome_groups": {}
                }
            }
        },
        "86": {
            "py/object": "data_object.Build",
            "build_name": "86",
            "is_completed": false,
            "aggregate": {
                "Tested": null,
                "Passed": null,
                "Flake": null,
                "Failed": null,
                "Timeout": null
            },
            "ctest_runs": {
                "darwin17": {
                    "py/object": "data_object.Ctest_run",
                    "agent_name": "darwin17",
                    "is_not_found": true,
                    "outcome_count": {
                        "Tested": null,
                        "Passed": null,
                        "Flake": null,
                        "Failed": null,
                        "Timeout": null
                    },
                    "outcome_groups": {}
                },
                "linux-gnu": {
                    "py/object": "data_object.Ctest_run",
                    "agent_name": "linux-gnu",
                    "is_not_found": true,
                    "outcome_count": {
                        "Tested": null,
                        "Passed": null,
                        "Flake": null,
                        "Failed": null,
                        "Timeout": null
                    },
                    "outcome_groups": {}
                },
                "msys": {
                    "py/object": "data_object.Ctest_run",
                    "agent_name": "msys",
                    "is_not_found": true,
                    "outcome_count": {
                        "Tested": null,
                        "Passed": null,
                        "Flake": null,
                        "Failed": null,
                        "Timeout": null
                    },
                    "outcome_groups": {}
                }
            }
        },
        "87": {
            "py/object": "data_object.Build",
            "build_name": "87",
            "is_completed": false,
            "aggregate": {
                "Tested": null,
                "Passed": null,
                "Flake": null,
                "Failed": null,
                "Timeout": null
            },
            "ctest_runs": {
                "darwin17": {
                    "py/object": "data_object.Ctest_run",
                    "agent_name": "darwin17",
                    "is_not_found": true,
                    "outcome_count": {
                        "Tested": null,
                        "Passed": null,
                        "Flake": null,
                        "Failed": null,
                        "Timeout": null
                    },
                    "outcome_groups": {}
                },
                "linux-gnu": {
                    "py/object": "data_object.Ctest_run",
                    "agent_name": "linux-gnu",
                    "is_not_found": true,
                    "outcome_count": {
                        "Tested": null,
                        "Passed": null,
                        "Flake": null,
                        "Failed": null,
                        "Timeout": null
                    },
                    "outcome_groups": {}
                },
                "msys": {
                    "py/object": "data_object.Ctest_run",
                    "agent_name": "msys",
                    "is_not_found": true,
                    "outcome_count": {
                        "Tested": null,
                        "Passed": null,
                        "Flake": null,
                        "Failed": null,
                        "Timeout": null
                    },
                    "outcome_groups": {}
                }
            }
        },
        "88": {
            "py/object": "data_object.Build",
            "build_name": "88",
            "is_completed": false,
            "aggregate": {
                "Tested": null,
                "Passed": null,
                "Flake": null,
                "Failed": null,
                "Timeout": null
            },
            "ctest_runs": {
                "darwin17": {
                    "py/object": "data_object.Ctest_run",
                    "agent_name": "darwin17",
                    "is_not_found": true,
                    "outcome_count": {
                        "Tested": null,
                        "Passed": null,
                        "Flake": null,
                        "Failed": null,
                        "Timeout": null
                    },
                    "outcome_groups": {}
                },
                "linux-gnu": {
                    "py/object": "data_object.Ctest_run",
                    "agent_name": "linux-gnu",
                    "is_not_found": true,
                    "outcome_count": {
                        "Tested": null,
                        "Passed": null,
                        "Flake": null,
                        "Failed": null,
                        "Timeout": null
                    },
                    "outcome_groups": {}
                },
                "msys": {
                    "py/object": "data_object.Ctest_run",
                    "agent_name": "msys",
                    "is_not_found": true,
                    "outcome_count": {
                        "Tested": null,
                        "Passed": null,
                        "Flake": null,
                        "Failed": null,
                        "Timeout": null
                    },
                    "outcome_groups": {}
                }
            }
        },
        "89": {
            "py/object": "data_object.Build",
            "build_name": "89",
            "is_completed": false,
            "aggregate": {
                "Tested": null,
                "Passed": null,
                "Flake": null,
                "Failed": null,
                "Timeout": null
            },
            "ctest_runs": {
                "darwin17": {
                    "py/object": "data_object.Ctest_run",
                    "agent_name": "darwin17",
                    "is_not_found": true,
                    "outcome_count": {
                        "Tested": null,
                        "Passed": null,
                        "Flake": null,
                        "Failed": null,
                        "Timeout": null
                    },
                    "outcome_groups": {}
                },
                "linux-gnu": {
                    "py/object": "data_object.Ctest_run",
                    "agent_name": "linux-gnu",
                    "is_not_found": true,
                    "outcome_count": {
                        "Tested": null,
                        "Passed": null,
                        "Flake": null,
                        "Failed": null,
                        "Timeout": null
                    },
                    "outcome_groups": {}
                },
                "msys": {
                    "py/object": "data_object.Ctest_run",
                    "agent_name": "msys",
                    "is_not_found": true,
                    "outcome_count": {
                        "Tested": null,
                        "Passed": null,
                        "Flake": null,
                        "Failed": null,
                        "Timeout": null
                    },
                    "outcome_groups": {}
                }
            }
        },
        "90": {
            "py/object": "data_object.Build",
            "build_name": "90",
            "is_completed": false,
            "aggregate": {
                "Tested": null,
                "Passed": null,
                "Flake": null,
                "Failed": null,
                "Timeout": null
            },
            "ctest_runs": {
                "darwin17": {
                    "py/object": "data_object.Ctest_run",
                    "agent_name": "darwin17",
                    "is_not_found": true,
                    "outcome_count": {
                        "Tested": null,
                        "Passed": null,
                        "Flake": null,
                        "Failed": null,
                        "Timeout": null
                    },
                    "outcome_groups": {}
                },
                "linux-gnu": {
                    "py/object": "data_object.Ctest_run",
                    "agent_name": "linux-gnu",
                    "is_not_found": true,
                    "outcome_count": {
                        "Tested": null,
                        "Passed": null,
                        "Flake": null,
                        "Failed": null,
                        "Timeout": null
                    },
                    "outcome_groups": {}
                },
                "msys": {
                    "py/object": "data_object.Ctest_run",
                    "agent_name": "msys",
                    "is_not_found": true,
                    "outcome_count": {
                        "Tested": null,
                        "Passed": null,
                        "Flake": null,
                        "Failed": null,
                        "Timeout": null
                    },
                    "outcome_groups": {}
                }
            }
        },
        "91": {
            "py/object": "data_object.Build",
            "build_name": "91",
            "is_completed": false,
            "aggregate": {
                "Tested": null,
                "Passed": null,
                "Flake": null,
                "Failed": null,
                "Timeout": null
            },
            "ctest_runs": {
                "darwin17": {
                    "py/object": "data_object.Ctest_run",
                    "agent_name": "darwin17",
                    "is_not_found": true,
                    "outcome_count": {
                        "Tested": null,
                        "Passed": null,
                        "Flake": null,
                        "Failed": null,
                        "Timeout": null
                    },
                    "outcome_groups": {}
                },
                "linux-gnu": {
                    "py/object": "data_object.Ctest_run",
                    "agent_name": "linux-gnu",
                    "is_not_found": true,
                    "outcome_count": {
                        "Tested": null,
                        "Passed": null,
                        "Flake": null,
                        "Failed": null,
                        "Timeout": null
                    },
                    "outcome_groups": {}
                },
                "msys": {
                    "py/object": "data_object.Ctest_run",
                    "agent_name": "msys",
                    "is_not_found": true,
                    "outcome_count": {
                        "Tested": null,
                        "Passed": null,
                        "Flake": null,
                        "Failed": null,
                        "Timeout": null
                    },
                    "outcome_groups": {}
                }
            }
        }
    }
}