{
    "py/object": "datatable_helper.LTS_Problem_test",
    "data": {
        "TypesTest_DateAndTimeTest": {
            "py/object": "datatable_helper.LTS_Problem_test_entry",
            "test_name": "TypesTest_DateAndTimeTest",
            "latest_failed_build": "442",
            "agent_name": "Mac",
            "last_failed_outcome": "Failed",
            "pipeline_name": "pull_requests-conda-osx",
            "past_failed_outcome": {
                "442": "Failed"
            },
            "last_stack_traces": {
                "py/object": "datatable_helper.Problem_test_trial",
                "test_name": "TypesTest_DateAndTimeTest",
                "build": "442",
                "agent_name": "Mac",
                "trial": 3,
                "outcome": "Failed",
                "test_time": "0.04",
                "stacktrace": "Running 24 tests...............\nIn DateAndTimeTest::test_time_t_support:\n/Users/builder/Jenkins/workspace/pull_requests-conda-osx/Framework/Types/test/DateAndTimeTest.h:284: Error: Expected (current == t.to_time_t()), found (1667089690 != 1667093290)\n........\nFailed 1 of 24 tests\nSuccess rate: 95%\n\n          Start 2631: python.IsisPowder.ISISPowderCommonTest.ISISPowderCommonTest\n"
            }
        },
        "mantidqt_qt5.test_sliceviewer_imageinfowidget.test_sliceviewer_imageinfowidget": {
            "py/object": "datatable_helper.LTS_Problem_test_entry",
            "test_name": "mantidqt_qt5.test_sliceviewer_imageinfowidget.test_sliceviewer_imageinfowidget",
            "latest_failed_build": "456",
            "agent_name": "Mac",
            "last_failed_outcome": "Failed",
            "pipeline_name": "pull_requests-conda-osx",
            "past_failed_outcome": {
                "456": "Failed"
            },
            "last_stack_traces": {
                "py/object": "datatable_helper.Problem_test_trial",
                "test_name": "mantidqt_qt5.test_sliceviewer_imageinfowidget.test_sliceviewer_imageinfowidget",
                "build": "456",
                "agent_name": "Mac",
                "trial": 3,
                "outcome": "Failed",
                "test_time": "3.49",
                "stacktrace": "EEEEE\n======================================================================\nERROR: test_cursorAt_arguments_correct_when_not_mesh_and_not_transposed (test_sliceviewer_imageinfowidget.ImageInfoTrackerTest)\n----------------------------------------------------------------------\nTraceback (most recent call last):\n  File &quot;/Users/builder/Jenkins/workspace/pull_requests-conda-osx/mambaforge/envs/mantid-developer/lib/python3.8/unittest/mock.py&quot;, line 1325, in patched\n    return func(*newargs, **newkeywargs)\n  File &quot;/Users/builder/Jenkins/workspace/pull_requests-conda-osx/qt/python/mantidqt/mantidqt/widgets/sliceviewer/test/test_sliceviewer_imageinfowidget.py&quot;, line 68, in test_cursorAt_arguments_correct_when_not_mesh_and_not_transposed\n    tracker = ImageInfoTracker(image=self.image,\nTypeError: __init__() missing 1 required positional argument: &#x27;presenter&#x27;\n\n======================================================================\nERROR: test_cursorAt_arguments_correct_when_not_mesh_and_transposed (test_sliceviewer_imageinfowidget.ImageInfoTrackerTest)\n----------------------------------------------------------------------\nTraceback (most recent call last):\n  File &quot;/Users/builder/Jenkins/workspace/pull_requests-conda-osx/mambaforge/envs/mantid-developer/lib/python3.8/unittest/mock.py&quot;, line 1325, in patched\n    return func(*newargs, **newkeywargs)\n  File &quot;/Users/builder/Jenkins/workspace/pull_requests-conda-osx/qt/python/mantidqt/mantidqt/widgets/sliceviewer/test/test_sliceviewer_imageinfowidget.py&quot;, line 84, in test_cursorAt_arguments_correct_when_not_mesh_and_transposed\n    tracker = ImageInfoTracker(image=self.image,\nTypeError: __init__() missing 1 required positional argument: &#x27;presenter&#x27;\n\n======================================================================\nERROR: test_nonortho_transform_applied_when_mesh_and_transfrom_true (test_sliceviewer_imageinfowidget.ImageInfoTrackerTest)\n----------------------------------------------------------------------\nTraceback (most recent call last):\n  File &quot;/Users/builder/Jenkins/workspace/pull_requests-conda-osx/qt/python/mantidqt/mantidqt/widgets/sliceviewer/test/test_sliceviewer_imageinfowidget.py&quot;, line 38, in test_nonortho_transform_applied_when_mesh_and_transfrom_true\n    tracker = ImageInfoTracker(image=self.image,\nTypeError: __init__() missing 1 required positional argument: &#x27;presenter&#x27;\n\n======================================================================\nERROR: test_nonortho_transform_not_applied_when_mesh_and_transfrom_false (test_sliceviewer_imageinfowidget.ImageInfoTrackerTest)\n----------------------------------------------------------------------\nTraceback (most recent call last):\n  File &quot;/Users/builder/Jenkins/workspace/pull_requests-conda-osx/qt/python/mantidqt/mantidqt/widgets/sliceviewer/test/test_sliceviewer_imageinfowidget.py&quot;, line 27, in test_nonortho_transform_not_applied_when_mesh_and_transfrom_false\n    tracker = ImageInfoTracker(image=self.image,\nTypeError: __init__() missing 1 required positional argument: &#x27;presenter&#x27;\n\n======================================================================\nERROR: test_nonortho_transform_not_applied_when_not_mesh (test_sliceviewer_imageinfowidget.ImageInfoTrackerTest)\n----------------------------------------------------------------------\nTraceback (most recent call last):\n  File &quot;/Users/builder/Jenkins/workspace/pull_requests-conda-osx/mambaforge/envs/mantid-developer/lib/python3.8/unittest/mock.py&quot;, line 1325, in patched\n    return func(*newargs, **newkeywargs)\n  File &quot;/Users/builder/Jenkins/workspace/pull_requests-conda-osx/qt/python/mantidqt/mantidqt/widgets/sliceviewer/test/test_sliceviewer_imageinfowidget.py&quot;, line 51, in test_nonortho_transform_not_applied_when_not_mesh\n    tracker = ImageInfoTracker(image=self.image,\nTypeError: __init__() missing 1 required positional argument: &#x27;presenter&#x27;\n\n----------------------------------------------------------------------\nRan 5 tests in 0.041s\n\nFAILED (errors=5)\n\n          Start 1911: MDAlgorithmsTest_SaveZODSTest\n"
            }
        },
        "AlgorithmsTest_FitPeaksTest": {
            "py/object": "datatable_helper.LTS_Problem_test_entry",
            "test_name": "AlgorithmsTest_FitPeaksTest",
            "latest_failed_build": "477",
            "agent_name": "Mac",
            "last_failed_outcome": "Flake",
            "pipeline_name": "pull_requests-conda-osx",
            "past_failed_outcome": {
                "477": "Flake"
            },
            "last_stack_traces": {
                "py/object": "datatable_helper.Problem_test_trial",
                "test_name": "AlgorithmsTest_FitPeaksTest",
                "build": "477",
                "agent_name": "Mac",
                "trial": 1,
                "outcome": "Failed",
                "test_time": "0.57",
                "stacktrace": "FrameworkManager-[Notice] Welcome to Mantid 6.5.20221102.1257\nFrameworkManager-[Notice] Please cite: http://dx.doi.org/10.1016/j.nima.2014.07.029 and this release: http://dx.doi.org/10.5286/Software/Mantid\nDllOpen-[Error] Could not open library /Users/builder/Jenkins/workspace/pull_requests-conda-osx/build/bin/libMantidPythonInterfaceCore.dylib: dlopen(/Users/builder/Jenkins/workspace/pull_requests-conda-osx/build/bin/libMantidPythonInterfaceCore.dylib, 10): Symbol not found: _PyBaseObject_Type\n  Referenced from: /Users/builder/Jenkins/workspace/pull_requests-conda-osx/mambaforge/envs/mantid-developer/lib/libboost_python38.dylib\n  Expected in: flat namespace\n in /Users/builder/Jenkins/workspace/pull_requests-conda-osx/mambaforge/envs/mantid-developer/lib/libboost_python38.dylib\nRunning 10 tests.Instrument-[Warning] In Instrument::getSource(). No source has been set.\nInstrument-[Warning] In Instrument::getSamplePos(). No SamplePos has been set.\nFitPeaks-[Notice] FitPeaks started\nlibc++abi.dylib: Pure virtual function called!\nSubprocess aborted\n\n          Start  303: AlgorithmsTest_FitPeaksTest\n"
            }
        },
        "python.simplescanviewer.RectanglePlotTest.RectanglePlotTest": {
            "py/object": "datatable_helper.LTS_Problem_test_entry",
            "test_name": "python.simplescanviewer.RectanglePlotTest.RectanglePlotTest",
            "latest_failed_build": "474",
            "agent_name": "Mac",
            "last_failed_outcome": "Failed",
            "pipeline_name": "pull_requests-conda-osx",
            "past_failed_outcome": {
                "473": "Failed",
                "474": "Failed"
            },
            "last_stack_traces": {
                "py/object": "datatable_helper.Problem_test_trial",
                "test_name": "python.simplescanviewer.RectanglePlotTest.RectanglePlotTest",
                "build": "474",
                "agent_name": "Mac",
                "trial": 3,
                "outcome": "Failed",
                "test_time": "9.50",
                "stacktrace": "FrameworkManager-[Notice] Welcome to Mantid 6.5.20221102.1142\nFrameworkManager-[Notice] Please cite: http://dx.doi.org/10.1016/j.nima.2014.07.029 and this release: http://dx.doi.org/10.5286/Software/Mantid\n..CreateEmptyTableWorkspace-[Notice] CreateEmptyTableWorkspace started\nCreateEmptyTableWorkspace-[Notice] CreateEmptyTableWorkspace successful, Duration 0.00 seconds\n.CreateWorkspace-[Notice] CreateWorkspace started\nCreateWorkspace-[Notice] CreateWorkspace successful, Duration 0.00 seconds\nCreateWorkspace-[Notice] CreateWorkspace started\nCreateWorkspace-[Notice] CreateWorkspace successful, Duration 0.00 seconds\nCreateWorkspace-[Notice] CreateWorkspace started\nCreateWorkspace-[Notice] CreateWorkspace successful, Duration 0.00 seconds\nCreateWorkspace-[Notice] CreateWorkspace started\nCreateWorkspace-[Notice] CreateWorkspace successful, Duration 0.01 seconds\nCreateWorkspace-[Notice] CreateWorkspace started\nCreateWorkspace-[Notice] CreateWorkspace successful, Duration 0.01 seconds\nCreateWorkspace-[Notice] CreateWorkspace started\nCreateWorkspace-[Notice] CreateWorkspace successful, Duration 0.00 seconds\nCreateWorkspace-[Notice] CreateWorkspace started\nCreateWorkspace-[Notice] CreateWorkspace successful, Duration 0.00 seconds\nCreateWorkspace-[Notice] CreateWorkspace started\nCreateWorkspace-[Notice] CreateWorkspace successful, Duration 0.00 seconds\n...Traceback (most recent call last):\n  File &quot;/Users/builder/Jenkins/workspace/pull_requests-conda-osx/qt/python/mantidqtinterfaces/mantidqtinterfaces/simplescanviewer/rectangle_plot.py&quot;, line 261, in _on_controller_updated\n    self._update_plot_values()\n  File &quot;/Users/builder/Jenkins/workspace/pull_requests-conda-osx/qt/python/mantidqtinterfaces/mantidqtinterfaces/simplescanviewer/rectangle_plot.py&quot;, line 274, in _update_plot_values\n    (x_line_x_axis, x_line_y_values), (y_line_x_axis, y_line_y_values) = self._compute_plot_axes()\n  File &quot;/Users/builder/Jenkins/workspace/pull_requests-conda-osx/qt/python/mantidqtinterfaces/mantidqtinterfaces/simplescanviewer/rectangle_plot.py&quot;, line 288, in _compute_plot_axes\n    xmin, xmax, ymin, ymax = self.plotter.image.get_extent()\nValueError: not enough values to unpack (expected 4, got 0)\nSubprocess aborted\n\n          Start  569: APITest_SampleValidatorTest\n"
            }
        },
        "mantidqt_qt5.test_sample_shape.test_sample_shape": {
            "py/object": "datatable_helper.LTS_Problem_test_entry",
            "test_name": "mantidqt_qt5.test_sample_shape.test_sample_shape",
            "latest_failed_build": "472",
            "agent_name": "Mac",
            "last_failed_outcome": "Failed",
            "pipeline_name": "pull_requests-conda-osx",
            "past_failed_outcome": {
                "472": "Failed"
            },
            "last_stack_traces": {
                "py/object": "datatable_helper.Problem_test_trial",
                "test_name": "mantidqt_qt5.test_sample_shape.test_sample_shape",
                "build": "472",
                "agent_name": "Mac",
                "trial": 3,
                "outcome": "Failed",
                "test_time": "46.32",
                "stacktrace": "FrameworkManager-[Notice] Welcome to Mantid 6.5.20221102.1009\nFrameworkManager-[Notice] Please cite: http://dx.doi.org/10.1016/j.nima.2014.07.029 and this release: http://dx.doi.org/10.5286/Software/Mantid\nCreateWorkspace-[Notice] CreateWorkspace started\nCreateWorkspace-[Notice] CreateWorkspace successful, Duration 0.00 seconds\nDeleteWorkspace-[Notice] DeleteWorkspace started\nDeleteWorkspace-[Notice] DeleteWorkspace successful, Duration 0.00 seconds\n.CreateWorkspace-[Notice] CreateWorkspace started\nCreateWorkspace-[Notice] CreateWorkspace successful, Duration 0.00 seconds\nSetSample-[Notice] SetSample started\nSetSample-[Notice] SetSample successful, Duration 1.91 seconds\nDeleteWorkspace-[Notice] DeleteWorkspace started\nDeleteWorkspace-[Notice] DeleteWorkspace successful, Duration 0.00 seconds\n.CreateSampleWorkspace-[Notice] CreateSampleWorkspace started\nCreateSampleWorkspace-[Notice] CreateSampleWorkspace successful, Duration 0.00 seconds\nDeleteWorkspace-[Notice] DeleteWorkspace started\nDeleteWorkspace-[Notice] DeleteWorkspace successful, Duration 0.00 seconds\n.CreateWorkspace-[Notice] CreateWorkspace started\nCreateWorkspace-[Notice] CreateWorkspace successful, Duration 0.00 seconds\nLoadInstrument-[Notice] LoadInstrument started\nLoadInstrument-[Notice] LoadInstrument successful, Duration 0.02 seconds\nSetSample-[Notice] SetSample started\nSetSample-[Notice] SetSample successful, Duration 0.29 seconds\nDeleteWorkspace-[Notice] DeleteWorkspace started\nDeleteWorkspace-[Notice] DeleteWorkspace successful, Duration 0.00 seconds\nMatplotlib is currently using agg, which is a non-GUI backend, so cannot show the figure.\n.CreateWorkspace-[Notice] CreateWorkspace started\nCreateWorkspace-[Notice] CreateWorkspace successful, Duration 0.00 seconds\nLoadInstrument-[Notice] LoadInstrument started\nLoadInstrument-[Notice] LoadInstrument successful, Duration 0.00 seconds\nSetSample-[Notice] SetSample started\nSetSample-[Notice] SetSample successful, Duration 0.00 seconds\nDeleteWorkspace-[Notice] DeleteWorkspace started\nDeleteWorkspace-[Notice] DeleteWorkspace successful, Duration 0.00 seconds\n.CreateWorkspace-[Notice] CreateWorkspace started\nCreateWorkspace-[Notice] CreateWorkspace successful, Duration 0.00 seconds\nLoadInstrument-[Notice] LoadInstrument started\nLoadInstrument-[Notice] LoadInstrument successful, Duration 0.00 seconds\nSetSample-[Notice] SetSample started\nSetSample-[Notice] SetSample successful, Duration 0.00 seconds\nDeleteWorkspace-[Notice] DeleteWorkspace started\nDeleteWorkspace-[Notice] DeleteWorkspace successful, Duration 0.00 seconds\n.CreateWorkspace-[Notice] CreateWorkspace started\nCreateWorkspace-[Notice] CreateWorkspace successful, Duration 0.00 seconds\nLoadInstrument-[Notice] LoadInstrument started\nLoadInstrument-[Notice] LoadInstrument successful, Duration 0.00 seconds\nSetSample-[Notice] SetSample started\nSetSample-[Notice] SetSample successful, Duration 0.00 seconds\nDeleteWorkspace-[Notice] DeleteWorkspace started\nDeleteWorkspace-[Notice] DeleteWorkspace successful, Duration 0.00 seconds\n.CreateWorkspace-[Notice] CreateWorkspace started\nCreateWorkspace-[Notice] CreateWorkspace successful, Duration 0.00 seconds\nLoadInstrument-[Notice] LoadInstrument started\nLoadInstrument-[Notice] LoadInstrument successful, Duration 0.00 seconds\nSetSample-[Notice] SetSample started\nSetSample-[Notice] SetSample successful, Duration 0.00 seconds\nDeleteWorkspace-[Notice] DeleteWorkspace started\nDeleteWorkspace-[Notice] DeleteWorkspace successful, Duration 0.00 seconds\n.CreateWorkspace-[Notice] CreateWorkspace started\nCreateWorkspace-[Notice] CreateWorkspace successful, Duration 0.00 seconds\nLoadInstrument-[Notice] LoadInstrument started\nLoadInstrument-[Notice] LoadInstrument successful, Duration 0.00 seconds\nSetSample-[Notice] SetSample started\nSetSample-[Notice] SetSample successful, Duration 0.00 seconds\nDeleteWorkspace-[Notice] DeleteWorkspace started\nDeleteWorkspace-[Notice] DeleteWorkspace successful, Duration 0.00 seconds\n.CreateSampleWorkspace-[Notice] CreateSampleWorkspace started\nCreateSampleWorkspace-[Notice] CreateSampleWorkspace successful, Duration 0.01 seconds\nLoadSampleShape-[Notice] LoadSampleShape started\nLoadSampleShape-[Notice] LoadSampleShape successful, Duration 0.03 seconds\nDeleteWorkspace-[Notice] DeleteWorkspace started\nDeleteWorkspace-[Notice] DeleteWorkspace successful, Duration 0.00 seconds\n.CreateWorkspace-[Notice] CreateWorkspace started\nCreateWorkspace-[Notice] CreateWorkspace successful, Duration 0.00 seconds\nLoadInstrument-[Notice] LoadInstrument started\nLoadInstrument-[Notice] LoadInstrument successful, Duration 0.00 seconds\nSetSample-[Notice] SetSample started\nSetSample-[Notice] SetSample successful, Duration 0.00 seconds\nDeleteWorkspace-[Notice] DeleteWorkspace started\nDeleteWorkspace-[Notice] DeleteWorkspace successful, Duration 0.00 seconds\n.CreateWorkspace-[Notice] CreateWorkspace started\nCreateWorkspace-[Notice] CreateWorkspace successful, Duration 0.00 seconds\nLoadInstrument-[Notice] LoadInstrument started\nLoadInstrument-[Notice] LoadInstrument successful, Duration 0.00 seconds\nSetSample-[Notice] SetSample started\nSetSample-[Notice] SetSample successful, Duration 0.00 seconds\nDeleteWorkspace-[Notice] DeleteWorkspace started\nDeleteWorkspace-[Notice] DeleteWorkspace successful, Duration 0.00 seconds\n.CreateWorkspace-[Notice] CreateWorkspace started\nCreateWorkspace-[Notice] CreateWorkspace successful, Duration 0.00 seconds\nLoadInstrument-[Notice] LoadInstrument started\nLoadInstrument-[Notice] LoadInstrument successful, Duration 0.00 seconds\nSetSample-[Notice] SetSample started\nSetSample-[Notice] SetSample successful, Duration 0.00 seconds\nDeleteWorkspace-[Notice] DeleteWorkspace started\nDeleteWorkspace-[Notice] DeleteWorkspace successful, Duration 0.00 seconds\n.CreateWorkspace-[Notice] CreateWorkspace started\nCreateWorkspace-[Notice] CreateWorkspace successful, Duration 0.00 seconds\nSetSample-[Notice] SetSample started\nSetSample-[Notice] SetSample successful, Duration 0.00 seconds\nDeleteWorkspace-[Notice] DeleteWorkspace started\nDeleteWorkspace-[Notice] DeleteWorkspace successful, Duration 0.00 seconds\n.CreateSampleWorkspace-[Notice] CreateSampleWorkspace started\nCreateSampleWorkspace-[Notice] CreateSampleWorkspace successful, Duration 0.00 seconds\nLoadSampleShape-[Notice] LoadSampleShape started\nLoadSampleShape-[Notice] LoadSampleShape successful, Duration 0.03 seconds\nDeleteWorkspace-[Notice] DeleteWorkspace started\nDeleteWorkspace-[Notice] DeleteWorkspace successful, Duration 0.00 seconds\n.CreateWorkspace-[Notice] CreateWorkspace started\nCreateWorkspace-[Notice] CreateWorkspace successful, Duration 0.00 seconds\nLoadInstrument-[Notice] LoadInstrument started\nLoadInstrument-[Notice] LoadInstrument successful, Duration 0.00 seconds\nSetSample-[Notice] SetSample started\nSetSample-[Notice] SetSample successful, Duration 0.00 seconds\nDeleteWorkspace-[Notice] DeleteWorkspace started\nDeleteWorkspace-[Notice] DeleteWorkspace successful, Duration 0.00 seconds\n.CreateSampleWorkspace-[Notice] CreateSampleWorkspace started\nCreateSampleWorkspace-[Notice] CreateSampleWorkspace successful, Duration 0.00 seconds\nLoadSampleShape-[Notice] LoadSampleShape started\nLoadSampleShape-[Notice] LoadSampleShape successful, Duration 0.03 seconds\nDeleteWorkspace-[Notice] DeleteWorkspace started\nDeleteWorkspace-[Notice] DeleteWorkspace successful, Duration 0.00 seconds\n.CreateWorkspace-[Notice] CreateWorkspace started\nCreateWorkspace-[Notice] CreateWorkspace successful, Duration 0.00 seconds\nLoadInstrument-[Notice] LoadInstrument started\nLoadInstrument-[Notice] LoadInstrument successful, Duration 0.00 seconds\nSetSample-[Notice] SetSample started\nSetSample-[Notice] SetSample successful, Duration 0.00 seconds\nDeleteWorkspace-[Notice] DeleteWorkspace started\nDeleteWorkspace-[Notice] DeleteWorkspace successful, Duration 0.00 seconds\n..CreateSampleWorkspace-[Notice] CreateSampleWorkspace started\nCreateSampleWorkspace-[Notice] CreateSampleWorkspace successful, Duration 0.00 seconds\nSetUB-[Notice] SetUB started\nSetUB-[Notice] SetUB successful, Duration 0.00 seconds\n.CreateWorkspace-[Notice] CreateWorkspace started\nCreateWorkspace-[Notice] CreateWorkspace successful, Duration 0.00 seconds\nLoadInstrument-[Notice] LoadInstrument started\nLoadInstrument-[Notice] LoadInstrument successful, Duration 0.00 seconds\nSetSample-[Notice] SetSample started\nSetSample-[Notice] SetSample successful, Duration 0.00 seconds\nDeleteWorkspace-[Notice] DeleteWorkspace started\nDeleteWorkspace-[Notice] DeleteWorkspace successful, Duration 0.00 seconds\n.CreateSampleWorkspace-[Notice] CreateSampleWorkspace started\nCreateSampleWorkspace-[Notice] CreateSampleWorkspace successful, Duration 0.00 seconds\nLoadSampleShape-[Notice] LoadSampleShape started\nLoadSampleShape-[Notice] LoadSampleShape successful, Duration 0.03 seconds\nDeleteWorkspace-[Notice] DeleteWorkspace started\nDeleteWorkspace-[Notice] DeleteWorkspace successful, Duration 0.00 seconds\n.CreateWorkspace-[Notice] CreateWorkspace started\nCreateWorkspace-[Notice] CreateWorkspace successful, Duration 0.00 seconds\nLoadInstrument-[Notice] LoadInstrument started\nLoadInstrument-[Notice] LoadInstrument successful, Duration 0.00 seconds\nSetSample-[Notice] SetSample started\nSetSample-[Notice] SetSample successful, Duration 0.00 seconds\nDeleteWorkspace-[Notice] DeleteWorkspace started\nDeleteWorkspace-[Notice] DeleteWorkspace successful, Duration 0.00 seconds\n..CreateWorkspace-[Notice] CreateWorkspace started\nCreateWorkspace-[Notice] CreateWorkspace successful, Duration 0.00 seconds\nSetSample-[Notice] SetSample started\nSetSample-[Notice] SetSample successful, Duration 1.77 seconds\nInstrument-[Warning] In Instrument::getSource(). No source has been set.\nInstrument-[Warning] In Instrument::getSamplePos(). No SamplePos has been set.\nDeleteWorkspace-[Notice] DeleteWorkspace started\nDeleteWorkspace-[Notice] DeleteWorkspace successful, Duration 0.00 seconds\n.CreateSampleWorkspace-[Notice] CreateSampleWorkspace started\nCreateSampleWorkspace-[Notice] CreateSampleWorkspace successful, Duration 0.00 seconds\nDeleteWorkspace-[Notice] DeleteWorkspace started\nDeleteWorkspace-[Notice] DeleteWorkspace successful, Duration 0.00 seconds\n.CreateWorkspace-[Notice] CreateWorkspace started\nCreateWorkspace-[Notice] CreateWorkspace successful, Duration 0.00 seconds\nLoadInstrument-[Notice] LoadInstrument started\nLoadInstrument-[Notice] LoadInstrument successful, Duration 0.00 seconds\nSetSample-[Notice] SetSample started\nSetSample-[Notice] SetSample successful, Duration 0.00 seconds\nDeleteWorkspace-[Notice] DeleteWorkspace started\nDeleteWorkspace-[Notice] DeleteWorkspace successful, Duration 0.00 seconds\n.CreateSampleWorkspace-[Notice] CreateSampleWorkspace started\nCreateSampleWorkspace-[Notice] CreateSampleWorkspace successful, Duration 0.00 seconds\nLoadSampleShape-[Notice] LoadSampleShape started\nLoadSampleShape-[Notice] LoadSampleShape successful, Duration 0.03 seconds\nDeleteWorkspace-[Notice] DeleteWorkspace started\nDeleteWorkspace-[Notice] DeleteWorkspace successful, Duration 0.00 seconds\n..CreateWorkspace-[Notice] CreateWorkspace started\nCreateWorkspace-[Notice] CreateWorkspace successful, Duration 0.00 seconds\nDeleteWorkspace-[Notice] DeleteWorkspace started\nDeleteWorkspace-[Notice] DeleteWorkspace successful, Duration 0.00 seconds\nECreateWorkspace-[Notice] CreateWorkspace started\nCreateWorkspace-[Notice] CreateWorkspace successful, Duration 0.00 seconds\nLoadInstrument-[Notice] LoadInstrument started\nLoadInstrument-[Notice] LoadInstrument successful, Duration 0.00 seconds\nSetSample-[Notice] SetSample started\nSetSample-[Notice] SetSample successful, Duration 0.00 seconds\nDeleteWorkspace-[Notice] DeleteWorkspace started\nDeleteWorkspace-[Notice] DeleteWorkspace successful, Duration 0.00 seconds\n.CreateWorkspace-[Notice] CreateWorkspace started\nCreateWorkspace-[Notice] CreateWorkspace successful, Duration 0.00 seconds\nSetSample-[Notice] SetSample started\nSetSample-[Notice] SetSample successful, Duration 0.00 seconds\nInstrument-[Warning] In Instrument::getSource(). No source has been set.\nInstrument-[Warning] In Instrument::getSamplePos(). No SamplePos has been set.\nDeleteWorkspace-[Notice] DeleteWorkspace started\nDeleteWorkspace-[Notice] DeleteWorkspace successful, Duration 0.00 seconds\n.CreateWorkspace-[Notice] CreateWorkspace started\nCreateWorkspace-[Notice] CreateWorkspace successful, Duration 0.00 seconds\nSetSample-[Notice] SetSample started\nSetSample-[Notice] SetSample successful, Duration 0.00 seconds\nInstrument-[Warning] In Instrument::getSource(). No source has been set.\nInstrument-[Warning] In Instrument::getSamplePos(). No SamplePos has been set.\nDeleteWorkspace-[Notice] DeleteWorkspace started\nDeleteWorkspace-[Notice] DeleteWorkspace successful, Duration 0.00 seconds\n.CreateWorkspace-[Notice] CreateWorkspace started\nCreateWorkspace-[Notice] CreateWorkspace successful, Duration 0.00 seconds\nSetSample-[Notice] SetSample started\nSetSample-[Notice] SetSample successful, Duration 1.91 seconds\nInstrument-[Warning] In Instrument::getSource(). No source has been set.\nInstrument-[Warning] In Instrument::getSamplePos(). No SamplePos has been set.\nDeleteWorkspace-[Notice] DeleteWorkspace started\nDeleteWorkspace-[Notice] DeleteWorkspace successful, Duration 0.00 seconds\n.CreateSampleWorkspace-[Notice] CreateSampleWorkspace started\nCreateSampleWorkspace-[Notice] CreateSampleWorkspace successful, Duration 0.00 seconds\nLoadSampleShape-[Notice] LoadSampleShape started\nLoadSampleShape-[Notice] LoadSampleShape successful, Duration 0.03 seconds\nDeleteWorkspace-[Notice] DeleteWorkspace started\nDeleteWorkspace-[Notice] DeleteWorkspace successful, Duration 0.00 seconds\n.\n======================================================================\nERROR: test_sample_and_container_invalid (test_sample_shape.PlotSampleShapeTest)\n----------------------------------------------------------------------\nTraceback (most recent call last):\n  File &quot;/Users/builder/Jenkins/workspace/pull_requests-conda-osx/qt/python/mantidqt/mantidqt/plotting/test/test_sample_shape.py&quot;, line 285, in test_sample_and_container_invalid\n    figure = sample_shape.plot_sample_container_and_components(workspace.name())\n  File &quot;/Users/builder/Jenkins/workspace/pull_requests-conda-osx/qt/python/mantidqt/mantidqt/plotting/sample_shape.py&quot;, line 146, in plot_sample_container_and_components\n    return new_plot.create_plot(workspace_name)\n  File &quot;/Users/builder/Jenkins/workspace/pull_requests-conda-osx/qt/python/mantidqt/mantidqt/plotting/sample_shape.py&quot;, line 53, in create_plot\n    raise Exception(&quot;Workspace must have attached Sample Shape or Environment&quot;)\nException: Workspace must have attached Sample Shape or Environment\n\n----------------------------------------------------------------------\nRan 35 tests in 37.623s\n\nFAILED (errors=1)\n\n          Start 1004: DataHandlingTest_SaveSPETest\n"
            }
        },
        "python.WorkflowAlgorithms.MolDynTest.MolDynTest": {
            "py/object": "datatable_helper.LTS_Problem_test_entry",
            "test_name": "python.WorkflowAlgorithms.MolDynTest.MolDynTest",
            "latest_failed_build": "482",
            "agent_name": "Mac",
            "last_failed_outcome": "Failed",
            "pipeline_name": "pull_requests-conda-osx",
            "past_failed_outcome": {
                "482": "Failed"
            },
            "last_stack_traces": {
                "py/object": "datatable_helper.Problem_test_trial",
                "test_name": "python.WorkflowAlgorithms.MolDynTest.MolDynTest",
                "build": "482",
                "agent_name": "Mac",
                "trial": 3,
                "outcome": "Failed",
                "test_time": "10.05",
                "stacktrace": "FrameworkManager-[Notice] Welcome to Mantid 6.5.20221103.733\nFrameworkManager-[Notice] Please cite: http://dx.doi.org/10.1016/j.nima.2014.07.029 and this release: http://dx.doi.org/10.5286/Software/Mantid\nMolDyn-[Notice] MolDyn started\nLoadNMoldyn3Ascii-[Notice] LoadNMoldyn3Ascii started (child)\nPython-[Notice] Loading CDL file\nCreateWorkspace-[Notice] CreateWorkspace started (child)\nCreateWorkspace-[Notice] CreateWorkspace successful, Duration 0.00 seconds\nGroupWorkspaces-[Notice] GroupWorkspaces started (child)\nGroupWorkspaces-[Notice] GroupWorkspaces successful, Duration 0.00 seconds\nLoadNMoldyn3Ascii-[Notice] LoadNMoldyn3Ascii successful, Duration 0.02 seconds\nCropWorkspace-[Notice] CropWorkspace started (child)\nCropWorkspace-[Notice] CropWorkspace successful, Duration 0.00 seconds\nMolDyn-[Notice] MolDyn successful, Duration 0.04 seconds\n.CreateSampleWorkspace-[Notice] CreateSampleWorkspace started\nCreateSampleWorkspace-[Notice] CreateSampleWorkspace successful, Duration 0.00 seconds\nMolDyn-[Notice] MolDyn started\nLoadNMoldyn3Ascii-[Notice] LoadNMoldyn3Ascii started (child)\nPython-[Notice] Loading CDL file\nCreateWorkspace-[Notice] CreateWorkspace started (child)\nCreateWorkspace-[Notice] CreateWorkspace successful, Duration 0.00 seconds\nGroupWorkspaces-[Notice] GroupWorkspaces started (child)\nGroupWorkspaces-[Notice] GroupWorkspaces successful, Duration 0.00 seconds\nLoadNMoldyn3Ascii-[Notice] LoadNMoldyn3Ascii successful, Duration 0.02 seconds\nSymmetrise-[Notice] Symmetrise started (child)\nCropWorkspace-[Notice] CropWorkspace started (child)\nCropWorkspace-[Notice] CropWorkspace successful, Duration 0.00 seconds\nDeleteWorkspace-[Notice] DeleteWorkspace started (child)\nDeleteWorkspace-[Notice] DeleteWorkspace successful, Duration 0.00 seconds\nSymmetrise-[Notice] Symmetrise successful, Duration 0.01 seconds\nPython-[Notice] Creating resolution workspace.\nConjoinSpectra-[Notice] ConjoinSpectra started (child)\nExtractSingleSpectrum-[Notice] ExtractSingleSpectrum started (child)\nExtractSingleSpectrum-[Notice] ExtractSingleSpectrum successful, Duration 0.00 seconds\nRenameWorkspace-[Notice] RenameWorkspace started (child)\nRenameWorkspace-[Notice] RenameWorkspace successful, Duration 0.00 seconds\nExtractSingleSpectrum-[Notice] ExtractSingleSpectrum started (child)\nExtractSingleSpectrum-[Notice] ExtractSingleSpectrum successful, Duration 0.00 seconds\nConjoinWorkspaces-[Notice] ConjoinWorkspaces started (child)\nConjoinWorkspaces-[Notice] ConjoinWorkspaces successful, Duration 0.00 seconds\nExtractSingleSpectrum-[Notice] ExtractSingleSpectrum started (child)\nExtractSingleSpectrum-[Notice] ExtractSingleSpectrum successful, Duration 0.00 seconds\nConjoinWorkspaces-[Notice] ConjoinWorkspaces started (child)\nConjoinWorkspaces-[Notice] ConjoinWorkspaces successful, Duration 0.00 seconds\nConjoinSpectra-[Notice] ConjoinSpectra successful, Duration 0.02 seconds\nPython-[Notice] Convoluting sample NaF_DISF_Sqw-total with resolution resolution_ws\nConvolveWorkspaces-[Notice] ConvolveWorkspaces started (child)\nConvolveWorkspaces-[Error] ConvolveWorkspaces: Histogram::setSharedX: size mismatch\nConvolveWorkspaces-[Error] \nConvolveWorkspaces-[Error] Error in execution of algorithm ConvolveWorkspaces:\nConvolveWorkspaces-[Error] ConvolveWorkspaces: error (see log)\nMolDyn-[Error] Error in execution of algorithm MolDyn:\nMolDyn-[Error] ConvolveWorkspaces-v1: ConvolveWorkspaces: error (see log)\nMolDyn-[Error]   at line 119 in &#x27;/Users/builder/Jenkins/workspace/pull_requests-conda-osx/Framework/PythonInterface/plugins/algorithms/WorkflowAlgorithms/MolDyn.py&#x27;\nMolDyn-[Error]   caused by line 210 in &#x27;/Users/builder/Jenkins/workspace/pull_requests-conda-osx/Framework/PythonInterface/plugins/algorithms/WorkflowAlgorithms/MolDyn.py&#x27;\nMolDyn-[Error]   caused by line 1065 in &#x27;/Users/builder/Jenkins/workspace/pull_requests-conda-osx/Framework/PythonInterface/mantid/simpleapi.py&#x27;\nEMolDyn-[Notice] MolDyn started\nLoadNMoldyn3Ascii-[Notice] LoadNMoldyn3Ascii started (child)\nPython-[Notice] Loading CDL file\nCreateWorkspace-[Notice] CreateWorkspace started (child)\nCreateWorkspace-[Notice] CreateWorkspace successful, Duration 0.00 seconds\nGroupWorkspaces-[Notice] GroupWorkspaces started (child)\nGroupWorkspaces-[Notice] GroupWorkspaces successful, Duration 0.00 seconds\nLoadNMoldyn3Ascii-[Notice] LoadNMoldyn3Ascii successful, Duration 0.02 seconds\nSymmetrise-[Notice] Symmetrise started (child)\nCropWorkspace-[Notice] CropWorkspace started (child)\nCropWorkspace-[Notice] CropWorkspace successful, Duration 0.00 seconds\nDeleteWorkspace-[Notice] DeleteWorkspace started (child)\nDeleteWorkspace-[Notice] DeleteWorkspace successful, Duration 0.00 seconds\nSymmetrise-[Notice] Symmetrise successful, Duration 0.01 seconds\nMolDyn-[Notice] MolDyn successful, Duration 0.04 seconds\n.MolDyn-[Notice] MolDyn started\nLoadNMoldyn3Ascii-[Notice] LoadNMoldyn3Ascii started (child)\nPython-[Notice] Loading CDL file\nCreateWorkspace-[Notice] CreateWorkspace started (child)\nCreateWorkspace-[Notice] CreateWorkspace successful, Duration 0.00 seconds\nGroupWorkspaces-[Notice] GroupWorkspaces started (child)\nGroupWorkspaces-[Notice] GroupWorkspaces successful, Duration 0.00 seconds\nLoadNMoldyn3Ascii-[Notice] LoadNMoldyn3Ascii successful, Duration 0.02 seconds\nMolDyn-[Notice] MolDyn successful, Duration 0.03 seconds\n.MolDyn-[Notice] MolDyn started\nLoadNMoldyn3Ascii-[Notice] LoadNMoldyn3Ascii started (child)\nPython-[Notice] Loading ASCII data\nLoadInstrument-[Notice] LoadInstrument started (child)\nLoadInstrument-[Notice] LoadInstrument successful, Duration 0.00 seconds\nLoadParameterFile-[Notice] LoadParameterFile started (child)\nLoadParameterFile-[Notice] LoadParameterFile successful, Duration 0.00 seconds\nUpdateInstrumentFromFile-[Notice] UpdateInstrumentFromFile started (child)\nUpdateInstrumentFromFile-[Notice] UpdateInstrumentFromFile successful, Duration 0.00 seconds\nLoadNMoldyn3Ascii-[Notice] LoadNMoldyn3Ascii successful, Duration 0.39 seconds\nMolDyn-[Notice] MolDyn successful, Duration 0.40 seconds\n.MolDyn-[Notice] MolDyn started\nLoadNMoldyn4Ascii-[Notice] LoadNMoldyn4Ascii started (child)\nGroupWorkspaces-[Notice] GroupWorkspaces started (child)\nGroupWorkspaces-[Notice] GroupWorkspaces successful, Duration 0.00 seconds\nLoadNMoldyn4Ascii-[Notice] LoadNMoldyn4Ascii successful, Duration 0.05 seconds\nMolDyn-[Notice] MolDyn successful, Duration 0.05 seconds\n&#x27;U&#x27; mode is deprecated\n&#x27;U&#x27; mode is deprecated\n.\n======================================================================\nERROR: test_loadSqwWithRes (MolDynTest.MolDynTest)\n----------------------------------------------------------------------\nTraceback (most recent call last):\n  File &quot;/Users/builder/Jenkins/workspace/pull_requests-conda-osx/Framework/PythonInterface/mantid/simpleapi.py&quot;, line 1058, in __call__\n    algm.execute()\nRuntimeError: ConvolveWorkspaces-v1: ConvolveWorkspaces: error (see log)\n  at line 119 in &#x27;/Users/builder/Jenkins/workspace/pull_requests-conda-osx/Framework/PythonInterface/plugins/algorithms/WorkflowAlgorithms/MolDyn.py&#x27;\n  caused by line 210 in &#x27;/Users/builder/Jenkins/workspace/pull_requests-conda-osx/Framework/PythonInterface/plugins/algorithms/WorkflowAlgorithms/MolDyn.py&#x27;\n  caused by line 1065 in &#x27;/Users/builder/Jenkins/workspace/pull_requests-conda-osx/Framework/PythonInterface/mantid/simpleapi.py&#x27;\n\nThe above exception was the direct cause of the following exception:\n\nTraceback (most recent call last):\n  File &quot;/Users/builder/Jenkins/workspace/pull_requests-conda-osx/Framework/PythonInterface/test/python/plugins/algorithms/WorkflowAlgorithms/MolDynTest.py&quot;, line 103, in test_loadSqwWithRes\n    moldyn_group = MolDyn(Data=&#x27;NaF_DISF.cdl&#x27;,\n  File &quot;/Users/builder/Jenkins/workspace/pull_requests-conda-osx/Framework/PythonInterface/mantid/simpleapi.py&quot;, line 1065, in __call__\n    raise RuntimeError(msg) from e\nRuntimeError: MolDyn-v1: ConvolveWorkspaces-v1: ConvolveWorkspaces: error (see log)\n  at line 119 in &#x27;/Users/builder/Jenkins/workspace/pull_requests-conda-osx/Framework/PythonInterface/plugins/algorithms/WorkflowAlgorithms/MolDyn.py&#x27;\n  caused by line 210 in &#x27;/Users/builder/Jenkins/workspace/pull_requests-conda-osx/Framework/PythonInterface/plugins/algorithms/WorkflowAlgorithms/MolDyn.py&#x27;\n  caused by line 1065 in &#x27;/Users/builder/Jenkins/workspace/pull_requests-conda-osx/Framework/PythonInterface/mantid/simpleapi.py&#x27;\n\n----------------------------------------------------------------------\nRan 6 tests in 0.639s\n\nFAILED (errors=1)\n\n          Start  963: DataHandlingTest_RotateSourceTest\n"
            }
        },
        "python.algorithms.IntegratePeaksSkewTest.IntegratePeaksSkewTest": {
            "py/object": "datatable_helper.LTS_Problem_test_entry",
            "test_name": "python.algorithms.IntegratePeaksSkewTest.IntegratePeaksSkewTest",
            "latest_failed_build": "480",
            "agent_name": "Mac",
            "last_failed_outcome": "Failed",
            "pipeline_name": "pull_requests-conda-osx",
            "past_failed_outcome": {
                "480": "Failed"
            },
            "last_stack_traces": {
                "py/object": "datatable_helper.Problem_test_trial",
                "test_name": "python.algorithms.IntegratePeaksSkewTest.IntegratePeaksSkewTest",
                "build": "480",
                "agent_name": "Mac",
                "trial": 3,
                "outcome": "Failed",
                "test_time": "26.23",
                "stacktrace": "FrameworkManager-[Notice] Welcome to Mantid 6.5.20221102.1717\nFrameworkManager-[Notice] Please cite: http://dx.doi.org/10.1016/j.nima.2014.07.029 and this release: http://dx.doi.org/10.5286/Software/Mantid\nCreatePeaksWorkspace-[Notice] CreatePeaksWorkspace started\nCreatePeaksWorkspace-[Notice] CreatePeaksWorkspace successful, Duration 0.00 seconds\nAddPeak-[Notice] AddPeak started\nAddPeak-[Notice] AddPeak successful, Duration 0.00 seconds\nAddPeak-[Notice] AddPeak started\nAddPeak-[Notice] AddPeak successful, Duration 0.00 seconds\nAddPeak-[Notice] AddPeak started\nAddPeak-[Notice] AddPeak successful, Duration 0.00 seconds\nLoadEmptyInstrument-[Notice] LoadEmptyInstrument started\nLoadEmptyInstrument-[Notice] LoadEmptyInstrument successful, Duration 12.16 seconds\nCreatePeaksWorkspace-[Notice] CreatePeaksWorkspace started\nCreatePeaksWorkspace-[Notice] CreatePeaksWorkspace successful, Duration 0.00 seconds\nAddPeak-[Notice] AddPeak started\nAddPeak-[Notice] AddPeak successful, Duration 0.00 seconds\nAddPeak-[Notice] AddPeak started\nAddPeak-[Notice] AddPeak successful, Duration 0.00 seconds\nAddPeak-[Notice] AddPeak started\nAddPeak-[Notice] AddPeak successful, Duration 0.00 seconds\nAddPeak-[Notice] AddPeak started\nAddPeak-[Notice] AddPeak successful, Duration 0.00 seconds\nAddPeak-[Notice] AddPeak started\nAddPeak-[Notice] AddPeak successful, Duration 0.00 seconds\n..IntegratePeaksSkew-[Notice] IntegratePeaksSkew started\nIntegratePeaksSkew-[Notice] IntegratePeaksSkew successful, Duration 0.01 seconds\nPrecision loss occurred in moment calculation due to catastrophic cancellation. This occurs when the data are nearly identical. Results may be unreliable.\nPrecision loss occurred in moment calculation due to catastrophic cancellation. This occurs when the data are nearly identical. Results may be unreliable.\n.IntegratePeaksSkew-[Notice] IntegratePeaksSkew started\nIntegratePeaksSkew-[Notice] IntegratePeaksSkew successful, Duration 0.02 seconds\n.IntegratePeaksSkew-[Notice] IntegratePeaksSkew started\nIntegratePeaksSkew-[Error] Error in execution of algorithm IntegratePeaksSkew:\nIntegratePeaksSkew-[Error] local variable &#x27;dTOF&#x27; referenced before assignment\nIntegratePeaksSkew-[Error]   at line 793 in &#x27;/Users/builder/Jenkins/workspace/pull_requests-conda-osx/Framework/PythonInterface/plugins/algorithms/IntegratePeaksSkew.py&#x27;\nEIntegratePeaksSkew-[Notice] IntegratePeaksSkew started\nIntegratePeaksSkew-[Notice] IntegratePeaksSkew successful, Duration 0.02 seconds\nIntegratePeaksSkew-[Notice] IntegratePeaksSkew started\nIntegratePeaksSkew-[Notice] IntegratePeaksSkew successful, Duration 0.02 seconds\n.IntegratePeaksSkew-[Notice] IntegratePeaksSkew started\nPython-[Notice] Estimated resolution parameters:\nBackscatteringTOFResolution = 0.9999999999999979\nThetaWidth = 1.4864226597308577e-07\nIntegratePeaksSkew-[Notice] IntegratePeaksSkew successful, Duration 0.03 seconds\n.IntegratePeaksSkew-[Notice] IntegratePeaksSkew started\nPython-[Warning] Resolution parameters could not be estimated - the provided TOF window parameters arelikely to be suboptimal (probably the resulting window is too large). Please inspect the results (if an OutputFile has been specified the optimal TOF windows found will be plotted on the last page.\nIntegratePeaksSkew-[Notice] IntegratePeaksSkew successful, Duration 0.03 seconds\n.IntegratePeaksSkew-[Notice] IntegratePeaksSkew started\nIntegratePeaksSkew-[Notice] IntegratePeaksSkew successful, Duration 0.02 seconds\nIntegratePeaksSkew-[Notice] IntegratePeaksSkew started\nPython-[Notice] Estimated resolution parameters:\nBackscatteringTOFResolution = 0.9999999999999979\nThetaWidth = 1.4864226597308577e-07\nIntegratePeaksSkew-[Notice] IntegratePeaksSkew successful, Duration 0.02 seconds\n.IntegratePeaksSkew-[Notice] IntegratePeaksSkew started\nIntegratePeaksSkew-[Notice] IntegratePeaksSkew successful, Duration 0.02 seconds\n...IntegratePeaksSkew-[Notice] IntegratePeaksSkew started\nIntegratePeaksSkew-[Notice] IntegratePeaksSkew successful, Duration 0.01 seconds\nIntegratePeaksSkew-[Notice] IntegratePeaksSkew started\nIntegratePeaksSkew-[Notice] IntegratePeaksSkew successful, Duration 0.01 seconds\n.IntegratePeaksSkew-[Notice] IntegratePeaksSkew started\nIntegratePeaksSkew-[Notice] IntegratePeaksSkew successful, Duration 0.01 seconds\nIntegratePeaksSkew-[Notice] IntegratePeaksSkew started\nIntegratePeaksSkew-[Notice] IntegratePeaksSkew successful, Duration 0.01 seconds\n.CloneWorkspace-[Notice] CloneWorkspace started\nCloneWorkspace-[Notice] CloneWorkspace successful, Duration 0.00 seconds\nIntegratePeaksSkew-[Notice] IntegratePeaksSkew started\nIntegratePeaksSkew-[Notice] IntegratePeaksSkew successful, Duration 0.01 seconds\nIntegratePeaksSkew-[Notice] IntegratePeaksSkew started\nIntegratePeaksSkew-[Notice] IntegratePeaksSkew successful, Duration 0.02 seconds\nIntegratePeaksSkew-[Notice] IntegratePeaksSkew started\nIntegratePeaksSkew-[Notice] IntegratePeaksSkew successful, Duration 0.02 seconds\n.IntegratePeaksSkew-[Notice] IntegratePeaksSkew started\nIntegratePeaksSkew-[Notice] IntegratePeaksSkew successful, Duration 0.01 seconds\n.IntegratePeaksSkew-[Notice] IntegratePeaksSkew started\nIntegratePeaksSkew-[Notice] IntegratePeaksSkew successful, Duration 1.67 seconds\nStarting from Matplotlib 3.6, colorbar() will steal space from the mappable&#x27;s axes, rather than from the current axes, to place the colorbar.  To silence this warning, explicitly pass the &#x27;ax&#x27; argument to colorbar().\n.\n======================================================================\nERROR: test_integrate_use_nearest_peak_false_update_peak_position_false_with_back_to_back_params (IntegratePeaksSkewTest.IntegratePeaksSkewTest)\n----------------------------------------------------------------------\nTraceback (most recent call last):\n  File &quot;/Users/builder/Jenkins/workspace/pull_requests-conda-osx/Framework/PythonInterface/mantid/simpleapi.py&quot;, line 1058, in __call__\n    algm.execute()\nRuntimeError: local variable &#x27;dTOF&#x27; referenced before assignment\n  at line 793 in &#x27;/Users/builder/Jenkins/workspace/pull_requests-conda-osx/Framework/PythonInterface/plugins/algorithms/IntegratePeaksSkew.py&#x27;\n\nThe above exception was the direct cause of the following exception:\n\nTraceback (most recent call last):\n  File &quot;/Users/builder/Jenkins/workspace/pull_requests-conda-osx/Framework/PythonInterface/test/python/plugins/algorithms/IntegratePeaksSkewTest.py&quot;, line 95, in test_integrate_use_nearest_peak_false_update_peak_position_false_with_back_to_back_params\n    out = IntegratePeaksSkew(InputWorkspace=self.ws, PeaksWorkspace=self.peaks,\n  File &quot;/Users/builder/Jenkins/workspace/pull_requests-conda-osx/Framework/PythonInterface/mantid/simpleapi.py&quot;, line 1065, in __call__\n    raise RuntimeError(msg) from e\nRuntimeError: IntegratePeaksSkew-v1: local variable &#x27;dTOF&#x27; referenced before assignment\n  at line 793 in &#x27;/Users/builder/Jenkins/workspace/pull_requests-conda-osx/Framework/PythonInterface/plugins/algorithms/IntegratePeaksSkew.py&#x27;\n\n----------------------------------------------------------------------\nRan 17 tests in 19.657s\n\nFAILED (errors=1)\n\n"
            }
        }
    }
}