{
    "data": {
        "TypesTest_DateAndTimeTest": {
            "test_name": "TypesTest_DateAndTimeTest",
            "latest_failed_build": "442",
            "agent_name": "Mac",
            "last_failed_outcome": "Failed",
            "pipeline_name": "pull_requests-conda-osx",
            "past_failed_outcome": {
                "442": "Failed"
            },
            "last_stack_traces": {
                "test_name": "TypesTest_DateAndTimeTest",
                "build": "442",
                "agent_name": "Mac",
                "trial": 3,
                "outcome": "Failed",
                "test_time": "0.04",
                "stacktrace": "Running 24 tests...............\nIn DateAndTimeTest::test_time_t_support:\n/Users/builder/Jenkins/workspace/pull_requests-conda-osx/Framework/Types/test/DateAndTimeTest.h:284: Error: Expected (current == t.to_time_t()), found (1667089690 != 1667093290)\n........\nFailed 1 of 24 tests\nSuccess rate: 95%\n\n          Start 2631: python.IsisPowder.ISISPowderCommonTest.ISISPowderCommonTest\n"
            }
        },
        "mantidqt_qt5.test_sliceviewer_imageinfowidget.test_sliceviewer_imageinfowidget": {
            "test_name": "mantidqt_qt5.test_sliceviewer_imageinfowidget.test_sliceviewer_imageinfowidget",
            "latest_failed_build": "456",
            "agent_name": "Mac",
            "last_failed_outcome": "Failed",
            "pipeline_name": "pull_requests-conda-osx",
            "past_failed_outcome": {
                "456": "Failed"
            },
            "last_stack_traces": {
                "test_name": "mantidqt_qt5.test_sliceviewer_imageinfowidget.test_sliceviewer_imageinfowidget",
                "build": "456",
                "agent_name": "Mac",
                "trial": 3,
                "outcome": "Failed",
                "test_time": "3.49",
                "stacktrace": "EEEEE\n======================================================================\nERROR: test_cursorAt_arguments_correct_when_not_mesh_and_not_transposed (test_sliceviewer_imageinfowidget.ImageInfoTrackerTest)\n----------------------------------------------------------------------\nTraceback (most recent call last):\n  File &quot;/Users/builder/Jenkins/workspace/pull_requests-conda-osx/mambaforge/envs/mantid-developer/lib/python3.8/unittest/mock.py&quot;, line 1325, in patched\n    return func(*newargs, **newkeywargs)\n  File &quot;/Users/builder/Jenkins/workspace/pull_requests-conda-osx/qt/python/mantidqt/mantidqt/widgets/sliceviewer/test/test_sliceviewer_imageinfowidget.py&quot;, line 68, in test_cursorAt_arguments_correct_when_not_mesh_and_not_transposed\n    tracker = ImageInfoTracker(image=self.image,\nTypeError: __init__() missing 1 required positional argument: &#x27;presenter&#x27;\n\n======================================================================\nERROR: test_cursorAt_arguments_correct_when_not_mesh_and_transposed (test_sliceviewer_imageinfowidget.ImageInfoTrackerTest)\n----------------------------------------------------------------------\nTraceback (most recent call last):\n  File &quot;/Users/builder/Jenkins/workspace/pull_requests-conda-osx/mambaforge/envs/mantid-developer/lib/python3.8/unittest/mock.py&quot;, line 1325, in patched\n    return func(*newargs, **newkeywargs)\n  File &quot;/Users/builder/Jenkins/workspace/pull_requests-conda-osx/qt/python/mantidqt/mantidqt/widgets/sliceviewer/test/test_sliceviewer_imageinfowidget.py&quot;, line 84, in test_cursorAt_arguments_correct_when_not_mesh_and_transposed\n    tracker = ImageInfoTracker(image=self.image,\nTypeError: __init__() missing 1 required positional argument: &#x27;presenter&#x27;\n\n======================================================================\nERROR: test_nonortho_transform_applied_when_mesh_and_transfrom_true (test_sliceviewer_imageinfowidget.ImageInfoTrackerTest)\n----------------------------------------------------------------------\nTraceback (most recent call last):\n  File &quot;/Users/builder/Jenkins/workspace/pull_requests-conda-osx/qt/python/mantidqt/mantidqt/widgets/sliceviewer/test/test_sliceviewer_imageinfowidget.py&quot;, line 38, in test_nonortho_transform_applied_when_mesh_and_transfrom_true\n    tracker = ImageInfoTracker(image=self.image,\nTypeError: __init__() missing 1 required positional argument: &#x27;presenter&#x27;\n\n======================================================================\nERROR: test_nonortho_transform_not_applied_when_mesh_and_transfrom_false (test_sliceviewer_imageinfowidget.ImageInfoTrackerTest)\n----------------------------------------------------------------------\nTraceback (most recent call last):\n  File &quot;/Users/builder/Jenkins/workspace/pull_requests-conda-osx/qt/python/mantidqt/mantidqt/widgets/sliceviewer/test/test_sliceviewer_imageinfowidget.py&quot;, line 27, in test_nonortho_transform_not_applied_when_mesh_and_transfrom_false\n    tracker = ImageInfoTracker(image=self.image,\nTypeError: __init__() missing 1 required positional argument: &#x27;presenter&#x27;\n\n======================================================================\nERROR: test_nonortho_transform_not_applied_when_not_mesh (test_sliceviewer_imageinfowidget.ImageInfoTrackerTest)\n----------------------------------------------------------------------\nTraceback (most recent call last):\n  File &quot;/Users/builder/Jenkins/workspace/pull_requests-conda-osx/mambaforge/envs/mantid-developer/lib/python3.8/unittest/mock.py&quot;, line 1325, in patched\n    return func(*newargs, **newkeywargs)\n  File &quot;/Users/builder/Jenkins/workspace/pull_requests-conda-osx/qt/python/mantidqt/mantidqt/widgets/sliceviewer/test/test_sliceviewer_imageinfowidget.py&quot;, line 51, in test_nonortho_transform_not_applied_when_not_mesh\n    tracker = ImageInfoTracker(image=self.image,\nTypeError: __init__() missing 1 required positional argument: &#x27;presenter&#x27;\n\n----------------------------------------------------------------------\nRan 5 tests in 0.041s\n\nFAILED (errors=5)\n\n          Start 1911: MDAlgorithmsTest_SaveZODSTest\n"
            }
        }
    }
}