{
    "data": [
        {
            "test_name": "python.algorithms.FlakyTest.FlakyTest",
            "latest_failed_build": "71",
            "agent_name": "linux-gnu",
            "last_failed_outcome": "Flake",
            "problem_count": 1,
            "past_outcome": {
                "build_keys": [
                    "82",
                    "81",
                    "80",
                    "79",
                    "78",
                    "77",
                    "76",
                    "75",
                    "74",
                    "73",
                    "72",
                    "71",
                    "70",
                    "69",
                    "68",
                    "67"
                ],
                "past_outcome_list": [
                    "None",
                    "None",
                    "Passed",
                    "Passed",
                    "None",
                    "Passed",
                    "None",
                    "None",
                    "None",
                    "None",
                    "None",
                    "Flake",
                    "None",
                    "None",
                    "None",
                    "None"
                ]
            },
            "last_stack_traces": {
                "test_name": "python.algorithms.FlakyTest.FlakyTest",
                "build": "71",
                "agent_name": "linux-gnu",
                "trial": 1,
                "outcome": "Failed",
                "test_time": "0.28",
                "stacktrace": "/jenkins_workdir/workspace/build_packages_from_branch/build/bin/site.py:26: DeprecationWarning: the imp module is deprecated in favour of importlib; see the module&#x27;s documentation for alternative uses\n  import imp  # Avoid import loop in Python 3\nF\n======================================================================\nFAIL: test_flaky (FlakyTest.FlakyTest)\n----------------------------------------------------------------------\nTraceback (most recent call last):\n  File &quot;/jenkins_workdir/workspace/build_packages_from_branch/Framework/PythonInterface/test/python/plugins/algorithms/FlakyTest.py&quot;, line 7, in test_flaky\n    self.assertEqual(rand, 1)\nAssertionError: 0 != 1\n\n----------------------------------------------------------------------\nRan 1 test in 0.004s\n\nFAILED (failures=1)\n\n          Start 1516: python.algorithms.FlakyTest.FlakyTest\n"
            }
        },
        {
            "test_name": "python.algorithms.FailTest.FailTest",
            "latest_failed_build": "71",
            "agent_name": "linux-gnu",
            "last_failed_outcome": "Failed",
            "problem_count": 1,
            "past_outcome": {
                "build_keys": [
                    "82",
                    "81",
                    "80",
                    "79",
                    "78",
                    "77",
                    "76",
                    "75",
                    "74",
                    "73",
                    "72",
                    "71",
                    "70",
                    "69",
                    "68",
                    "67"
                ],
                "past_outcome_list": [
                    "None",
                    "None",
                    "Passed",
                    "Passed",
                    "None",
                    "Passed",
                    "None",
                    "None",
                    "None",
                    "None",
                    "None",
                    "Failed",
                    "None",
                    "None",
                    "None",
                    "None"
                ]
            },
            "last_stack_traces": {
                "test_name": "python.algorithms.FailTest.FailTest",
                "build": "71",
                "agent_name": "linux-gnu",
                "trial": 3,
                "outcome": "Failed",
                "test_time": "0.27",
                "stacktrace": "/jenkins_workdir/workspace/build_packages_from_branch/build/bin/site.py:26: DeprecationWarning: the imp module is deprecated in favour of importlib; see the module&#x27;s documentation for alternative uses\n  import imp  # Avoid import loop in Python 3\nF\n======================================================================\nFAIL: test_fail (FailTest.FailTest)\n----------------------------------------------------------------------\nTraceback (most recent call last):\n  File &quot;/jenkins_workdir/workspace/build_packages_from_branch/Framework/PythonInterface/test/python/plugins/algorithms/FailTest.py&quot;, line 5, in test_fail\n    self.assertEqual(0, 1)\nAssertionError: 0 != 1\n\n----------------------------------------------------------------------\nRan 1 test in 0.000s\n\nFAILED (failures=1)\n\n          Start 2433: MantidQtInterfacesIndirectTestQt5_IndirectFitPlotPresenterTest\n"
            }
        }
    ]
}