{
    "data": [
        {
            "test_name": "python.MuonQt5.general_fitting_view_test.general_fitting_view_test",
            "latest_failed_build": "445",
            "agent_name": "Windows",
            "last_failed_outcome": "Flake",
            "pipeline_name": "main_nightly_deployment_prototype",
            "problem_count": 1,
            "past_outcome": {
                "build_keys": [
                    "446",
                    "445",
                    "444",
                    "443",
                    "442",
                    "441",
                    "440",
                    "439",
                    "438",
                    "437"
                ],
                "past_outcome_list": [
                    "None",
                    "Flake",
                    "Passed",
                    "None",
                    "Passed",
                    "Passed",
                    "Passed",
                    "Passed",
                    "Passed",
                    "Passed"
                ]
            },
            "last_stack_traces": {
                "test_name": "python.MuonQt5.general_fitting_view_test.general_fitting_view_test",
                "build": "445",
                "agent_name": "Windows",
                "trial": 1,
                "outcome": "Failed",
                "test_time": "4.89",
                "stacktrace": "FrameworkManager-[Notice] Welcome to Mantid 6.5.20221109.1600\r\nFrameworkManager-[Notice] Please cite: http://dx.doi.org/10.1016/j.nima.2014.07.029 and this release: http://dx.doi.org/10.5286/Software/Mantid\r\nEEEEEEEEEEEE\r\n======================================================================\r\nERROR: test_that_current_dataset_index_will_return_none_when_there_is_nothing_selected_in_the_combobox (general_fitting_view_test.GeneralFittingViewTest)\r\n----------------------------------------------------------------------\r\nAttributeError: &#x27;GeneralFittingView&#x27; object has no attribute &#x27;y&#x27;\r\n\r\nThe above exception was the direct cause of the following exception:\r\n\r\nTraceback (most recent call last):\r\n  File &quot;C:/Jenkins/workspace/main_nightly_deployment_prototype/qt/python/mantidqtinterfaces/test/Muon/fitting_widgets/general_fitting/general_fitting_view_test.py&quot;, line 20, in setUp\r\n    self.view = GeneralFittingView()\r\n  File &quot;c:\\jenkins\\workspace\\main_nightly_deployment_prototype\\qt\\python\\mantidqtinterfaces\\mantidqtinterfaces\\Muon\\GUI\\Common\\fitting_widgets\\general_fitting\\general_fitting_view.py&quot;, line 25, in __init__\r\n    super(GeneralFittingView, self).__init__(parent)\r\n  File &quot;c:\\jenkins\\workspace\\main_nightly_deployment_prototype\\qt\\python\\mantidqtinterfaces\\mantidqtinterfaces\\Muon\\GUI\\Common\\fitting_widgets\\basic_fitting\\basic_fitting_view.py&quot;, line 29, in __init__\r\n    self.setupUi(self)\r\n  File &quot;&lt;string&gt;&quot;, line 31, in setupUi\r\nSystemError: &lt;built-in function connectSlotsByName&gt; returned a result with an error set\r\n\r\n======================================================================\r\nERROR: test_that_current_dataset_index_will_return_the_expected_dataset_index (general_fitting_view_test.GeneralFittingViewTest)\r\n----------------------------------------------------------------------\r\nAttributeError: &#x27;GeneralFittingView&#x27; object has no attribute &#x27;y&#x27;\r\n\r\nThe above exception was the direct cause of the following exception:\r\n\r\nTraceback (most recent call last):\r\n  File &quot;C:/Jenkins/workspace/main_nightly_deployment_prototype/qt/python/mantidqtinterfaces/test/Muon/fitting_widgets/general_fitting/general_fitting_view_test.py&quot;, line 20, in setUp\r\n    self.view = GeneralFittingView()\r\n  File &quot;c:\\jenkins\\workspace\\main_nightly_deployment_prototype\\qt\\python\\mantidqtinterfaces\\mantidqtinterfaces\\Muon\\GUI\\Common\\fitting_widgets\\general_fitting\\general_fitting_view.py&quot;, line 25, in __init__\r\n    super(GeneralFittingView, self).__init__(parent)\r\n  File &quot;c:\\jenkins\\workspace\\main_nightly_deployment_prototype\\qt\\python\\mantidqtinterfaces\\mantidqtinterfaces\\Muon\\GUI\\Common\\fitting_widgets\\basic_fitting\\basic_fitting_view.py&quot;, line 29, in __init__\r\n    self.setupUi(self)\r\n  File &quot;&lt;string&gt;&quot;, line 31, in setupUi\r\nSystemError: &lt;built-in function connectSlotsByName&gt; returned a result with an error set\r\n\r\n======================================================================\r\nERROR: test_that_number_of_datasets_will_return_the_expected_number_of_datasets (general_fitting_view_test.GeneralFittingViewTest)\r\n----------------------------------------------------------------------\r\nAttributeError: &#x27;GeneralFittingView&#x27; object has no attribute &#x27;y&#x27;\r\n\r\nThe above exception was the direct cause of the following exception:\r\n\r\nTraceback (most recent call last):\r\n  File &quot;C:/Jenkins/workspace/main_nightly_deployment_prototype/qt/python/mantidqtinterfaces/test/Muon/fitting_widgets/general_fitting/general_fitting_view_test.py&quot;, line 20, in setUp\r\n    self.view = GeneralFittingView()\r\n  File &quot;c:\\jenkins\\workspace\\main_nightly_deployment_prototype\\qt\\python\\mantidqtinterfaces\\mantidqtinterfaces\\Muon\\GUI\\Common\\fitting_widgets\\general_fitting\\general_fitting_view.py&quot;, line 25, in __init__\r\n    super(GeneralFittingView, self).__init__(parent)\r\n  File &quot;c:\\jenkins\\workspace\\main_nightly_deployment_prototype\\qt\\python\\mantidqtinterfaces\\mantidqtinterfaces\\Muon\\GUI\\Common\\fitting_widgets\\basic_fitting\\basic_fitting_view.py&quot;, line 29, in __init__\r\n    self.setupUi(self)\r\n  File &quot;&lt;string&gt;&quot;, line 31, in setupUi\r\nSystemError: &lt;built-in function connectSlotsByName&gt; returned a result with an error set\r\n\r\n======================================================================\r\nERROR: test_that_setup_fit_by_specifier_will_add_fit_specifiers_to_the_relevant_checkbox (general_fitting_view_test.GeneralFittingViewTest)\r\n----------------------------------------------------------------------\r\nAttributeError: &#x27;GeneralFittingView&#x27; object has no attribute &#x27;y&#x27;\r\n\r\nThe above exception was the direct cause of the following exception:\r\n\r\nTraceback (most recent call last):\r\n  File &quot;C:/Jenkins/workspace/main_nightly_deployment_prototype/qt/python/mantidqtinterfaces/test/Muon/fitting_widgets/general_fitting/general_fitting_view_test.py&quot;, line 20, in setUp\r\n    self.view = GeneralFittingView()\r\n  File &quot;c:\\jenkins\\workspace\\main_nightly_deployment_prototype\\qt\\python\\mantidqtinterfaces\\mantidqtinterfaces\\Muon\\GUI\\Common\\fitting_widgets\\general_fitting\\general_fitting_view.py&quot;, line 25, in __init__\r\n    super(GeneralFittingView, self).__init__(parent)\r\n  File &quot;c:\\jenkins\\workspace\\main_nightly_deployment_prototype\\qt\\python\\mantidqtinterfaces\\mantidqtinterfaces\\Muon\\GUI\\Common\\fitting_widgets\\basic_fitting\\basic_fitting_view.py&quot;, line 29, in __init__\r\n    self.setupUi(self)\r\n  File &quot;&lt;string&gt;&quot;, line 31, in setupUi\r\nSystemError: &lt;built-in function connectSlotsByName&gt; returned a result with an error set\r\n\r\n======================================================================\r\nERROR: test_that_switch_to_simultaneous_will_change_the_relevant_label (general_fitting_view_test.GeneralFittingViewTest)\r\n----------------------------------------------------------------------\r\nAttributeError: &#x27;GeneralFittingView&#x27; object has no attribute &#x27;y&#x27;\r\n\r\nThe above exception was the direct cause of the following exception:\r\n\r\nTraceback (most recent call last):\r\n  File &quot;C:/Jenkins/workspace/main_nightly_deployment_prototype/qt/python/mantidqtinterfaces/test/Muon/fitting_widgets/general_fitting/general_fitting_view_test.py&quot;, line 20, in setUp\r\n    self.view = GeneralFittingView()\r\n  File &quot;c:\\jenkins\\workspace\\main_nightly_deployment_prototype\\qt\\python\\mantidqtinterfaces\\mantidqtinterfaces\\Muon\\GUI\\Common\\fitting_widgets\\general_fitting\\general_fitting_view.py&quot;, line 25, in __init__\r\n    super(GeneralFittingView, self).__init__(parent)\r\n  File &quot;c:\\jenkins\\workspace\\main_nightly_deployment_prototype\\qt\\python\\mantidqtinterfaces\\mantidqtinterfaces\\Muon\\GUI\\Common\\fitting_widgets\\basic_fitting\\basic_fitting_view.py&quot;, line 29, in __init__\r\n    self.setupUi(self)\r\n  File &quot;&lt;string&gt;&quot;, line 31, in setupUi\r\nSystemError: &lt;built-in function connectSlotsByName&gt; returned a result with an error set\r\n\r\n======================================================================\r\nERROR: test_that_switch_to_single_will_change_the_relevant_label (general_fitting_view_test.GeneralFittingViewTest)\r\n----------------------------------------------------------------------\r\nAttributeError: &#x27;GeneralFittingView&#x27; object has no attribute &#x27;y&#x27;\r\n\r\nThe above exception was the direct cause of the following exception:\r\n\r\nTraceback (most recent call last):\r\n  File &quot;C:/Jenkins/workspace/main_nightly_deployment_prototype/qt/python/mantidqtinterfaces/test/Muon/fitting_widgets/general_fitting/general_fitting_view_test.py&quot;, line 20, in setUp\r\n    self.view = GeneralFittingView()\r\n  File &quot;c:\\jenkins\\workspace\\main_nightly_deployment_prototype\\qt\\python\\mantidqtinterfaces\\mantidqtinterfaces\\Muon\\GUI\\Common\\fitting_widgets\\general_fitting\\general_fitting_view.py&quot;, line 25, in __init__\r\n    super(GeneralFittingView, self).__init__(parent)\r\n  File &quot;c:\\jenkins\\workspace\\main_nightly_deployment_prototype\\qt\\python\\mantidqtinterfaces\\mantidqtinterfaces\\Muon\\GUI\\Common\\fitting_widgets\\basic_fitting\\basic_fitting_view.py&quot;, line 29, in __init__\r\n    self.setupUi(self)\r\n  File &quot;&lt;string&gt;&quot;, line 31, in setupUi\r\nSystemError: &lt;built-in function connectSlotsByName&gt; returned a result with an error set\r\n\r\n======================================================================\r\nERROR: test_that_the_current_dataset_name_can_be_set_as_expected (general_fitting_view_test.GeneralFittingViewTest)\r\n----------------------------------------------------------------------\r\nAttributeError: &#x27;GeneralFittingView&#x27; object has no attribute &#x27;y&#x27;\r\n\r\nThe above exception was the direct cause of the following exception:\r\n\r\nTraceback (most recent call last):\r\n  File &quot;C:/Jenkins/workspace/main_nightly_deployment_prototype/qt/python/mantidqtinterfaces/test/Muon/fitting_widgets/general_fitting/general_fitting_view_test.py&quot;, line 20, in setUp\r\n    self.view = GeneralFittingView()\r\n  File &quot;c:\\jenkins\\workspace\\main_nightly_deployment_prototype\\qt\\python\\mantidqtinterfaces\\mantidqtinterfaces\\Muon\\GUI\\Common\\fitting_widgets\\general_fitting\\general_fitting_view.py&quot;, line 25, in __init__\r\n    super(GeneralFittingView, self).__init__(parent)\r\n  File &quot;c:\\jenkins\\workspace\\main_nightly_deployment_prototype\\qt\\python\\mantidqtinterfaces\\mantidqtinterfaces\\Muon\\GUI\\Common\\fitting_widgets\\basic_fitting\\basic_fitting_view.py&quot;, line 29, in __init__\r\n    self.setupUi(self)\r\n  File &quot;&lt;string&gt;&quot;, line 31, in setupUi\r\nSystemError: &lt;built-in function connectSlotsByName&gt; returned a result with an error set\r\n\r\n======================================================================\r\nERROR: test_that_the_current_dataset_name_will_not_change_the_selected_dataset_if_the_provided_dataset_does_not_exist (general_fitting_view_test.GeneralFittingViewTest)\r\n----------------------------------------------------------------------\r\nAttributeError: &#x27;GeneralFittingView&#x27; object has no attribute &#x27;y&#x27;\r\n\r\nThe above exception was the direct cause of the following exception:\r\n\r\nTraceback (most recent call last):\r\n  File &quot;C:/Jenkins/workspace/main_nightly_deployment_prototype/qt/python/mantidqtinterfaces/test/Muon/fitting_widgets/general_fitting/general_fitting_view_test.py&quot;, line 20, in setUp\r\n    self.view = GeneralFittingView()\r\n  File &quot;c:\\jenkins\\workspace\\main_nightly_deployment_prototype\\qt\\python\\mantidqtinterfaces\\mantidqtinterfaces\\Muon\\GUI\\Common\\fitting_widgets\\general_fitting\\general_fitting_view.py&quot;, line 25, in __init__\r\n    super(GeneralFittingView, self).__init__(parent)\r\n  File &quot;c:\\jenkins\\workspace\\main_nightly_deployment_prototype\\qt\\python\\mantidqtinterfaces\\mantidqtinterfaces\\Muon\\GUI\\Common\\fitting_widgets\\basic_fitting\\basic_fitting_view.py&quot;, line 29, in __init__\r\n    self.setupUi(self)\r\n  File &quot;&lt;string&gt;&quot;, line 31, in setupUi\r\nSystemError: &lt;built-in function connectSlotsByName&gt; returned a result with an error set\r\n\r\n======================================================================\r\nERROR: test_that_the_simultaneous_fit_by_can_be_set_as_expected (general_fitting_view_test.GeneralFittingViewTest)\r\n----------------------------------------------------------------------\r\nAttributeError: &#x27;GeneralFittingView&#x27; object has no attribute &#x27;y&#x27;\r\n\r\nThe above exception was the direct cause of the following exception:\r\n\r\nTraceback (most recent call last):\r\n  File &quot;C:/Jenkins/workspace/main_nightly_deployment_prototype/qt/python/mantidqtinterfaces/test/Muon/fitting_widgets/general_fitting/general_fitting_view_test.py&quot;, line 20, in setUp\r\n    self.view = GeneralFittingView()\r\n  File &quot;c:\\jenkins\\workspace\\main_nightly_deployment_prototype\\qt\\python\\mantidqtinterfaces\\mantidqtinterfaces\\Muon\\GUI\\Common\\fitting_widgets\\general_fitting\\general_fitting_view.py&quot;, line 25, in __init__\r\n    super(GeneralFittingView, self).__init__(parent)\r\n  File &quot;c:\\jenkins\\workspace\\main_nightly_deployment_prototype\\qt\\python\\mantidqtinterfaces\\mantidqtinterfaces\\Muon\\GUI\\Common\\fitting_widgets\\basic_fitting\\basic_fitting_view.py&quot;, line 29, in __init__\r\n    self.setupUi(self)\r\n  File &quot;&lt;string&gt;&quot;, line 31, in setupUi\r\nSystemError: &lt;built-in function connectSlotsByName&gt; returned a result with an error set\r\n\r\n======================================================================\r\nERROR: test_that_the_view_can_be_initialized_without_an_error (general_fitting_view_test.GeneralFittingViewTest)\r\n----------------------------------------------------------------------\r\nAttributeError: &#x27;GeneralFittingView&#x27; object has no attribute &#x27;y&#x27;\r\n\r\nThe above exception was the direct cause of the following exception:\r\n\r\nTraceback (most recent call last):\r\n  File &quot;C:/Jenkins/workspace/main_nightly_deployment_prototype/qt/python/mantidqtinterfaces/test/Muon/fitting_widgets/general_fitting/general_fitting_view_test.py&quot;, line 20, in setUp\r\n    self.view = GeneralFittingView()\r\n  File &quot;c:\\jenkins\\workspace\\main_nightly_deployment_prototype\\qt\\python\\mantidqtinterfaces\\mantidqtinterfaces\\Muon\\GUI\\Common\\fitting_widgets\\general_fitting\\general_fitting_view.py&quot;, line 25, in __init__\r\n    super(GeneralFittingView, self).__init__(parent)\r\n  File &quot;c:\\jenkins\\workspace\\main_nightly_deployment_prototype\\qt\\python\\mantidqtinterfaces\\mantidqtinterfaces\\Muon\\GUI\\Common\\fitting_widgets\\basic_fitting\\basic_fitting_view.py&quot;, line 29, in __init__\r\n    self.setupUi(self)\r\n  File &quot;&lt;string&gt;&quot;, line 31, in setupUi\r\nSystemError: &lt;built-in function connectSlotsByName&gt; returned a result with an error set\r\n\r\n======================================================================\r\nERROR: test_that_update_dataset_name_combo_box_will_select_the_previously_selected_item_if_it_still_exists (general_fitting_view_test.GeneralFittingViewTest)\r\n----------------------------------------------------------------------\r\nAttributeError: &#x27;GeneralFittingView&#x27; object has no attribute &#x27;y&#x27;\r\n\r\nThe above exception was the direct cause of the following exception:\r\n\r\nTraceback (most recent call last):\r\n  File &quot;C:/Jenkins/workspace/main_nightly_deployment_prototype/qt/python/mantidqtinterfaces/test/Muon/fitting_widgets/general_fitting/general_fitting_view_test.py&quot;, line 20, in setUp\r\n    self.view = GeneralFittingView()\r\n  File &quot;c:\\jenkins\\workspace\\main_nightly_deployment_prototype\\qt\\python\\mantidqtinterfaces\\mantidqtinterfaces\\Muon\\GUI\\Common\\fitting_widgets\\general_fitting\\general_fitting_view.py&quot;, line 25, in __init__\r\n    super(GeneralFittingView, self).__init__(parent)\r\n  File &quot;c:\\jenkins\\workspace\\main_nightly_deployment_prototype\\qt\\python\\mantidqtinterfaces\\mantidqtinterfaces\\Muon\\GUI\\Common\\fitting_widgets\\basic_fitting\\basic_fitting_view.py&quot;, line 29, in __init__\r\n    self.setupUi(self)\r\n  File &quot;&lt;string&gt;&quot;, line 31, in setupUi\r\nSystemError: &lt;built-in function connectSlotsByName&gt; returned a result with an error set\r\n\r\n======================================================================\r\nERROR: test_that_update_dataset_name_combo_box_will_set_the_names_in_the_dataset_name_combobox (general_fitting_view_test.GeneralFittingViewTest)\r\n----------------------------------------------------------------------\r\nAttributeError: &#x27;GeneralFittingView&#x27; object has no attribute &#x27;y&#x27;\r\n\r\nThe above exception was the direct cause of the following exception:\r\n\r\nTraceback (most recent call last):\r\n  File &quot;C:/Jenkins/workspace/main_nightly_deployment_prototype/qt/python/mantidqtinterfaces/test/Muon/fitting_widgets/general_fitting/general_fitting_view_test.py&quot;, line 20, in setUp\r\n    self.view = GeneralFittingView()\r\n  File &quot;c:\\jenkins\\workspace\\main_nightly_deployment_prototype\\qt\\python\\mantidqtinterfaces\\mantidqtinterfaces\\Muon\\GUI\\Common\\fitting_widgets\\general_fitting\\general_fitting_view.py&quot;, line 25, in __init__\r\n    super(GeneralFittingView, self).__init__(parent)\r\n  File &quot;c:\\jenkins\\workspace\\main_nightly_deployment_prototype\\qt\\python\\mantidqtinterfaces\\mantidqtinterfaces\\Muon\\GUI\\Common\\fitting_widgets\\basic_fitting\\basic_fitting_view.py&quot;, line 29, in __init__\r\n    self.setupUi(self)\r\n  File &quot;&lt;string&gt;&quot;, line 31, in setupUi\r\nSystemError: &lt;built-in function connectSlotsByName&gt; returned a result with an error set\r\n\r\n----------------------------------------------------------------------\r\nRan 12 tests in 0.048s\r\n\r\nFAILED (errors=12)\r\n\r\n          Start 2185: python.MuonQt5.general_fitting_view_test.general_fitting_view_test\r\n"
            }
        },
        {
            "test_name": "DataHandlingTest_LoadNexusProcessedTest",
            "latest_failed_build": "442",
            "agent_name": "Windows",
            "last_failed_outcome": "Flake",
            "pipeline_name": "main_nightly_deployment_prototype",
            "problem_count": 1,
            "past_outcome": {
                "build_keys": [
                    "446",
                    "445",
                    "444",
                    "443",
                    "442",
                    "441",
                    "440",
                    "439",
                    "438",
                    "437"
                ],
                "past_outcome_list": [
                    "None",
                    "Passed",
                    "Passed",
                    "None",
                    "Flake",
                    "Passed",
                    "Passed",
                    "Passed",
                    "Passed",
                    "Passed"
                ]
            },
            "last_stack_traces": {
                "test_name": "DataHandlingTest_LoadNexusProcessedTest",
                "build": "442",
                "agent_name": "Windows",
                "trial": 1,
                "outcome": "Failed",
                "test_time": "9.32",
                "stacktrace": "FrameworkManager-[Notice] Welcome to Mantid 6.5.20221104.1627\r\nFrameworkManager-[Notice] Please cite: http://dx.doi.org/10.1016/j.nima.2014.07.029 and this release: http://dx.doi.org/10.5286/Software/Mantid\r\nRunning 45 tests.LoadNexusProcessed-[Notice] LoadNexusProcessed started\r\nISISRunLogs-[Warning] Cannot find status log. Logs will be not be filtered by run status\r\nISISRunLogs-[Warning] Cannot find period log. Logs will be not be filtered by current period\r\nISISRunLogs-[Warning] Cannot find periods log. Logs will be not be filtered by current period\r\nLoadNexusProcessed-[Notice] LoadNexusProcessed successful, Duration 0.26 seconds\r\n.LoadNexusProcessed-[Notice] LoadNexusProcessed started\r\nISISRunLogs-[Warning] Cannot find status log. Logs will be not be filtered by run status\r\nISISRunLogs-[Warning] Cannot find period log. Logs will be not be filtered by current period\r\nISISRunLogs-[Warning] Cannot find periods log. Logs will be not be filtered by current period\r\nLoadNexusProcessed-[Notice] LoadNexusProcessed successful, Duration 0.04 seconds\r\n.LoadNexusProcessed-[Notice] LoadNexusProcessed started\r\nISISRunLogs-[Warning] Cannot find status log. Logs will be not be filtered by run status\r\nISISRunLogs-[Warning] Cannot find period log. Logs will be not be filtered by current period\r\nISISRunLogs-[Warning] Cannot find periods log. Logs will be not be filtered by current period\r\nLoadNexusProcessed-[Notice] LoadNexusProcessed successful, Duration 0.05 seconds\r\n.LoadNexusProcessed-[Notice] LoadNexusProcessed started\r\nISISRunLogs-[Warning] Cannot find status log. Logs will be not be filtered by run status\r\nISISRunLogs-[Warning] Cannot find period log. Logs will be not be filtered by current period\r\nISISRunLogs-[Warning] Cannot find periods log. Logs will be not be filtered by current period\r\nLoadNexusProcessed-[Notice] LoadNexusProcessed successful, Duration 0.04 seconds\r\n.LoadNexusProcessed-[Notice] LoadNexusProcessed started\r\nISISRunLogs-[Warning] Cannot find status log. Logs will be not be filtered by run status\r\nISISRunLogs-[Warning] Cannot find period log. Logs will be not be filtered by current period\r\nISISRunLogs-[Warning] Cannot find periods log. Logs will be not be filtered by current period\r\nLoadNexusProcessed-[Notice] LoadNexusProcessed successful, Duration 0.05 seconds\r\n.LoadNexusProcessed-[Notice] LoadNexusProcessed started\r\nISISRunLogs-[Warning] Cannot find status log. Logs will be not be filtered by run status\r\nISISRunLogs-[Warning] Cannot find period log. Logs will be not be filtered by current period\r\nISISRunLogs-[Warning] Cannot find periods log. Logs will be not be filtered by current period\r\nLoadNexusProcessed-[Notice] LoadNexusProcessed successful, Duration 0.04 seconds\r\n.LoadNexusProcessed-[Notice] LoadNexusProcessed started\r\nISISRunLogs-[Warning] Cannot find status log. Logs will be not be filtered by run status\r\nISISRunLogs-[Warning] Cannot find period log. Logs will be not be filtered by current period\r\nISISRunLogs-[Warning] Cannot find periods log. Logs will be not be filtered by current period\r\nLoadNexusProcessed-[Notice] LoadNexusProcessed successful, Duration 0.08 seconds\r\nSaveNexusProcessed-[Notice] SaveNexusProcessed started\r\nSaveNexusProcessed-[Notice] SaveNexusProcessed successful, Duration 0.07 seconds\r\nLoadNexusProcessed-[Notice] LoadNexusProcessed started\r\nISISRunLogs-[Warning] Cannot find status log. Logs will be not be filtered by run status\r\nISISRunLogs-[Warning] Cannot find period log. Logs will be not be filtered by current period\r\nISISRunLogs-[Warning] Cannot find periods log. Logs will be not be filtered by current period\r\nLoadNexusProcessed-[Notice] LoadNexusProcessed successful, Duration 0.05 seconds\r\n.SaveNexusProcessed-[Notice] SaveNexusProcessed started\r\nInstrument-[Warning] Saving Instrument with no XML data. If this was instrument data you may not be able to load this data back into Mantid, for fitted/analysed data this warning can be ignored.\r\nInstrument-[Warning] In Instrument::getSamplePos(). No SamplePos has been set.\r\nSaveNexusProcessed-[Notice] SaveNexusProcessed successful, Duration 0.12 seconds\r\nLoadNexusProcessed-[Notice] LoadNexusProcessed started\r\nLoadNexusProcessed-[Notice] LoadNexusProcessed successful, Duration 0.02 seconds\r\nCompareWorkspaces-[Notice] CompareWorkspaces started\r\nCompareWorkspaces-[Warning] Event workspace has unit as  and .  Tolerance of TOF is set to 0.05 still. \r\nCompareWorkspaces-[Notice] TOF Tolerance = 0.05\r\nCompareWorkspaces-[Notice] The workspaces &quot;&quot; and &quot;nxstest&quot; matched!\r\nCompareWorkspaces-[Notice] CompareWorkspaces successful, Duration 0.00 seconds\r\n.SaveNexusProcessed-[Notice] SaveNexusProcessed started\r\nInstrument-[Warning] Saving Instrument with no XML data. If this was instrument data you may not be able to load this data back into Mantid, for fitted/analysed data this warning can be ignored.\r\nInstrument-[Warning] In Instrument::getSamplePos(). No SamplePos has been set.\r\nSaveNexusProcessed-[Notice] SaveNexusProcessed successful, Duration 0.04 seconds\r\nLoadNexusProcessed-[Notice] LoadNexusProcessed started\r\nLoadNexusProcessed-[Notice] LoadNexusProcessed successful, Duration 0.03 seconds\r\nCompareWorkspaces-[Notice] CompareWorkspaces started\r\nCompareWorkspaces-[Warning] Event workspace has unit as  and .  Tolerance of TOF is set to 0.05 still. \r\nCompareWorkspaces-[Notice] TOF Tolerance = 0.05\r\nCompareWorkspaces-[Notice] The workspaces &quot;&quot; and &quot;nxstest&quot; matched!\r\nCompareWorkspaces-[Notice] CompareWorkspaces successful, Duration 0.00 seconds\r\n.SaveNexusProcessed-[Notice] SaveNexusProcessed started\r\nInstrument-[Warning] Saving Instrument with no XML data. If this was instrument data you may not be able to load this data back into Mantid, for fitted/analysed data this warning can be ignored.\r\nInstrument-[Warning] In Instrument::getSamplePos(). No SamplePos has been set.\r\nSaveNexusProcessed-[Notice] SaveNexusProcessed successful, Duration 0.02 seconds\r\nLoadNexusProcessed-[Notice] LoadNexusProcessed started\r\nLoadNexusProcessed-[Notice] LoadNexusProcessed successful, Duration 0.03 seconds\r\nCompareWorkspaces-[Notice] CompareWorkspaces started\r\nCompareWorkspaces-[Warning] Event workspace has unit as  and .  Tolerance of TOF is set to 0.05 still. \r\nCompareWorkspaces-[Notice] TOF Tolerance = 0.05\r\nCompareWorkspaces-[Notice] The workspaces &quot;&quot; and &quot;nxstest&quot; matched!\r\nCompareWorkspaces-[Notice] CompareWorkspaces successful, Duration 0.00 seconds\r\n.SaveNexusProcessed-[Notice] SaveNexusProcessed started\r\nInstrument-[Warning] Saving Instrument with no XML data. If this was instrument data you may not be able to load this data back into Mantid, for fitted/analysed data this warning can be ignored.\r\nInstrument-[Warning] In Instrument::getSamplePos(). No SamplePos has been set.\r\nSaveNexusProcessed-[Notice] SaveNexusProcessed successful, Duration 0.03 seconds\r\nLoadNexusProcessed-[Notice] LoadNexusProcessed started\r\nLoadNexusProcessed-[Notice] LoadNexusProcessed successful, Duration 0.03 seconds\r\n.LoadNexusProcessed-[Notice] LoadNexusProcessed started\r\nLoadNexusProcessed-[Notice] LoadNexusProcessed successful, Duration 0.08 seconds\r\n.LoadNexusProcessed-[Notice] LoadNexusProcessed started\r\nLoadNexusProcessed-[Notice] LoadNexusProcessed successful, Duration 0.06 seconds\r\n.LoadNexusProcessed-[Notice] LoadNexusProcessed started\r\nLoadNexusProcessed-[Error] Invalid list of spectra\r\nLoadNexusProcessed-[Error] Logic Error in execution of algorithm LoadNexusProcessed\r\nLoadNexusProcessed-[Error] Inconsistent properties defined\r\n.LoadNexusProcessed-[Notice] LoadNexusProcessed started\r\nLoadNexusProcessed-[Notice] LoadNexusProcessed successful, Duration 0.03 seconds\r\n.LoadNexusProcessed-[Notice] LoadNexusProcessed started\r\nLoadNexusProcessed-[Notice] LoadNexusProcessed successful, Duration 0.04 seconds\r\n.LoadNexusProcessed-[Notice] LoadNexusProcessed started\r\nLoadNexusProcessed-[Notice] LoadNexusProcessed successful, Duration 0.02 seconds\r\n.LoadNexusProcessed-[Notice] LoadNexusProcessed started\r\nLoadNexusProcessed-[Notice] LoadNexusProcessed successful, Duration 0.03 seconds\r\n.LoadNexusProcessed-[Notice] LoadNexusProcessed started\r\nLoadNexusProcessed-[Notice] LoadNexusProcessed successful, Duration 0.55 seconds\r\n.LoadNexusProcessed-[Notice] LoadNexusProcessed started\r\nDeleteWorkspace-[Notice] DeleteWorkspace started (child)\r\nDeleteWorkspace-[Notice] DeleteWorkspace successful, Duration 0.00 seconds\r\nDeleteWorkspace-[Notice] DeleteWorkspace started (child)\r\nDeleteWorkspace-[Notice] DeleteWorkspace successful, Duration 0.00 seconds\r\nDeleteWorkspace-[Notice] DeleteWorkspace started (child)\r\nDeleteWorkspace-[Notice] DeleteWorkspace successful, Duration 0.00 seconds\r\nDeleteWorkspace-[Notice] DeleteWorkspace started (child)\r\nDeleteWorkspace-[Notice] DeleteWorkspace successful, Duration 0.00 seconds\r\nDeleteWorkspace-[Notice] DeleteWorkspace started (child)\r\nDeleteWorkspace-[Notice] DeleteWorkspace successful, Duration 0.00 seconds\r\nDeleteWorkspace-[Notice] DeleteWorkspace started (child)\r\nDeleteWorkspace-[Notice] DeleteWorkspace successful, Duration 0.00 seconds\r\nDeleteWorkspace-[Notice] DeleteWorkspace started (child)\r\nDeleteWorkspace-[Notice] DeleteWorkspace successful, Duration 0.00 seconds\r\nDeleteWorkspace-[Notice] DeleteWorkspace started (child)\r\nDeleteWorkspace-[Notice] DeleteWorkspace successful, Duration 0.00 seconds\r\nDeleteWorkspace-[Notice] DeleteWorkspace started (child)\r\nDeleteWorkspace-[Notice] DeleteWorkspace successful, Duration 0.00 seconds\r\nDeleteWorkspace-[Notice] DeleteWorkspace started (child)\r\nDeleteWorkspace-[Notice] DeleteWorkspace successful, Duration 0.00 seconds\r\nDeleteWorkspace-[Notice] DeleteWorkspace started (child)\r\nDeleteWorkspace-[Notice] DeleteWorkspace successful, Duration 0.00 seconds\r\nDeleteWorkspace-[Notice] DeleteWorkspace started (child)\r\nDeleteWorkspace-[Notice] DeleteWorkspace successful, Duration 0.00 seconds\r\nLoadNexusProcessed-[Notice] LoadNexusProcessed successful, Duration 0.10 seconds\r\n.LoadNexusProcessed-[Notice] LoadNexusProcessed started\r\nDeleteWorkspace-[Notice] DeleteWorkspace started (child)\r\nDeleteWorkspace-[Notice] DeleteWorkspace successful, Duration 0.00 seconds\r\nDeleteWorkspace-[Notice] DeleteWorkspace started (child)\r\nDeleteWorkspace-[Notice] DeleteWorkspace successful, Duration 0.00 seconds\r\nDeleteWorkspace-[Notice] DeleteWorkspace started (child)\r\nDeleteWorkspace-[Notice] DeleteWorkspace successful, Duration 0.00 seconds\r\nLoadNexusProcessed-[Notice] LoadNexusProcessed successful, Duration 0.10 seconds\r\nLoadNexusProcessed-[Notice] LoadNexusProcessed started\r\nLoadNexusProcessed-[Notice] LoadNexusProcessed successful, Duration 0.09 seconds\r\n.LoadNexusProcessed-[Notice] LoadNexusProcessed started\r\nInstrumentDefinitionParser-[Warning] Attribute &#x27;mark-as&#x27; is a depricated attribute in Instrument Definition File. Please see the deprecated section of www.mantidproject.org/IDF for how to remove this warning message\r\nInstrumentDefinitionParser-[Warning] Attribute &#x27;mark-as&#x27; is a depricated attribute in Instrument Definition File. Please see the deprecated section of www.mantidproject.org/IDF for how to remove this warning message\r\nLoadNexusProcessed-[Notice] LoadNexusProcessed successful, Duration 0.15 seconds\r\n.Load-[Notice] Load started\r\nLoad-[Notice] Load successful, Duration 0.04 seconds\r\n.....SaveNexusProcessed-[Notice] SaveNexusProcessed started\r\nSaveNexusProcessed-[Notice] SaveNexusProcessed successful, Duration 0.00 seconds\r\nLoadNexusProcessed-[Notice] LoadNexusProcessed started\r\nLoadNexusProcessed-[Notice] LoadNexusProcessed successful, Duration 0.01 seconds\r\n.SaveNexusProcessed-[Notice] SaveNexusProcessed started\r\nInstrument-[Warning] Saving Instrument with no XML data. If this was instrument data you may not be able to load this data back into Mantid, for fitted/analysed data this warning can be ignored.\r\nSaveNexusProcessed-[Notice] SaveNexusProcessed successful, Duration 0.01 seconds\r\nLoadNexusProcessed-[Notice] LoadNexusProcessed started\r\nLoadNexusProcessed-[Notice] LoadNexusProcessed successful, Duration 0.02 seconds\r\n.SaveNexusProcessed-[Notice] SaveNexusProcessed started\r\nInstrument-[Warning] Saving Instrument with no XML data. If this was instrument data you may not be able to load this data back into Mantid, for fitted/analysed data this warning can be ignored.\r\nSaveNexusProcessed-[Notice] SaveNexusProcessed successful, Duration 0.01 seconds\r\nLoadNexusProcessed-[Notice] LoadNexusProcessed started\r\nLoadNexusProcessed-[Notice] LoadNexusProcessed successful, Duration 0.03 seconds\r\n.SaveNexusProcessed-[Notice] SaveNexusProcessed started\r\nInstrument-[Warning] Saving Instrument with no XML data. If this was instrument data you may not be able to load this data back into Mantid, for fitted/analysed data this warning can be ignored.\r\nSaveNexusProcessed-[Notice] SaveNexusProcessed successful, Duration 0.01 seconds\r\nLoadNexusProcessed-[Notice] LoadNexusProcessed started\r\nLoadNexusProcessed-[Notice] LoadNexusProcessed successful, Duration 0.02 seconds\r\n.SaveNexusProcessed-[Notice] SaveNexusProcessed started\r\nInstrument-[Warning] Saving Instrument with no XML data. If this was instrument data you may not be able to load this data back into Mantid, for fitted/analysed data this warning can be ignored.\r\nSaveNexusProcessed-[Notice] SaveNexusProcessed successful, Duration 0.03 seconds\r\nLoadNexusProcessed-[Notice] LoadNexusProcessed started\r\nLoadNexusProcessed-[Warning] Legacy X uncertainty found in input file, i.e., delta-Q for each BIN EDGE. Uncertainties will be re-interpreted as delta-Q of the BIN CENTRE and the last value will be dropped.\r\nLoadNexusProcessed-[Notice] LoadNexusProcessed successful, Duration 0.02 seconds\r\n.SaveNexusProcessed-[Notice] SaveNexusProcessed started\r\nInstrument-[Warning] Saving Instrument with no XML data. If this was instrument data you may not be able to load this data back into Mantid, for fitted/analysed data this warning can be ignored.\r\nSaveNexusProcessed-[Notice] SaveNexusProcessed successful, Duration 0.01 seconds\r\nLoadNexusProcessed-[Notice] LoadNexusProcessed started\r\nLoadNexusProcessed-[Notice] LoadNexusProcessed successful, Duration 0.03 seconds\r\n.SaveNexusProcessed-[Notice] SaveNexusProcessed started\r\nInstrument-[Warning] Saving Instrument with no XML data. If this was instrument data you may not be able to load this data back into Mantid, for fitted/analysed data this warning can be ignored.\r\nSaveNexusProcessed-[Notice] SaveNexusProcessed successful, Duration 0.01 seconds\r\nLoadNexusProcessed-[Notice] LoadNexusProcessed started\r\nLoadNexusProcessed-[Notice] LoadNexusProcessed successful, Duration 0.03 seconds\r\n.LoadNexusProcessed-[Notice] LoadNexusProcessed started\r\nInstrumentDefinitionParser-[Notice] Geometry cache is not available\r\nInstrumentDefinitionParser-[Notice] Creating cache in C:\\WINDOWS\\system32\\config\\systemprofile\\AppData\\Roaming\\mantidproject\\mantid\\instrument\\geometryCache\\POLREFae0cf085fed7f3447063ea96df40c97831d0a036.vtp\r\nLoadNexusProcessed-[Notice] LoadNexusProcessed successful, Duration 0.98 seconds\r\n.SaveNexusProcessed-[Notice] SaveNexusProcessed started\r\nInstrument-[Warning] Saving Instrument with no XML data. If this was instrument data you may not be able to load this data back into Mantid, for fitted/analysed data this warning can be ignored.\r\nSaveNexusProcessed-[Notice] SaveNexusProcessed successful, Duration 0.01 seconds\r\nSaveNexusProcessed-[Notice] SaveNexusProcessed started\r\nInstrument-[Warning] Saving Instrument with no XML data. If this was instrument data you may not be able to load this data back into Mantid, for fitted/analysed data this warning can be ignored.\r\nSaveNexusProcessed-[Notice] SaveNexusProcessed successful, Duration 0.02 seconds\r\nLoadNexusProcessed-[Notice] LoadNexusProcessed started\r\nLoadNexusProcessed-[Notice] LoadNexusProcessed successful, Duration 0.07 seconds\r\n.....LoadNexus-[Notice] LoadNexus started\r\nLoadNexusLogs-[Warning] Sample Log &quot;cryo_temp1&quot; and 1 others contain invalid values, click &quot;Show Sample Logs&quot; for details.\r\nLoadNexus-[Notice] LoadNexus successful, Duration 0.43 seconds\r\nSaveNexusProcessed-[Notice] SaveNexusProcessed started\r\nSaveNexusProcessed-[Notice] SaveNexusProcessed successful, Duration 0.42 seconds\r\nLoadNexusProcessed-[Notice] LoadNexusProcessed started\r\nLoadNexusProcessed-[Notice] LoadNexusProcessed successful, Duration 0.24 seconds\r\n.LoadNexus-[Notice] LoadNexus started\r\nLoadNexus-[Notice] LoadNexus successful, Duration 0.65 seconds\r\nSaveNexusProcessed-[Notice] SaveNexusProcessed started\r\nSaveNexusProcessed-[Notice] SaveNexusProcessed successful, Duration 0.34 seconds\r\nLoadNexusProcessed-[Notice] LoadNexusProcessed started\r\nLoadNexusProcessed-[Notice] LoadNexusProcessed successful, Duration 0.32 seconds\r\n.SaveNexusProcessed-[Notice] SaveNexusProcessed started\r\nInstrument-[Warning] Saving Instrument with no XML data. If this was instrument data you may not be able to load this data back into Mantid, for fitted/analysed data this warning can be ignored.\r\nAccess violation\r\n\r\n          Start  917: DataHandlingTest_LoadNexusProcessedTest\r\n"
            }
        },
        {
            "test_name": "AlgorithmsTest_FitPeaksTest",
            "latest_failed_build": "439",
            "agent_name": "Windows",
            "last_failed_outcome": "Flake",
            "pipeline_name": "main_nightly_deployment_prototype",
            "problem_count": 2,
            "past_outcome": {
                "build_keys": [
                    "446",
                    "445",
                    "444",
                    "443",
                    "442",
                    "441",
                    "440",
                    "439",
                    "438",
                    "437"
                ],
                "past_outcome_list": [
                    "None",
                    "Passed",
                    "Passed",
                    "None",
                    "Passed",
                    "Passed",
                    "Passed",
                    "Flake",
                    "Failed",
                    "Passed"
                ]
            },
            "last_stack_traces": {
                "test_name": "AlgorithmsTest_FitPeaksTest",
                "build": "439",
                "agent_name": "Windows",
                "trial": 1,
                "outcome": "Failed",
                "test_time": "4.42",
                "stacktrace": "FrameworkManager-[Notice] Welcome to Mantid 6.5.20221102.1659\r\nFrameworkManager-[Notice] Please cite: http://dx.doi.org/10.1016/j.nima.2014.07.029 and this release: http://dx.doi.org/10.5286/Software/Mantid\r\nRunning 10 tests.Instrument-[Warning] In Instrument::getSource(). No source has been set.\r\nInstrument-[Warning] In Instrument::getSamplePos(). No SamplePos has been set.\r\nFitPeaks-[Notice] FitPeaks started\r\nExit code 0xc0000409\r\n\r\n\r\n          Start  303: AlgorithmsTest_FitPeaksTest\r\n"
            }
        }
    ]
}