{
    "data": [
        {
            "test_name": "PythonSANSQt5.add_runs_presenter_test.add_runs_presenter_test",
            "latest_failed_build": "3072",
            "agent_name": "Mac",
            "last_failed_outcome": "Failed",
            "pipeline_name": "pull_requests-conda-osx",
            "problem_count": 1,
            "past_outcome": {
                "build_keys": [
                    "3072",
                    "3071",
                    "3070",
                    "3069",
                    "3068",
                    "3067",
                    "3066",
                    "3065",
                    "3064",
                    "3063",
                    "3062",
                    "3061",
                    "3060",
                    "3059",
                    "3058",
                    "3057",
                    "3056",
                    "3055",
                    "3054",
                    "3053",
                    "3052",
                    "3051",
                    "3050",
                    "3049",
                    "3048",
                    "3047",
                    "3046",
                    "3045",
                    "3044",
                    "3043"
                ],
                "past_outcome_list": [
                    "Failed",
                    "None",
                    "Passed",
                    "Passed",
                    "Passed",
                    "Passed",
                    "Passed",
                    "Passed",
                    "Passed",
                    "Passed",
                    "Passed",
                    "None",
                    "None",
                    "None",
                    "None",
                    "None",
                    "None",
                    "None",
                    "None",
                    "None",
                    "None",
                    "None",
                    "None",
                    "None",
                    "None",
                    "None",
                    "None",
                    "None",
                    "None",
                    "None"
                ]
            },
            "last_stack_traces": {
                "test_name": "PythonSANSQt5.add_runs_presenter_test.add_runs_presenter_test",
                "build": "3072",
                "agent_name": "Mac",
                "trial": 3,
                "outcome": "Failed",
                "test_time": "6.41",
                "stacktrace": "FrameworkManager-[Notice] Welcome to Mantid 6.7.20230720.1431.dev18\nFrameworkManager-[Notice] Please cite: http://dx.doi.org/10.1016/j.nima.2014.07.029 and this release: http://dx.doi.org/10.5286/Software/Mantid\nTraceback (most recent call last):\n  File &quot;/Users/builder/Jenkins/workspace/pull_requests-conda-osx/Framework/PythonInterface/test/testhelpers/testrunner.py&quot;, line 80, in &lt;module&gt;\n    main(sys.argv)\n  File &quot;/Users/builder/Jenkins/workspace/pull_requests-conda-osx/Framework/PythonInterface/test/testhelpers/testrunner.py&quot;, line 36, in main\n    test_module = SourceFileLoader(module_name(pathname), pathname).load_module()\n  File &quot;&lt;frozen importlib._bootstrap_external&gt;&quot;, line 522, in _check_name_wrapper\n  File &quot;&lt;frozen importlib._bootstrap_external&gt;&quot;, line 1022, in load_module\n  File &quot;&lt;frozen importlib._bootstrap_external&gt;&quot;, line 847, in load_module\n  File &quot;&lt;frozen importlib._bootstrap&gt;&quot;, line 265, in _load_module_shim\n  File &quot;&lt;frozen importlib._bootstrap&gt;&quot;, line 702, in _load\n  File &quot;&lt;frozen importlib._bootstrap&gt;&quot;, line 671, in _load_unlocked\n  File &quot;&lt;frozen importlib._bootstrap_external&gt;&quot;, line 843, in exec_module\n  File &quot;&lt;frozen importlib._bootstrap&gt;&quot;, line 219, in _call_with_frames_removed\n  File &quot;/Users/builder/Jenkins/workspace/pull_requests-conda-osx/scripts/test/SANS/gui_logic/add_runs_presenter_test.py&quot;, line 17, in &lt;module&gt;\n    from test.SANS.gui_logic.fake_signal import FakeSignal\nModuleNotFoundError: No module named &#x27;test.SANS&#x27;\n\n          Start   72: KernelTest_MandatoryValidatorTest\n"
            }
        },
        {
            "test_name": "PythonSANSQt5.run_selector_presenter_test.run_selector_presenter_test",
            "latest_failed_build": "3072",
            "agent_name": "Mac",
            "last_failed_outcome": "Failed",
            "pipeline_name": "pull_requests-conda-osx",
            "problem_count": 1,
            "past_outcome": {
                "build_keys": [
                    "3072",
                    "3071",
                    "3070",
                    "3069",
                    "3068",
                    "3067",
                    "3066",
                    "3065",
                    "3064",
                    "3063",
                    "3062",
                    "3061",
                    "3060",
                    "3059",
                    "3058",
                    "3057",
                    "3056",
                    "3055",
                    "3054",
                    "3053",
                    "3052",
                    "3051",
                    "3050",
                    "3049",
                    "3048",
                    "3047",
                    "3046",
                    "3045",
                    "3044",
                    "3043"
                ],
                "past_outcome_list": [
                    "Failed",
                    "None",
                    "Passed",
                    "Passed",
                    "Passed",
                    "Passed",
                    "Passed",
                    "Passed",
                    "Passed",
                    "Passed",
                    "Passed",
                    "None",
                    "None",
                    "None",
                    "None",
                    "None",
                    "None",
                    "None",
                    "None",
                    "None",
                    "None",
                    "None",
                    "None",
                    "None",
                    "None",
                    "None",
                    "None",
                    "None",
                    "None",
                    "None"
                ]
            },
            "last_stack_traces": {
                "test_name": "PythonSANSQt5.run_selector_presenter_test.run_selector_presenter_test",
                "build": "3072",
                "agent_name": "Mac",
                "trial": 3,
                "outcome": "Failed",
                "test_time": "1.14",
                "stacktrace": "Traceback (most recent call last):\n  File &quot;/Users/builder/Jenkins/workspace/pull_requests-conda-osx/Framework/PythonInterface/test/testhelpers/testrunner.py&quot;, line 80, in &lt;module&gt;\n    main(sys.argv)\n  File &quot;/Users/builder/Jenkins/workspace/pull_requests-conda-osx/Framework/PythonInterface/test/testhelpers/testrunner.py&quot;, line 36, in main\n    test_module = SourceFileLoader(module_name(pathname), pathname).load_module()\n  File &quot;&lt;frozen importlib._bootstrap_external&gt;&quot;, line 522, in _check_name_wrapper\n  File &quot;&lt;frozen importlib._bootstrap_external&gt;&quot;, line 1022, in load_module\n  File &quot;&lt;frozen importlib._bootstrap_external&gt;&quot;, line 847, in load_module\n  File &quot;&lt;frozen importlib._bootstrap&gt;&quot;, line 265, in _load_module_shim\n  File &quot;&lt;frozen importlib._bootstrap&gt;&quot;, line 702, in _load\n  File &quot;&lt;frozen importlib._bootstrap&gt;&quot;, line 671, in _load_unlocked\n  File &quot;&lt;frozen importlib._bootstrap_external&gt;&quot;, line 843, in exec_module\n  File &quot;&lt;frozen importlib._bootstrap&gt;&quot;, line 219, in _call_with_frames_removed\n  File &quot;/Users/builder/Jenkins/workspace/pull_requests-conda-osx/scripts/test/SANS/gui_logic/run_selector_presenter_test.py&quot;, line 15, in &lt;module&gt;\n    from test.SANS.gui_logic.fake_signal import FakeSignal\nModuleNotFoundError: No module named &#x27;test.SANS&#x27;\n\n          Start  659: CurveFittingTest_CalculateCostFunctionTest\n"
            }
        },
        {
            "test_name": "PythonSANSQt5.summation_settings_presenter_test.summation_settings_presenter_test",
            "latest_failed_build": "3072",
            "agent_name": "Mac",
            "last_failed_outcome": "Failed",
            "pipeline_name": "pull_requests-conda-osx",
            "problem_count": 1,
            "past_outcome": {
                "build_keys": [
                    "3072",
                    "3071",
                    "3070",
                    "3069",
                    "3068",
                    "3067",
                    "3066",
                    "3065",
                    "3064",
                    "3063",
                    "3062",
                    "3061",
                    "3060",
                    "3059",
                    "3058",
                    "3057",
                    "3056",
                    "3055",
                    "3054",
                    "3053",
                    "3052",
                    "3051",
                    "3050",
                    "3049",
                    "3048",
                    "3047",
                    "3046",
                    "3045",
                    "3044",
                    "3043"
                ],
                "past_outcome_list": [
                    "Failed",
                    "None",
                    "Passed",
                    "Passed",
                    "Passed",
                    "Passed",
                    "Passed",
                    "Passed",
                    "Passed",
                    "Passed",
                    "Passed",
                    "None",
                    "None",
                    "None",
                    "None",
                    "None",
                    "None",
                    "None",
                    "None",
                    "None",
                    "None",
                    "None",
                    "None",
                    "None",
                    "None",
                    "None",
                    "None",
                    "None",
                    "None",
                    "None"
                ]
            },
            "last_stack_traces": {
                "test_name": "PythonSANSQt5.summation_settings_presenter_test.summation_settings_presenter_test",
                "build": "3072",
                "agent_name": "Mac",
                "trial": 3,
                "outcome": "Failed",
                "test_time": "0.99",
                "stacktrace": "Traceback (most recent call last):\n  File &quot;/Users/builder/Jenkins/workspace/pull_requests-conda-osx/Framework/PythonInterface/test/testhelpers/testrunner.py&quot;, line 80, in &lt;module&gt;\n    main(sys.argv)\n  File &quot;/Users/builder/Jenkins/workspace/pull_requests-conda-osx/Framework/PythonInterface/test/testhelpers/testrunner.py&quot;, line 36, in main\n    test_module = SourceFileLoader(module_name(pathname), pathname).load_module()\n  File &quot;&lt;frozen importlib._bootstrap_external&gt;&quot;, line 522, in _check_name_wrapper\n  File &quot;&lt;frozen importlib._bootstrap_external&gt;&quot;, line 1022, in load_module\n  File &quot;&lt;frozen importlib._bootstrap_external&gt;&quot;, line 847, in load_module\n  File &quot;&lt;frozen importlib._bootstrap&gt;&quot;, line 265, in _load_module_shim\n  File &quot;&lt;frozen importlib._bootstrap&gt;&quot;, line 702, in _load\n  File &quot;&lt;frozen importlib._bootstrap&gt;&quot;, line 671, in _load_unlocked\n  File &quot;&lt;frozen importlib._bootstrap_external&gt;&quot;, line 843, in exec_module\n  File &quot;&lt;frozen importlib._bootstrap&gt;&quot;, line 219, in _call_with_frames_removed\n  File &quot;/Users/builder/Jenkins/workspace/pull_requests-conda-osx/scripts/test/SANS/gui_logic/summation_settings_presenter_test.py&quot;, line 14, in &lt;module&gt;\n    from test.SANS.gui_logic.fake_signal import FakeSignal\nModuleNotFoundError: No module named &#x27;test.SANS&#x27;\n\n          Start  994: DataHandlingTest_SaveParameterFileTest\n"
            }
        },
        {
            "test_name": "python.Diffraction.single_crystal.test_sxd.test_sxd",
            "latest_failed_build": "3065",
            "agent_name": "Mac",
            "last_failed_outcome": "Failed",
            "pipeline_name": "pull_requests-conda-osx",
            "problem_count": 3,
            "past_outcome": {
                "build_keys": [
                    "3072",
                    "3071",
                    "3070",
                    "3069",
                    "3068",
                    "3067",
                    "3066",
                    "3065",
                    "3064",
                    "3063",
                    "3062",
                    "3061",
                    "3060",
                    "3059",
                    "3058",
                    "3057",
                    "3056",
                    "3055",
                    "3054",
                    "3053",
                    "3052",
                    "3051",
                    "3050",
                    "3049",
                    "3048",
                    "3047",
                    "3046",
                    "3045",
                    "3044",
                    "3043"
                ],
                "past_outcome_list": [
                    "Passed",
                    "None",
                    "Passed",
                    "Passed",
                    "Passed",
                    "Passed",
                    "Passed",
                    "Failed",
                    "Passed",
                    "Failed",
                    "Failed",
                    "None",
                    "None",
                    "None",
                    "None",
                    "None",
                    "None",
                    "None",
                    "None",
                    "None",
                    "None",
                    "None",
                    "None",
                    "None",
                    "None",
                    "None",
                    "None",
                    "None",
                    "None",
                    "None"
                ]
            },
            "last_stack_traces": {
                "test_name": "python.Diffraction.single_crystal.test_sxd.test_sxd",
                "build": "3065",
                "agent_name": "Mac",
                "trial": 3,
                "outcome": "Failed",
                "test_time": "11.83",
                "stacktrace": "FrameworkManager-[Notice] Welcome to Mantid 6.7.20230720.1431.dev14\nFrameworkManager-[Notice] Please cite: http://dx.doi.org/10.1016/j.nima.2014.07.029 and this release: http://dx.doi.org/10.5286/Software/Mantid\nLoadEmptyInstrument-[Notice] LoadEmptyInstrument started\nLoadEmptyInstrument-[Notice] LoadEmptyInstrument successful, Duration 0.84 seconds\nCreatePeaksWorkspace-[Notice] CreatePeaksWorkspace started\nCreatePeaksWorkspace-[Notice] CreatePeaksWorkspace successful, Duration 0.00 seconds\nCloneWorkspace-[Notice] CloneWorkspace started\nCloneWorkspace-[Notice] CloneWorkspace successful, Duration 0.04 seconds\nCloneWorkspace-[Notice] CloneWorkspace started\nCloneWorkspace-[Notice] CloneWorkspace successful, Duration 0.04 seconds\nCloneWorkspace-[Notice] CloneWorkspace started\nCloneWorkspace-[Notice] CloneWorkspace successful, Duration 0.00 seconds\nSaveParameterFile-[Notice] SaveParameterFile started\nSaveParameterFile-[Notice] SaveParameterFile successful, Duration 0.03 seconds\nClearInstrumentParameters-[Notice] ClearInstrumentParameters started\nClearInstrumentParameters-[Notice] ClearInstrumentParameters successful, Duration 0.00 seconds\nClearInstrumentParameters-[Notice] ClearInstrumentParameters started\nClearInstrumentParameters-[Notice] ClearInstrumentParameters successful, Duration 0.00 seconds\n....CreatePeaksWorkspace-[Notice] CreatePeaksWorkspace started\nCreatePeaksWorkspace-[Notice] CreatePeaksWorkspace successful, Duration 0.00 seconds\n..CreatePeaksWorkspace-[Notice] CreatePeaksWorkspace started\nCreatePeaksWorkspace-[Notice] CreatePeaksWorkspace successful, Duration 0.00 seconds\nCloneWorkspace-[Notice] CloneWorkspace started\nCloneWorkspace-[Notice] CloneWorkspace successful, Duration 0.00 seconds\nCloneWorkspace-[Notice] CloneWorkspace started\nCloneWorkspace-[Notice] CloneWorkspace successful, Duration 0.00 seconds\nCloneWorkspace-[Notice] CloneWorkspace started\nCloneWorkspace-[Notice] CloneWorkspace successful, Duration 0.00 seconds\nFCreatePeaksWorkspace-[Notice] CreatePeaksWorkspace started\nCreatePeaksWorkspace-[Notice] CreatePeaksWorkspace successful, Duration 0.00 seconds\nSetUB-[Notice] SetUB started\nSetUB-[Notice] SetUB successful, Duration 0.00 seconds\n.CreatePeaksWorkspace-[Notice] CreatePeaksWorkspace started\nCreatePeaksWorkspace-[Notice] CreatePeaksWorkspace successful, Duration 0.00 seconds\nCreatePeaksWorkspace-[Notice] CreatePeaksWorkspace started\nCreatePeaksWorkspace-[Notice] CreatePeaksWorkspace successful, Duration 0.00 seconds\nCreatePeaksWorkspace-[Notice] CreatePeaksWorkspace started\nCreatePeaksWorkspace-[Notice] CreatePeaksWorkspace successful, Duration 0.00 seconds\n.........\n======================================================================\nFAIL: test_integrate_peaks_MD_optimal_radius (test_sxd.SXDTest)\n----------------------------------------------------------------------\nTraceback (most recent call last):\n  File &quot;/Users/builder/Jenkins/workspace/pull_requests-conda-osx/mambaforge/envs/mantid-developer/lib/python3.8/unittest/mock.py&quot;, line 1325, in patched\n    return func(*newargs, **newkeywargs)\n  File &quot;/Users/builder/Jenkins/workspace/pull_requests-conda-osx/scripts/Diffraction/single_crystal/test/test_sxd.py&quot;, line 135, in test_integrate_peaks_MD_optimal_radius\n    self.assertAlmostEqual(radius[icall], expected_radius, delta=1e-3)\nAssertionError: 0.23482148571955752 != 0.2519 within 0.001 delta (0.01707851428044249 difference)\n\n----------------------------------------------------------------------\nRan 17 tests in 2.461s\n\nFAILED (failures=1)\n\n          Start 1993: mantidqt_qt5.test_functions.test_functions\n"
            }
        }
    ]
}