{
    "data": [
        {
            "test_name": "PythonSANSQt5.add_runs_presenter_test.add_runs_presenter_test",
            "latest_failed_build": "3281",
            "agent_name": "Windows",
            "last_failed_outcome": "Failed",
            "pipeline_name": "pull_requests-conda-windows",
            "problem_count": 1,
            "past_outcome": {
                "build_keys": [
                    "3282",
                    "3281",
                    "3280",
                    "3279",
                    "3278",
                    "3277",
                    "3276",
                    "3275",
                    "3274",
                    "3273",
                    "3272",
                    "3271",
                    "3270",
                    "3269",
                    "3268",
                    "3267",
                    "3266",
                    "3265",
                    "3264",
                    "3263",
                    "3262",
                    "3261",
                    "3260",
                    "3259",
                    "3258",
                    "3257",
                    "3256",
                    "3255",
                    "3254",
                    "3253"
                ],
                "past_outcome_list": [
                    "None",
                    "Failed",
                    "Passed",
                    "Passed",
                    "Passed",
                    "Passed",
                    "Passed",
                    "Passed",
                    "Passed",
                    "Passed",
                    "Passed",
                    "None",
                    "None",
                    "None",
                    "None",
                    "None",
                    "None",
                    "None",
                    "None",
                    "None",
                    "None",
                    "None",
                    "None",
                    "None",
                    "None",
                    "None",
                    "None",
                    "None",
                    "None",
                    "None"
                ]
            },
            "last_stack_traces": {
                "test_name": "PythonSANSQt5.add_runs_presenter_test.add_runs_presenter_test",
                "build": "3281",
                "agent_name": "Windows",
                "trial": 3,
                "outcome": "Failed",
                "test_time": "6.23",
                "stacktrace": "FrameworkManager-[Notice] Welcome to Mantid 6.7.20230720.1431.dev17\r\nFrameworkManager-[Notice] Please cite: http://dx.doi.org/10.1016/j.nima.2014.07.029 and this release: http://dx.doi.org/10.5286/Software/Mantid\r\nTraceback (most recent call last):\r\n  File &quot;C:/jenkins_workdir/workspace/pull_requests-conda-windows/Framework/PythonInterface/test/testhelpers/testrunner.py&quot;, line 80, in &lt;module&gt;\r\n    main(sys.argv)\r\n  File &quot;C:/jenkins_workdir/workspace/pull_requests-conda-windows/Framework/PythonInterface/test/testhelpers/testrunner.py&quot;, line 36, in main\r\n    test_module = SourceFileLoader(module_name(pathname), pathname).load_module()\r\n  File &quot;&lt;frozen importlib._bootstrap_external&gt;&quot;, line 522, in _check_name_wrapper\r\n  File &quot;&lt;frozen importlib._bootstrap_external&gt;&quot;, line 1022, in load_module\r\n  File &quot;&lt;frozen importlib._bootstrap_external&gt;&quot;, line 847, in load_module\r\n  File &quot;&lt;frozen importlib._bootstrap&gt;&quot;, line 265, in _load_module_shim\r\n  File &quot;&lt;frozen importlib._bootstrap&gt;&quot;, line 702, in _load\r\n  File &quot;&lt;frozen importlib._bootstrap&gt;&quot;, line 671, in _load_unlocked\r\n  File &quot;&lt;frozen importlib._bootstrap_external&gt;&quot;, line 843, in exec_module\r\n  File &quot;&lt;frozen importlib._bootstrap&gt;&quot;, line 219, in _call_with_frames_removed\r\n  File &quot;C:/jenkins_workdir/workspace/pull_requests-conda-windows/scripts/test/SANS/gui_logic/add_runs_presenter_test.py&quot;, line 17, in &lt;module&gt;\r\n    from test.SANS.gui_logic.fake_signal import FakeSignal\r\nModuleNotFoundError: No module named &#x27;test.SANS&#x27;\r\n\r\n          Start 1417: python.api.MDHistoWorkspaceTest.MDHistoWorkspaceTest\r\n"
            }
        },
        {
            "test_name": "PythonSANSQt5.run_selector_presenter_test.run_selector_presenter_test",
            "latest_failed_build": "3281",
            "agent_name": "Windows",
            "last_failed_outcome": "Failed",
            "pipeline_name": "pull_requests-conda-windows",
            "problem_count": 1,
            "past_outcome": {
                "build_keys": [
                    "3282",
                    "3281",
                    "3280",
                    "3279",
                    "3278",
                    "3277",
                    "3276",
                    "3275",
                    "3274",
                    "3273",
                    "3272",
                    "3271",
                    "3270",
                    "3269",
                    "3268",
                    "3267",
                    "3266",
                    "3265",
                    "3264",
                    "3263",
                    "3262",
                    "3261",
                    "3260",
                    "3259",
                    "3258",
                    "3257",
                    "3256",
                    "3255",
                    "3254",
                    "3253"
                ],
                "past_outcome_list": [
                    "None",
                    "Failed",
                    "Passed",
                    "Passed",
                    "Passed",
                    "Passed",
                    "Passed",
                    "Passed",
                    "Passed",
                    "Passed",
                    "Passed",
                    "None",
                    "None",
                    "None",
                    "None",
                    "None",
                    "None",
                    "None",
                    "None",
                    "None",
                    "None",
                    "None",
                    "None",
                    "None",
                    "None",
                    "None",
                    "None",
                    "None",
                    "None",
                    "None"
                ]
            },
            "last_stack_traces": {
                "test_name": "PythonSANSQt5.run_selector_presenter_test.run_selector_presenter_test",
                "build": "3281",
                "agent_name": "Windows",
                "trial": 3,
                "outcome": "Failed",
                "test_time": "1.47",
                "stacktrace": "Traceback (most recent call last):\r\n  File &quot;C:/jenkins_workdir/workspace/pull_requests-conda-windows/Framework/PythonInterface/test/testhelpers/testrunner.py&quot;, line 80, in &lt;module&gt;\r\n    main(sys.argv)\r\n  File &quot;C:/jenkins_workdir/workspace/pull_requests-conda-windows/Framework/PythonInterface/test/testhelpers/testrunner.py&quot;, line 36, in main\r\n    test_module = SourceFileLoader(module_name(pathname), pathname).load_module()\r\n  File &quot;&lt;frozen importlib._bootstrap_external&gt;&quot;, line 522, in _check_name_wrapper\r\n  File &quot;&lt;frozen importlib._bootstrap_external&gt;&quot;, line 1022, in load_module\r\n  File &quot;&lt;frozen importlib._bootstrap_external&gt;&quot;, line 847, in load_module\r\n  File &quot;&lt;frozen importlib._bootstrap&gt;&quot;, line 265, in _load_module_shim\r\n  File &quot;&lt;frozen importlib._bootstrap&gt;&quot;, line 702, in _load\r\n  File &quot;&lt;frozen importlib._bootstrap&gt;&quot;, line 671, in _load_unlocked\r\n  File &quot;&lt;frozen importlib._bootstrap_external&gt;&quot;, line 843, in exec_module\r\n  File &quot;&lt;frozen importlib._bootstrap&gt;&quot;, line 219, in _call_with_frames_removed\r\n  File &quot;C:/jenkins_workdir/workspace/pull_requests-conda-windows/scripts/test/SANS/gui_logic/run_selector_presenter_test.py&quot;, line 15, in &lt;module&gt;\r\n    from test.SANS.gui_logic.fake_signal import FakeSignal\r\nModuleNotFoundError: No module named &#x27;test.SANS&#x27;\r\n\r\n          Start 1381: python.geometry.GroupTest.GroupTest\r\n"
            }
        },
        {
            "test_name": "PythonSANSQt5.summation_settings_presenter_test.summation_settings_presenter_test",
            "latest_failed_build": "3281",
            "agent_name": "Windows",
            "last_failed_outcome": "Failed",
            "pipeline_name": "pull_requests-conda-windows",
            "problem_count": 1,
            "past_outcome": {
                "build_keys": [
                    "3282",
                    "3281",
                    "3280",
                    "3279",
                    "3278",
                    "3277",
                    "3276",
                    "3275",
                    "3274",
                    "3273",
                    "3272",
                    "3271",
                    "3270",
                    "3269",
                    "3268",
                    "3267",
                    "3266",
                    "3265",
                    "3264",
                    "3263",
                    "3262",
                    "3261",
                    "3260",
                    "3259",
                    "3258",
                    "3257",
                    "3256",
                    "3255",
                    "3254",
                    "3253"
                ],
                "past_outcome_list": [
                    "None",
                    "Failed",
                    "Passed",
                    "Passed",
                    "Passed",
                    "Passed",
                    "Passed",
                    "Passed",
                    "Passed",
                    "Passed",
                    "Passed",
                    "None",
                    "None",
                    "None",
                    "None",
                    "None",
                    "None",
                    "None",
                    "None",
                    "None",
                    "None",
                    "None",
                    "None",
                    "None",
                    "None",
                    "None",
                    "None",
                    "None",
                    "None",
                    "None"
                ]
            },
            "last_stack_traces": {
                "test_name": "PythonSANSQt5.summation_settings_presenter_test.summation_settings_presenter_test",
                "build": "3281",
                "agent_name": "Windows",
                "trial": 3,
                "outcome": "Failed",
                "test_time": "1.52",
                "stacktrace": "Traceback (most recent call last):\r\n  File &quot;C:/jenkins_workdir/workspace/pull_requests-conda-windows/Framework/PythonInterface/test/testhelpers/testrunner.py&quot;, line 80, in &lt;module&gt;\r\n    main(sys.argv)\r\n  File &quot;C:/jenkins_workdir/workspace/pull_requests-conda-windows/Framework/PythonInterface/test/testhelpers/testrunner.py&quot;, line 36, in main\r\n    test_module = SourceFileLoader(module_name(pathname), pathname).load_module()\r\n  File &quot;&lt;frozen importlib._bootstrap_external&gt;&quot;, line 522, in _check_name_wrapper\r\n  File &quot;&lt;frozen importlib._bootstrap_external&gt;&quot;, line 1022, in load_module\r\n  File &quot;&lt;frozen importlib._bootstrap_external&gt;&quot;, line 847, in load_module\r\n  File &quot;&lt;frozen importlib._bootstrap&gt;&quot;, line 265, in _load_module_shim\r\n  File &quot;&lt;frozen importlib._bootstrap&gt;&quot;, line 702, in _load\r\n  File &quot;&lt;frozen importlib._bootstrap&gt;&quot;, line 671, in _load_unlocked\r\n  File &quot;&lt;frozen importlib._bootstrap_external&gt;&quot;, line 843, in exec_module\r\n  File &quot;&lt;frozen importlib._bootstrap&gt;&quot;, line 219, in _call_with_frames_removed\r\n  File &quot;C:/jenkins_workdir/workspace/pull_requests-conda-windows/scripts/test/SANS/gui_logic/summation_settings_presenter_test.py&quot;, line 14, in &lt;module&gt;\r\n    from test.SANS.gui_logic.fake_signal import FakeSignal\r\nModuleNotFoundError: No module named &#x27;test.SANS&#x27;\r\n\r\n          Start 1359: python.kernel.UnitFactoryTest.UnitFactoryTest\r\n"
            }
        },
        {
            "test_name": "python.Diffraction.single_crystal.test_sxd.test_sxd",
            "latest_failed_build": "3275",
            "agent_name": "Windows",
            "last_failed_outcome": "Failed",
            "pipeline_name": "pull_requests-conda-windows",
            "problem_count": 3,
            "past_outcome": {
                "build_keys": [
                    "3282",
                    "3281",
                    "3280",
                    "3279",
                    "3278",
                    "3277",
                    "3276",
                    "3275",
                    "3274",
                    "3273",
                    "3272",
                    "3271",
                    "3270",
                    "3269",
                    "3268",
                    "3267",
                    "3266",
                    "3265",
                    "3264",
                    "3263",
                    "3262",
                    "3261",
                    "3260",
                    "3259",
                    "3258",
                    "3257",
                    "3256",
                    "3255",
                    "3254",
                    "3253"
                ],
                "past_outcome_list": [
                    "None",
                    "Passed",
                    "Passed",
                    "Passed",
                    "Passed",
                    "Passed",
                    "Passed",
                    "Failed",
                    "Passed",
                    "Failed",
                    "Failed",
                    "None",
                    "None",
                    "None",
                    "None",
                    "None",
                    "None",
                    "None",
                    "None",
                    "None",
                    "None",
                    "None",
                    "None",
                    "None",
                    "None",
                    "None",
                    "None",
                    "None",
                    "None",
                    "None"
                ]
            },
            "last_stack_traces": {
                "test_name": "python.Diffraction.single_crystal.test_sxd.test_sxd",
                "build": "3275",
                "agent_name": "Windows",
                "trial": 3,
                "outcome": "Failed",
                "test_time": "9.12",
                "stacktrace": "FrameworkManager-[Notice] Welcome to Mantid 6.7.20230720.1431.dev14\r\nFrameworkManager-[Notice] Please cite: http://dx.doi.org/10.1016/j.nima.2014.07.029 and this release: http://dx.doi.org/10.5286/Software/Mantid\r\nLoadEmptyInstrument-[Notice] LoadEmptyInstrument started\r\nLoadEmptyInstrument-[Notice] LoadEmptyInstrument successful, Duration 0.51 seconds\r\nCreatePeaksWorkspace-[Notice] CreatePeaksWorkspace started\r\nCreatePeaksWorkspace-[Notice] CreatePeaksWorkspace successful, Duration 0.00 seconds\r\nCloneWorkspace-[Notice] CloneWorkspace started\r\nCloneWorkspace-[Notice] CloneWorkspace successful, Duration 0.05 seconds\r\nCloneWorkspace-[Notice] CloneWorkspace started\r\nCloneWorkspace-[Notice] CloneWorkspace successful, Duration 0.05 seconds\r\nCloneWorkspace-[Notice] CloneWorkspace started\r\nCloneWorkspace-[Notice] CloneWorkspace successful, Duration 0.00 seconds\r\nSaveParameterFile-[Notice] SaveParameterFile started\r\nSaveParameterFile-[Notice] SaveParameterFile successful, Duration 0.03 seconds\r\nClearInstrumentParameters-[Notice] ClearInstrumentParameters started\r\nClearInstrumentParameters-[Notice] ClearInstrumentParameters successful, Duration 0.00 seconds\r\nClearInstrumentParameters-[Notice] ClearInstrumentParameters started\r\nClearInstrumentParameters-[Notice] ClearInstrumentParameters successful, Duration 0.00 seconds\r\n....CreatePeaksWorkspace-[Notice] CreatePeaksWorkspace started\r\nCreatePeaksWorkspace-[Notice] CreatePeaksWorkspace successful, Duration 0.00 seconds\r\n..CreatePeaksWorkspace-[Notice] CreatePeaksWorkspace started\r\nCreatePeaksWorkspace-[Notice] CreatePeaksWorkspace successful, Duration 0.00 seconds\r\nCloneWorkspace-[Notice] CloneWorkspace started\r\nCloneWorkspace-[Notice] CloneWorkspace successful, Duration 0.00 seconds\r\nCloneWorkspace-[Notice] CloneWorkspace started\r\nCloneWorkspace-[Notice] CloneWorkspace successful, Duration 0.00 seconds\r\nCloneWorkspace-[Notice] CloneWorkspace started\r\nCloneWorkspace-[Notice] CloneWorkspace successful, Duration 0.00 seconds\r\nFCreatePeaksWorkspace-[Notice] CreatePeaksWorkspace started\r\nCreatePeaksWorkspace-[Notice] CreatePeaksWorkspace successful, Duration 0.00 seconds\r\nSetUB-[Notice] SetUB started\r\nSetUB-[Notice] SetUB successful, Duration 0.00 seconds\r\n.CreatePeaksWorkspace-[Notice] CreatePeaksWorkspace started\r\nCreatePeaksWorkspace-[Notice] CreatePeaksWorkspace successful, Duration 0.00 seconds\r\nCreatePeaksWorkspace-[Notice] CreatePeaksWorkspace started\r\nCreatePeaksWorkspace-[Notice] CreatePeaksWorkspace successful, Duration 0.00 seconds\r\nCreatePeaksWorkspace-[Notice] CreatePeaksWorkspace started\r\nCreatePeaksWorkspace-[Notice] CreatePeaksWorkspace successful, Duration 0.00 seconds\r\n.........\r\n======================================================================\r\nFAIL: test_integrate_peaks_MD_optimal_radius (test_sxd.SXDTest)\r\n----------------------------------------------------------------------\r\nTraceback (most recent call last):\r\n  File &quot;C:\\jenkins_workdir\\workspace\\pull_requests-conda-windows\\mambaforge\\envs\\mantid-developer\\lib\\unittest\\mock.py&quot;, line 1325, in patched\r\n    return func(*newargs, **newkeywargs)\r\n  File &quot;C:/jenkins_workdir/workspace/pull_requests-conda-windows/scripts/Diffraction/single_crystal/test/test_sxd.py&quot;, line 135, in test_integrate_peaks_MD_optimal_radius\r\n    self.assertAlmostEqual(radius[icall], expected_radius, delta=1e-3)\r\nAssertionError: 0.23482148571955755 != 0.2519 within 0.001 delta (0.017078514280442464 difference)\r\n\r\n----------------------------------------------------------------------\r\nRan 17 tests in 1.557s\r\n\r\nFAILED (failures=1)\r\n\r\n          Start 1681: python.WorkflowAlgorithms.SANSILLParameterScanTest.SANSILLParameterScanTest\r\n"
            }
        }
    ]
}