{
    "py/object": "datatable_helper.LTS_Problem_test",
    "data": {
        "AlgorithmsTest_FitPeaksTest": {
            "py/object": "datatable_helper.LTS_Problem_test_entry",
            "test_name": "AlgorithmsTest_FitPeaksTest",
            "latest_failed_build": "510",
            "agent_name": "Windows",
            "last_failed_outcome": "Flake",
            "pipeline_name": "pull_requests-conda-windows",
            "past_failed_outcome": {
                "491": "Flake",
                "493": "Flake",
                "504": "Flake",
                "510": "Flake"
            },
            "last_stack_traces": {
                "py/object": "datatable_helper.Problem_test_trial",
                "test_name": "AlgorithmsTest_FitPeaksTest",
                "build": "510",
                "agent_name": "Windows",
                "trial": 2,
                "outcome": "Failed",
                "test_time": "1.42",
                "stacktrace": "FrameworkManager-[Notice] Welcome to Mantid 6.5.20221102.921\r\nFrameworkManager-[Notice] Please cite: http://dx.doi.org/10.1016/j.nima.2014.07.029 and this release: http://dx.doi.org/10.5286/Software/Mantid\r\nRunning 10 tests.Instrument-[Warning] In Instrument::getSource(). No source has been set.\r\nInstrument-[Warning] In Instrument::getSamplePos(). No SamplePos has been set.\r\nFitPeaks-[Notice] FitPeaks started\r\nExit code 0xc0000409\r\n\r\n\r\n          Start  303: AlgorithmsTest_FitPeaksTest\r\n"
            }
        },
        "TypesTest_DateAndTimeTest": {
            "py/object": "datatable_helper.LTS_Problem_test_entry",
            "test_name": "TypesTest_DateAndTimeTest",
            "latest_failed_build": "479",
            "agent_name": "Windows",
            "last_failed_outcome": "Failed",
            "pipeline_name": "pull_requests-conda-windows",
            "past_failed_outcome": {
                "479": "Failed"
            },
            "last_stack_traces": {
                "py/object": "datatable_helper.Problem_test_trial",
                "test_name": "TypesTest_DateAndTimeTest",
                "build": "479",
                "agent_name": "Windows",
                "trial": 3,
                "outcome": "Failed",
                "test_time": "0.65",
                "stacktrace": "Running 24 tests...............\r\nIn DateAndTimeTest::test_time_t_support:\r\nC:/Jenkins/workspace/pull_requests-conda-windows/Framework/Types/test/DateAndTimeTest.h:284: Error: Expected (current == t.to_time_t()), found (1667090233 != 1667093833)\r\n........\r\nFailed 1 of 24 tests\r\nSuccess rate: 95%\r\n\r\n          Start 1070: DataObjectsTest_SplittersWorkspaceTest\r\n"
            }
        },
        "python.MuonQt5.tf_asymmetry_fitting_view_test.tf_asymmetry_fitting_view_test": {
            "py/object": "datatable_helper.LTS_Problem_test_entry",
            "test_name": "python.MuonQt5.tf_asymmetry_fitting_view_test.tf_asymmetry_fitting_view_test",
            "latest_failed_build": "492",
            "agent_name": "Windows",
            "last_failed_outcome": "Flake",
            "pipeline_name": "pull_requests-conda-windows",
            "past_failed_outcome": {
                "488": "Flake",
                "492": "Flake"
            },
            "last_stack_traces": {
                "py/object": "datatable_helper.Problem_test_trial",
                "test_name": "python.MuonQt5.tf_asymmetry_fitting_view_test.tf_asymmetry_fitting_view_test",
                "build": "492",
                "agent_name": "Windows",
                "trial": 1,
                "outcome": "Failed",
                "test_time": "16.32",
                "stacktrace": "FrameworkManager-[Notice] Welcome to Mantid 6.5.20221031.1227\r\nFrameworkManager-[Notice] Please cite: http://dx.doi.org/10.1016/j.nima.2014.07.029 and this release: http://dx.doi.org/10.5286/Software/Mantid\r\n.EEEEE\r\n======================================================================\r\nERROR: test_that_is_normalisation_fixed_can_be_set_to_true (tf_asymmetry_fitting_view_test.TFAsymmetryFittingViewTest)\r\n----------------------------------------------------------------------\r\nAttributeError: &#x27;FitFunctionOptionsView&#x27; object has no attribute &#x27;y&#x27;\r\n\r\nThe above exception was the direct cause of the following exception:\r\n\r\nTraceback (most recent call last):\r\n  File &quot;C:/Jenkins/workspace/pull_requests-conda-windows/qt/python/mantidqtinterfaces/test/Muon/fitting_widgets/tf_asymmetry_fitting/tf_asymmetry_fitting_view_test.py&quot;, line 18, in setUp\r\n    self.view = TFAsymmetryFittingView()\r\n  File &quot;c:\\jenkins\\workspace\\pull_requests-conda-windows\\qt\\python\\mantidqtinterfaces\\mantidqtinterfaces\\Muon\\GUI\\Common\\fitting_widgets\\tf_asymmetry_fitting\\tf_asymmetry_fitting_view.py&quot;, line 24, in __init__\r\n    super(TFAsymmetryFittingView, self).__init__(parent)\r\n  File &quot;c:\\jenkins\\workspace\\pull_requests-conda-windows\\qt\\python\\mantidqtinterfaces\\mantidqtinterfaces\\Muon\\GUI\\Common\\fitting_widgets\\general_fitting\\general_fitting_view.py&quot;, line 25, in __init__\r\n    super(GeneralFittingView, self).__init__(parent)\r\n  File &quot;c:\\jenkins\\workspace\\pull_requests-conda-windows\\qt\\python\\mantidqtinterfaces\\mantidqtinterfaces\\Muon\\GUI\\Common\\fitting_widgets\\basic_fitting\\basic_fitting_view.py&quot;, line 33, in __init__\r\n    self.fit_function_options = FitFunctionOptionsView(self)\r\n  File &quot;c:\\jenkins\\workspace\\pull_requests-conda-windows\\qt\\python\\mantidqtinterfaces\\mantidqtinterfaces\\Muon\\GUI\\Common\\fitting_widgets\\basic_fitting\\fit_function_options_view.py&quot;, line 48, in __init__\r\n    self.setupUi(self)\r\n  File &quot;&lt;string&gt;&quot;, line 71, in setupUi\r\nSystemError: &lt;built-in function connectSlotsByName&gt; returned a result with an error set\r\n\r\n======================================================================\r\nERROR: test_that_tf_asymmetry_mode_can_be_turned_off_and_the_relevant_widgets_hidden (tf_asymmetry_fitting_view_test.TFAsymmetryFittingViewTest)\r\n----------------------------------------------------------------------\r\nAttributeError: &#x27;FitFunctionOptionsView&#x27; object has no attribute &#x27;y&#x27;\r\n\r\nThe above exception was the direct cause of the following exception:\r\n\r\nTraceback (most recent call last):\r\n  File &quot;C:/Jenkins/workspace/pull_requests-conda-windows/qt/python/mantidqtinterfaces/test/Muon/fitting_widgets/tf_asymmetry_fitting/tf_asymmetry_fitting_view_test.py&quot;, line 18, in setUp\r\n    self.view = TFAsymmetryFittingView()\r\n  File &quot;c:\\jenkins\\workspace\\pull_requests-conda-windows\\qt\\python\\mantidqtinterfaces\\mantidqtinterfaces\\Muon\\GUI\\Common\\fitting_widgets\\tf_asymmetry_fitting\\tf_asymmetry_fitting_view.py&quot;, line 24, in __init__\r\n    super(TFAsymmetryFittingView, self).__init__(parent)\r\n  File &quot;c:\\jenkins\\workspace\\pull_requests-conda-windows\\qt\\python\\mantidqtinterfaces\\mantidqtinterfaces\\Muon\\GUI\\Common\\fitting_widgets\\general_fitting\\general_fitting_view.py&quot;, line 25, in __init__\r\n    super(GeneralFittingView, self).__init__(parent)\r\n  File &quot;c:\\jenkins\\workspace\\pull_requests-conda-windows\\qt\\python\\mantidqtinterfaces\\mantidqtinterfaces\\Muon\\GUI\\Common\\fitting_widgets\\basic_fitting\\basic_fitting_view.py&quot;, line 33, in __init__\r\n    self.fit_function_options = FitFunctionOptionsView(self)\r\n  File &quot;c:\\jenkins\\workspace\\pull_requests-conda-windows\\qt\\python\\mantidqtinterfaces\\mantidqtinterfaces\\Muon\\GUI\\Common\\fitting_widgets\\basic_fitting\\fit_function_options_view.py&quot;, line 48, in __init__\r\n    self.setupUi(self)\r\n  File &quot;&lt;string&gt;&quot;, line 71, in setupUi\r\nSystemError: &lt;built-in function connectSlotsByName&gt; returned a result with an error set\r\n\r\n======================================================================\r\nERROR: test_that_tf_asymmetry_mode_can_be_turned_on_and_the_relevant_widgets_shown (tf_asymmetry_fitting_view_test.TFAsymmetryFittingViewTest)\r\n----------------------------------------------------------------------\r\nAttributeError: &#x27;FitFunctionOptionsView&#x27; object has no attribute &#x27;y&#x27;\r\n\r\nThe above exception was the direct cause of the following exception:\r\n\r\nTraceback (most recent call last):\r\n  File &quot;C:/Jenkins/workspace/pull_requests-conda-windows/qt/python/mantidqtinterfaces/test/Muon/fitting_widgets/tf_asymmetry_fitting/tf_asymmetry_fitting_view_test.py&quot;, line 18, in setUp\r\n    self.view = TFAsymmetryFittingView()\r\n  File &quot;c:\\jenkins\\workspace\\pull_requests-conda-windows\\qt\\python\\mantidqtinterfaces\\mantidqtinterfaces\\Muon\\GUI\\Common\\fitting_widgets\\tf_asymmetry_fitting\\tf_asymmetry_fitting_view.py&quot;, line 24, in __init__\r\n    super(TFAsymmetryFittingView, self).__init__(parent)\r\n  File &quot;c:\\jenkins\\workspace\\pull_requests-conda-windows\\qt\\python\\mantidqtinterfaces\\mantidqtinterfaces\\Muon\\GUI\\Common\\fitting_widgets\\general_fitting\\general_fitting_view.py&quot;, line 25, in __init__\r\n    super(GeneralFittingView, self).__init__(parent)\r\n  File &quot;c:\\jenkins\\workspace\\pull_requests-conda-windows\\qt\\python\\mantidqtinterfaces\\mantidqtinterfaces\\Muon\\GUI\\Common\\fitting_widgets\\basic_fitting\\basic_fitting_view.py&quot;, line 33, in __init__\r\n    self.fit_function_options = FitFunctionOptionsView(self)\r\n  File &quot;c:\\jenkins\\workspace\\pull_requests-conda-windows\\qt\\python\\mantidqtinterfaces\\mantidqtinterfaces\\Muon\\GUI\\Common\\fitting_widgets\\basic_fitting\\fit_function_options_view.py&quot;, line 48, in __init__\r\n    self.setupUi(self)\r\n  File &quot;&lt;string&gt;&quot;, line 71, in setupUi\r\nSystemError: &lt;built-in function connectSlotsByName&gt; returned a result with an error set\r\n\r\n======================================================================\r\nERROR: test_that_the_normalisation_can_be_set_as_expected (tf_asymmetry_fitting_view_test.TFAsymmetryFittingViewTest)\r\n----------------------------------------------------------------------\r\nAttributeError: &#x27;FitFunctionOptionsView&#x27; object has no attribute &#x27;y&#x27;\r\n\r\nThe above exception was the direct cause of the following exception:\r\n\r\nTraceback (most recent call last):\r\n  File &quot;C:/Jenkins/workspace/pull_requests-conda-windows/qt/python/mantidqtinterfaces/test/Muon/fitting_widgets/tf_asymmetry_fitting/tf_asymmetry_fitting_view_test.py&quot;, line 18, in setUp\r\n    self.view = TFAsymmetryFittingView()\r\n  File &quot;c:\\jenkins\\workspace\\pull_requests-conda-windows\\qt\\python\\mantidqtinterfaces\\mantidqtinterfaces\\Muon\\GUI\\Common\\fitting_widgets\\tf_asymmetry_fitting\\tf_asymmetry_fitting_view.py&quot;, line 24, in __init__\r\n    super(TFAsymmetryFittingView, self).__init__(parent)\r\n  File &quot;c:\\jenkins\\workspace\\pull_requests-conda-windows\\qt\\python\\mantidqtinterfaces\\mantidqtinterfaces\\Muon\\GUI\\Common\\fitting_widgets\\general_fitting\\general_fitting_view.py&quot;, line 25, in __init__\r\n    super(GeneralFittingView, self).__init__(parent)\r\n  File &quot;c:\\jenkins\\workspace\\pull_requests-conda-windows\\qt\\python\\mantidqtinterfaces\\mantidqtinterfaces\\Muon\\GUI\\Common\\fitting_widgets\\basic_fitting\\basic_fitting_view.py&quot;, line 33, in __init__\r\n    self.fit_function_options = FitFunctionOptionsView(self)\r\n  File &quot;c:\\jenkins\\workspace\\pull_requests-conda-windows\\qt\\python\\mantidqtinterfaces\\mantidqtinterfaces\\Muon\\GUI\\Common\\fitting_widgets\\basic_fitting\\fit_function_options_view.py&quot;, line 48, in __init__\r\n    self.setupUi(self)\r\n  File &quot;&lt;string&gt;&quot;, line 71, in setupUi\r\nSystemError: &lt;built-in function connectSlotsByName&gt; returned a result with an error set\r\n\r\n======================================================================\r\nERROR: test_that_the_view_has_been_initialized_with_the_tf_asymmetry_mode_turned_off_and_the_relevant_widgets_hidden (tf_asymmetry_fitting_view_test.TFAsymmetryFittingViewTest)\r\n----------------------------------------------------------------------\r\nAttributeError: &#x27;FitFunctionOptionsView&#x27; object has no attribute &#x27;y&#x27;\r\n\r\nThe above exception was the direct cause of the following exception:\r\n\r\nTraceback (most recent call last):\r\n  File &quot;C:/Jenkins/workspace/pull_requests-conda-windows/qt/python/mantidqtinterfaces/test/Muon/fitting_widgets/tf_asymmetry_fitting/tf_asymmetry_fitting_view_test.py&quot;, line 18, in setUp\r\n    self.view = TFAsymmetryFittingView()\r\n  File &quot;c:\\jenkins\\workspace\\pull_requests-conda-windows\\qt\\python\\mantidqtinterfaces\\mantidqtinterfaces\\Muon\\GUI\\Common\\fitting_widgets\\tf_asymmetry_fitting\\tf_asymmetry_fitting_view.py&quot;, line 24, in __init__\r\n    super(TFAsymmetryFittingView, self).__init__(parent)\r\n  File &quot;c:\\jenkins\\workspace\\pull_requests-conda-windows\\qt\\python\\mantidqtinterfaces\\mantidqtinterfaces\\Muon\\GUI\\Common\\fitting_widgets\\general_fitting\\general_fitting_view.py&quot;, line 25, in __init__\r\n    super(GeneralFittingView, self).__init__(parent)\r\n  File &quot;c:\\jenkins\\workspace\\pull_requests-conda-windows\\qt\\python\\mantidqtinterfaces\\mantidqtinterfaces\\Muon\\GUI\\Common\\fitting_widgets\\basic_fitting\\basic_fitting_view.py&quot;, line 33, in __init__\r\n    self.fit_function_options = FitFunctionOptionsView(self)\r\n  File &quot;c:\\jenkins\\workspace\\pull_requests-conda-windows\\qt\\python\\mantidqtinterfaces\\mantidqtinterfaces\\Muon\\GUI\\Common\\fitting_widgets\\basic_fitting\\fit_function_options_view.py&quot;, line 48, in __init__\r\n    self.setupUi(self)\r\n  File &quot;&lt;string&gt;&quot;, line 71, in setupUi\r\nSystemError: &lt;built-in function connectSlotsByName&gt; returned a result with an error set\r\n\r\n----------------------------------------------------------------------\r\nRan 6 tests in 1.812s\r\n\r\nFAILED (errors=5)\r\n\r\n          Start 2193: python.MuonQt5.tf_asymmetry_fitting_view_test.tf_asymmetry_fitting_view_test\r\n"
            }
        },
        "mantidqt_qt5.test_sliceviewer_imageinfowidget.test_sliceviewer_imageinfowidget": {
            "py/object": "datatable_helper.LTS_Problem_test_entry",
            "test_name": "mantidqt_qt5.test_sliceviewer_imageinfowidget.test_sliceviewer_imageinfowidget",
            "latest_failed_build": "494",
            "agent_name": "Windows",
            "last_failed_outcome": "Failed",
            "pipeline_name": "pull_requests-conda-windows",
            "past_failed_outcome": {
                "494": "Failed"
            },
            "last_stack_traces": {
                "py/object": "datatable_helper.Problem_test_trial",
                "test_name": "mantidqt_qt5.test_sliceviewer_imageinfowidget.test_sliceviewer_imageinfowidget",
                "build": "494",
                "agent_name": "Windows",
                "trial": 3,
                "outcome": "Failed",
                "test_time": "4.63",
                "stacktrace": "EEEEE\r\n======================================================================\r\nERROR: test_cursorAt_arguments_correct_when_not_mesh_and_not_transposed (test_sliceviewer_imageinfowidget.ImageInfoTrackerTest)\r\n----------------------------------------------------------------------\r\nTraceback (most recent call last):\r\n  File &quot;C:\\Jenkins\\workspace\\pull_requests-conda-windows\\mambaforge\\envs\\mantid-developer\\lib\\unittest\\mock.py&quot;, line 1325, in patched\r\n    return func(*newargs, **newkeywargs)\r\n  File &quot;C:/Jenkins/workspace/pull_requests-conda-windows/qt/python/mantidqt/mantidqt/widgets/sliceviewer/test/test_sliceviewer_imageinfowidget.py&quot;, line 68, in test_cursorAt_arguments_correct_when_not_mesh_and_not_transposed\r\n    tracker = ImageInfoTracker(image=self.image,\r\nTypeError: __init__() missing 1 required positional argument: &#x27;presenter&#x27;\r\n\r\n======================================================================\r\nERROR: test_cursorAt_arguments_correct_when_not_mesh_and_transposed (test_sliceviewer_imageinfowidget.ImageInfoTrackerTest)\r\n----------------------------------------------------------------------\r\nTraceback (most recent call last):\r\n  File &quot;C:\\Jenkins\\workspace\\pull_requests-conda-windows\\mambaforge\\envs\\mantid-developer\\lib\\unittest\\mock.py&quot;, line 1325, in patched\r\n    return func(*newargs, **newkeywargs)\r\n  File &quot;C:/Jenkins/workspace/pull_requests-conda-windows/qt/python/mantidqt/mantidqt/widgets/sliceviewer/test/test_sliceviewer_imageinfowidget.py&quot;, line 84, in test_cursorAt_arguments_correct_when_not_mesh_and_transposed\r\n    tracker = ImageInfoTracker(image=self.image,\r\nTypeError: __init__() missing 1 required positional argument: &#x27;presenter&#x27;\r\n\r\n======================================================================\r\nERROR: test_nonortho_transform_applied_when_mesh_and_transfrom_true (test_sliceviewer_imageinfowidget.ImageInfoTrackerTest)\r\n----------------------------------------------------------------------\r\nTraceback (most recent call last):\r\n  File &quot;C:/Jenkins/workspace/pull_requests-conda-windows/qt/python/mantidqt/mantidqt/widgets/sliceviewer/test/test_sliceviewer_imageinfowidget.py&quot;, line 38, in test_nonortho_transform_applied_when_mesh_and_transfrom_true\r\n    tracker = ImageInfoTracker(image=self.image,\r\nTypeError: __init__() missing 1 required positional argument: &#x27;presenter&#x27;\r\n\r\n======================================================================\r\nERROR: test_nonortho_transform_not_applied_when_mesh_and_transfrom_false (test_sliceviewer_imageinfowidget.ImageInfoTrackerTest)\r\n----------------------------------------------------------------------\r\nTraceback (most recent call last):\r\n  File &quot;C:/Jenkins/workspace/pull_requests-conda-windows/qt/python/mantidqt/mantidqt/widgets/sliceviewer/test/test_sliceviewer_imageinfowidget.py&quot;, line 27, in test_nonortho_transform_not_applied_when_mesh_and_transfrom_false\r\n    tracker = ImageInfoTracker(image=self.image,\r\nTypeError: __init__() missing 1 required positional argument: &#x27;presenter&#x27;\r\n\r\n======================================================================\r\nERROR: test_nonortho_transform_not_applied_when_not_mesh (test_sliceviewer_imageinfowidget.ImageInfoTrackerTest)\r\n----------------------------------------------------------------------\r\nTraceback (most recent call last):\r\n  File &quot;C:\\Jenkins\\workspace\\pull_requests-conda-windows\\mambaforge\\envs\\mantid-developer\\lib\\unittest\\mock.py&quot;, line 1325, in patched\r\n    return func(*newargs, **newkeywargs)\r\n  File &quot;C:/Jenkins/workspace/pull_requests-conda-windows/qt/python/mantidqt/mantidqt/widgets/sliceviewer/test/test_sliceviewer_imageinfowidget.py&quot;, line 51, in test_nonortho_transform_not_applied_when_not_mesh\r\n    tracker = ImageInfoTracker(image=self.image,\r\nTypeError: __init__() missing 1 required positional argument: &#x27;presenter&#x27;\r\n\r\n----------------------------------------------------------------------\r\nRan 5 tests in 0.027s\r\n\r\nFAILED (errors=5)\r\n\r\n          Start 1388: python.geometry.CrystalStructureTest.CrystalStructureTest\r\n"
            }
        },
        "python.simplescanviewer.RectanglePlotTest.RectanglePlotTest": {
            "py/object": "datatable_helper.LTS_Problem_test_entry",
            "test_name": "python.simplescanviewer.RectanglePlotTest.RectanglePlotTest",
            "latest_failed_build": "513",
            "agent_name": "Windows",
            "last_failed_outcome": "Failed",
            "pipeline_name": "pull_requests-conda-windows",
            "past_failed_outcome": {
                "512": "Failed",
                "513": "Failed"
            },
            "last_stack_traces": {
                "py/object": "datatable_helper.Problem_test_trial",
                "test_name": "python.simplescanviewer.RectanglePlotTest.RectanglePlotTest",
                "build": "513",
                "agent_name": "Windows",
                "trial": 3,
                "outcome": "Failed",
                "test_time": "5.84",
                "stacktrace": "FrameworkManager-[Notice] Welcome to Mantid 6.5.20221102.1142\r\nFrameworkManager-[Notice] Please cite: http://dx.doi.org/10.1016/j.nima.2014.07.029 and this release: http://dx.doi.org/10.5286/Software/Mantid\r\n..CreateEmptyTableWorkspace-[Notice] CreateEmptyTableWorkspace started\r\nCreateEmptyTableWorkspace-[Notice] CreateEmptyTableWorkspace successful, Duration 0.00 seconds\r\n.CreateWorkspace-[Notice] CreateWorkspace started\r\nCreateWorkspace-[Notice] CreateWorkspace successful, Duration 0.00 seconds\r\nCreateWorkspace-[Notice] CreateWorkspace started\r\nCreateWorkspace-[Notice] CreateWorkspace successful, Duration 0.00 seconds\r\nCreateWorkspace-[Notice] CreateWorkspace started\r\nCreateWorkspace-[Notice] CreateWorkspace successful, Duration 0.00 seconds\r\nCreateWorkspace-[Notice] CreateWorkspace started\r\nCreateWorkspace-[Notice] CreateWorkspace successful, Duration 0.00 seconds\r\nCreateWorkspace-[Notice] CreateWorkspace started\r\nCreateWorkspace-[Notice] CreateWorkspace successful, Duration 0.00 seconds\r\nCreateWorkspace-[Notice] CreateWorkspace started\r\nCreateWorkspace-[Notice] CreateWorkspace successful, Duration 0.00 seconds\r\nCreateWorkspace-[Notice] CreateWorkspace started\r\nCreateWorkspace-[Notice] CreateWorkspace successful, Duration 0.00 seconds\r\nCreateWorkspace-[Notice] CreateWorkspace started\r\nCreateWorkspace-[Notice] CreateWorkspace successful, Duration 0.00 seconds\r\n...Exit code 0xc0000409\r\n\r\n\r\n          Start 2163: python.MuonQt5.ea_auto_tab_model_test.ea_auto_tab_model_test\r\n"
            }
        },
        "mantidqt_qt5.test_sample_shape.test_sample_shape": {
            "py/object": "datatable_helper.LTS_Problem_test_entry",
            "test_name": "mantidqt_qt5.test_sample_shape.test_sample_shape",
            "latest_failed_build": "511",
            "agent_name": "Windows",
            "last_failed_outcome": "Failed",
            "pipeline_name": "pull_requests-conda-windows",
            "past_failed_outcome": {
                "511": "Failed"
            },
            "last_stack_traces": {
                "py/object": "datatable_helper.Problem_test_trial",
                "test_name": "mantidqt_qt5.test_sample_shape.test_sample_shape",
                "build": "511",
                "agent_name": "Windows",
                "trial": 3,
                "outcome": "Failed",
                "test_time": "45.86",
                "stacktrace": "FrameworkManager-[Notice] Welcome to Mantid 6.5.20221102.1009\r\nFrameworkManager-[Notice] Please cite: http://dx.doi.org/10.1016/j.nima.2014.07.029 and this release: http://dx.doi.org/10.5286/Software/Mantid\r\nCreateWorkspace-[Notice] CreateWorkspace started\r\nCreateWorkspace-[Notice] CreateWorkspace successful, Duration 0.01 seconds\r\nDeleteWorkspace-[Notice] DeleteWorkspace started\r\nDeleteWorkspace-[Notice] DeleteWorkspace successful, Duration 0.00 seconds\r\n.CreateWorkspace-[Notice] CreateWorkspace started\r\nCreateWorkspace-[Notice] CreateWorkspace successful, Duration 0.00 seconds\r\nSetSample-[Notice] SetSample started\r\nSetSample-[Notice] SetSample successful, Duration 7.43 seconds\r\nDeleteWorkspace-[Notice] DeleteWorkspace started\r\nDeleteWorkspace-[Notice] DeleteWorkspace successful, Duration 0.00 seconds\r\n.CreateSampleWorkspace-[Notice] CreateSampleWorkspace started\r\nCreateSampleWorkspace-[Notice] CreateSampleWorkspace successful, Duration 0.00 seconds\r\nDeleteWorkspace-[Notice] DeleteWorkspace started\r\nDeleteWorkspace-[Notice] DeleteWorkspace successful, Duration 0.00 seconds\r\n.CreateWorkspace-[Notice] CreateWorkspace started\r\nCreateWorkspace-[Notice] CreateWorkspace successful, Duration 0.00 seconds\r\nLoadInstrument-[Notice] LoadInstrument started\r\nLoadInstrument-[Notice] LoadInstrument successful, Duration 0.02 seconds\r\nSetSample-[Notice] SetSample started\r\nSetSample-[Notice] SetSample successful, Duration 0.08 seconds\r\nDeleteWorkspace-[Notice] DeleteWorkspace started\r\nDeleteWorkspace-[Notice] DeleteWorkspace successful, Duration 0.00 seconds\r\nMatplotlib is currently using agg, which is a non-GUI backend, so cannot show the figure.\r\n.CreateWorkspace-[Notice] CreateWorkspace started\r\nCreateWorkspace-[Notice] CreateWorkspace successful, Duration 0.01 seconds\r\nLoadInstrument-[Notice] LoadInstrument started\r\nLoadInstrument-[Notice] LoadInstrument successful, Duration 0.01 seconds\r\nSetSample-[Notice] SetSample started\r\nSetSample-[Notice] SetSample successful, Duration 0.00 seconds\r\nDeleteWorkspace-[Notice] DeleteWorkspace started\r\nDeleteWorkspace-[Notice] DeleteWorkspace successful, Duration 0.00 seconds\r\n.CreateWorkspace-[Notice] CreateWorkspace started\r\nCreateWorkspace-[Notice] CreateWorkspace successful, Duration 0.02 seconds\r\nLoadInstrument-[Notice] LoadInstrument started\r\nLoadInstrument-[Notice] LoadInstrument successful, Duration 0.01 seconds\r\nSetSample-[Notice] SetSample started\r\nSetSample-[Notice] SetSample successful, Duration 0.00 seconds\r\nDeleteWorkspace-[Notice] DeleteWorkspace started\r\nDeleteWorkspace-[Notice] DeleteWorkspace successful, Duration 0.00 seconds\r\n.CreateWorkspace-[Notice] CreateWorkspace started\r\nCreateWorkspace-[Notice] CreateWorkspace successful, Duration 0.00 seconds\r\nLoadInstrument-[Notice] LoadInstrument started\r\nLoadInstrument-[Notice] LoadInstrument successful, Duration 0.01 seconds\r\nSetSample-[Notice] SetSample started\r\nSetSample-[Notice] SetSample successful, Duration 0.00 seconds\r\nDeleteWorkspace-[Notice] DeleteWorkspace started\r\nDeleteWorkspace-[Notice] DeleteWorkspace successful, Duration 0.00 seconds\r\n.CreateWorkspace-[Notice] CreateWorkspace started\r\nCreateWorkspace-[Notice] CreateWorkspace successful, Duration 0.00 seconds\r\nLoadInstrument-[Notice] LoadInstrument started\r\nLoadInstrument-[Notice] LoadInstrument successful, Duration 0.01 seconds\r\nSetSample-[Notice] SetSample started\r\nSetSample-[Notice] SetSample successful, Duration 0.00 seconds\r\nDeleteWorkspace-[Notice] DeleteWorkspace started\r\nDeleteWorkspace-[Notice] DeleteWorkspace successful, Duration 0.00 seconds\r\n.CreateWorkspace-[Notice] CreateWorkspace started\r\nCreateWorkspace-[Notice] CreateWorkspace successful, Duration 0.00 seconds\r\nLoadInstrument-[Notice] LoadInstrument started\r\nLoadInstrument-[Notice] LoadInstrument successful, Duration 0.01 seconds\r\nSetSample-[Notice] SetSample started\r\nSetSample-[Notice] SetSample successful, Duration 0.00 seconds\r\nDeleteWorkspace-[Notice] DeleteWorkspace started\r\nDeleteWorkspace-[Notice] DeleteWorkspace successful, Duration 0.00 seconds\r\n.CreateSampleWorkspace-[Notice] CreateSampleWorkspace started\r\nCreateSampleWorkspace-[Notice] CreateSampleWorkspace successful, Duration 0.02 seconds\r\nLoadSampleShape-[Notice] LoadSampleShape started\r\nLoadSampleShape-[Notice] LoadSampleShape successful, Duration 0.17 seconds\r\nDeleteWorkspace-[Notice] DeleteWorkspace started\r\nDeleteWorkspace-[Notice] DeleteWorkspace successful, Duration 0.00 seconds\r\n.CreateWorkspace-[Notice] CreateWorkspace started\r\nCreateWorkspace-[Notice] CreateWorkspace successful, Duration 0.00 seconds\r\nLoadInstrument-[Notice] LoadInstrument started\r\nLoadInstrument-[Notice] LoadInstrument successful, Duration 0.01 seconds\r\nSetSample-[Notice] SetSample started\r\nSetSample-[Notice] SetSample successful, Duration 0.00 seconds\r\nDeleteWorkspace-[Notice] DeleteWorkspace started\r\nDeleteWorkspace-[Notice] DeleteWorkspace successful, Duration 0.00 seconds\r\n.CreateWorkspace-[Notice] CreateWorkspace started\r\nCreateWorkspace-[Notice] CreateWorkspace successful, Duration 0.00 seconds\r\nLoadInstrument-[Notice] LoadInstrument started\r\nLoadInstrument-[Notice] LoadInstrument successful, Duration 0.01 seconds\r\nSetSample-[Notice] SetSample started\r\nSetSample-[Notice] SetSample successful, Duration 0.00 seconds\r\nDeleteWorkspace-[Notice] DeleteWorkspace started\r\nDeleteWorkspace-[Notice] DeleteWorkspace successful, Duration 0.00 seconds\r\n.CreateWorkspace-[Notice] CreateWorkspace started\r\nCreateWorkspace-[Notice] CreateWorkspace successful, Duration 0.00 seconds\r\nLoadInstrument-[Notice] LoadInstrument started\r\nLoadInstrument-[Notice] LoadInstrument successful, Duration 0.01 seconds\r\nSetSample-[Notice] SetSample started\r\nSetSample-[Notice] SetSample successful, Duration 0.00 seconds\r\nDeleteWorkspace-[Notice] DeleteWorkspace started\r\nDeleteWorkspace-[Notice] DeleteWorkspace successful, Duration 0.00 seconds\r\n.CreateWorkspace-[Notice] CreateWorkspace started\r\nCreateWorkspace-[Notice] CreateWorkspace successful, Duration 0.00 seconds\r\nSetSample-[Notice] SetSample started\r\nSetSample-[Notice] SetSample successful, Duration 0.00 seconds\r\nDeleteWorkspace-[Notice] DeleteWorkspace started\r\nDeleteWorkspace-[Notice] DeleteWorkspace successful, Duration 0.00 seconds\r\n.CreateSampleWorkspace-[Notice] CreateSampleWorkspace started\r\nCreateSampleWorkspace-[Notice] CreateSampleWorkspace successful, Duration 0.00 seconds\r\nLoadSampleShape-[Notice] LoadSampleShape started\r\nLoadSampleShape-[Notice] LoadSampleShape successful, Duration 0.03 seconds\r\nDeleteWorkspace-[Notice] DeleteWorkspace started\r\nDeleteWorkspace-[Notice] DeleteWorkspace successful, Duration 0.00 seconds\r\n.CreateWorkspace-[Notice] CreateWorkspace started\r\nCreateWorkspace-[Notice] CreateWorkspace successful, Duration 0.00 seconds\r\nLoadInstrument-[Notice] LoadInstrument started\r\nLoadInstrument-[Notice] LoadInstrument successful, Duration 0.01 seconds\r\nSetSample-[Notice] SetSample started\r\nSetSample-[Notice] SetSample successful, Duration 0.00 seconds\r\nDeleteWorkspace-[Notice] DeleteWorkspace started\r\nDeleteWorkspace-[Notice] DeleteWorkspace successful, Duration 0.00 seconds\r\n.CreateSampleWorkspace-[Notice] CreateSampleWorkspace started\r\nCreateSampleWorkspace-[Notice] CreateSampleWorkspace successful, Duration 0.00 seconds\r\nLoadSampleShape-[Notice] LoadSampleShape started\r\nLoadSampleShape-[Notice] LoadSampleShape successful, Duration 0.03 seconds\r\nDeleteWorkspace-[Notice] DeleteWorkspace started\r\nDeleteWorkspace-[Notice] DeleteWorkspace successful, Duration 0.00 seconds\r\n.CreateWorkspace-[Notice] CreateWorkspace started\r\nCreateWorkspace-[Notice] CreateWorkspace successful, Duration 0.00 seconds\r\nLoadInstrument-[Notice] LoadInstrument started\r\nLoadInstrument-[Notice] LoadInstrument successful, Duration 0.01 seconds\r\nSetSample-[Notice] SetSample started\r\nSetSample-[Notice] SetSample successful, Duration 0.00 seconds\r\nDeleteWorkspace-[Notice] DeleteWorkspace started\r\nDeleteWorkspace-[Notice] DeleteWorkspace successful, Duration 0.00 seconds\r\n..CreateSampleWorkspace-[Notice] CreateSampleWorkspace started\r\nCreateSampleWorkspace-[Notice] CreateSampleWorkspace successful, Duration 0.00 seconds\r\nSetUB-[Notice] SetUB started\r\nSetUB-[Notice] SetUB successful, Duration 0.00 seconds\r\n.CreateWorkspace-[Notice] CreateWorkspace started\r\nCreateWorkspace-[Notice] CreateWorkspace successful, Duration 0.00 seconds\r\nLoadInstrument-[Notice] LoadInstrument started\r\nLoadInstrument-[Notice] LoadInstrument successful, Duration 0.01 seconds\r\nSetSample-[Notice] SetSample started\r\nSetSample-[Notice] SetSample successful, Duration 0.00 seconds\r\nDeleteWorkspace-[Notice] DeleteWorkspace started\r\nDeleteWorkspace-[Notice] DeleteWorkspace successful, Duration 0.00 seconds\r\n.CreateSampleWorkspace-[Notice] CreateSampleWorkspace started\r\nCreateSampleWorkspace-[Notice] CreateSampleWorkspace successful, Duration 0.00 seconds\r\nLoadSampleShape-[Notice] LoadSampleShape started\r\nLoadSampleShape-[Notice] LoadSampleShape successful, Duration 0.03 seconds\r\nDeleteWorkspace-[Notice] DeleteWorkspace started\r\nDeleteWorkspace-[Notice] DeleteWorkspace successful, Duration 0.00 seconds\r\n.CreateWorkspace-[Notice] CreateWorkspace started\r\nCreateWorkspace-[Notice] CreateWorkspace successful, Duration 0.00 seconds\r\nLoadInstrument-[Notice] LoadInstrument started\r\nLoadInstrument-[Notice] LoadInstrument successful, Duration 0.01 seconds\r\nSetSample-[Notice] SetSample started\r\nSetSample-[Notice] SetSample successful, Duration 0.00 seconds\r\nDeleteWorkspace-[Notice] DeleteWorkspace started\r\nDeleteWorkspace-[Notice] DeleteWorkspace successful, Duration 0.00 seconds\r\n..CreateWorkspace-[Notice] CreateWorkspace started\r\nCreateWorkspace-[Notice] CreateWorkspace successful, Duration 0.01 seconds\r\nSetSample-[Notice] SetSample started\r\nSetSample-[Notice] SetSample successful, Duration 5.76 seconds\r\nInstrument-[Warning] In Instrument::getSource(). No source has been set.\r\nInstrument-[Warning] In Instrument::getSamplePos(). No SamplePos has been set.\r\nDeleteWorkspace-[Notice] DeleteWorkspace started\r\nDeleteWorkspace-[Notice] DeleteWorkspace successful, Duration 0.00 seconds\r\n.CreateSampleWorkspace-[Notice] CreateSampleWorkspace started\r\nCreateSampleWorkspace-[Notice] CreateSampleWorkspace successful, Duration 0.00 seconds\r\nDeleteWorkspace-[Notice] DeleteWorkspace started\r\nDeleteWorkspace-[Notice] DeleteWorkspace successful, Duration 0.00 seconds\r\n.CreateWorkspace-[Notice] CreateWorkspace started\r\nCreateWorkspace-[Notice] CreateWorkspace successful, Duration 0.00 seconds\r\nLoadInstrument-[Notice] LoadInstrument started\r\nLoadInstrument-[Notice] LoadInstrument successful, Duration 0.01 seconds\r\nSetSample-[Notice] SetSample started\r\nSetSample-[Notice] SetSample successful, Duration 0.00 seconds\r\nDeleteWorkspace-[Notice] DeleteWorkspace started\r\nDeleteWorkspace-[Notice] DeleteWorkspace successful, Duration 0.00 seconds\r\n.CreateSampleWorkspace-[Notice] CreateSampleWorkspace started\r\nCreateSampleWorkspace-[Notice] CreateSampleWorkspace successful, Duration 0.00 seconds\r\nLoadSampleShape-[Notice] LoadSampleShape started\r\nLoadSampleShape-[Notice] LoadSampleShape successful, Duration 0.06 seconds\r\nDeleteWorkspace-[Notice] DeleteWorkspace started\r\nDeleteWorkspace-[Notice] DeleteWorkspace successful, Duration 0.00 seconds\r\n..CreateWorkspace-[Notice] CreateWorkspace started\r\nCreateWorkspace-[Notice] CreateWorkspace successful, Duration 0.03 seconds\r\nDeleteWorkspace-[Notice] DeleteWorkspace started\r\nDeleteWorkspace-[Notice] DeleteWorkspace successful, Duration 0.00 seconds\r\nECreateWorkspace-[Notice] CreateWorkspace started\r\nCreateWorkspace-[Notice] CreateWorkspace successful, Duration 0.04 seconds\r\nLoadInstrument-[Notice] LoadInstrument started\r\nLoadInstrument-[Notice] LoadInstrument successful, Duration 0.04 seconds\r\nSetSample-[Notice] SetSample started\r\nSetSample-[Notice] SetSample successful, Duration 0.00 seconds\r\nDeleteWorkspace-[Notice] DeleteWorkspace started\r\nDeleteWorkspace-[Notice] DeleteWorkspace successful, Duration 0.00 seconds\r\n.CreateWorkspace-[Notice] CreateWorkspace started\r\nCreateWorkspace-[Notice] CreateWorkspace successful, Duration 0.00 seconds\r\nSetSample-[Notice] SetSample started\r\nSetSample-[Notice] SetSample successful, Duration 0.00 seconds\r\nInstrument-[Warning] In Instrument::getSource(). No source has been set.\r\nInstrument-[Warning] In Instrument::getSamplePos(). No SamplePos has been set.\r\nDeleteWorkspace-[Notice] DeleteWorkspace started\r\nDeleteWorkspace-[Notice] DeleteWorkspace successful, Duration 0.00 seconds\r\n.CreateWorkspace-[Notice] CreateWorkspace started\r\nCreateWorkspace-[Notice] CreateWorkspace successful, Duration 0.00 seconds\r\nSetSample-[Notice] SetSample started\r\nSetSample-[Notice] SetSample successful, Duration 0.00 seconds\r\nInstrument-[Warning] In Instrument::getSource(). No source has been set.\r\nInstrument-[Warning] In Instrument::getSamplePos(). No SamplePos has been set.\r\nDeleteWorkspace-[Notice] DeleteWorkspace started\r\nDeleteWorkspace-[Notice] DeleteWorkspace successful, Duration 0.00 seconds\r\n.CreateWorkspace-[Notice] CreateWorkspace started\r\nCreateWorkspace-[Notice] CreateWorkspace successful, Duration 0.00 seconds\r\nSetSample-[Notice] SetSample started\r\nSetSample-[Notice] SetSample successful, Duration 7.85 seconds\r\nInstrument-[Warning] In Instrument::getSource(). No source has been set.\r\nInstrument-[Warning] In Instrument::getSamplePos(). No SamplePos has been set.\r\nDeleteWorkspace-[Notice] DeleteWorkspace started\r\nDeleteWorkspace-[Notice] DeleteWorkspace successful, Duration 0.00 seconds\r\n.CreateSampleWorkspace-[Notice] CreateSampleWorkspace started\r\nCreateSampleWorkspace-[Notice] CreateSampleWorkspace successful, Duration 0.00 seconds\r\nLoadSampleShape-[Notice] LoadSampleShape started\r\nLoadSampleShape-[Notice] LoadSampleShape successful, Duration 0.04 seconds\r\nDeleteWorkspace-[Notice] DeleteWorkspace started\r\nDeleteWorkspace-[Notice] DeleteWorkspace successful, Duration 0.00 seconds\r\n.\r\n======================================================================\r\nERROR: test_sample_and_container_invalid (test_sample_shape.PlotSampleShapeTest)\r\n----------------------------------------------------------------------\r\nTraceback (most recent call last):\r\n  File &quot;C:/Jenkins/workspace/pull_requests-conda-windows/qt/python/mantidqt/mantidqt/plotting/test/test_sample_shape.py&quot;, line 285, in test_sample_and_container_invalid\r\n    figure = sample_shape.plot_sample_container_and_components(workspace.name())\r\n  File &quot;C:\\Jenkins\\workspace\\pull_requests-conda-windows\\qt\\python\\mantidqt\\mantidqt\\plotting\\sample_shape.py&quot;, line 146, in plot_sample_container_and_components\r\n    return new_plot.create_plot(workspace_name)\r\n  File &quot;C:\\Jenkins\\workspace\\pull_requests-conda-windows\\qt\\python\\mantidqt\\mantidqt\\plotting\\sample_shape.py&quot;, line 53, in create_plot\r\n    raise Exception(&quot;Workspace must have attached Sample Shape or Environment&quot;)\r\nException: Workspace must have attached Sample Shape or Environment\r\n\r\n----------------------------------------------------------------------\r\nRan 35 tests in 35.348s\r\n\r\nFAILED (errors=1)\r\n\r\n          Start  218: AlgorithmsTest_ConvertToConstantL2Test\r\n"
            }
        }
    }
}